<?xml version="1.0" encoding="UTF-8"?>
<drugbank xmlns="http://www.drugbank.ca" xmlns:xsi="http://www.w3.org/2001/XMLSchema-instance" xsi:schemaLocation="http://www.drugbank.ca http://www.drugbank.ca/docs/drugbank.xsd" version="5.1" exported-on="2022-01-03">
<drug type="biotech" created="2005-06-13" updated="2021-10-03">
  <drugbank-id primary="true">DB00001</drugbank-id>
  <drugbank-id>BTD00024</drugbank-id>
  <drugbank-id>BIOD00024</drugbank-id>
  <name>Lepirudin</name>
  <description>Lepirudin is identical to natural hirudin except for substitution of leucine for isoleucine at the N-terminal end of the molecule and the absence of a sulfate group on the tyrosine at position 63. It is produced via yeast cells. Bayer ceased the production of lepirudin (Refludan) effective May 31, 2012.</description>
  <cas-number>138068-37-8</cas-number>
  <unii>Y43GF64R34</unii>
  <state>liquid</state>
  <groups>
    <group>approved</group>
  </groups>
  <general-references>
    <articles>
      <article>
        <ref-id>A1</ref-id>
        <pubmed-id>16244762</pubmed-id>
        <citation>Smythe MA, Stephens JL, Koerber JM, Mattson JC: A comparison of lepirudin and argatroban outcomes. Clin Appl Thromb Hemost. 2005 Oct;11(4):371-4.</citation>
      </article>
      <article>
        <ref-id>A2</ref-id>
        <pubmed-id>16690967</pubmed-id>
        <citation>Tardy B, Lecompte T, Boelhen F, Tardy-Poncet B, Elalamy I, Morange P, Gruel Y, Wolf M, Francois D, Racadot E, Camarasa P, Blouch MT, Nguyen F, Doubine S, Dutrillaux F, Alhenc-Gelas M, Martin-Toutain I, Bauters A, Ffrench P, de Maistre E, Grunebaum L, Mouton C, Huisse MG, Gouault-Heilmann M, Lucke V: Predictive factors for thrombosis and major bleeding in an observational study in 181 patients with heparin-induced thrombocytopenia treated with lepirudin. Blood. 2006 Sep 1;108(5):1492-6. Epub 2006 May 11.</citation>
      </article>
      <article>
        <ref-id>A3</ref-id>
        <pubmed-id>16241940</pubmed-id>
        <citation>Lubenow N, Eichler P, Lietz T, Greinacher A: Lepirudin in patients with heparin-induced thrombocytopenia - results of the third prospective study (HAT-3) and a combined analysis of HAT-1, HAT-2, and HAT-3. J Thromb Haemost. 2005 Nov;3(11):2428-36.</citation>
      </article>
    </articles>
    <textbooks/>
    <links>
      <link>
        <ref-id>L48</ref-id>
        <title>Google books</title>
        <url>http://books.google.com/books?id=iadLoXoQkWEC&amp;pg=PA440</url>
      </link>
    </links>
    <attachments/>
  </general-references>
  <synthesis-reference/>
  <indication>For the treatment of heparin-induced thrombocytopenia</indication>
  <pharmacodynamics>Lepirudin is used to break up clots and to reduce thrombocytopenia. It binds to thrombin and prevents thrombus or clot formation. It is a highly potent, selective, and essentially irreversible inhibitor of thrombin and clot-bond thrombin. Lepirudin requires no cofactor for its anticoagulant action. Lepirudin is a recombinant form of hirudin, an endogenous anticoagulant found in medicinal leeches.</pharmacodynamics>
  <mechanism-of-action>Lepirudin forms a stable non-covalent complex with alpha-thrombin, thereby abolishing its ability to cleave fibrinogen and initiate the clotting cascade. The inhibition of thrombin prevents the blood clotting cascade. </mechanism-of-action>
  <toxicity>In case of overdose (eg, suggested by excessively high aPTT values) the risk of bleeding is increased.</toxicity>
  <metabolism>Lepirudin is thought to be metabolized by release of amino acids via catabolic hydrolysis of the parent drug. However, con-clusive data are not available. About 48% of the administration dose is excreted in the urine which consists of unchanged drug (35%) and other fragments of the parent drug.</metabolism>
  <absorption>Bioavailability is 100% following injection.</absorption>
  <half-life>Approximately 1.3 hours</half-life>
  <protein-binding/>
  <route-of-elimination>Lepirudin is thought to be metabolized by release of amino acids via catabolic hydrolysis of the parent drug. About 48% of the administration dose is excreted in the urine which consists of unchanged drug (35%) and other fragments of the parent drug.</route-of-elimination>
  <volume-of-distribution>* 12.2 L [Healthy young subjects (n = 18, age 18-60 years)]&#13;
* 18.7 L [Healthy elderly subjects (n = 10, age 65-80 years)]&#13;
* 18 L [Renally impaired patients (n = 16, creatinine clearance below 80 mL/min)]&#13;
* 32.1 L [HIT patients (n = 73)]</volume-of-distribution>
  <clearance>* 164 ml/min [Healthy 18-60 yrs]&#13;
* 139 ml/min [Healthy 65-80 yrs]&#13;
* 61 ml/min [renal impaired]&#13;
* 114 ml/min [HIT (Heparin-induced thrombocytopenia)]</clearance>
  <classification>
    <description/>
    <direct-parent>Peptides</direct-parent>
    <kingdom>Organic Compounds</kingdom>
    <superclass>Organic Acids</superclass>
    <class>Carboxylic Acids and Derivatives</class>
    <subclass>Amino Acids, Peptides, and Analogues</subclass>
  </classification>
  <salts/>
  <synonyms>
    <synonym language="english" coder="">Hirudin variant-1</synonym>
    <synonym language="english" coder="inn">Lepirudin</synonym>
    <synonym language="english" coder="">Lepirudin recombinant</synonym>
  </synonyms>
  <products>
    <product>
      <name>Refludan</name>
      <labeller>Bayer</labeller>
      <ndc-id/>
      <ndc-product-code>50419-150</ndc-product-code>
      <dpd-id/>
      <ema-product-code/>
      <ema-ma-number/>
      <started-marketing-on>1998-03-06</started-marketing-on>
      <ended-marketing-on>2013-06-30</ended-marketing-on>
      <dosage-form>Powder</dosage-form>
      <strength>50 mg/1mL</strength>
      <route>Intravenous</route>
      <fda-application-number>NDA020807</fda-application-number>
      <generic>false</generic>
      <over-the-counter>false</over-the-counter>
      <approved>true</approved>
      <country>US</country>
      <source>FDA NDC</source>
    </product>
    <product>
      <name>Refludan</name>
      <labeller>Bayer</labeller>
      <ndc-id/>
      <ndc-product-code/>
      <dpd-id>02240996</dpd-id>
      <ema-product-code/>
      <ema-ma-number/>
      <started-marketing-on>2000-01-31</started-marketing-on>
      <ended-marketing-on>2013-07-26</ended-marketing-on>
      <dosage-form>Powder, for solution</dosage-form>
      <strength>50 mg / vial</strength>
      <route>Intravenous</route>
      <fda-application-number/>
      <generic>false</generic>
      <over-the-counter>false</over-the-counter>
      <approved>true</approved>
      <country>Canada</country>
      <source>DPD</source>
    </product>
    <product>
      <name>Refludan</name>
      <labeller>Celgene Europe Limited</labeller>
      <ndc-id/>
      <ndc-product-code/>
      <dpd-id/>
      <ema-product-code>EMEA/H/C/000122</ema-product-code>
      <ema-ma-number>EU/1/97/035/001</ema-ma-number>
      <started-marketing-on>2016-09-08</started-marketing-on>
      <ended-marketing-on>2012-07-27</ended-marketing-on>
      <dosage-form>Injection, solution, concentrate</dosage-form>
      <strength>50 mg</strength>
      <route>Intravenous</route>
      <fda-application-number/>
      <generic>false</generic>
      <over-the-counter>false</over-the-counter>
      <approved>false</approved>
      <country>EU</country>
      <source>EMA</source>
    </product>
    <product>
      <name>Refludan</name>
      <labeller>Celgene Europe Limited</labeller>
      <ndc-id/>
      <ndc-product-code/>
      <dpd-id/>
      <ema-product-code>EMEA/H/C/000122</ema-product-code>
      <ema-ma-number>EU/1/97/035/002</ema-ma-number>
      <started-marketing-on>2016-09-08</started-marketing-on>
      <ended-marketing-on>2012-07-27</ended-marketing-on>
      <dosage-form>Injection, solution, concentrate</dosage-form>
      <strength>50 mg</strength>
      <route>Intravenous</route>
      <fda-application-number/>
      <generic>false</generic>
      <over-the-counter>false</over-the-counter>
      <approved>false</approved>
      <country>EU</country>
      <source>EMA</source>
    </product>
    <product>
      <name>Refludan</name>
      <labeller>Celgene Europe Limited</labeller>
      <ndc-id/>
      <ndc-product-code/>
      <dpd-id/>
      <ema-product-code>EMEA/H/C/000122</ema-product-code>
      <ema-ma-number>EU/1/97/035/003</ema-ma-number>
      <started-marketing-on>2016-09-08</started-marketing-on>
      <ended-marketing-on>2012-07-27</ended-marketing-on>
      <dosage-form>Injection, solution, concentrate</dosage-form>
      <strength>20 mg</strength>
      <route>Intravenous</route>
      <fda-application-number/>
      <generic>false</generic>
      <over-the-counter>false</over-the-counter>
      <approved>false</approved>
      <country>EU</country>
      <source>EMA</source>
    </product>
    <product>
      <name>Refludan</name>
      <labeller>Celgene Europe Limited</labeller>
      <ndc-id/>
      <ndc-product-code/>
      <dpd-id/>
      <ema-product-code>EMEA/H/C/000122</ema-product-code>
      <ema-ma-number>EU/1/97/035/004</ema-ma-number>
      <started-marketing-on>2016-09-08</started-marketing-on>
      <ended-marketing-on>2012-07-27</ended-marketing-on>
      <dosage-form>Injection, solution, concentrate</dosage-form>
      <strength>20 mg</strength>
      <route>Intravenous</route>
      <fda-application-number/>
      <generic>false</generic>
      <over-the-counter>false</over-the-counter>
      <approved>false</approved>
      <country>EU</country>
      <source>EMA</source>
    </product>
  </products>
  <international-brands/>
  <mixtures>
    <mixture>
      <name>Refludan</name>
      <ingredients>Lepirudin</ingredients>
    </mixture>
    <mixture>
      <name>Refludan</name>
      <ingredients>Lepirudin</ingredients>
    </mixture>
    <mixture>
      <name>Refludan</name>
      <ingredients>Lepirudin</ingredients>
    </mixture>
    <mixture>
      <name>Refludan</name>
      <ingredients>Lepirudin</ingredients>
    </mixture>
    <mixture>
      <name>Refludan</name>
      <ingredients>Lepirudin</ingredients>
    </mixture>
    <mixture>
      <name>Refludan</name>
      <ingredients>Lepirudin</ingredients>
    </mixture>
  </mixtures>
  <packagers>
    <packager>
      <name>Bayer Healthcare</name>
      <url>http://www.bayerhealthcare.com</url>
    </packager>
    <packager>
      <name>Berlex Labs</name>
      <url>http://www.berlex.com</url>
    </packager>
  </packagers>
  <manufacturers>
    <manufacturer generic="false" url="">Bayer healthcare pharmaceuticals inc</manufacturer>
  </manufacturers>
  <prices>
    <price>
      <description>Refludan 50 mg vial</description>
      <cost currency="USD">273.19</cost>
      <unit>vial</unit>
    </price>
  </prices>
  <categories>
    <category>
      <category>Amino Acids, Peptides, and Proteins</category>
      <mesh-id>D000602</mesh-id>
    </category>
    <category>
      <category>Anticoagulants</category>
      <mesh-id>D000925</mesh-id>
    </category>
    <category>
      <category>Antithrombin Proteins</category>
      <mesh-id>D058833</mesh-id>
    </category>
    <category>
      <category>Antithrombins</category>
      <mesh-id>D000991</mesh-id>
    </category>
    <category>
      <category>Blood and Blood Forming Organs</category>
      <mesh-id/>
    </category>
    <category>
      <category>Cardiovascular Agents</category>
      <mesh-id>D002317</mesh-id>
    </category>
    <category>
      <category>Enzyme Inhibitors</category>
      <mesh-id>D004791</mesh-id>
    </category>
    <category>
      <category>Fibrin Modulating Agents</category>
      <mesh-id>D050299</mesh-id>
    </category>
    <category>
      <category>Hematologic Agents</category>
      <mesh-id>D006401</mesh-id>
    </category>
    <category>
      <category>Peptides</category>
      <mesh-id>D010455</mesh-id>
    </category>
    <category>
      <category>Protease Inhibitors</category>
      <mesh-id>D011480</mesh-id>
    </category>
    <category>
      <category>Proteins</category>
      <mesh-id>D011506</mesh-id>
    </category>
    <category>
      <category>Serine Protease Inhibitors</category>
      <mesh-id>D015842</mesh-id>
    </category>
    <category>
      <category>Serpins</category>
      <mesh-id>D015843</mesh-id>
    </category>
    <category>
      <category>Thrombin Inhibitors</category>
      <mesh-id/>
    </category>
  </categories>
  <affected-organisms>
    <affected-organism>Humans and other mammals</affected-organism>
  </affected-organisms>
  <dosages>
    <dosage>
      <form>Injection, powder, for suspension</form>
      <route>Intravenous</route>
      <strength>50 mg</strength>
    </dosage>
    <dosage>
      <form>Injection, solution, concentrate</form>
      <route>Intravenous</route>
      <strength>20 mg</strength>
    </dosage>
    <dosage>
      <form>Injection, solution, concentrate</form>
      <route>Intravenous</route>
      <strength>50 mg</strength>
    </dosage>
    <dosage>
      <form>Powder</form>
      <route>Intravenous</route>
      <strength/>
    </dosage>
    <dosage>
      <form>Powder</form>
      <route>Intravenous</route>
      <strength>50 mg/1mL</strength>
    </dosage>
    <dosage>
      <form>Powder, for solution</form>
      <route>Intravenous</route>
      <strength>50 mg / vial</strength>
    </dosage>
  </dosages>
  <atc-codes>
    <atc-code code="B01AE02">
      <level code="B01AE">Direct thrombin inhibitors</level>
      <level code="B01A">ANTITHROMBOTIC AGENTS</level>
      <level code="B01">ANTITHROMBOTIC AGENTS</level>
      <level code="B">BLOOD AND BLOOD FORMING ORGANS</level>
    </atc-code>
  </atc-codes>
  <ahfs-codes/>
  <pdb-entries/>
  <fda-label>//s3-us-west-2.amazonaws.com/drugbank/fda_labels/DB00001.pdf?1265924858</fda-label>
  <msds>//s3-us-west-2.amazonaws.com/drugbank/msds/DB00001.pdf?1368416245</msds>
  <patents>
    <patent>
      <number>5180668</number>
      <country>United States</country>
      <approved>1993-01-19</approved>
      <expires>2010-01-19</expires>
      <pediatric-extension>false</pediatric-extension>
    </patent>
  </patents>
  <food-interactions>
    <food-interaction>Avoid herbs and supplements with anticoagulant/antiplatelet activity. Examples include garlic, ginger, bilberry, danshen, piracetam, and ginkgo biloba.</food-interaction>
  </food-interactions>
  <drug-interactions>
    <drug-interaction>
      <drugbank-id>DB06605</drugbank-id>
      <name>Apixaban</name>
      <description>Apixaban may increase the anticoagulant activities of Lepirudin.</description>
    </drug-interaction>
    <drug-interaction>
      <drugbank-id>DB06695</drugbank-id>
      <name>Dabigatran etexilate</name>
      <description>Dabigatran etexilate may increase the anticoagulant activities of Lepirudin.</description>
    </drug-interaction>
    <drug-interaction>
      <drugbank-id>DB01254</drugbank-id>
      <name>Dasatinib</name>
      <description>The risk or severity of bleeding and hemorrhage can be increased when Dasatinib is combined with Lepirudin.</description>
    </drug-interaction>
    <drug-interaction>
      <drugbank-id>DB01609</drugbank-id>
      <name>Deferasirox</name>
      <description>The risk or severity of gastrointestinal bleeding can be increased when Lepirudin is combined with Deferasirox.</description>
    </drug-interaction>
    <drug-interaction>
      <drugbank-id>DB01586</drugbank-id>
      <name>Ursodeoxycholic acid</name>
      <description>The risk or severity of bleeding and bruising can be increased when Lepirudin is combined with Ursodeoxycholic acid.</description>
    </drug-interaction>
    <drug-interaction>
      <drugbank-id>DB02123</drugbank-id>
      <name>Glycochenodeoxycholic Acid</name>
      <description>The risk or severity of bleeding and bruising can be increased when Lepirudin is combined with Glycochenodeoxycholic Acid.</description>
    </drug-interaction>
    <drug-interaction>
      <drugbank-id>DB02659</drugbank-id>
      <name>Cholic Acid</name>
      <description>The risk or severity of bleeding and bruising can be increased when Lepirudin is combined with Cholic Acid.</description>
    </drug-interaction>
    <drug-interaction>
      <drugbank-id>DB02691</drugbank-id>
      <name>Glycocholic acid</name>
      <description>The risk or severity of bleeding and bruising can be increased when Lepirudin is combined with Glycocholic acid.</description>
    </drug-interaction>
    <drug-interaction>
      <drugbank-id>DB03619</drugbank-id>
      <name>Deoxycholic acid</name>
      <description>The risk or severity of bleeding and bruising can be increased when Lepirudin is combined with Deoxycholic acid.</description>
    </drug-interaction>
    <drug-interaction>
      <drugbank-id>DB04348</drugbank-id>
      <name>Taurocholic acid</name>
      <description>The risk or severity of bleeding and bruising can be increased when Lepirudin is combined with Taurocholic acid.</description>
    </drug-interaction>
    <drug-interaction>
      <drugbank-id>DB05990</drugbank-id>
      <name>Obeticholic acid</name>
      <description>The risk or severity of bleeding and bruising can be increased when Lepirudin is combined with Obeticholic acid.</description>
    </drug-interaction>
    <drug-interaction>
      <drugbank-id>DB06777</drugbank-id>
      <name>Chenodeoxycholic acid</name>
      <description>The risk or severity of bleeding and bruising can be increased when Lepirudin is combined with Chenodeoxycholic acid.</description>
    </drug-interaction>
    <drug-interaction>
      <drugbank-id>DB08833</drugbank-id>
      <name>Taurochenodeoxycholic acid</name>
      <description>The risk or severity of bleeding and bruising can be increased when Lepirudin is combined with Taurochenodeoxycholic acid.</description>
    </drug-interaction>
    <drug-interaction>
      <drugbank-id>DB08834</drugbank-id>
      <name>Tauroursodeoxycholic acid</name>
      <description>The risk or severity of bleeding and bruising can be increased when Lepirudin is combined with Tauroursodeoxycholic acid.</description>
    </drug-interaction>
    <drug-interaction>
      <drugbank-id>DB08857</drugbank-id>
      <name>Bamet-UD2</name>
      <description>The risk or severity of bleeding and bruising can be increased when Lepirudin is combined with Bamet-UD2.</description>
    </drug-interaction>
    <drug-interaction>
      <drugbank-id>DB11622</drugbank-id>
      <name>Dehydrocholic acid</name>
      <description>The risk or severity of bleeding and bruising can be increased when Lepirudin is combined with Dehydrocholic acid.</description>
    </drug-interaction>
    <drug-interaction>
      <drugbank-id>DB11789</drugbank-id>
      <name>Hyodeoxycholic Acid</name>
      <description>The risk or severity of bleeding and bruising can be increased when Lepirudin is combined with Hyodeoxycholic Acid.</description>
    </drug-interaction>
    <drug-interaction>
      <drugbank-id>DB09075</drugbank-id>
      <name>Edoxaban</name>
      <description>The risk or severity of bleeding can be increased when Edoxaban is combined with Lepirudin.</description>
    </drug-interaction>
    <drug-interaction>
      <drugbank-id>DB09053</drugbank-id>
      <name>Ibrutinib</name>
      <description>The risk or severity of bleeding and hemorrhage can be increased when Ibrutinib is combined with Lepirudin.</description>
    </drug-interaction>
    <drug-interaction>
      <drugbank-id>DB08935</drugbank-id>
      <name>Obinutuzumab</name>
      <description>The risk or severity of bleeding and hemorrhage can be increased when Lepirudin is combined with Obinutuzumab.</description>
    </drug-interaction>
    <drug-interaction>
      <drugbank-id>DB06228</drugbank-id>
      <name>Rivaroxaban</name>
      <description>Lepirudin may increase the anticoagulant activities of Rivaroxaban.</description>
    </drug-interaction>
    <drug-interaction>
      <drugbank-id>DB06206</drugbank-id>
      <name>Sugammadex</name>
      <description>The risk or severity of bleeding and hemorrhage can be increased when Lepirudin is combined with Sugammadex.</description>
    </drug-interaction>
    <drug-interaction>
      <drugbank-id>DB09070</drugbank-id>
      <name>Tibolone</name>
      <description>Tibolone may increase the anticoagulant activities of Lepirudin.</description>
    </drug-interaction>
    <drug-interaction>
      <drugbank-id>DB00932</drugbank-id>
      <name>Tipranavir</name>
      <description>The risk or severity of bleeding and hemorrhage can be increased when Tipranavir is combined with Lepirudin.</description>
    </drug-interaction>
    <drug-interaction>
      <drugbank-id>DB00013</drugbank-id>
      <name>Urokinase</name>
      <description>Urokinase may increase the anticoagulant activities of Lepirudin.</description>
    </drug-interaction>
    <drug-interaction>
      <drugbank-id>DB00163</drugbank-id>
      <name>Vitamin E</name>
      <description>Vitamin E may increase the anticoagulant activities of Lepirudin.</description>
    </drug-interaction>
    <drug-interaction>
      <drugbank-id>DB09030</drugbank-id>
      <name>Vorapaxar</name>
      <description>The risk or severity of bleeding and hemorrhage can be increased when Vorapaxar is combined with Lepirudin.</description>
    </drug-interaction>
    <drug-interaction>
      <drugbank-id>DB01381</drugbank-id>
      <name>Ginkgo biloba</name>
      <description>Ginkgo biloba may increase the anticoagulant activities of Lepirudin.</description>
    </drug-interaction>
    <drug-interaction>
      <drugbank-id>DB01181</drugbank-id>
      <name>Ifosfamide</name>
      <description>The risk or severity of bleeding can be increased when Ifosfamide is combined with Lepirudin.</description>
    </drug-interaction>
    <drug-interaction>
      <drugbank-id>DB00468</drugbank-id>
      <name>Quinine</name>
      <description>The therapeutic efficacy of Lepirudin can be increased when used in combination with Quinine.</description>
    </drug-interaction>
    <drug-interaction>
      <drugbank-id>DB00908</drugbank-id>
      <name>Quinidine</name>
      <description>The therapeutic efficacy of Lepirudin can be increased when used in combination with Quinidine.</description>
    </drug-interaction>
    <drug-interaction>
      <drugbank-id>DB00675</drugbank-id>
      <name>Tamoxifen</name>
      <description>The risk or severity of bleeding can be increased when Tamoxifen is combined with Lepirudin.</description>
    </drug-interaction>
    <drug-interaction>
      <drugbank-id>DB00539</drugbank-id>
      <name>Toremifene</name>
      <description>The risk or severity of bleeding can be increased when Toremifene is combined with Lepirudin.</description>
    </drug-interaction>
    <drug-interaction>
      <drugbank-id>DB00806</drugbank-id>
      <name>Pentoxifylline</name>
      <description>The therapeutic efficacy of Lepirudin can be increased when used in combination with Pentoxifylline.</description>
    </drug-interaction>
    <drug-interaction>
      <drugbank-id>DB00686</drugbank-id>
      <name>Pentosan polysulfate</name>
      <description>Pentosan polysulfate may increase the anticoagulant activities of Lepirudin.</description>
    </drug-interaction>
    <drug-interaction>
      <drugbank-id>DB00583</drugbank-id>
      <name>Levocarnitine</name>
      <description>The therapeutic efficacy of Lepirudin can be increased when used in combination with Levocarnitine.</description>
    </drug-interaction>
    <drug-interaction>
      <drugbank-id>DB00255</drugbank-id>
      <name>Diethylstilbestrol</name>
      <description>Diethylstilbestrol may decrease the anticoagulant activities of Lepirudin.</description>
    </drug-interaction>
    <drug-interaction>
      <drugbank-id>DB00269</drugbank-id>
      <name>Chlorotrianisene</name>
      <description>Chlorotrianisene may decrease the anticoagulant activities of Lepirudin.</description>
    </drug-interaction>
    <drug-interaction>
      <drugbank-id>DB00286</drugbank-id>
      <name>Conjugated estrogens</name>
      <description>Conjugated estrogens may decrease the anticoagulant activities of Lepirudin.</description>
    </drug-interaction>
    <drug-interaction>
      <drugbank-id>DB01357</drugbank-id>
      <name>Mestranol</name>
      <description>Mestranol may decrease the anticoagulant activities of Lepirudin.</description>
    </drug-interaction>
    <drug-interaction>
      <drugbank-id>DB04574</drugbank-id>
      <name>Estrone sulfate</name>
      <description>Estrone sulfate may decrease the anticoagulant activities of Lepirudin.</description>
    </drug-interaction>
    <drug-interaction>
      <drugbank-id>DB04575</drugbank-id>
      <name>Quinestrol</name>
      <description>Quinestrol may decrease the anticoagulant activities of Lepirudin.</description>
    </drug-interaction>
    <drug-interaction>
      <drugbank-id>DB07931</drugbank-id>
      <name>Hexestrol</name>
      <description>Hexestrol may decrease the anticoagulant activities of Lepirudin.</description>
    </drug-interaction>
    <drug-interaction>
      <drugbank-id>DB09317</drugbank-id>
      <name>Synthetic Conjugated Estrogens, A</name>
      <description>Synthetic Conjugated Estrogens, A may decrease the anticoagulant activities of Lepirudin.</description>
    </drug-interaction>
    <drug-interaction>
      <drugbank-id>DB09318</drugbank-id>
      <name>Synthetic Conjugated Estrogens, B</name>
      <description>Synthetic Conjugated Estrogens, B may decrease the anticoagulant activities of Lepirudin.</description>
    </drug-interaction>
    <drug-interaction>
      <drugbank-id>DB09369</drugbank-id>
      <name>Polyestradiol phosphate</name>
      <description>Polyestradiol phosphate may decrease the anticoagulant activities of Lepirudin.</description>
    </drug-interaction>
    <drug-interaction>
      <drugbank-id>DB09381</drugbank-id>
      <name>Esterified estrogens</name>
      <description>Esterified estrogens may decrease the anticoagulant activities of Lepirudin.</description>
    </drug-interaction>
    <drug-interaction>
      <drugbank-id>DB11478</drugbank-id>
      <name>Zeranol</name>
      <description>Zeranol may decrease the anticoagulant activities of Lepirudin.</description>
    </drug-interaction>
    <drug-interaction>
      <drugbank-id>DB11674</drugbank-id>
      <name>Equol</name>
      <description>Equol may decrease the anticoagulant activities of Lepirudin.</description>
    </drug-interaction>
    <drug-interaction>
      <drugbank-id>DB13143</drugbank-id>
      <name>Methallenestril</name>
      <description>Methallenestril may decrease the anticoagulant activities of Lepirudin.</description>
    </drug-interaction>
    <drug-interaction>
      <drugbank-id>DB13386</drugbank-id>
      <name>Epimestrol</name>
      <description>Epimestrol may decrease the anticoagulant activities of Lepirudin.</description>
    </drug-interaction>
    <drug-interaction>
      <drugbank-id>DB13418</drugbank-id>
      <name>Moxestrol</name>
      <description>Moxestrol may decrease the anticoagulant activities of Lepirudin.</description>
    </drug-interaction>
    <drug-interaction>
      <drugbank-id>DB13952</drugbank-id>
      <name>Estradiol acetate</name>
      <description>Estradiol acetate may decrease the anticoagulant activities of Lepirudin.</description>
    </drug-interaction>
    <drug-interaction>
      <drugbank-id>DB13953</drugbank-id>
      <name>Estradiol benzoate</name>
      <description>Estradiol benzoate may decrease the anticoagulant activities of Lepirudin.</description>
    </drug-interaction>
    <drug-interaction>
      <drugbank-id>DB13954</drugbank-id>
      <name>Estradiol cypionate</name>
      <description>Estradiol cypionate may decrease the anticoagulant activities of Lepirudin.</description>
    </drug-interaction>
    <drug-interaction>
      <drugbank-id>DB13956</drugbank-id>
      <name>Estradiol valerate</name>
      <description>Estradiol valerate may decrease the anticoagulant activities of Lepirudin.</description>
    </drug-interaction>
    <drug-interaction>
      <drugbank-id>DB15334</drugbank-id>
      <name>Biochanin A</name>
      <description>Biochanin A may decrease the anticoagulant activities of Lepirudin.</description>
    </drug-interaction>
    <drug-interaction>
      <drugbank-id>DB15335</drugbank-id>
      <name>Formononetin</name>
      <description>Formononetin may decrease the anticoagulant activities of Lepirudin.</description>
    </drug-interaction>
    <drug-interaction>
      <drugbank-id>DB04573</drugbank-id>
      <name>Estriol</name>
      <description>Estriol may decrease the anticoagulant activities of Lepirudin.</description>
    </drug-interaction>
    <drug-interaction>
      <drugbank-id>DB09211</drugbank-id>
      <name>Limaprost</name>
      <description>The risk or severity of adverse effects can be increased when Limaprost is combined with Lepirudin.</description>
    </drug-interaction>
    <drug-interaction>
      <drugbank-id>DB00159</drugbank-id>
      <name>Icosapent</name>
      <description>The risk or severity of bleeding and hemorrhage can be increased when Icosapent is combined with Lepirudin.</description>
    </drug-interaction>
    <drug-interaction>
      <drugbank-id>DB00244</drugbank-id>
      <name>Mesalazine</name>
      <description>The risk or severity of bleeding and hemorrhage can be increased when Mesalazine is combined with Lepirudin.</description>
    </drug-interaction>
    <drug-interaction>
      <drugbank-id>DB00328</drugbank-id>
      <name>Indomethacin</name>
      <description>The risk or severity of bleeding and hemorrhage can be increased when Indomethacin is combined with Lepirudin.</description>
    </drug-interaction>
    <drug-interaction>
      <drugbank-id>DB00461</drugbank-id>
      <name>Nabumetone</name>
      <description>The risk or severity of bleeding and hemorrhage can be increased when Nabumetone is combined with Lepirudin.</description>
    </drug-interaction>
    <drug-interaction>
      <drugbank-id>DB00465</drugbank-id>
      <name>Ketorolac</name>
      <description>The risk or severity of bleeding and hemorrhage can be increased when Ketorolac is combined with Lepirudin.</description>
    </drug-interaction>
    <drug-interaction>
      <drugbank-id>DB00469</drugbank-id>
      <name>Tenoxicam</name>
      <description>The risk or severity of bleeding and hemorrhage can be increased when Tenoxicam is combined with Lepirudin.</description>
    </drug-interaction>
    <drug-interaction>
      <drugbank-id>DB00482</drugbank-id>
      <name>Celecoxib</name>
      <description>The risk or severity of bleeding and hemorrhage can be increased when Celecoxib is combined with Lepirudin.</description>
    </drug-interaction>
    <drug-interaction>
      <drugbank-id>DB00500</drugbank-id>
      <name>Tolmetin</name>
      <description>The risk or severity of bleeding and hemorrhage can be increased when Tolmetin is combined with Lepirudin.</description>
    </drug-interaction>
    <drug-interaction>
      <drugbank-id>DB00533</drugbank-id>
      <name>Rofecoxib</name>
      <description>The risk or severity of bleeding and hemorrhage can be increased when Rofecoxib is combined with Lepirudin.</description>
    </drug-interaction>
    <drug-interaction>
      <drugbank-id>DB00554</drugbank-id>
      <name>Piroxicam</name>
      <description>The risk or severity of bleeding and hemorrhage can be increased when Piroxicam is combined with Lepirudin.</description>
    </drug-interaction>
    <drug-interaction>
      <drugbank-id>DB00573</drugbank-id>
      <name>Fenoprofen</name>
      <description>The risk or severity of bleeding and hemorrhage can be increased when Fenoprofen is combined with Lepirudin.</description>
    </drug-interaction>
    <drug-interaction>
      <drugbank-id>DB00580</drugbank-id>
      <name>Valdecoxib</name>
      <description>The risk or severity of bleeding and hemorrhage can be increased when Valdecoxib is combined with Lepirudin.</description>
    </drug-interaction>
    <drug-interaction>
      <drugbank-id>DB00586</drugbank-id>
      <name>Diclofenac</name>
      <description>The risk or severity of bleeding and hemorrhage can be increased when Diclofenac is combined with Lepirudin.</description>
    </drug-interaction>
    <drug-interaction>
      <drugbank-id>DB00605</drugbank-id>
      <name>Sulindac</name>
      <description>The risk or severity of bleeding and hemorrhage can be increased when Sulindac is combined with Lepirudin.</description>
    </drug-interaction>
    <drug-interaction>
      <drugbank-id>DB00712</drugbank-id>
      <name>Flurbiprofen</name>
      <description>The risk or severity of bleeding and hemorrhage can be increased when Flurbiprofen is combined with Lepirudin.</description>
    </drug-interaction>
    <drug-interaction>
      <drugbank-id>DB00749</drugbank-id>
      <name>Etodolac</name>
      <description>The risk or severity of bleeding and hemorrhage can be increased when Etodolac is combined with Lepirudin.</description>
    </drug-interaction>
    <drug-interaction>
      <drugbank-id>DB00784</drugbank-id>
      <name>Mefenamic acid</name>
      <description>The risk or severity of bleeding and hemorrhage can be increased when Mefenamic acid is combined with Lepirudin.</description>
    </drug-interaction>
    <drug-interaction>
      <drugbank-id>DB00788</drugbank-id>
      <name>Naproxen</name>
      <description>The risk or severity of bleeding and hemorrhage can be increased when Naproxen is combined with Lepirudin.</description>
    </drug-interaction>
    <drug-interaction>
      <drugbank-id>DB00795</drugbank-id>
      <name>Sulfasalazine</name>
      <description>The risk or severity of bleeding and hemorrhage can be increased when Sulfasalazine is combined with Lepirudin.</description>
    </drug-interaction>
    <drug-interaction>
      <drugbank-id>DB00812</drugbank-id>
      <name>Phenylbutazone</name>
      <description>The risk or severity of bleeding and hemorrhage can be increased when Phenylbutazone is combined with Lepirudin.</description>
    </drug-interaction>
    <drug-interaction>
      <drugbank-id>DB00814</drugbank-id>
      <name>Meloxicam</name>
      <description>The risk or severity of bleeding and hemorrhage can be increased when Meloxicam is combined with Lepirudin.</description>
    </drug-interaction>
    <drug-interaction>
      <drugbank-id>DB00821</drugbank-id>
      <name>Carprofen</name>
      <description>The risk or severity of bleeding and hemorrhage can be increased when Carprofen is combined with Lepirudin.</description>
    </drug-interaction>
    <drug-interaction>
      <drugbank-id>DB00861</drugbank-id>
      <name>Diflunisal</name>
      <description>The risk or severity of bleeding and hemorrhage can be increased when Diflunisal is combined with Lepirudin.</description>
    </drug-interaction>
    <drug-interaction>
      <drugbank-id>DB00936</drugbank-id>
      <name>Salicylic acid</name>
      <description>The risk or severity of bleeding and hemorrhage can be increased when Salicylic acid is combined with Lepirudin.</description>
    </drug-interaction>
    <drug-interaction>
      <drugbank-id>DB00939</drugbank-id>
      <name>Meclofenamic acid</name>
      <description>The risk or severity of bleeding and hemorrhage can be increased when Meclofenamic acid is combined with Lepirudin.</description>
    </drug-interaction>
    <drug-interaction>
      <drugbank-id>DB00991</drugbank-id>
      <name>Oxaprozin</name>
      <description>The risk or severity of bleeding and hemorrhage can be increased when Oxaprozin is combined with Lepirudin.</description>
    </drug-interaction>
    <drug-interaction>
      <drugbank-id>DB01009</drugbank-id>
      <name>Ketoprofen</name>
      <description>The risk or severity of bleeding and hemorrhage can be increased when Ketoprofen is combined with Lepirudin.</description>
    </drug-interaction>
    <drug-interaction>
      <drugbank-id>DB01014</drugbank-id>
      <name>Balsalazide</name>
      <description>The risk or severity of bleeding and hemorrhage can be increased when Balsalazide is combined with Lepirudin.</description>
    </drug-interaction>
    <drug-interaction>
      <drugbank-id>DB01250</drugbank-id>
      <name>Olsalazine</name>
      <description>The risk or severity of bleeding and hemorrhage can be increased when Olsalazine is combined with Lepirudin.</description>
    </drug-interaction>
    <drug-interaction>
      <drugbank-id>DB01283</drugbank-id>
      <name>Lumiracoxib</name>
      <description>The risk or severity of bleeding and hemorrhage can be increased when Lumiracoxib is combined with Lepirudin.</description>
    </drug-interaction>
    <drug-interaction>
      <drugbank-id>DB01397</drugbank-id>
      <name>Magnesium salicylate</name>
      <description>The risk or severity of bleeding and hemorrhage can be increased when Magnesium salicylate is combined with Lepirudin.</description>
    </drug-interaction>
    <drug-interaction>
      <drugbank-id>DB01399</drugbank-id>
      <name>Salsalate</name>
      <description>The risk or severity of bleeding and hemorrhage can be increased when Salsalate is combined with Lepirudin.</description>
    </drug-interaction>
    <drug-interaction>
      <drugbank-id>DB01401</drugbank-id>
      <name>Choline magnesium trisalicylate</name>
      <description>The risk or severity of bleeding and hemorrhage can be increased when Choline magnesium trisalicylate is combined with Lepirudin.</description>
    </drug-interaction>
    <drug-interaction>
      <drugbank-id>DB01419</drugbank-id>
      <name>Antrafenine</name>
      <description>The risk or severity of bleeding and hemorrhage can be increased when Antrafenine is combined with Lepirudin.</description>
    </drug-interaction>
    <drug-interaction>
      <drugbank-id>DB01424</drugbank-id>
      <name>Aminophenazone</name>
      <description>The risk or severity of bleeding and hemorrhage can be increased when Aminophenazone is combined with Lepirudin.</description>
    </drug-interaction>
    <drug-interaction>
      <drugbank-id>DB01435</drugbank-id>
      <name>Antipyrine</name>
      <description>The risk or severity of bleeding and hemorrhage can be increased when Antipyrine is combined with Lepirudin.</description>
    </drug-interaction>
    <drug-interaction>
      <drugbank-id>DB01600</drugbank-id>
      <name>Tiaprofenic acid</name>
      <description>The risk or severity of bleeding and hemorrhage can be increased when Tiaprofenic acid is combined with Lepirudin.</description>
    </drug-interaction>
    <drug-interaction>
      <drugbank-id>DB01628</drugbank-id>
      <name>Etoricoxib</name>
      <description>The risk or severity of bleeding and hemorrhage can be increased when Etoricoxib is combined with Lepirudin.</description>
    </drug-interaction>
    <drug-interaction>
      <drugbank-id>DB02224</drugbank-id>
      <name>Taxifolin</name>
      <description>The risk or severity of bleeding and hemorrhage can be increased when Taxifolin is combined with Lepirudin.</description>
    </drug-interaction>
    <drug-interaction>
      <drugbank-id>DB03585</drugbank-id>
      <name>Oxyphenbutazone</name>
      <description>The risk or severity of bleeding and hemorrhage can be increased when Oxyphenbutazone is combined with Lepirudin.</description>
    </drug-interaction>
    <drug-interaction>
      <drugbank-id>DB04725</drugbank-id>
      <name>Licofelone</name>
      <description>The risk or severity of bleeding and hemorrhage can be increased when Licofelone is combined with Lepirudin.</description>
    </drug-interaction>
    <drug-interaction>
      <drugbank-id>DB04812</drugbank-id>
      <name>Benoxaprofen</name>
      <description>The risk or severity of bleeding and hemorrhage can be increased when Benoxaprofen is combined with Lepirudin.</description>
    </drug-interaction>
    <drug-interaction>
      <drugbank-id>DB04817</drugbank-id>
      <name>Metamizole</name>
      <description>The risk or severity of bleeding and hemorrhage can be increased when Metamizole is combined with Lepirudin.</description>
    </drug-interaction>
    <drug-interaction>
      <drugbank-id>DB04828</drugbank-id>
      <name>Zomepirac</name>
      <description>The risk or severity of bleeding and hemorrhage can be increased when Zomepirac is combined with Lepirudin.</description>
    </drug-interaction>
    <drug-interaction>
      <drugbank-id>DB05095</drugbank-id>
      <name>Cimicoxib</name>
      <description>The risk or severity of bleeding and hemorrhage can be increased when Cimicoxib is combined with Lepirudin.</description>
    </drug-interaction>
    <drug-interaction>
      <drugbank-id>DB06725</drugbank-id>
      <name>Lornoxicam</name>
      <description>The risk or severity of bleeding and hemorrhage can be increased when Lornoxicam is combined with Lepirudin.</description>
    </drug-interaction>
    <drug-interaction>
      <drugbank-id>DB06736</drugbank-id>
      <name>Aceclofenac</name>
      <description>The risk or severity of bleeding and hemorrhage can be increased when Aceclofenac is combined with Lepirudin.</description>
    </drug-interaction>
    <drug-interaction>
      <drugbank-id>DB06737</drugbank-id>
      <name>Zaltoprofen</name>
      <description>The risk or severity of bleeding and hemorrhage can be increased when Zaltoprofen is combined with Lepirudin.</description>
    </drug-interaction>
    <drug-interaction>
      <drugbank-id>DB07402</drugbank-id>
      <name>Azapropazone</name>
      <description>The risk or severity of bleeding and hemorrhage can be increased when Azapropazone is combined with Lepirudin.</description>
    </drug-interaction>
    <drug-interaction>
      <drugbank-id>DB08439</drugbank-id>
      <name>Parecoxib</name>
      <description>The risk or severity of bleeding and hemorrhage can be increased when Parecoxib is combined with Lepirudin.</description>
    </drug-interaction>
    <drug-interaction>
      <drugbank-id>DB08797</drugbank-id>
      <name>Salicylamide</name>
      <description>The risk or severity of bleeding and hemorrhage can be increased when Salicylamide is combined with Lepirudin.</description>
    </drug-interaction>
    <drug-interaction>
      <drugbank-id>DB08940</drugbank-id>
      <name>Kebuzone</name>
      <description>The risk or severity of bleeding and hemorrhage can be increased when Kebuzone is combined with Lepirudin.</description>
    </drug-interaction>
    <drug-interaction>
      <drugbank-id>DB08942</drugbank-id>
      <name>Isoxicam</name>
      <description>The risk or severity of bleeding and hemorrhage can be increased when Isoxicam is combined with Lepirudin.</description>
    </drug-interaction>
    <drug-interaction>
      <drugbank-id>DB08951</drugbank-id>
      <name>Indoprofen</name>
      <description>The risk or severity of bleeding and hemorrhage can be increased when Indoprofen is combined with Lepirudin.</description>
    </drug-interaction>
    <drug-interaction>
      <drugbank-id>DB08955</drugbank-id>
      <name>Ibuproxam</name>
      <description>The risk or severity of bleeding and hemorrhage can be increased when Ibuproxam is combined with Lepirudin.</description>
    </drug-interaction>
    <drug-interaction>
      <drugbank-id>DB08976</drugbank-id>
      <name>Floctafenine</name>
      <description>The risk or severity of bleeding and hemorrhage can be increased when Floctafenine is combined with Lepirudin.</description>
    </drug-interaction>
    <drug-interaction>
      <drugbank-id>DB08981</drugbank-id>
      <name>Fenbufen</name>
      <description>The risk or severity of bleeding and hemorrhage can be increased when Fenbufen is combined with Lepirudin.</description>
    </drug-interaction>
    <drug-interaction>
      <drugbank-id>DB08984</drugbank-id>
      <name>Etofenamate</name>
      <description>The risk or severity of bleeding and hemorrhage can be increased when Etofenamate is combined with Lepirudin.</description>
    </drug-interaction>
    <drug-interaction>
      <drugbank-id>DB08991</drugbank-id>
      <name>Epirizole</name>
      <description>The risk or severity of bleeding and hemorrhage can be increased when Epirizole is combined with Lepirudin.</description>
    </drug-interaction>
    <drug-interaction>
      <drugbank-id>DB09084</drugbank-id>
      <name>Benzydamine</name>
      <description>The risk or severity of bleeding and hemorrhage can be increased when Benzydamine is combined with Lepirudin.</description>
    </drug-interaction>
    <drug-interaction>
      <drugbank-id>DB09214</drugbank-id>
      <name>Dexketoprofen</name>
      <description>The risk or severity of bleeding and hemorrhage can be increased when Dexketoprofen is combined with Lepirudin.</description>
    </drug-interaction>
    <drug-interaction>
      <drugbank-id>DB09215</drugbank-id>
      <name>Droxicam</name>
      <description>The risk or severity of bleeding and hemorrhage can be increased when Droxicam is combined with Lepirudin.</description>
    </drug-interaction>
    <drug-interaction>
      <drugbank-id>DB09216</drugbank-id>
      <name>Tolfenamic acid</name>
      <description>The risk or severity of bleeding and hemorrhage can be increased when Tolfenamic acid is combined with Lepirudin.</description>
    </drug-interaction>
    <drug-interaction>
      <drugbank-id>DB09217</drugbank-id>
      <name>Firocoxib</name>
      <description>The risk or severity of bleeding and hemorrhage can be increased when Firocoxib is combined with Lepirudin.</description>
    </drug-interaction>
    <drug-interaction>
      <drugbank-id>DB09218</drugbank-id>
      <name>Clonixin</name>
      <description>The risk or severity of bleeding and hemorrhage can be increased when Clonixin is combined with Lepirudin.</description>
    </drug-interaction>
    <drug-interaction>
      <drugbank-id>DB09285</drugbank-id>
      <name>Morniflumate</name>
      <description>The risk or severity of bleeding and hemorrhage can be increased when Morniflumate is combined with Lepirudin.</description>
    </drug-interaction>
    <drug-interaction>
      <drugbank-id>DB09288</drugbank-id>
      <name>Propacetamol</name>
      <description>The risk or severity of bleeding and hemorrhage can be increased when Propacetamol is combined with Lepirudin.</description>
    </drug-interaction>
    <drug-interaction>
      <drugbank-id>DB09295</drugbank-id>
      <name>Talniflumate</name>
      <description>The risk or severity of bleeding and hemorrhage can be increased when Talniflumate is combined with Lepirudin.</description>
    </drug-interaction>
    <drug-interaction>
      <drugbank-id>DB11455</drugbank-id>
      <name>Robenacoxib</name>
      <description>The risk or severity of bleeding and hemorrhage can be increased when Robenacoxib is combined with Lepirudin.</description>
    </drug-interaction>
    <drug-interaction>
      <drugbank-id>DB11466</drugbank-id>
      <name>Tepoxalin</name>
      <description>The risk or severity of bleeding and hemorrhage can be increased when Tepoxalin is combined with Lepirudin.</description>
    </drug-interaction>
    <drug-interaction>
      <drugbank-id>DB11518</drugbank-id>
      <name>Flunixin</name>
      <description>The risk or severity of bleeding and hemorrhage can be increased when Flunixin is combined with Lepirudin.</description>
    </drug-interaction>
    <drug-interaction>
      <drugbank-id>DB12399</drugbank-id>
      <name>Polmacoxib</name>
      <description>The risk or severity of bleeding and hemorrhage can be increased when Polmacoxib is combined with Lepirudin.</description>
    </drug-interaction>
    <drug-interaction>
      <drugbank-id>DB12610</drugbank-id>
      <name>Ebselen</name>
      <description>The risk or severity of bleeding and hemorrhage can be increased when Ebselen is combined with Lepirudin.</description>
    </drug-interaction>
    <drug-interaction>
      <drugbank-id>DB13001</drugbank-id>
      <name>Tinoridine</name>
      <description>The risk or severity of bleeding and hemorrhage can be increased when Tinoridine is combined with Lepirudin.</description>
    </drug-interaction>
    <drug-interaction>
      <drugbank-id>DB13167</drugbank-id>
      <name>Alclofenac</name>
      <description>The risk or severity of bleeding and hemorrhage can be increased when Alclofenac is combined with Lepirudin.</description>
    </drug-interaction>
    <drug-interaction>
      <drugbank-id>DB13217</drugbank-id>
      <name>Fentiazac</name>
      <description>The risk or severity of bleeding and hemorrhage can be increased when Fentiazac is combined with Lepirudin.</description>
    </drug-interaction>
    <drug-interaction>
      <drugbank-id>DB13232</drugbank-id>
      <name>Suxibuzone</name>
      <description>The risk or severity of bleeding and hemorrhage can be increased when Suxibuzone is combined with Lepirudin.</description>
    </drug-interaction>
    <drug-interaction>
      <drugbank-id>DB13286</drugbank-id>
      <name>Bumadizone</name>
      <description>The risk or severity of bleeding and hemorrhage can be increased when Bumadizone is combined with Lepirudin.</description>
    </drug-interaction>
    <drug-interaction>
      <drugbank-id>DB13314</drugbank-id>
      <name>Alminoprofen</name>
      <description>The risk or severity of bleeding and hemorrhage can be increased when Alminoprofen is combined with Lepirudin.</description>
    </drug-interaction>
    <drug-interaction>
      <drugbank-id>DB13371</drugbank-id>
      <name>Difenpiramide</name>
      <description>The risk or severity of bleeding and hemorrhage can be increased when Difenpiramide is combined with Lepirudin.</description>
    </drug-interaction>
    <drug-interaction>
      <drugbank-id>DB13407</drugbank-id>
      <name>Nifenazone</name>
      <description>The risk or severity of bleeding and hemorrhage can be increased when Nifenazone is combined with Lepirudin.</description>
    </drug-interaction>
    <drug-interaction>
      <drugbank-id>DB13432</drugbank-id>
      <name>Lonazolac</name>
      <description>The risk or severity of bleeding and hemorrhage can be increased when Lonazolac is combined with Lepirudin.</description>
    </drug-interaction>
    <drug-interaction>
      <drugbank-id>DB13481</drugbank-id>
      <name>Tenidap</name>
      <description>The risk or severity of bleeding and hemorrhage can be increased when Tenidap is combined with Lepirudin.</description>
    </drug-interaction>
    <drug-interaction>
      <drugbank-id>DB13524</drugbank-id>
      <name>Propyphenazone</name>
      <description>The risk or severity of bleeding and hemorrhage can be increased when Propyphenazone is combined with Lepirudin.</description>
    </drug-interaction>
    <drug-interaction>
      <drugbank-id>DB13527</drugbank-id>
      <name>Proglumetacin</name>
      <description>The risk or severity of bleeding and hemorrhage can be increased when Proglumetacin is combined with Lepirudin.</description>
    </drug-interaction>
    <drug-interaction>
      <drugbank-id>DB13538</drugbank-id>
      <name>Guacetisal</name>
      <description>The risk or severity of bleeding and hemorrhage can be increased when Guacetisal is combined with Lepirudin.</description>
    </drug-interaction>
    <drug-interaction>
      <drugbank-id>DB13544</drugbank-id>
      <name>Ethenzamide</name>
      <description>The risk or severity of bleeding and hemorrhage can be increased when Ethenzamide is combined with Lepirudin.</description>
    </drug-interaction>
    <drug-interaction>
      <drugbank-id>DB13612</drugbank-id>
      <name>Carbaspirin calcium</name>
      <description>The risk or severity of bleeding and hemorrhage can be increased when Carbaspirin calcium is combined with Lepirudin.</description>
    </drug-interaction>
    <drug-interaction>
      <drugbank-id>DB13629</drugbank-id>
      <name>Mofebutazone</name>
      <description>The risk or severity of bleeding and hemorrhage can be increased when Mofebutazone is combined with Lepirudin.</description>
    </drug-interaction>
    <drug-interaction>
      <drugbank-id>DB13649</drugbank-id>
      <name>Proquazone</name>
      <description>The risk or severity of bleeding and hemorrhage can be increased when Proquazone is combined with Lepirudin.</description>
    </drug-interaction>
    <drug-interaction>
      <drugbank-id>DB13657</drugbank-id>
      <name>Benorilate</name>
      <description>The risk or severity of bleeding and hemorrhage can be increased when Benorilate is combined with Lepirudin.</description>
    </drug-interaction>
    <drug-interaction>
      <drugbank-id>DB13722</drugbank-id>
      <name>Pirprofen</name>
      <description>The risk or severity of bleeding and hemorrhage can be increased when Pirprofen is combined with Lepirudin.</description>
    </drug-interaction>
    <drug-interaction>
      <drugbank-id>DB13860</drugbank-id>
      <name>Imidazole salicylate</name>
      <description>The risk or severity of bleeding and hemorrhage can be increased when Imidazole salicylate is combined with Lepirudin.</description>
    </drug-interaction>
    <drug-interaction>
      <drugbank-id>DB14059</drugbank-id>
      <name>SC-236</name>
      <description>The risk or severity of bleeding and hemorrhage can be increased when SC-236 is combined with Lepirudin.</description>
    </drug-interaction>
    <drug-interaction>
      <drugbank-id>DB14060</drugbank-id>
      <name>NS-398</name>
      <description>The risk or severity of bleeding and hemorrhage can be increased when NS-398 is combined with Lepirudin.</description>
    </drug-interaction>
    <drug-interaction>
      <drugbank-id>DB14938</drugbank-id>
      <name>Flurbiprofen axetil</name>
      <description>The risk or severity of bleeding and hemorrhage can be increased when Flurbiprofen axetil is combined with Lepirudin.</description>
    </drug-interaction>
    <drug-interaction>
      <drugbank-id>DB09212</drugbank-id>
      <name>Loxoprofen</name>
      <description>The risk or severity of bleeding and hemorrhage can be increased when Loxoprofen is combined with Lepirudin.</description>
    </drug-interaction>
    <drug-interaction>
      <drugbank-id>DB04552</drugbank-id>
      <name>Niflumic acid</name>
      <description>The risk or severity of bleeding and hemorrhage can be increased when Niflumic acid is combined with Lepirudin.</description>
    </drug-interaction>
    <drug-interaction>
      <drugbank-id>DB04865</drugbank-id>
      <name>Omacetaxine mepesuccinate</name>
      <description>The risk or severity of bleeding can be increased when Lepirudin is combined with Omacetaxine mepesuccinate.</description>
    </drug-interaction>
    <drug-interaction>
      <drugbank-id>DB11133</drugbank-id>
      <name>Omega-3 fatty acids</name>
      <description>Omega-3 fatty acids may increase the anticoagulant activities of Lepirudin.</description>
    </drug-interaction>
    <drug-interaction>
      <drugbank-id>DB00081</drugbank-id>
      <name>Tositumomab</name>
      <description>The risk or severity of bleeding and hemorrhage can be increased when Lepirudin is combined with Tositumomab.</description>
    </drug-interaction>
    <drug-interaction>
      <drugbank-id>DB00048</drugbank-id>
      <name>Collagenase clostridium histolyticum</name>
      <description>The risk or severity of adverse effects can be increased when Lepirudin is combined with Collagenase clostridium histolyticum.</description>
    </drug-interaction>
    <drug-interaction>
      <drugbank-id>DB00389</drugbank-id>
      <name>Carbimazole</name>
      <description>Carbimazole may increase the anticoagulant activities of Lepirudin.</description>
    </drug-interaction>
    <drug-interaction>
      <drugbank-id>DB00550</drugbank-id>
      <name>Propylthiouracil</name>
      <description>Propylthiouracil may increase the anticoagulant activities of Lepirudin.</description>
    </drug-interaction>
    <drug-interaction>
      <drugbank-id>DB00763</drugbank-id>
      <name>Methimazole</name>
      <description>Methimazole may increase the anticoagulant activities of Lepirudin.</description>
    </drug-interaction>
    <drug-interaction>
      <drugbank-id>DB03374</drugbank-id>
      <name>3,5-Diiodotyrosine</name>
      <description>3,5-Diiodotyrosine may increase the anticoagulant activities of Lepirudin.</description>
    </drug-interaction>
    <drug-interaction>
      <drugbank-id>DB06715</drugbank-id>
      <name>Potassium Iodide</name>
      <description>Potassium Iodide may increase the anticoagulant activities of Lepirudin.</description>
    </drug-interaction>
    <drug-interaction>
      <drugbank-id>DB07637</drugbank-id>
      <name>Dibromotyrosine</name>
      <description>Dibromotyrosine may increase the anticoagulant activities of Lepirudin.</description>
    </drug-interaction>
    <drug-interaction>
      <drugbank-id>DB09418</drugbank-id>
      <name>Potassium perchlorate</name>
      <description>Potassium perchlorate may increase the anticoagulant activities of Lepirudin.</description>
    </drug-interaction>
    <drug-interaction>
      <drugbank-id>DB13644</drugbank-id>
      <name>Methylthiouracil</name>
      <description>Methylthiouracil may increase the anticoagulant activities of Lepirudin.</description>
    </drug-interaction>
    <drug-interaction>
      <drugbank-id>DB13804</drugbank-id>
      <name>Benzylthiouracil</name>
      <description>Benzylthiouracil may increase the anticoagulant activities of Lepirudin.</description>
    </drug-interaction>
    <drug-interaction>
      <drugbank-id>DB04066</drugbank-id>
      <name>p-Coumaric acid</name>
      <description>The therapeutic efficacy of Lepirudin can be decreased when used in combination with p-Coumaric acid.</description>
    </drug-interaction>
    <drug-interaction>
      <drugbank-id>DB04682</drugbank-id>
      <name>Octylphenoxy polyethoxyethanol</name>
      <description>The therapeutic efficacy of Lepirudin can be decreased when used in combination with Octylphenoxy polyethoxyethanol.</description>
    </drug-interaction>
    <drug-interaction>
      <drugbank-id>DB05830</drugbank-id>
      <name>Trestolone</name>
      <description>The therapeutic efficacy of Lepirudin can be decreased when used in combination with Trestolone.</description>
    </drug-interaction>
    <drug-interaction>
      <drugbank-id>DB06266</drugbank-id>
      <name>Lonidamine</name>
      <description>The therapeutic efficacy of Lepirudin can be decreased when used in combination with Lonidamine.</description>
    </drug-interaction>
    <drug-interaction>
      <drugbank-id>DB08867</drugbank-id>
      <name>Ulipristal</name>
      <description>The therapeutic efficacy of Lepirudin can be decreased when used in combination with Ulipristal.</description>
    </drug-interaction>
    <drug-interaction>
      <drugbank-id>DB11507</drugbank-id>
      <name>Cloprostenol</name>
      <description>The therapeutic efficacy of Lepirudin can be decreased when used in combination with Cloprostenol.</description>
    </drug-interaction>
    <drug-interaction>
      <drugbank-id>DB12025</drugbank-id>
      <name>Triptolide</name>
      <description>The therapeutic efficacy of Lepirudin can be decreased when used in combination with Triptolide.</description>
    </drug-interaction>
    <drug-interaction>
      <drugbank-id>DB13044</drugbank-id>
      <name>Gossypol</name>
      <description>The therapeutic efficacy of Lepirudin can be decreased when used in combination with Gossypol.</description>
    </drug-interaction>
    <drug-interaction>
      <drugbank-id>DB00294</drugbank-id>
      <name>Etonogestrel</name>
      <description>The therapeutic efficacy of Lepirudin can be decreased when used in combination with Etonogestrel.</description>
    </drug-interaction>
    <drug-interaction>
      <drugbank-id>DB00378</drugbank-id>
      <name>Dydrogesterone</name>
      <description>Dydrogesterone may decrease the anticoagulant activities of Lepirudin.</description>
    </drug-interaction>
    <drug-interaction>
      <drugbank-id>DB00396</drugbank-id>
      <name>Progesterone</name>
      <description>The therapeutic efficacy of Lepirudin can be decreased when used in combination with Progesterone.</description>
    </drug-interaction>
    <drug-interaction>
      <drugbank-id>DB01431</drugbank-id>
      <name>Allylestrenol</name>
      <description>Allylestrenol may decrease the anticoagulant activities of Lepirudin.</description>
    </drug-interaction>
    <drug-interaction>
      <drugbank-id>DB06713</drugbank-id>
      <name>Norelgestromin</name>
      <description>The therapeutic efficacy of Lepirudin can be decreased when used in combination with Norelgestromin.</description>
    </drug-interaction>
    <drug-interaction>
      <drugbank-id>DB06789</drugbank-id>
      <name>Hydroxyprogesterone caproate</name>
      <description>The therapeutic efficacy of Lepirudin can be decreased when used in combination with Hydroxyprogesterone caproate.</description>
    </drug-interaction>
    <drug-interaction>
      <drugbank-id>DB09124</drugbank-id>
      <name>Medrogestone</name>
      <description>Medrogestone may decrease the anticoagulant activities of Lepirudin.</description>
    </drug-interaction>
    <drug-interaction>
      <drugbank-id>DB11372</drugbank-id>
      <name>Altrenogest</name>
      <description>Altrenogest may decrease the anticoagulant activities of Lepirudin.</description>
    </drug-interaction>
    <drug-interaction>
      <drugbank-id>DB11636</drugbank-id>
      <name>Nomegestrol</name>
      <description>The therapeutic efficacy of Lepirudin can be decreased when used in combination with Nomegestrol.</description>
    </drug-interaction>
    <drug-interaction>
      <drugbank-id>DB13230</drugbank-id>
      <name>Gestonorone</name>
      <description>Gestonorone may decrease the anticoagulant activities of Lepirudin.</description>
    </drug-interaction>
    <drug-interaction>
      <drugbank-id>DB13533</drugbank-id>
      <name>Methylestrenolone</name>
      <description>Methylestrenolone may decrease the anticoagulant activities of Lepirudin.</description>
    </drug-interaction>
    <drug-interaction>
      <drugbank-id>DB13602</drugbank-id>
      <name>Promegestone</name>
      <description>Promegestone may decrease the anticoagulant activities of Lepirudin.</description>
    </drug-interaction>
    <drug-interaction>
      <drugbank-id>DB13866</drugbank-id>
      <name>Etynodiol</name>
      <description>The therapeutic efficacy of Lepirudin can be decreased when used in combination with Etynodiol.</description>
    </drug-interaction>
    <drug-interaction>
      <drugbank-id>DB14570</drugbank-id>
      <name>Hydroxyprogesterone</name>
      <description>Hydroxyprogesterone may decrease the anticoagulant activities of Lepirudin.</description>
    </drug-interaction>
    <drug-interaction>
      <drugbank-id>DB14679</drugbank-id>
      <name>Quingestanol acetate</name>
      <description>Quingestanol acetate may decrease the anticoagulant activities of Lepirudin.</description>
    </drug-interaction>
    <drug-interaction>
      <drugbank-id>DB00233</drugbank-id>
      <name>Aminosalicylic acid</name>
      <description>The risk or severity of bleeding can be increased when Aminosalicylic acid is combined with Lepirudin.</description>
    </drug-interaction>
    <drug-interaction>
      <drugbank-id>DB01294</drugbank-id>
      <name>Bismuth subsalicylate</name>
      <description>The risk or severity of bleeding can be increased when Bismuth subsalicylate is combined with Lepirudin.</description>
    </drug-interaction>
    <drug-interaction>
      <drugbank-id>DB06251</drugbank-id>
      <name>Dersalazine</name>
      <description>The risk or severity of bleeding can be increased when Dersalazine is combined with Lepirudin.</description>
    </drug-interaction>
    <drug-interaction>
      <drugbank-id>DB06807</drugbank-id>
      <name>Phenyl aminosalicylate</name>
      <description>The risk or severity of bleeding can be increased when Phenyl aminosalicylate is combined with Lepirudin.</description>
    </drug-interaction>
    <drug-interaction>
      <drugbank-id>DB09543</drugbank-id>
      <name>Methyl salicylate</name>
      <description>The risk or severity of bleeding can be increased when Methyl salicylate is combined with Lepirudin.</description>
    </drug-interaction>
    <drug-interaction>
      <drugbank-id>DB11079</drugbank-id>
      <name>Trolamine salicylate</name>
      <description>The risk or severity of bleeding can be increased when Trolamine salicylate is combined with Lepirudin.</description>
    </drug-interaction>
    <drug-interaction>
      <drugbank-id>DB13509</drugbank-id>
      <name>Aloxiprin</name>
      <description>The risk or severity of bleeding can be increased when Aloxiprin is combined with Lepirudin.</description>
    </drug-interaction>
    <drug-interaction>
      <drugbank-id>DB14006</drugbank-id>
      <name>Choline salicylate</name>
      <description>The risk or severity of bleeding can be increased when Choline salicylate is combined with Lepirudin.</description>
    </drug-interaction>
    <drug-interaction>
      <drugbank-id>DB14026</drugbank-id>
      <name>Thiosalicylic acid</name>
      <description>The risk or severity of bleeding can be increased when Thiosalicylic acid is combined with Lepirudin.</description>
    </drug-interaction>
    <drug-interaction>
      <drugbank-id>DB00054</drugbank-id>
      <name>Abciximab</name>
      <description>The risk or severity of bleeding can be increased when Abciximab is combined with Lepirudin.</description>
    </drug-interaction>
    <drug-interaction>
      <drugbank-id>DB00063</drugbank-id>
      <name>Eptifibatide</name>
      <description>The risk or severity of bleeding can be increased when Eptifibatide is combined with Lepirudin.</description>
    </drug-interaction>
    <drug-interaction>
      <drugbank-id>DB00208</drugbank-id>
      <name>Ticlopidine</name>
      <description>The risk or severity of bleeding can be increased when Ticlopidine is combined with Lepirudin.</description>
    </drug-interaction>
    <drug-interaction>
      <drugbank-id>DB00261</drugbank-id>
      <name>Anagrelide</name>
      <description>The risk or severity of bleeding can be increased when Anagrelide is combined with Lepirudin.</description>
    </drug-interaction>
    <drug-interaction>
      <drugbank-id>DB00758</drugbank-id>
      <name>Clopidogrel</name>
      <description>The risk or severity of bleeding can be increased when Clopidogrel is combined with Lepirudin.</description>
    </drug-interaction>
    <drug-interaction>
      <drugbank-id>DB00775</drugbank-id>
      <name>Tirofiban</name>
      <description>The risk or severity of bleeding can be increased when Tirofiban is combined with Lepirudin.</description>
    </drug-interaction>
    <drug-interaction>
      <drugbank-id>DB00975</drugbank-id>
      <name>Dipyridamole</name>
      <description>The risk or severity of bleeding can be increased when Dipyridamole is combined with Lepirudin.</description>
    </drug-interaction>
    <drug-interaction>
      <drugbank-id>DB01088</drugbank-id>
      <name>Iloprost</name>
      <description>The risk or severity of bleeding can be increased when Iloprost is combined with Lepirudin.</description>
    </drug-interaction>
    <drug-interaction>
      <drugbank-id>DB01138</drugbank-id>
      <name>Sulfinpyrazone</name>
      <description>The risk or severity of bleeding can be increased when Sulfinpyrazone is combined with Lepirudin.</description>
    </drug-interaction>
    <drug-interaction>
      <drugbank-id>DB01166</drugbank-id>
      <name>Cilostazol</name>
      <description>The risk or severity of bleeding can be increased when Cilostazol is combined with Lepirudin.</description>
    </drug-interaction>
    <drug-interaction>
      <drugbank-id>DB01207</drugbank-id>
      <name>Ridogrel</name>
      <description>The risk or severity of bleeding can be increased when Ridogrel is combined with Lepirudin.</description>
    </drug-interaction>
    <drug-interaction>
      <drugbank-id>DB01236</drugbank-id>
      <name>Sevoflurane</name>
      <description>The risk or severity of bleeding can be increased when Sevoflurane is combined with Lepirudin.</description>
    </drug-interaction>
    <drug-interaction>
      <drugbank-id>DB01240</drugbank-id>
      <name>Epoprostenol</name>
      <description>The risk or severity of bleeding can be increased when Epoprostenol is combined with Lepirudin.</description>
    </drug-interaction>
    <drug-interaction>
      <drugbank-id>DB02709</drugbank-id>
      <name>Resveratrol</name>
      <description>The risk or severity of bleeding can be increased when Resveratrol is combined with Lepirudin.</description>
    </drug-interaction>
    <drug-interaction>
      <drugbank-id>DB04743</drugbank-id>
      <name>Nimesulide</name>
      <description>The risk or severity of bleeding and hemorrhage can be increased when Nimesulide is combined with Lepirudin.</description>
    </drug-interaction>
    <drug-interaction>
      <drugbank-id>DB04905</drugbank-id>
      <name>Tesmilifene</name>
      <description>The risk or severity of bleeding can be increased when Tesmilifene is combined with Lepirudin.</description>
    </drug-interaction>
    <drug-interaction>
      <drugbank-id>DB04932</drugbank-id>
      <name>Defibrotide</name>
      <description>The risk or severity of bleeding can be increased when Defibrotide is combined with Lepirudin.</description>
    </drug-interaction>
    <drug-interaction>
      <drugbank-id>DB05229</drugbank-id>
      <name>Beraprost</name>
      <description>The risk or severity of bleeding can be increased when Beraprost is combined with Lepirudin.</description>
    </drug-interaction>
    <drug-interaction>
      <drugbank-id>DB05266</drugbank-id>
      <name>Ibudilast</name>
      <description>The risk or severity of bleeding can be increased when Ibudilast is combined with Lepirudin.</description>
    </drug-interaction>
    <drug-interaction>
      <drugbank-id>DB05767</drugbank-id>
      <name>Andrographolide</name>
      <description>The risk or severity of bleeding can be increased when Andrographolide is combined with Lepirudin.</description>
    </drug-interaction>
    <drug-interaction>
      <drugbank-id>DB06081</drugbank-id>
      <name>Caplacizumab</name>
      <description>The risk or severity of bleeding can be increased when Caplacizumab is combined with Lepirudin.</description>
    </drug-interaction>
    <drug-interaction>
      <drugbank-id>DB06209</drugbank-id>
      <name>Prasugrel</name>
      <description>The risk or severity of bleeding can be increased when Prasugrel is combined with Lepirudin.</description>
    </drug-interaction>
    <drug-interaction>
      <drugbank-id>DB06441</drugbank-id>
      <name>Cangrelor</name>
      <description>The risk or severity of bleeding can be increased when Cangrelor is combined with Lepirudin.</description>
    </drug-interaction>
    <drug-interaction>
      <drugbank-id>DB07615</drugbank-id>
      <name>Tranilast</name>
      <description>The risk or severity of bleeding can be increased when Tranilast is combined with Lepirudin.</description>
    </drug-interaction>
    <drug-interaction>
      <drugbank-id>DB08814</drugbank-id>
      <name>Triflusal</name>
      <description>The risk or severity of bleeding can be increased when Triflusal is combined with Lepirudin.</description>
    </drug-interaction>
    <drug-interaction>
      <drugbank-id>DB08816</drugbank-id>
      <name>Ticagrelor</name>
      <description>The risk or severity of bleeding can be increased when Ticagrelor is combined with Lepirudin.</description>
    </drug-interaction>
    <drug-interaction>
      <drugbank-id>DB08887</drugbank-id>
      <name>Icosapent ethyl</name>
      <description>The risk or severity of bleeding can be increased when Icosapent ethyl is combined with Lepirudin.</description>
    </drug-interaction>
    <drug-interaction>
      <drugbank-id>DB09283</drugbank-id>
      <name>Trapidil</name>
      <description>The risk or severity of bleeding can be increased when Trapidil is combined with Lepirudin.</description>
    </drug-interaction>
    <drug-interaction>
      <drugbank-id>DB12092</drugbank-id>
      <name>Naftopidil</name>
      <description>The risk or severity of bleeding can be increased when Naftopidil is combined with Lepirudin.</description>
    </drug-interaction>
    <drug-interaction>
      <drugbank-id>DB12163</drugbank-id>
      <name>Sarpogrelate</name>
      <description>The risk or severity of bleeding can be increased when Sarpogrelate is combined with Lepirudin.</description>
    </drug-interaction>
    <drug-interaction>
      <drugbank-id>DB12321</drugbank-id>
      <name>Ifetroban</name>
      <description>The risk or severity of bleeding can be increased when Ifetroban is combined with Lepirudin.</description>
    </drug-interaction>
    <drug-interaction>
      <drugbank-id>DB12445</drugbank-id>
      <name>Nitroaspirin</name>
      <description>The risk or severity of bleeding and hemorrhage can be increased when Nitroaspirin is combined with Lepirudin.</description>
    </drug-interaction>
    <drug-interaction>
      <drugbank-id>DB12465</drugbank-id>
      <name>Ketanserin</name>
      <description>The risk or severity of bleeding can be increased when Ketanserin is combined with Lepirudin.</description>
    </drug-interaction>
    <drug-interaction>
      <drugbank-id>DB12545</drugbank-id>
      <name>Indobufen</name>
      <description>The risk or severity of bleeding and hemorrhage can be increased when Indobufen is combined with Lepirudin.</description>
    </drug-interaction>
    <drug-interaction>
      <drugbank-id>DB12749</drugbank-id>
      <name>Butylphthalide</name>
      <description>The risk or severity of bleeding can be increased when Butylphthalide is combined with Lepirudin.</description>
    </drug-interaction>
    <drug-interaction>
      <drugbank-id>DB12771</drugbank-id>
      <name>Hydroxytyrosol</name>
      <description>The risk or severity of bleeding can be increased when Hydroxytyrosol is combined with Lepirudin.</description>
    </drug-interaction>
    <drug-interaction>
      <drugbank-id>DB13036</drugbank-id>
      <name>Ramatroban</name>
      <description>The risk or severity of bleeding can be increased when Ramatroban is combined with Lepirudin.</description>
    </drug-interaction>
    <drug-interaction>
      <drugbank-id>DB13327</drugbank-id>
      <name>Picotamide</name>
      <description>The risk or severity of bleeding can be increased when Picotamide is combined with Lepirudin.</description>
    </drug-interaction>
    <drug-interaction>
      <drugbank-id>DB13367</drugbank-id>
      <name>Cloricromen</name>
      <description>The risk or severity of bleeding can be increased when Cloricromen is combined with Lepirudin.</description>
    </drug-interaction>
    <drug-interaction>
      <drugbank-id>DB13400</drugbank-id>
      <name>Linsidomine</name>
      <description>The risk or severity of bleeding can be increased when Linsidomine is combined with Lepirudin.</description>
    </drug-interaction>
    <drug-interaction>
      <drugbank-id>DB13510</drugbank-id>
      <name>Buflomedil</name>
      <description>The risk or severity of bleeding can be increased when Buflomedil is combined with Lepirudin.</description>
    </drug-interaction>
    <drug-interaction>
      <drugbank-id>DB13929</drugbank-id>
      <name>Relcovaptan</name>
      <description>The risk or severity of bleeding can be increased when Relcovaptan is combined with Lepirudin.</description>
    </drug-interaction>
    <drug-interaction>
      <drugbank-id>DB15786</drugbank-id>
      <name>Maritime pine extract</name>
      <description>The risk or severity of bleeding can be increased when Maritime pine extract is combined with Lepirudin.</description>
    </drug-interaction>
    <drug-interaction>
      <drugbank-id>DB00374</drugbank-id>
      <name>Treprostinil</name>
      <description>The risk or severity of bleeding can be increased when Treprostinil is combined with Lepirudin.</description>
    </drug-interaction>
    <drug-interaction>
      <drugbank-id>DB03404</drugbank-id>
      <name>Hemin</name>
      <description>Hemin may increase the anticoagulant activities of Lepirudin.</description>
    </drug-interaction>
    <drug-interaction>
      <drugbank-id>DB13783</drugbank-id>
      <name>Acemetacin</name>
      <description>The risk or severity of bleeding and hemorrhage can be increased when Lepirudin is combined with Acemetacin.</description>
    </drug-interaction>
    <drug-interaction>
      <drugbank-id>DB00624</drugbank-id>
      <name>Testosterone</name>
      <description>Testosterone may increase the anticoagulant activities of Lepirudin.</description>
    </drug-interaction>
    <drug-interaction>
      <drugbank-id>DB01420</drugbank-id>
      <name>Testosterone propionate</name>
      <description>Testosterone propionate may increase the anticoagulant activities of Lepirudin.</description>
    </drug-interaction>
    <drug-interaction>
      <drugbank-id>DB01481</drugbank-id>
      <name>1-Testosterone</name>
      <description>1-Testosterone may increase the anticoagulant activities of Lepirudin.</description>
    </drug-interaction>
    <drug-interaction>
      <drugbank-id>DB01485</drugbank-id>
      <name>4-Hydroxytestosterone</name>
      <description>4-Hydroxytestosterone may increase the anticoagulant activities of Lepirudin.</description>
    </drug-interaction>
    <drug-interaction>
      <drugbank-id>DB01510</drugbank-id>
      <name>Dehydrochloromethyltestosterone</name>
      <description>Dehydrochloromethyltestosterone may increase the anticoagulant activities of Lepirudin.</description>
    </drug-interaction>
    <drug-interaction>
      <drugbank-id>DB01541</drugbank-id>
      <name>Boldenone</name>
      <description>Boldenone may increase the anticoagulant activities of Lepirudin.</description>
    </drug-interaction>
    <drug-interaction>
      <drugbank-id>DB01543</drugbank-id>
      <name>18-methyl-19-nortestosterone</name>
      <description>18-methyl-19-nortestosterone may increase the anticoagulant activities of Lepirudin.</description>
    </drug-interaction>
    <drug-interaction>
      <drugbank-id>DB01564</drugbank-id>
      <name>Calusterone</name>
      <description>Calusterone may increase the anticoagulant activities of Lepirudin.</description>
    </drug-interaction>
    <drug-interaction>
      <drugbank-id>DB01569</drugbank-id>
      <name>Formebolone</name>
      <description>Formebolone may increase the anticoagulant activities of Lepirudin.</description>
    </drug-interaction>
    <drug-interaction>
      <drugbank-id>DB01572</drugbank-id>
      <name>Methyl-1-testosterone</name>
      <description>Methyl-1-testosterone may increase the anticoagulant activities of Lepirudin.</description>
    </drug-interaction>
    <drug-interaction>
      <drugbank-id>DB07447</drugbank-id>
      <name>5beta-dihydrotestosterone</name>
      <description>5beta-dihydrotestosterone may increase the anticoagulant activities of Lepirudin.</description>
    </drug-interaction>
    <drug-interaction>
      <drugbank-id>DB08619</drugbank-id>
      <name>Testosterone succinate</name>
      <description>Testosterone succinate may increase the anticoagulant activities of Lepirudin.</description>
    </drug-interaction>
    <drug-interaction>
      <drugbank-id>DB11429</drugbank-id>
      <name>Mibolerone</name>
      <description>Mibolerone may increase the anticoagulant activities of Lepirudin.</description>
    </drug-interaction>
    <drug-interaction>
      <drugbank-id>DB13943</drugbank-id>
      <name>Testosterone cypionate</name>
      <description>Testosterone cypionate may increase the anticoagulant activities of Lepirudin.</description>
    </drug-interaction>
    <drug-interaction>
      <drugbank-id>DB13944</drugbank-id>
      <name>Testosterone enanthate</name>
      <description>Testosterone enanthate may increase the anticoagulant activities of Lepirudin.</description>
    </drug-interaction>
    <drug-interaction>
      <drugbank-id>DB13946</drugbank-id>
      <name>Testosterone undecanoate</name>
      <description>Testosterone undecanoate may increase the anticoagulant activities of Lepirudin.</description>
    </drug-interaction>
    <drug-interaction>
      <drugbank-id>DB13947</drugbank-id>
      <name>Testosterone enantate benzilic acid hydrazone</name>
      <description>Testosterone enantate benzilic acid hydrazone may increase the anticoagulant activities of Lepirudin.</description>
    </drug-interaction>
    <drug-interaction>
      <drugbank-id>DB13951</drugbank-id>
      <name>Stanolone acetate</name>
      <description>Stanolone acetate may increase the anticoagulant activities of Lepirudin.</description>
    </drug-interaction>
    <drug-interaction>
      <drugbank-id>DB13958</drugbank-id>
      <name>Trestolone acetate</name>
      <description>Trestolone acetate may increase the anticoagulant activities of Lepirudin.</description>
    </drug-interaction>
    <drug-interaction>
      <drugbank-id>DB14093</drugbank-id>
      <name>(1,2,6,7-3H)Testosterone</name>
      <description>(1,2,6,7-3H)Testosterone may increase the anticoagulant activities of Lepirudin.</description>
    </drug-interaction>
    <drug-interaction>
      <drugbank-id>DB14655</drugbank-id>
      <name>Drostanolone propionate</name>
      <description>Drostanolone propionate may increase the anticoagulant activities of Lepirudin.</description>
    </drug-interaction>
    <drug-interaction>
      <drugbank-id>DB02901</drugbank-id>
      <name>Stanolone</name>
      <description>Stanolone may increase the anticoagulant activities of Lepirudin.</description>
    </drug-interaction>
    <drug-interaction>
      <drugbank-id>DB11051</drugbank-id>
      <name>Azficel-T</name>
      <description>The risk or severity of adverse effects can be increased when Lepirudin is combined with Azficel-T.</description>
    </drug-interaction>
    <drug-interaction>
      <drugbank-id>DB09568</drugbank-id>
      <name>Omega-3-carboxylic acids</name>
      <description>The therapeutic efficacy of Lepirudin can be increased when used in combination with Omega-3-carboxylic acids.</description>
    </drug-interaction>
    <drug-interaction>
      <drugbank-id>DB00025</drugbank-id>
      <name>Antihemophilic factor, human recombinant</name>
      <description>The therapeutic efficacy of Antihemophilic factor, human recombinant can be decreased when used in combination with Lepirudin.</description>
    </drug-interaction>
    <drug-interaction>
      <drugbank-id>DB00036</drugbank-id>
      <name>Coagulation factor VIIa Recombinant Human</name>
      <description>The therapeutic efficacy of Coagulation factor VIIa Recombinant Human can be decreased when used in combination with Lepirudin.</description>
    </drug-interaction>
    <drug-interaction>
      <drugbank-id>DB00100</drugbank-id>
      <name>Coagulation Factor IX (Recombinant)</name>
      <description>The therapeutic efficacy of Coagulation Factor IX (Recombinant) can be decreased when used in combination with Lepirudin.</description>
    </drug-interaction>
    <drug-interaction>
      <drugbank-id>DB00258</drugbank-id>
      <name>Calcium acetate</name>
      <description>The therapeutic efficacy of Calcium acetate can be decreased when used in combination with Lepirudin.</description>
    </drug-interaction>
    <drug-interaction>
      <drugbank-id>DB01164</drugbank-id>
      <name>Calcium chloride</name>
      <description>The therapeutic efficacy of Calcium chloride can be decreased when used in combination with Lepirudin.</description>
    </drug-interaction>
    <drug-interaction>
      <drugbank-id>DB01373</drugbank-id>
      <name>Calcium</name>
      <description>The therapeutic efficacy of Calcium can be decreased when used in combination with Lepirudin.</description>
    </drug-interaction>
    <drug-interaction>
      <drugbank-id>DB01783</drugbank-id>
      <name>Pantothenic acid</name>
      <description>The therapeutic efficacy of Pantothenic acid can be decreased when used in combination with Lepirudin.</description>
    </drug-interaction>
    <drug-interaction>
      <drugbank-id>DB01942</drugbank-id>
      <name>Formic acid</name>
      <description>The therapeutic efficacy of Formic acid can be decreased when used in combination with Lepirudin.</description>
    </drug-interaction>
    <drug-interaction>
      <drugbank-id>DB02261</drugbank-id>
      <name>Platelet Activating Factor</name>
      <description>The therapeutic efficacy of Platelet Activating Factor can be decreased when used in combination with Lepirudin.</description>
    </drug-interaction>
    <drug-interaction>
      <drugbank-id>DB06724</drugbank-id>
      <name>Calcium carbonate</name>
      <description>The therapeutic efficacy of Calcium carbonate can be decreased when used in combination with Lepirudin.</description>
    </drug-interaction>
    <drug-interaction>
      <drugbank-id>DB09109</drugbank-id>
      <name>Turoctocog alfa</name>
      <description>The therapeutic efficacy of Turoctocog alfa can be decreased when used in combination with Lepirudin.</description>
    </drug-interaction>
    <drug-interaction>
      <drugbank-id>DB09222</drugbank-id>
      <name>Fibrinogen human</name>
      <description>The therapeutic efficacy of Fibrinogen human can be decreased when used in combination with Lepirudin.</description>
    </drug-interaction>
    <drug-interaction>
      <drugbank-id>DB09310</drugbank-id>
      <name>Catridecacog</name>
      <description>The therapeutic efficacy of Catridecacog can be decreased when used in combination with Lepirudin.</description>
    </drug-interaction>
    <drug-interaction>
      <drugbank-id>DB09329</drugbank-id>
      <name>Antihemophilic factor (recombinant), PEGylated</name>
      <description>The therapeutic efficacy of Antihemophilic factor (recombinant), PEGylated can be decreased when used in combination with Lepirudin.</description>
    </drug-interaction>
    <drug-interaction>
      <drugbank-id>DB11093</drugbank-id>
      <name>Calcium citrate</name>
      <description>The therapeutic efficacy of Calcium citrate can be decreased when used in combination with Lepirudin.</description>
    </drug-interaction>
    <drug-interaction>
      <drugbank-id>DB11126</drugbank-id>
      <name>Calcium gluconate</name>
      <description>The therapeutic efficacy of Calcium gluconate can be decreased when used in combination with Lepirudin.</description>
    </drug-interaction>
    <drug-interaction>
      <drugbank-id>DB11168</drugbank-id>
      <name>Calcium threonate</name>
      <description>The therapeutic efficacy of Calcium threonate can be decreased when used in combination with Lepirudin.</description>
    </drug-interaction>
    <drug-interaction>
      <drugbank-id>DB11311</drugbank-id>
      <name>Prothrombin</name>
      <description>The therapeutic efficacy of Prothrombin can be decreased when used in combination with Lepirudin.</description>
    </drug-interaction>
    <drug-interaction>
      <drugbank-id>DB11330</drugbank-id>
      <name>Factor IX Complex (Human)</name>
      <description>The therapeutic efficacy of Factor IX Complex (Human) can be decreased when used in combination with Lepirudin.</description>
    </drug-interaction>
    <drug-interaction>
      <drugbank-id>DB11348</drugbank-id>
      <name>Calcium Phosphate</name>
      <description>The therapeutic efficacy of Calcium Phosphate can be decreased when used in combination with Lepirudin.</description>
    </drug-interaction>
    <drug-interaction>
      <drugbank-id>DB11606</drugbank-id>
      <name>Susoctocog alfa</name>
      <description>The therapeutic efficacy of Susoctocog alfa can be decreased when used in combination with Lepirudin.</description>
    </drug-interaction>
    <drug-interaction>
      <drugbank-id>DB11608</drugbank-id>
      <name>Eftrenonacog alfa</name>
      <description>The therapeutic efficacy of Eftrenonacog alfa can be decreased when used in combination with Lepirudin.</description>
    </drug-interaction>
    <drug-interaction>
      <drugbank-id>DB11668</drugbank-id>
      <name>Rusalatide acetate</name>
      <description>The therapeutic efficacy of Rusalatide acetate can be decreased when used in combination with Lepirudin.</description>
    </drug-interaction>
    <drug-interaction>
      <drugbank-id>DB12409</drugbank-id>
      <name>Vatreptacog alfa</name>
      <description>The therapeutic efficacy of Vatreptacog alfa can be decreased when used in combination with Lepirudin.</description>
    </drug-interaction>
    <drug-interaction>
      <drugbank-id>DB12909</drugbank-id>
      <name>Factor XIII (human)</name>
      <description>The therapeutic efficacy of Factor XIII (human) can be decreased when used in combination with Lepirudin.</description>
    </drug-interaction>
    <drug-interaction>
      <drugbank-id>DB13133</drugbank-id>
      <name>Von Willebrand factor human</name>
      <description>The therapeutic efficacy of Von Willebrand factor human can be decreased when used in combination with Lepirudin.</description>
    </drug-interaction>
    <drug-interaction>
      <drugbank-id>DB13148</drugbank-id>
      <name>Coagulation factor X human</name>
      <description>The therapeutic efficacy of Coagulation factor X human can be decreased when used in combination with Lepirudin.</description>
    </drug-interaction>
    <drug-interaction>
      <drugbank-id>DB13150</drugbank-id>
      <name>Coagulation factor VII human</name>
      <description>The therapeutic efficacy of Coagulation factor VII human can be decreased when used in combination with Lepirudin.</description>
    </drug-interaction>
    <drug-interaction>
      <drugbank-id>DB13151</drugbank-id>
      <name>Anti-inhibitor coagulant complex</name>
      <description>The therapeutic efficacy of Anti-inhibitor coagulant complex can be decreased when used in combination with Lepirudin.</description>
    </drug-interaction>
    <drug-interaction>
      <drugbank-id>DB13152</drugbank-id>
      <name>Coagulation Factor IX Human</name>
      <description>The therapeutic efficacy of Coagulation Factor IX Human can be decreased when used in combination with Lepirudin.</description>
    </drug-interaction>
    <drug-interaction>
      <drugbank-id>DB13192</drugbank-id>
      <name>Antihemophilic factor human</name>
      <description>The therapeutic efficacy of Antihemophilic factor human can be decreased when used in combination with Lepirudin.</description>
    </drug-interaction>
    <drug-interaction>
      <drugbank-id>DB13197</drugbank-id>
      <name>Kallidinogenase</name>
      <description>The therapeutic efficacy of Kallidinogenase can be decreased when used in combination with Lepirudin.</description>
    </drug-interaction>
    <drug-interaction>
      <drugbank-id>DB13201</drugbank-id>
      <name>Trenonacog alfa</name>
      <description>The therapeutic efficacy of Trenonacog alfa can be decreased when used in combination with Lepirudin.</description>
    </drug-interaction>
    <drug-interaction>
      <drugbank-id>DB13884</drugbank-id>
      <name>Albutrepenonacog alfa</name>
      <description>The therapeutic efficacy of Albutrepenonacog alfa can be decreased when used in combination with Lepirudin.</description>
    </drug-interaction>
    <drug-interaction>
      <drugbank-id>DB13923</drugbank-id>
      <name>Emicizumab</name>
      <description>The therapeutic efficacy of Emicizumab can be decreased when used in combination with Lepirudin.</description>
    </drug-interaction>
    <drug-interaction>
      <drugbank-id>DB13933</drugbank-id>
      <name>Nonacog beta pegol</name>
      <description>The therapeutic efficacy of Nonacog beta pegol can be decreased when used in combination with Lepirudin.</description>
    </drug-interaction>
    <drug-interaction>
      <drugbank-id>DB13999</drugbank-id>
      <name>Moroctocog alfa</name>
      <description>The therapeutic efficacy of Moroctocog alfa can be decreased when used in combination with Lepirudin.</description>
    </drug-interaction>
    <drug-interaction>
      <drugbank-id>DB14473</drugbank-id>
      <name>Beroctocog alfa</name>
      <description>The therapeutic efficacy of Beroctocog alfa can be decreased when used in combination with Lepirudin.</description>
    </drug-interaction>
    <drug-interaction>
      <drugbank-id>DB14562</drugbank-id>
      <name>Andexanet alfa</name>
      <description>The therapeutic efficacy of Andexanet alfa can be decreased when used in combination with Lepirudin.</description>
    </drug-interaction>
    <drug-interaction>
      <drugbank-id>DB14577</drugbank-id>
      <name>Calcium cation</name>
      <description>The therapeutic efficacy of Calcium cation can be decreased when used in combination with Lepirudin.</description>
    </drug-interaction>
    <drug-interaction>
      <drugbank-id>DB14700</drugbank-id>
      <name>Damoctocog alfa pegol</name>
      <description>The therapeutic efficacy of Damoctocog alfa pegol can be decreased when used in combination with Lepirudin.</description>
    </drug-interaction>
    <drug-interaction>
      <drugbank-id>DB14738</drugbank-id>
      <name>Turoctocog alfa pegol</name>
      <description>The therapeutic efficacy of Turoctocog alfa pegol can be decreased when used in combination with Lepirudin.</description>
    </drug-interaction>
    <drug-interaction>
      <drugbank-id>DB00176</drugbank-id>
      <name>Fluvoxamine</name>
      <description>The risk or severity of hemorrhage can be increased when Fluvoxamine is combined with Lepirudin.</description>
    </drug-interaction>
    <drug-interaction>
      <drugbank-id>DB00215</drugbank-id>
      <name>Citalopram</name>
      <description>The risk or severity of hemorrhage can be increased when Citalopram is combined with Lepirudin.</description>
    </drug-interaction>
    <drug-interaction>
      <drugbank-id>DB00472</drugbank-id>
      <name>Fluoxetine</name>
      <description>The risk or severity of hemorrhage can be increased when Fluoxetine is combined with Lepirudin.</description>
    </drug-interaction>
    <drug-interaction>
      <drugbank-id>DB00715</drugbank-id>
      <name>Paroxetine</name>
      <description>The risk or severity of hemorrhage can be increased when Paroxetine is combined with Lepirudin.</description>
    </drug-interaction>
    <drug-interaction>
      <drugbank-id>DB01149</drugbank-id>
      <name>Nefazodone</name>
      <description>The risk or severity of hemorrhage can be increased when Nefazodone is combined with Lepirudin.</description>
    </drug-interaction>
    <drug-interaction>
      <drugbank-id>DB04832</drugbank-id>
      <name>Zimelidine</name>
      <description>The risk or severity of hemorrhage can be increased when Zimelidine is combined with Lepirudin.</description>
    </drug-interaction>
    <drug-interaction>
      <drugbank-id>DB04884</drugbank-id>
      <name>Dapoxetine</name>
      <description>The risk or severity of hemorrhage can be increased when Dapoxetine is combined with Lepirudin.</description>
    </drug-interaction>
    <drug-interaction>
      <drugbank-id>DB06731</drugbank-id>
      <name>Seproxetine</name>
      <description>The risk or severity of hemorrhage can be increased when Seproxetine is combined with Lepirudin.</description>
    </drug-interaction>
    <drug-interaction>
      <drugbank-id>DB08953</drugbank-id>
      <name>Indalpine</name>
      <description>The risk or severity of hemorrhage can be increased when Indalpine is combined with Lepirudin.</description>
    </drug-interaction>
    <drug-interaction>
      <drugbank-id>DB12693</drugbank-id>
      <name>Ritanserin</name>
      <description>The risk or severity of hemorrhage can be increased when Ritanserin is combined with Lepirudin.</description>
    </drug-interaction>
    <drug-interaction>
      <drugbank-id>DB13233</drugbank-id>
      <name>Alaproclate</name>
      <description>The risk or severity of hemorrhage can be increased when Alaproclate is combined with Lepirudin.</description>
    </drug-interaction>
    <drug-interaction>
      <drugbank-id>DB00476</drugbank-id>
      <name>Duloxetine</name>
      <description>The risk or severity of hemorrhage can be increased when Duloxetine is combined with Lepirudin.</description>
    </drug-interaction>
    <drug-interaction>
      <drugbank-id>DB01105</drugbank-id>
      <name>Sibutramine</name>
      <description>The risk or severity of hemorrhage can be increased when Sibutramine is combined with Lepirudin.</description>
    </drug-interaction>
    <drug-interaction>
      <drugbank-id>DB04896</drugbank-id>
      <name>Milnacipran</name>
      <description>The risk or severity of hemorrhage can be increased when Milnacipran is combined with Lepirudin.</description>
    </drug-interaction>
    <drug-interaction>
      <drugbank-id>DB06700</drugbank-id>
      <name>Desvenlafaxine</name>
      <description>The risk or severity of hemorrhage can be increased when Desvenlafaxine is combined with Lepirudin.</description>
    </drug-interaction>
    <drug-interaction>
      <drugbank-id>DB08918</drugbank-id>
      <name>Levomilnacipran</name>
      <description>The risk or severity of hemorrhage can be increased when Levomilnacipran is combined with Lepirudin.</description>
    </drug-interaction>
    <drug-interaction>
      <drugbank-id>DB00285</drugbank-id>
      <name>Venlafaxine</name>
      <description>Venlafaxine may increase the antiplatelet activities of Lepirudin.</description>
    </drug-interaction>
    <drug-interaction>
      <drugbank-id>DB00601</drugbank-id>
      <name>Linezolid</name>
      <description>The risk or severity of bleeding and hemorrhage can be increased when Linezolid is combined with Lepirudin.</description>
    </drug-interaction>
    <drug-interaction>
      <drugbank-id>DB00614</drugbank-id>
      <name>Furazolidone</name>
      <description>The risk or severity of bleeding and hemorrhage can be increased when Furazolidone is combined with Lepirudin.</description>
    </drug-interaction>
    <drug-interaction>
      <drugbank-id>DB00721</drugbank-id>
      <name>Procaine</name>
      <description>The risk or severity of bleeding and hemorrhage can be increased when Procaine is combined with Lepirudin.</description>
    </drug-interaction>
    <drug-interaction>
      <drugbank-id>DB00752</drugbank-id>
      <name>Tranylcypromine</name>
      <description>The risk or severity of bleeding and hemorrhage can be increased when Tranylcypromine is combined with Lepirudin.</description>
    </drug-interaction>
    <drug-interaction>
      <drugbank-id>DB00780</drugbank-id>
      <name>Phenelzine</name>
      <description>The risk or severity of bleeding and hemorrhage can be increased when Phenelzine is combined with Lepirudin.</description>
    </drug-interaction>
    <drug-interaction>
      <drugbank-id>DB00805</drugbank-id>
      <name>Minaprine</name>
      <description>The risk or severity of bleeding and hemorrhage can be increased when Minaprine is combined with Lepirudin.</description>
    </drug-interaction>
    <drug-interaction>
      <drugbank-id>DB01037</drugbank-id>
      <name>Selegiline</name>
      <description>The risk or severity of bleeding and hemorrhage can be increased when Selegiline is combined with Lepirudin.</description>
    </drug-interaction>
    <drug-interaction>
      <drugbank-id>DB01168</drugbank-id>
      <name>Procarbazine</name>
      <description>The risk or severity of bleeding and hemorrhage can be increased when Procarbazine is combined with Lepirudin.</description>
    </drug-interaction>
    <drug-interaction>
      <drugbank-id>DB01171</drugbank-id>
      <name>Moclobemide</name>
      <description>The risk or severity of bleeding and hemorrhage can be increased when Moclobemide is combined with Lepirudin.</description>
    </drug-interaction>
    <drug-interaction>
      <drugbank-id>DB01247</drugbank-id>
      <name>Isocarboxazid</name>
      <description>The risk or severity of bleeding and hemorrhage can be increased when Isocarboxazid is combined with Lepirudin.</description>
    </drug-interaction>
    <drug-interaction>
      <drugbank-id>DB01367</drugbank-id>
      <name>Rasagiline</name>
      <description>The risk or severity of bleeding and hemorrhage can be increased when Rasagiline is combined with Lepirudin.</description>
    </drug-interaction>
    <drug-interaction>
      <drugbank-id>DB01626</drugbank-id>
      <name>Pargyline</name>
      <description>The risk or severity of bleeding and hemorrhage can be increased when Pargyline is combined with Lepirudin.</description>
    </drug-interaction>
    <drug-interaction>
      <drugbank-id>DB04017</drugbank-id>
      <name>Clorgiline</name>
      <description>The risk or severity of bleeding and hemorrhage can be increased when Clorgiline is combined with Lepirudin.</description>
    </drug-interaction>
    <drug-interaction>
      <drugbank-id>DB04818</drugbank-id>
      <name>Iproniazid</name>
      <description>The risk or severity of bleeding and hemorrhage can be increased when Iproniazid is combined with Lepirudin.</description>
    </drug-interaction>
    <drug-interaction>
      <drugbank-id>DB04820</drugbank-id>
      <name>Nialamide</name>
      <description>The risk or severity of bleeding and hemorrhage can be increased when Nialamide is combined with Lepirudin.</description>
    </drug-interaction>
    <drug-interaction>
      <drugbank-id>DB06654</drugbank-id>
      <name>Safinamide</name>
      <description>The risk or severity of bleeding and hemorrhage can be increased when Safinamide is combined with Lepirudin.</description>
    </drug-interaction>
    <drug-interaction>
      <drugbank-id>DB08550</drugbank-id>
      <name>7,8-Dichloro-1,2,3,4-tetrahydroisoquinoline</name>
      <description>The risk or severity of bleeding and hemorrhage can be increased when 7,8-Dichloro-1,2,3,4-tetrahydroisoquinoline is combined with Lepirudin.</description>
    </drug-interaction>
    <drug-interaction>
      <drugbank-id>DB09241</drugbank-id>
      <name>Methylene blue</name>
      <description>The risk or severity of bleeding and hemorrhage can be increased when Methylene blue is combined with Lepirudin.</description>
    </drug-interaction>
    <drug-interaction>
      <drugbank-id>DB09243</drugbank-id>
      <name>Hydracarbazine</name>
      <description>The risk or severity of bleeding and hemorrhage can be increased when Hydracarbazine is combined with Lepirudin.</description>
    </drug-interaction>
    <drug-interaction>
      <drugbank-id>DB09244</drugbank-id>
      <name>Pirlindole</name>
      <description>The risk or severity of bleeding and hemorrhage can be increased when Pirlindole is combined with Lepirudin.</description>
    </drug-interaction>
    <drug-interaction>
      <drugbank-id>DB09245</drugbank-id>
      <name>Toloxatone</name>
      <description>The risk or severity of bleeding and hemorrhage can be increased when Toloxatone is combined with Lepirudin.</description>
    </drug-interaction>
    <drug-interaction>
      <drugbank-id>DB09246</drugbank-id>
      <name>Benmoxin</name>
      <description>The risk or severity of bleeding and hemorrhage can be increased when Benmoxin is combined with Lepirudin.</description>
    </drug-interaction>
    <drug-interaction>
      <drugbank-id>DB09248</drugbank-id>
      <name>Mebanazine</name>
      <description>The risk or severity of bleeding and hemorrhage can be increased when Mebanazine is combined with Lepirudin.</description>
    </drug-interaction>
    <drug-interaction>
      <drugbank-id>DB09249</drugbank-id>
      <name>Octamoxin</name>
      <description>The risk or severity of bleeding and hemorrhage can be increased when Octamoxin is combined with Lepirudin.</description>
    </drug-interaction>
    <drug-interaction>
      <drugbank-id>DB09250</drugbank-id>
      <name>Pheniprazine</name>
      <description>The risk or severity of bleeding and hemorrhage can be increased when Pheniprazine is combined with Lepirudin.</description>
    </drug-interaction>
    <drug-interaction>
      <drugbank-id>DB09251</drugbank-id>
      <name>Phenoxypropazine</name>
      <description>The risk or severity of bleeding and hemorrhage can be increased when Phenoxypropazine is combined with Lepirudin.</description>
    </drug-interaction>
    <drug-interaction>
      <drugbank-id>DB09252</drugbank-id>
      <name>Pivhydrazine</name>
      <description>The risk or severity of bleeding and hemorrhage can be increased when Pivhydrazine is combined with Lepirudin.</description>
    </drug-interaction>
    <drug-interaction>
      <drugbank-id>DB09253</drugbank-id>
      <name>Safrazine</name>
      <description>The risk or severity of bleeding and hemorrhage can be increased when Safrazine is combined with Lepirudin.</description>
    </drug-interaction>
    <drug-interaction>
      <drugbank-id>DB09254</drugbank-id>
      <name>Caroxazone</name>
      <description>The risk or severity of bleeding and hemorrhage can be increased when Caroxazone is combined with Lepirudin.</description>
    </drug-interaction>
    <drug-interaction>
      <drugbank-id>DB13875</drugbank-id>
      <name>Harmaline</name>
      <description>The risk or severity of bleeding and hemorrhage can be increased when Harmaline is combined with Lepirudin.</description>
    </drug-interaction>
    <drug-interaction>
      <drugbank-id>DB13876</drugbank-id>
      <name>Brofaromine</name>
      <description>The risk or severity of bleeding and hemorrhage can be increased when Brofaromine is combined with Lepirudin.</description>
    </drug-interaction>
    <drug-interaction>
      <drugbank-id>DB00006</drugbank-id>
      <name>Bivalirudin</name>
      <description>The risk or severity of bleeding can be increased when Lepirudin is combined with Bivalirudin.</description>
    </drug-interaction>
    <drug-interaction>
      <drugbank-id>DB00266</drugbank-id>
      <name>Dicoumarol</name>
      <description>The risk or severity of bleeding can be increased when Lepirudin is combined with Dicoumarol.</description>
    </drug-interaction>
    <drug-interaction>
      <drugbank-id>DB00278</drugbank-id>
      <name>Argatroban</name>
      <description>The risk or severity of bleeding can be increased when Lepirudin is combined with Argatroban.</description>
    </drug-interaction>
    <drug-interaction>
      <drugbank-id>DB00407</drugbank-id>
      <name>Ardeparin</name>
      <description>The risk or severity of bleeding can be increased when Lepirudin is combined with Ardeparin.</description>
    </drug-interaction>
    <drug-interaction>
      <drugbank-id>DB00498</drugbank-id>
      <name>Phenindione</name>
      <description>The risk or severity of bleeding can be increased when Lepirudin is combined with Phenindione.</description>
    </drug-interaction>
    <drug-interaction>
      <drugbank-id>DB00569</drugbank-id>
      <name>Fondaparinux</name>
      <description>The risk or severity of bleeding can be increased when Lepirudin is combined with Fondaparinux.</description>
    </drug-interaction>
    <drug-interaction>
      <drugbank-id>DB00682</drugbank-id>
      <name>Warfarin</name>
      <description>The risk or severity of bleeding can be increased when Lepirudin is combined with Warfarin.</description>
    </drug-interaction>
    <drug-interaction>
      <drugbank-id>DB00946</drugbank-id>
      <name>Phenprocoumon</name>
      <description>The risk or severity of bleeding can be increased when Lepirudin is combined with Phenprocoumon.</description>
    </drug-interaction>
    <drug-interaction>
      <drugbank-id>DB00974</drugbank-id>
      <name>Edetic acid</name>
      <description>The risk or severity of bleeding can be increased when Lepirudin is combined with Edetic acid.</description>
    </drug-interaction>
    <drug-interaction>
      <drugbank-id>DB01109</drugbank-id>
      <name>Heparin</name>
      <description>The risk or severity of bleeding can be increased when Lepirudin is combined with Heparin.</description>
    </drug-interaction>
    <drug-interaction>
      <drugbank-id>DB01225</drugbank-id>
      <name>Enoxaparin</name>
      <description>The risk or severity of bleeding can be increased when Lepirudin is combined with Enoxaparin.</description>
    </drug-interaction>
    <drug-interaction>
      <drugbank-id>DB01418</drugbank-id>
      <name>Acenocoumarol</name>
      <description>The risk or severity of bleeding can be increased when Lepirudin is combined with Acenocoumarol.</description>
    </drug-interaction>
    <drug-interaction>
      <drugbank-id>DB04898</drugbank-id>
      <name>Ximelagatran</name>
      <description>The risk or severity of bleeding can be increased when Lepirudin is combined with Ximelagatran.</description>
    </drug-interaction>
    <drug-interaction>
      <drugbank-id>DB05099</drugbank-id>
      <name>Ancrod</name>
      <description>The risk or severity of bleeding can be increased when Lepirudin is combined with Ancrod.</description>
    </drug-interaction>
    <drug-interaction>
      <drugbank-id>DB06271</drugbank-id>
      <name>Sulodexide</name>
      <description>The risk or severity of bleeding can be increased when Lepirudin is combined with Sulodexide.</description>
    </drug-interaction>
    <drug-interaction>
      <drugbank-id>DB06406</drugbank-id>
      <name>Idraparinux</name>
      <description>The risk or severity of bleeding can be increased when Lepirudin is combined with Idraparinux.</description>
    </drug-interaction>
    <drug-interaction>
      <drugbank-id>DB06635</drugbank-id>
      <name>Otamixaban</name>
      <description>The risk or severity of bleeding can be increased when Lepirudin is combined with Otamixaban.</description>
    </drug-interaction>
    <drug-interaction>
      <drugbank-id>DB06754</drugbank-id>
      <name>Danaparoid</name>
      <description>The risk or severity of bleeding can be increased when Lepirudin is combined with Danaparoid.</description>
    </drug-interaction>
    <drug-interaction>
      <drugbank-id>DB06779</drugbank-id>
      <name>Dalteparin</name>
      <description>The risk or severity of bleeding can be increased when Lepirudin is combined with Dalteparin.</description>
    </drug-interaction>
    <drug-interaction>
      <drugbank-id>DB07767</drugbank-id>
      <name>Ferulic acid</name>
      <description>The risk or severity of bleeding can be increased when Lepirudin is combined with Ferulic acid.</description>
    </drug-interaction>
    <drug-interaction>
      <drugbank-id>DB08794</drugbank-id>
      <name>Ethyl biscoumacetate</name>
      <description>The risk or severity of bleeding can be increased when Lepirudin is combined with Ethyl biscoumacetate.</description>
    </drug-interaction>
    <drug-interaction>
      <drugbank-id>DB08813</drugbank-id>
      <name>Nadroparin</name>
      <description>The risk or severity of bleeding can be increased when Lepirudin is combined with Nadroparin.</description>
    </drug-interaction>
    <drug-interaction>
      <drugbank-id>DB09255</drugbank-id>
      <name>Dextran</name>
      <description>The risk or severity of bleeding can be increased when Lepirudin is combined with Dextran.</description>
    </drug-interaction>
    <drug-interaction>
      <drugbank-id>DB11095</drugbank-id>
      <name>Desirudin</name>
      <description>The risk or severity of bleeding can be increased when Lepirudin is combined with Desirudin.</description>
    </drug-interaction>
    <drug-interaction>
      <drugbank-id>DB11268</drugbank-id>
      <name>Protocatechualdehyde</name>
      <description>The risk or severity of bleeding can be increased when Lepirudin is combined with Protocatechualdehyde.</description>
    </drug-interaction>
    <drug-interaction>
      <drugbank-id>DB11312</drugbank-id>
      <name>Protein C</name>
      <description>The risk or severity of bleeding can be increased when Lepirudin is combined with Protein C.</description>
    </drug-interaction>
    <drug-interaction>
      <drugbank-id>DB11598</drugbank-id>
      <name>Antithrombin III human</name>
      <description>The risk or severity of bleeding can be increased when Lepirudin is combined with Antithrombin III human.</description>
    </drug-interaction>
    <drug-interaction>
      <drugbank-id>DB11984</drugbank-id>
      <name>Letaxaban</name>
      <description>The risk or severity of bleeding can be increased when Lepirudin is combined with Letaxaban.</description>
    </drug-interaction>
    <drug-interaction>
      <drugbank-id>DB12289</drugbank-id>
      <name>Darexaban</name>
      <description>The risk or severity of bleeding can be increased when Lepirudin is combined with Darexaban.</description>
    </drug-interaction>
    <drug-interaction>
      <drugbank-id>DB12598</drugbank-id>
      <name>Nafamostat</name>
      <description>The risk or severity of bleeding can be increased when Lepirudin is combined with Nafamostat.</description>
    </drug-interaction>
    <drug-interaction>
      <drugbank-id>DB12831</drugbank-id>
      <name>Gabexate</name>
      <description>The risk or severity of bleeding can be increased when Lepirudin is combined with Gabexate.</description>
    </drug-interaction>
    <drug-interaction>
      <drugbank-id>DB13124</drugbank-id>
      <name>Troxerutin</name>
      <description>The risk or severity of bleeding can be increased when Lepirudin is combined with Troxerutin.</description>
    </drug-interaction>
    <drug-interaction>
      <drugbank-id>DB13136</drugbank-id>
      <name>Fluindione</name>
      <description>The risk or severity of bleeding can be increased when Lepirudin is combined with Fluindione.</description>
    </drug-interaction>
    <drug-interaction>
      <drugbank-id>DB13149</drugbank-id>
      <name>Protein S human</name>
      <description>The risk or severity of bleeding can be increased when Lepirudin is combined with Protein S human.</description>
    </drug-interaction>
    <drug-interaction>
      <drugbank-id>DB13616</drugbank-id>
      <name>Melagatran</name>
      <description>The risk or severity of bleeding can be increased when Lepirudin is combined with Melagatran.</description>
    </drug-interaction>
    <drug-interaction>
      <drugbank-id>DB09125</drugbank-id>
      <name>Potassium citrate</name>
      <description>The risk or severity of bleeding can be increased when Lepirudin is combined with Potassium citrate.</description>
    </drug-interaction>
    <drug-interaction>
      <drugbank-id>DB09154</drugbank-id>
      <name>Sodium citrate</name>
      <description>The risk or severity of bleeding can be increased when Lepirudin is combined with Sodium citrate.</description>
    </drug-interaction>
    <drug-interaction>
      <drugbank-id>DB00031</drugbank-id>
      <name>Tenecteplase</name>
      <description>The risk or severity of bleeding can be increased when Lepirudin is combined with Tenecteplase.</description>
    </drug-interaction>
    <drug-interaction>
      <drugbank-id>DB00055</drugbank-id>
      <name>Drotrecogin alfa</name>
      <description>The risk or severity of bleeding can be increased when Lepirudin is combined with Drotrecogin alfa.</description>
    </drug-interaction>
    <drug-interaction>
      <drugbank-id>DB06822</drugbank-id>
      <name>Tinzaparin</name>
      <description>The risk or severity of bleeding can be increased when Lepirudin is combined with Tinzaparin.</description>
    </drug-interaction>
    <drug-interaction>
      <drugbank-id>DB13199</drugbank-id>
      <name>Brinase</name>
      <description>The risk or severity of bleeding can be increased when Lepirudin is combined with Brinase.</description>
    </drug-interaction>
    <drug-interaction>
      <drugbank-id>DB13646</drugbank-id>
      <name>Saruplase</name>
      <description>The risk or severity of bleeding can be increased when Lepirudin is combined with Saruplase.</description>
    </drug-interaction>
    <drug-interaction>
      <drugbank-id>DB00086</drugbank-id>
      <name>Streptokinase</name>
      <description>The risk or severity of bleeding can be increased when Lepirudin is combined with Streptokinase.</description>
    </drug-interaction>
    <drug-interaction>
      <drugbank-id>DB04925</drugbank-id>
      <name>Desmoteplase</name>
      <description>The risk or severity of bleeding can be increased when Lepirudin is combined with Desmoteplase.</description>
    </drug-interaction>
    <drug-interaction>
      <drugbank-id>DB05254</drugbank-id>
      <name>Fibrinolysin</name>
      <description>The risk or severity of bleeding can be increased when Lepirudin is combined with Fibrinolysin.</description>
    </drug-interaction>
    <drug-interaction>
      <drugbank-id>DB06543</drugbank-id>
      <name>Astaxanthin</name>
      <description>The risk or severity of bleeding can be increased when Lepirudin is combined with Astaxanthin.</description>
    </drug-interaction>
    <drug-interaction>
      <drugbank-id>DB08994</drugbank-id>
      <name>Ditazole</name>
      <description>The risk or severity of bleeding can be increased when Lepirudin is combined with Ditazole.</description>
    </drug-interaction>
    <drug-interaction>
      <drugbank-id>DB09258</drugbank-id>
      <name>Bemiparin</name>
      <description>The risk or severity of bleeding can be increased when Lepirudin is combined with Bemiparin.</description>
    </drug-interaction>
    <drug-interaction>
      <drugbank-id>DB09260</drugbank-id>
      <name>Parnaparin</name>
      <description>The risk or severity of bleeding can be increased when Lepirudin is combined with Parnaparin.</description>
    </drug-interaction>
    <drug-interaction>
      <drugbank-id>DB13275</drugbank-id>
      <name>Clorindione</name>
      <description>The risk or severity of bleeding can be increased when Lepirudin is combined with Clorindione.</description>
    </drug-interaction>
    <drug-interaction>
      <drugbank-id>DB13347</drugbank-id>
      <name>Diphenadione</name>
      <description>The risk or severity of bleeding can be increased when Lepirudin is combined with Diphenadione.</description>
    </drug-interaction>
    <drug-interaction>
      <drugbank-id>DB13451</drugbank-id>
      <name>Tioclomarol</name>
      <description>The risk or severity of bleeding can be increased when Lepirudin is combined with Tioclomarol.</description>
    </drug-interaction>
    <drug-interaction>
      <drugbank-id>DB00009</drugbank-id>
      <name>Alteplase</name>
      <description>The risk or severity of bleeding can be increased when Lepirudin is combined with Alteplase.</description>
    </drug-interaction>
    <drug-interaction>
      <drugbank-id>DB00015</drugbank-id>
      <name>Reteplase</name>
      <description>The risk or severity of bleeding can be increased when Lepirudin is combined with Reteplase.</description>
    </drug-interaction>
    <drug-interaction>
      <drugbank-id>DB00029</drugbank-id>
      <name>Anistreplase</name>
      <description>The risk or severity of bleeding can be increased when Lepirudin is combined with Anistreplase.</description>
    </drug-interaction>
    <drug-interaction>
      <drugbank-id>DB14094</drugbank-id>
      <name>Tocopherylquinone</name>
      <description>The risk or severity of bleeding can be increased when Lepirudin is combined with Tocopherylquinone.</description>
    </drug-interaction>
    <drug-interaction>
      <drugbank-id>DB06679</drugbank-id>
      <name>Amediplase</name>
      <description>The risk or severity of bleeding can be increased when Lepirudin is combined with Amediplase.</description>
    </drug-interaction>
    <drug-interaction>
      <drugbank-id>DB03410</drugbank-id>
      <name>4-hydroxycoumarin</name>
      <description>The risk or severity of bleeding can be increased when Lepirudin is combined with 4-hydroxycoumarin.</description>
    </drug-interaction>
    <drug-interaction>
      <drugbank-id>DB08496</drugbank-id>
      <name>(R)-warfarin</name>
      <description>The risk or severity of bleeding can be increased when Lepirudin is combined with (R)-warfarin.</description>
    </drug-interaction>
    <drug-interaction>
      <drugbank-id>DB14055</drugbank-id>
      <name>(S)-Warfarin</name>
      <description>The risk or severity of bleeding can be increased when Lepirudin is combined with (S)-Warfarin.</description>
    </drug-interaction>
    <drug-interaction>
      <drugbank-id>DB12364</drugbank-id>
      <name>Betrixaban</name>
      <description>The risk or severity of bleeding can be increased when Lepirudin is combined with Betrixaban.</description>
    </drug-interaction>
    <drug-interaction>
      <drugbank-id>DB14598</drugbank-id>
      <name>Edetate calcium disodium anhydrous</name>
      <description>The risk or severity of bleeding can be increased when Lepirudin is combined with Edetate calcium disodium anhydrous.</description>
    </drug-interaction>
    <drug-interaction>
      <drugbank-id>DB11154</drugbank-id>
      <name>Zinc citrate</name>
      <description>The risk or severity of bleeding can be increased when Lepirudin is combined with Zinc citrate.</description>
    </drug-interaction>
    <drug-interaction>
      <drugbank-id>DB11166</drugbank-id>
      <name>Antithrombin Alfa</name>
      <description>The risk or severity of bleeding can be increased when Lepirudin is combined with Antithrombin Alfa.</description>
    </drug-interaction>
    <drug-interaction>
      <drugbank-id>DB04665</drugbank-id>
      <name>Coumarin</name>
      <description>The risk or severity of bleeding can be increased when Lepirudin is combined with Coumarin.</description>
    </drug-interaction>
    <drug-interaction>
      <drugbank-id>DB14726</drugbank-id>
      <name>Dabigatran</name>
      <description>The risk or severity of bleeding can be increased when Lepirudin is combined with Dabigatran.</description>
    </drug-interaction>
    <drug-interaction>
      <drugbank-id>DB06294</drugbank-id>
      <name>Semuloparin</name>
      <description>The risk or severity of bleeding can be increased when Lepirudin is combined with Semuloparin.</description>
    </drug-interaction>
    <drug-interaction>
      <drugbank-id>DB12726</drugbank-id>
      <name>Monteplase</name>
      <description>The risk or severity of bleeding can be increased when Lepirudin is combined with Monteplase.</description>
    </drug-interaction>
    <drug-interaction>
      <drugbank-id>DB09259</drugbank-id>
      <name>Reviparin</name>
      <description>The risk or severity of bleeding can be increased when Lepirudin is combined with Reviparin.</description>
    </drug-interaction>
    <drug-interaction>
      <drugbank-id>DB15880</drugbank-id>
      <name>Dermatan sulfate</name>
      <description>The risk or severity of bleeding can be increased when Lepirudin is combined with Dermatan sulfate.</description>
    </drug-interaction>
    <drug-interaction>
      <drugbank-id>DB05361</drugbank-id>
      <name>SR-123781A</name>
      <description>The risk or severity of bleeding can be increased when Lepirudin is combined with SR-123781A.</description>
    </drug-interaction>
    <drug-interaction>
      <drugbank-id>DB16481</drugbank-id>
      <name>Dociparstat sodium</name>
      <description>The risk or severity of bleeding can be increased when Lepirudin is combined with Dociparstat sodium.</description>
    </drug-interaction>
    <drug-interaction>
      <drugbank-id>DB00203</drugbank-id>
      <name>Sildenafil</name>
      <description>The risk or severity of hemorrhage can be increased when Lepirudin is combined with Sildenafil.</description>
    </drug-interaction>
    <drug-interaction>
      <drugbank-id>DB00008</drugbank-id>
      <name>Peginterferon alfa-2a</name>
      <description>The risk or severity of bleeding can be increased when Lepirudin is combined with Peginterferon alfa-2a.</description>
    </drug-interaction>
    <drug-interaction>
      <drugbank-id>DB00011</drugbank-id>
      <name>Interferon alfa-n1</name>
      <description>The risk or severity of bleeding can be increased when Lepirudin is combined with Interferon alfa-n1.</description>
    </drug-interaction>
    <drug-interaction>
      <drugbank-id>DB00018</drugbank-id>
      <name>Interferon alfa-n3</name>
      <description>The risk or severity of bleeding can be increased when Lepirudin is combined with Interferon alfa-n3.</description>
    </drug-interaction>
    <drug-interaction>
      <drugbank-id>DB00022</drugbank-id>
      <name>Peginterferon alfa-2b</name>
      <description>The risk or severity of bleeding can be increased when Lepirudin is combined with Peginterferon alfa-2b.</description>
    </drug-interaction>
    <drug-interaction>
      <drugbank-id>DB00033</drugbank-id>
      <name>Interferon gamma-1b</name>
      <description>The risk or severity of bleeding can be increased when Lepirudin is combined with Interferon gamma-1b.</description>
    </drug-interaction>
    <drug-interaction>
      <drugbank-id>DB00034</drugbank-id>
      <name>Interferon alfa-2a</name>
      <description>The risk or severity of bleeding can be increased when Lepirudin is combined with Interferon alfa-2a.</description>
    </drug-interaction>
    <drug-interaction>
      <drugbank-id>DB00041</drugbank-id>
      <name>Aldesleukin</name>
      <description>The risk or severity of bleeding can be increased when Lepirudin is combined with Aldesleukin.</description>
    </drug-interaction>
    <drug-interaction>
      <drugbank-id>DB00056</drugbank-id>
      <name>Gemtuzumab ozogamicin</name>
      <description>The risk or severity of bleeding can be increased when Lepirudin is combined with Gemtuzumab ozogamicin.</description>
    </drug-interaction>
    <drug-interaction>
      <drugbank-id>DB00068</drugbank-id>
      <name>Interferon beta-1b</name>
      <description>The risk or severity of bleeding can be increased when Lepirudin is combined with Interferon beta-1b.</description>
    </drug-interaction>
    <drug-interaction>
      <drugbank-id>DB00069</drugbank-id>
      <name>Interferon alfacon-1</name>
      <description>The risk or severity of bleeding can be increased when Lepirudin is combined with Interferon alfacon-1.</description>
    </drug-interaction>
    <drug-interaction>
      <drugbank-id>DB00073</drugbank-id>
      <name>Rituximab</name>
      <description>The risk or severity of bleeding can be increased when Lepirudin is combined with Rituximab.</description>
    </drug-interaction>
    <drug-interaction>
      <drugbank-id>DB00078</drugbank-id>
      <name>Ibritumomab tiuxetan</name>
      <description>The risk or severity of bleeding can be increased when Lepirudin is combined with Ibritumomab tiuxetan.</description>
    </drug-interaction>
    <drug-interaction>
      <drugbank-id>DB00087</drugbank-id>
      <name>Alemtuzumab</name>
      <description>The risk or severity of bleeding can be increased when Lepirudin is combined with Alemtuzumab.</description>
    </drug-interaction>
    <drug-interaction>
      <drugbank-id>DB00105</drugbank-id>
      <name>Interferon alfa-2b</name>
      <description>The risk or severity of bleeding can be increased when Lepirudin is combined with Interferon alfa-2b.</description>
    </drug-interaction>
    <drug-interaction>
      <drugbank-id>DB00120</drugbank-id>
      <name>Phenylalanine</name>
      <description>The risk or severity of bleeding can be increased when Lepirudin is combined with Phenylalanine.</description>
    </drug-interaction>
    <drug-interaction>
      <drugbank-id>DB00188</drugbank-id>
      <name>Bortezomib</name>
      <description>The risk or severity of bleeding can be increased when Lepirudin is combined with Bortezomib.</description>
    </drug-interaction>
    <drug-interaction>
      <drugbank-id>DB00242</drugbank-id>
      <name>Cladribine</name>
      <description>The risk or severity of bleeding can be increased when Lepirudin is combined with Cladribine.</description>
    </drug-interaction>
    <drug-interaction>
      <drugbank-id>DB00262</drugbank-id>
      <name>Carmustine</name>
      <description>The risk or severity of bleeding can be increased when Lepirudin is combined with Carmustine.</description>
    </drug-interaction>
    <drug-interaction>
      <drugbank-id>DB00276</drugbank-id>
      <name>Amsacrine</name>
      <description>The risk or severity of bleeding can be increased when Lepirudin is combined with Amsacrine.</description>
    </drug-interaction>
    <drug-interaction>
      <drugbank-id>DB00291</drugbank-id>
      <name>Chlorambucil</name>
      <description>The risk or severity of bleeding can be increased when Lepirudin is combined with Chlorambucil.</description>
    </drug-interaction>
    <drug-interaction>
      <drugbank-id>DB00293</drugbank-id>
      <name>Raltitrexed</name>
      <description>The risk or severity of bleeding can be increased when Lepirudin is combined with Raltitrexed.</description>
    </drug-interaction>
    <drug-interaction>
      <drugbank-id>DB00305</drugbank-id>
      <name>Mitomycin</name>
      <description>The risk or severity of bleeding can be increased when Lepirudin is combined with Mitomycin.</description>
    </drug-interaction>
    <drug-interaction>
      <drugbank-id>DB00307</drugbank-id>
      <name>Bexarotene</name>
      <description>The risk or severity of bleeding can be increased when Lepirudin is combined with Bexarotene.</description>
    </drug-interaction>
    <drug-interaction>
      <drugbank-id>DB00309</drugbank-id>
      <name>Vindesine</name>
      <description>The risk or severity of bleeding can be increased when Lepirudin is combined with Vindesine.</description>
    </drug-interaction>
    <drug-interaction>
      <drugbank-id>DB00322</drugbank-id>
      <name>Floxuridine</name>
      <description>The risk or severity of bleeding can be increased when Lepirudin is combined with Floxuridine.</description>
    </drug-interaction>
    <drug-interaction>
      <drugbank-id>DB00352</drugbank-id>
      <name>Tioguanine</name>
      <description>The risk or severity of bleeding can be increased when Lepirudin is combined with Tioguanine.</description>
    </drug-interaction>
    <drug-interaction>
      <drugbank-id>DB00361</drugbank-id>
      <name>Vinorelbine</name>
      <description>The risk or severity of bleeding can be increased when Lepirudin is combined with Vinorelbine.</description>
    </drug-interaction>
    <drug-interaction>
      <drugbank-id>DB00380</drugbank-id>
      <name>Dexrazoxane</name>
      <description>The risk or severity of bleeding can be increased when Lepirudin is combined with Dexrazoxane.</description>
    </drug-interaction>
    <drug-interaction>
      <drugbank-id>DB00398</drugbank-id>
      <name>Sorafenib</name>
      <description>The risk or severity of bleeding can be increased when Lepirudin is combined with Sorafenib.</description>
    </drug-interaction>
    <drug-interaction>
      <drugbank-id>DB00428</drugbank-id>
      <name>Streptozocin</name>
      <description>The risk or severity of bleeding can be increased when Lepirudin is combined with Streptozocin.</description>
    </drug-interaction>
    <drug-interaction>
      <drugbank-id>DB00441</drugbank-id>
      <name>Gemcitabine</name>
      <description>The risk or severity of bleeding can be increased when Lepirudin is combined with Gemcitabine.</description>
    </drug-interaction>
    <drug-interaction>
      <drugbank-id>DB00444</drugbank-id>
      <name>Teniposide</name>
      <description>The risk or severity of bleeding can be increased when Lepirudin is combined with Teniposide.</description>
    </drug-interaction>
    <drug-interaction>
      <drugbank-id>DB00445</drugbank-id>
      <name>Epirubicin</name>
      <description>The risk or severity of bleeding can be increased when Lepirudin is combined with Epirubicin.</description>
    </drug-interaction>
    <drug-interaction>
      <drugbank-id>DB00446</drugbank-id>
      <name>Chloramphenicol</name>
      <description>The risk or severity of bleeding can be increased when Lepirudin is combined with Chloramphenicol.</description>
    </drug-interaction>
    <drug-interaction>
      <drugbank-id>DB00480</drugbank-id>
      <name>Lenalidomide</name>
      <description>The risk or severity of bleeding can be increased when Lepirudin is combined with Lenalidomide.</description>
    </drug-interaction>
    <drug-interaction>
      <drugbank-id>DB00488</drugbank-id>
      <name>Altretamine</name>
      <description>The risk or severity of bleeding can be increased when Lepirudin is combined with Altretamine.</description>
    </drug-interaction>
    <drug-interaction>
      <drugbank-id>DB00495</drugbank-id>
      <name>Zidovudine</name>
      <description>The risk or severity of bleeding can be increased when Lepirudin is combined with Zidovudine.</description>
    </drug-interaction>
    <drug-interaction>
      <drugbank-id>DB00515</drugbank-id>
      <name>Cisplatin</name>
      <description>The risk or severity of bleeding can be increased when Lepirudin is combined with Cisplatin.</description>
    </drug-interaction>
    <drug-interaction>
      <drugbank-id>DB00526</drugbank-id>
      <name>Oxaliplatin</name>
      <description>The risk or severity of bleeding can be increased when Lepirudin is combined with Oxaliplatin.</description>
    </drug-interaction>
    <drug-interaction>
      <drugbank-id>DB00531</drugbank-id>
      <name>Cyclophosphamide</name>
      <description>The risk or severity of bleeding can be increased when Lepirudin is combined with Cyclophosphamide.</description>
    </drug-interaction>
    <drug-interaction>
      <drugbank-id>DB00544</drugbank-id>
      <name>Fluorouracil</name>
      <description>The risk or severity of bleeding can be increased when Lepirudin is combined with Fluorouracil.</description>
    </drug-interaction>
    <drug-interaction>
      <drugbank-id>DB00552</drugbank-id>
      <name>Pentostatin</name>
      <description>The risk or severity of bleeding can be increased when Lepirudin is combined with Pentostatin.</description>
    </drug-interaction>
    <drug-interaction>
      <drugbank-id>DB00563</drugbank-id>
      <name>Methotrexate</name>
      <description>The risk or severity of bleeding can be increased when Lepirudin is combined with Methotrexate.</description>
    </drug-interaction>
    <drug-interaction>
      <drugbank-id>DB00564</drugbank-id>
      <name>Carbamazepine</name>
      <description>The risk or severity of bleeding can be increased when Lepirudin is combined with Carbamazepine.</description>
    </drug-interaction>
    <drug-interaction>
      <drugbank-id>DB00570</drugbank-id>
      <name>Vinblastine</name>
      <description>The risk or severity of bleeding can be increased when Lepirudin is combined with Vinblastine.</description>
    </drug-interaction>
    <drug-interaction>
      <drugbank-id>DB00619</drugbank-id>
      <name>Imatinib</name>
      <description>The risk or severity of bleeding can be increased when Lepirudin is combined with Imatinib.</description>
    </drug-interaction>
    <drug-interaction>
      <drugbank-id>DB00631</drugbank-id>
      <name>Clofarabine</name>
      <description>The risk or severity of bleeding can be increased when Lepirudin is combined with Clofarabine.</description>
    </drug-interaction>
    <drug-interaction>
      <drugbank-id>DB00642</drugbank-id>
      <name>Pemetrexed</name>
      <description>The risk or severity of bleeding can be increased when Lepirudin is combined with Pemetrexed.</description>
    </drug-interaction>
    <drug-interaction>
      <drugbank-id>DB00694</drugbank-id>
      <name>Daunorubicin</name>
      <description>The risk or severity of bleeding can be increased when Lepirudin is combined with Daunorubicin.</description>
    </drug-interaction>
    <drug-interaction>
      <drugbank-id>DB00762</drugbank-id>
      <name>Irinotecan</name>
      <description>The risk or severity of bleeding can be increased when Lepirudin is combined with Irinotecan.</description>
    </drug-interaction>
    <drug-interaction>
      <drugbank-id>DB00773</drugbank-id>
      <name>Etoposide</name>
      <description>The risk or severity of bleeding can be increased when Lepirudin is combined with Etoposide.</description>
    </drug-interaction>
    <drug-interaction>
      <drugbank-id>DB00851</drugbank-id>
      <name>Dacarbazine</name>
      <description>The risk or severity of bleeding can be increased when Lepirudin is combined with Dacarbazine.</description>
    </drug-interaction>
    <drug-interaction>
      <drugbank-id>DB00853</drugbank-id>
      <name>Temozolomide</name>
      <description>The risk or severity of bleeding can be increased when Lepirudin is combined with Temozolomide.</description>
    </drug-interaction>
    <drug-interaction>
      <drugbank-id>DB00859</drugbank-id>
      <name>Penicillamine</name>
      <description>The risk or severity of bleeding can be increased when Lepirudin is combined with Penicillamine.</description>
    </drug-interaction>
    <drug-interaction>
      <drugbank-id>DB00864</drugbank-id>
      <name>Tacrolimus</name>
      <description>The risk or severity of bleeding can be increased when Lepirudin is combined with Tacrolimus.</description>
    </drug-interaction>
    <drug-interaction>
      <drugbank-id>DB00877</drugbank-id>
      <name>Sirolimus</name>
      <description>The risk or severity of bleeding can be increased when Lepirudin is combined with Sirolimus.</description>
    </drug-interaction>
    <drug-interaction>
      <drugbank-id>DB00888</drugbank-id>
      <name>Mechlorethamine</name>
      <description>The risk or severity of bleeding can be increased when Lepirudin is combined with Mechlorethamine.</description>
    </drug-interaction>
    <drug-interaction>
      <drugbank-id>DB00928</drugbank-id>
      <name>Azacitidine</name>
      <description>The risk or severity of bleeding can be increased when Lepirudin is combined with Azacitidine.</description>
    </drug-interaction>
    <drug-interaction>
      <drugbank-id>DB00958</drugbank-id>
      <name>Carboplatin</name>
      <description>The risk or severity of bleeding can be increased when Lepirudin is combined with Carboplatin.</description>
    </drug-interaction>
    <drug-interaction>
      <drugbank-id>DB00970</drugbank-id>
      <name>Dactinomycin</name>
      <description>The risk or severity of bleeding can be increased when Lepirudin is combined with Dactinomycin.</description>
    </drug-interaction>
    <drug-interaction>
      <drugbank-id>DB00987</drugbank-id>
      <name>Cytarabine</name>
      <description>The risk or severity of bleeding can be increased when Lepirudin is combined with Cytarabine.</description>
    </drug-interaction>
    <drug-interaction>
      <drugbank-id>DB00997</drugbank-id>
      <name>Doxorubicin</name>
      <description>The risk or severity of bleeding can be increased when Lepirudin is combined with Doxorubicin.</description>
    </drug-interaction>
    <drug-interaction>
      <drugbank-id>DB01005</drugbank-id>
      <name>Hydroxyurea</name>
      <description>The risk or severity of bleeding can be increased when Lepirudin is combined with Hydroxyurea.</description>
    </drug-interaction>
    <drug-interaction>
      <drugbank-id>DB01008</drugbank-id>
      <name>Busulfan</name>
      <description>The risk or severity of bleeding can be increased when Lepirudin is combined with Busulfan.</description>
    </drug-interaction>
    <drug-interaction>
      <drugbank-id>DB01030</drugbank-id>
      <name>Topotecan</name>
      <description>The risk or severity of bleeding can be increased when Lepirudin is combined with Topotecan.</description>
    </drug-interaction>
    <drug-interaction>
      <drugbank-id>DB01033</drugbank-id>
      <name>Mercaptopurine</name>
      <description>The risk or severity of bleeding can be increased when Lepirudin is combined with Mercaptopurine.</description>
    </drug-interaction>
    <drug-interaction>
      <drugbank-id>DB01041</drugbank-id>
      <name>Thalidomide</name>
      <description>The risk or severity of bleeding can be increased when Lepirudin is combined with Thalidomide.</description>
    </drug-interaction>
    <drug-interaction>
      <drugbank-id>DB01042</drugbank-id>
      <name>Melphalan</name>
      <description>The risk or severity of bleeding can be increased when Lepirudin is combined with Melphalan.</description>
    </drug-interaction>
    <drug-interaction>
      <drugbank-id>DB01073</drugbank-id>
      <name>Fludarabine</name>
      <description>The risk or severity of bleeding can be increased when Lepirudin is combined with Fludarabine.</description>
    </drug-interaction>
    <drug-interaction>
      <drugbank-id>DB01099</drugbank-id>
      <name>Flucytosine</name>
      <description>The risk or severity of bleeding can be increased when Lepirudin is combined with Flucytosine.</description>
    </drug-interaction>
    <drug-interaction>
      <drugbank-id>DB01101</drugbank-id>
      <name>Capecitabine</name>
      <description>The risk or severity of bleeding can be increased when Lepirudin is combined with Capecitabine.</description>
    </drug-interaction>
    <drug-interaction>
      <drugbank-id>DB01169</drugbank-id>
      <name>Arsenic trioxide</name>
      <description>The risk or severity of bleeding can be increased when Lepirudin is combined with Arsenic trioxide.</description>
    </drug-interaction>
    <drug-interaction>
      <drugbank-id>DB01177</drugbank-id>
      <name>Idarubicin</name>
      <description>The risk or severity of bleeding can be increased when Lepirudin is combined with Idarubicin.</description>
    </drug-interaction>
    <drug-interaction>
      <drugbank-id>DB01204</drugbank-id>
      <name>Mitoxantrone</name>
      <description>The risk or severity of bleeding can be increased when Lepirudin is combined with Mitoxantrone.</description>
    </drug-interaction>
    <drug-interaction>
      <drugbank-id>DB01206</drugbank-id>
      <name>Lomustine</name>
      <description>The risk or severity of bleeding can be increased when Lepirudin is combined with Lomustine.</description>
    </drug-interaction>
    <drug-interaction>
      <drugbank-id>DB01229</drugbank-id>
      <name>Paclitaxel</name>
      <description>The risk or severity of bleeding can be increased when Lepirudin is combined with Paclitaxel.</description>
    </drug-interaction>
    <drug-interaction>
      <drugbank-id>DB01248</drugbank-id>
      <name>Docetaxel</name>
      <description>The risk or severity of bleeding can be increased when Lepirudin is combined with Docetaxel.</description>
    </drug-interaction>
    <drug-interaction>
      <drugbank-id>DB01262</drugbank-id>
      <name>Decitabine</name>
      <description>The risk or severity of bleeding can be increased when Lepirudin is combined with Decitabine.</description>
    </drug-interaction>
    <drug-interaction>
      <drugbank-id>DB01280</drugbank-id>
      <name>Nelarabine</name>
      <description>The risk or severity of bleeding can be increased when Lepirudin is combined with Nelarabine.</description>
    </drug-interaction>
    <drug-interaction>
      <drugbank-id>DB01590</drugbank-id>
      <name>Everolimus</name>
      <description>The risk or severity of bleeding can be increased when Lepirudin is combined with Everolimus.</description>
    </drug-interaction>
    <drug-interaction>
      <drugbank-id>DB02546</drugbank-id>
      <name>Vorinostat</name>
      <description>The risk or severity of bleeding can be increased when Lepirudin is combined with Vorinostat.</description>
    </drug-interaction>
    <drug-interaction>
      <drugbank-id>DB04572</drugbank-id>
      <name>Thiotepa</name>
      <description>The risk or severity of bleeding can be increased when Lepirudin is combined with Thiotepa.</description>
    </drug-interaction>
    <drug-interaction>
      <drugbank-id>DB04845</drugbank-id>
      <name>Ixabepilone</name>
      <description>The risk or severity of bleeding can be increased when Lepirudin is combined with Ixabepilone.</description>
    </drug-interaction>
    <drug-interaction>
      <drugbank-id>DB04868</drugbank-id>
      <name>Nilotinib</name>
      <description>The risk or severity of bleeding can be increased when Lepirudin is combined with Nilotinib.</description>
    </drug-interaction>
    <drug-interaction>
      <drugbank-id>DB05015</drugbank-id>
      <name>Belinostat</name>
      <description>The risk or severity of bleeding can be increased when Lepirudin is combined with Belinostat.</description>
    </drug-interaction>
    <drug-interaction>
      <drugbank-id>DB05109</drugbank-id>
      <name>Trabectedin</name>
      <description>The risk or severity of bleeding can be increased when Lepirudin is combined with Trabectedin.</description>
    </drug-interaction>
    <drug-interaction>
      <drugbank-id>DB05258</drugbank-id>
      <name>Interferon alfa</name>
      <description>The risk or severity of bleeding can be increased when Lepirudin is combined with Interferon alfa.</description>
    </drug-interaction>
    <drug-interaction>
      <drugbank-id>DB05472</drugbank-id>
      <name>Human interferon omega-1</name>
      <description>The risk or severity of bleeding can be increased when Lepirudin is combined with Human interferon omega-1.</description>
    </drug-interaction>
    <drug-interaction>
      <drugbank-id>DB05773</drugbank-id>
      <name>Trastuzumab emtansine</name>
      <description>The risk or severity of bleeding can be increased when Lepirudin is combined with Trastuzumab emtansine.</description>
    </drug-interaction>
    <drug-interaction>
      <drugbank-id>DB06287</drugbank-id>
      <name>Temsirolimus</name>
      <description>The risk or severity of bleeding can be increased when Lepirudin is combined with Temsirolimus.</description>
    </drug-interaction>
    <drug-interaction>
      <drugbank-id>DB06616</drugbank-id>
      <name>Bosutinib</name>
      <description>The risk or severity of bleeding can be increased when Lepirudin is combined with Bosutinib.</description>
    </drug-interaction>
    <drug-interaction>
      <drugbank-id>DB06769</drugbank-id>
      <name>Bendamustine</name>
      <description>The risk or severity of bleeding can be increased when Lepirudin is combined with Bendamustine.</description>
    </drug-interaction>
    <drug-interaction>
      <drugbank-id>DB06772</drugbank-id>
      <name>Cabazitaxel</name>
      <description>The risk or severity of bleeding can be increased when Lepirudin is combined with Cabazitaxel.</description>
    </drug-interaction>
    <drug-interaction>
      <drugbank-id>DB08871</drugbank-id>
      <name>Eribulin</name>
      <description>The risk or severity of bleeding can be increased when Lepirudin is combined with Eribulin.</description>
    </drug-interaction>
    <drug-interaction>
      <drugbank-id>DB08877</drugbank-id>
      <name>Ruxolitinib</name>
      <description>The risk or severity of bleeding can be increased when Lepirudin is combined with Ruxolitinib.</description>
    </drug-interaction>
    <drug-interaction>
      <drugbank-id>DB08889</drugbank-id>
      <name>Carfilzomib</name>
      <description>The risk or severity of bleeding can be increased when Lepirudin is combined with Carfilzomib.</description>
    </drug-interaction>
    <drug-interaction>
      <drugbank-id>DB08895</drugbank-id>
      <name>Tofacitinib</name>
      <description>The risk or severity of bleeding can be increased when Lepirudin is combined with Tofacitinib.</description>
    </drug-interaction>
    <drug-interaction>
      <drugbank-id>DB08901</drugbank-id>
      <name>Ponatinib</name>
      <description>The risk or severity of bleeding can be increased when Lepirudin is combined with Ponatinib.</description>
    </drug-interaction>
    <drug-interaction>
      <drugbank-id>DB08910</drugbank-id>
      <name>Pomalidomide</name>
      <description>The risk or severity of bleeding can be increased when Lepirudin is combined with Pomalidomide.</description>
    </drug-interaction>
    <drug-interaction>
      <drugbank-id>DB09042</drugbank-id>
      <name>Tedizolid phosphate</name>
      <description>The risk or severity of bleeding can be increased when Lepirudin is combined with Tedizolid phosphate.</description>
    </drug-interaction>
    <drug-interaction>
      <drugbank-id>DB09052</drugbank-id>
      <name>Blinatumomab</name>
      <description>The risk or severity of bleeding can be increased when Lepirudin is combined with Blinatumomab.</description>
    </drug-interaction>
    <drug-interaction>
      <drugbank-id>DB09073</drugbank-id>
      <name>Palbociclib</name>
      <description>The risk or severity of bleeding can be increased when Lepirudin is combined with Palbociclib.</description>
    </drug-interaction>
    <drug-interaction>
      <drugbank-id>DB09074</drugbank-id>
      <name>Olaparib</name>
      <description>The risk or severity of bleeding can be increased when Lepirudin is combined with Olaparib.</description>
    </drug-interaction>
    <drug-interaction>
      <drugbank-id>DB09077</drugbank-id>
      <name>Dinutuximab</name>
      <description>The risk or severity of bleeding can be increased when Lepirudin is combined with Dinutuximab.</description>
    </drug-interaction>
    <drug-interaction>
      <drugbank-id>DB09122</drugbank-id>
      <name>Peginterferon beta-1a</name>
      <description>The risk or severity of bleeding can be increased when Lepirudin is combined with Peginterferon beta-1a.</description>
    </drug-interaction>
    <drug-interaction>
      <drugbank-id>DB12814</drugbank-id>
      <name>Cepeginterferon alfa-2B</name>
      <description>The risk or severity of bleeding can be increased when Lepirudin is combined with Cepeginterferon alfa-2B.</description>
    </drug-interaction>
    <drug-interaction>
      <drugbank-id>DB00229</drugbank-id>
      <name>Cefotiam</name>
      <description>The therapeutic efficacy of Lepirudin can be decreased when used in combination with Cefotiam.</description>
    </drug-interaction>
    <drug-interaction>
      <drugbank-id>DB00267</drugbank-id>
      <name>Cefmenoxime</name>
      <description>The therapeutic efficacy of Lepirudin can be decreased when used in combination with Cefmenoxime.</description>
    </drug-interaction>
    <drug-interaction>
      <drugbank-id>DB00274</drugbank-id>
      <name>Cefmetazole</name>
      <description>The therapeutic efficacy of Lepirudin can be decreased when used in combination with Cefmetazole.</description>
    </drug-interaction>
    <drug-interaction>
      <drugbank-id>DB00430</drugbank-id>
      <name>Cefpiramide</name>
      <description>The therapeutic efficacy of Lepirudin can be decreased when used in combination with Cefpiramide.</description>
    </drug-interaction>
    <drug-interaction>
      <drugbank-id>DB00438</drugbank-id>
      <name>Ceftazidime</name>
      <description>The therapeutic efficacy of Lepirudin can be decreased when used in combination with Ceftazidime.</description>
    </drug-interaction>
    <drug-interaction>
      <drugbank-id>DB00447</drugbank-id>
      <name>Loracarbef</name>
      <description>The therapeutic efficacy of Lepirudin can be decreased when used in combination with Loracarbef.</description>
    </drug-interaction>
    <drug-interaction>
      <drugbank-id>DB00456</drugbank-id>
      <name>Cefalotin</name>
      <description>The therapeutic efficacy of Lepirudin can be decreased when used in combination with Cefalotin.</description>
    </drug-interaction>
    <drug-interaction>
      <drugbank-id>DB00493</drugbank-id>
      <name>Cefotaxime</name>
      <description>The therapeutic efficacy of Lepirudin can be decreased when used in combination with Cefotaxime.</description>
    </drug-interaction>
    <drug-interaction>
      <drugbank-id>DB00535</drugbank-id>
      <name>Cefdinir</name>
      <description>The therapeutic efficacy of Lepirudin can be decreased when used in combination with Cefdinir.</description>
    </drug-interaction>
    <drug-interaction>
      <drugbank-id>DB00567</drugbank-id>
      <name>Cephalexin</name>
      <description>The therapeutic efficacy of Lepirudin can be decreased when used in combination with Cephalexin.</description>
    </drug-interaction>
    <drug-interaction>
      <drugbank-id>DB00671</drugbank-id>
      <name>Cefixime</name>
      <description>The therapeutic efficacy of Lepirudin can be decreased when used in combination with Cefixime.</description>
    </drug-interaction>
    <drug-interaction>
      <drugbank-id>DB00689</drugbank-id>
      <name>Cephaloglycin</name>
      <description>The therapeutic efficacy of Lepirudin can be decreased when used in combination with Cephaloglycin.</description>
    </drug-interaction>
    <drug-interaction>
      <drugbank-id>DB00833</drugbank-id>
      <name>Cefaclor</name>
      <description>The therapeutic efficacy of Lepirudin can be decreased when used in combination with Cefaclor.</description>
    </drug-interaction>
    <drug-interaction>
      <drugbank-id>DB00923</drugbank-id>
      <name>Ceforanide</name>
      <description>The therapeutic efficacy of Lepirudin can be decreased when used in combination with Ceforanide.</description>
    </drug-interaction>
    <drug-interaction>
      <drugbank-id>DB01066</drugbank-id>
      <name>Cefditoren</name>
      <description>The therapeutic efficacy of Lepirudin can be decreased when used in combination with Cefditoren.</description>
    </drug-interaction>
    <drug-interaction>
      <drugbank-id>DB01112</drugbank-id>
      <name>Cefuroxime</name>
      <description>The therapeutic efficacy of Lepirudin can be decreased when used in combination with Cefuroxime.</description>
    </drug-interaction>
    <drug-interaction>
      <drugbank-id>DB01139</drugbank-id>
      <name>Cefapirin</name>
      <description>The therapeutic efficacy of Lepirudin can be decreased when used in combination with Cefapirin.</description>
    </drug-interaction>
    <drug-interaction>
      <drugbank-id>DB01140</drugbank-id>
      <name>Cefadroxil</name>
      <description>The therapeutic efficacy of Lepirudin can be decreased when used in combination with Cefadroxil.</description>
    </drug-interaction>
    <drug-interaction>
      <drugbank-id>DB01150</drugbank-id>
      <name>Cefprozil</name>
      <description>The therapeutic efficacy of Lepirudin can be decreased when used in combination with Cefprozil.</description>
    </drug-interaction>
    <drug-interaction>
      <drugbank-id>DB01212</drugbank-id>
      <name>Ceftriaxone</name>
      <description>The therapeutic efficacy of Lepirudin can be decreased when used in combination with Ceftriaxone.</description>
    </drug-interaction>
    <drug-interaction>
      <drugbank-id>DB01326</drugbank-id>
      <name>Cefamandole</name>
      <description>The therapeutic efficacy of Lepirudin can be decreased when used in combination with Cefamandole.</description>
    </drug-interaction>
    <drug-interaction>
      <drugbank-id>DB01327</drugbank-id>
      <name>Cefazolin</name>
      <description>The therapeutic efficacy of Lepirudin can be decreased when used in combination with Cefazolin.</description>
    </drug-interaction>
    <drug-interaction>
      <drugbank-id>DB01328</drugbank-id>
      <name>Cefonicid</name>
      <description>The therapeutic efficacy of Lepirudin can be decreased when used in combination with Cefonicid.</description>
    </drug-interaction>
    <drug-interaction>
      <drugbank-id>DB01329</drugbank-id>
      <name>Cefoperazone</name>
      <description>The therapeutic efficacy of Lepirudin can be decreased when used in combination with Cefoperazone.</description>
    </drug-interaction>
    <drug-interaction>
      <drugbank-id>DB01330</drugbank-id>
      <name>Cefotetan</name>
      <description>The therapeutic efficacy of Lepirudin can be decreased when used in combination with Cefotetan.</description>
    </drug-interaction>
    <drug-interaction>
      <drugbank-id>DB01331</drugbank-id>
      <name>Cefoxitin</name>
      <description>The therapeutic efficacy of Lepirudin can be decreased when used in combination with Cefoxitin.</description>
    </drug-interaction>
    <drug-interaction>
      <drugbank-id>DB01332</drugbank-id>
      <name>Ceftizoxime</name>
      <description>The therapeutic efficacy of Lepirudin can be decreased when used in combination with Ceftizoxime.</description>
    </drug-interaction>
    <drug-interaction>
      <drugbank-id>DB01333</drugbank-id>
      <name>Cefradine</name>
      <description>The therapeutic efficacy of Lepirudin can be decreased when used in combination with Cefradine.</description>
    </drug-interaction>
    <drug-interaction>
      <drugbank-id>DB01413</drugbank-id>
      <name>Cefepime</name>
      <description>The therapeutic efficacy of Lepirudin can be decreased when used in combination with Cefepime.</description>
    </drug-interaction>
    <drug-interaction>
      <drugbank-id>DB01414</drugbank-id>
      <name>Cefacetrile</name>
      <description>The therapeutic efficacy of Lepirudin can be decreased when used in combination with Cefacetrile.</description>
    </drug-interaction>
    <drug-interaction>
      <drugbank-id>DB01415</drugbank-id>
      <name>Ceftibuten</name>
      <description>The therapeutic efficacy of Lepirudin can be decreased when used in combination with Ceftibuten.</description>
    </drug-interaction>
    <drug-interaction>
      <drugbank-id>DB01416</drugbank-id>
      <name>Cefpodoxime</name>
      <description>The therapeutic efficacy of Lepirudin can be decreased when used in combination with Cefpodoxime.</description>
    </drug-interaction>
    <drug-interaction>
      <drugbank-id>DB04570</drugbank-id>
      <name>Latamoxef</name>
      <description>The therapeutic efficacy of Lepirudin can be decreased when used in combination with Latamoxef.</description>
    </drug-interaction>
    <drug-interaction>
      <drugbank-id>DB04918</drugbank-id>
      <name>Ceftobiprole</name>
      <description>The therapeutic efficacy of Lepirudin can be decreased when used in combination with Ceftobiprole.</description>
    </drug-interaction>
    <drug-interaction>
      <drugbank-id>DB06590</drugbank-id>
      <name>Ceftaroline fosamil</name>
      <description>The therapeutic efficacy of Lepirudin can be decreased when used in combination with Ceftaroline fosamil.</description>
    </drug-interaction>
    <drug-interaction>
      <drugbank-id>DB09008</drugbank-id>
      <name>Cefaloridine</name>
      <description>The therapeutic efficacy of Lepirudin can be decreased when used in combination with Cefaloridine.</description>
    </drug-interaction>
    <drug-interaction>
      <drugbank-id>DB09050</drugbank-id>
      <name>Ceftolozane</name>
      <description>The therapeutic efficacy of Lepirudin can be decreased when used in combination with Ceftolozane.</description>
    </drug-interaction>
    <drug-interaction>
      <drugbank-id>DB09062</drugbank-id>
      <name>Cefminox</name>
      <description>The therapeutic efficacy of Lepirudin can be decreased when used in combination with Cefminox.</description>
    </drug-interaction>
    <drug-interaction>
      <drugbank-id>DB11367</drugbank-id>
      <name>Cefroxadine</name>
      <description>The therapeutic efficacy of Lepirudin can be decreased when used in combination with Cefroxadine.</description>
    </drug-interaction>
    <drug-interaction>
      <drugbank-id>DB11935</drugbank-id>
      <name>Flomoxef</name>
      <description>The therapeutic efficacy of Lepirudin can be decreased when used in combination with Flomoxef.</description>
    </drug-interaction>
    <drug-interaction>
      <drugbank-id>DB13266</drugbank-id>
      <name>Cefatrizine</name>
      <description>The therapeutic efficacy of Lepirudin can be decreased when used in combination with Cefatrizine.</description>
    </drug-interaction>
    <drug-interaction>
      <drugbank-id>DB13461</drugbank-id>
      <name>Cefcapene</name>
      <description>The therapeutic efficacy of Lepirudin can be decreased when used in combination with Cefcapene.</description>
    </drug-interaction>
    <drug-interaction>
      <drugbank-id>DB13470</drugbank-id>
      <name>Cefodizime</name>
      <description>The therapeutic efficacy of Lepirudin can be decreased when used in combination with Cefodizime.</description>
    </drug-interaction>
    <drug-interaction>
      <drugbank-id>DB13499</drugbank-id>
      <name>Cefsulodin</name>
      <description>The therapeutic efficacy of Lepirudin can be decreased when used in combination with Cefsulodin.</description>
    </drug-interaction>
    <drug-interaction>
      <drugbank-id>DB13504</drugbank-id>
      <name>Cefetamet</name>
      <description>The therapeutic efficacy of Lepirudin can be decreased when used in combination with Cefetamet.</description>
    </drug-interaction>
    <drug-interaction>
      <drugbank-id>DB13638</drugbank-id>
      <name>Cefbuperazone</name>
      <description>The therapeutic efficacy of Lepirudin can be decreased when used in combination with Cefbuperazone.</description>
    </drug-interaction>
    <drug-interaction>
      <drugbank-id>DB13667</drugbank-id>
      <name>Cefozopran</name>
      <description>The therapeutic efficacy of Lepirudin can be decreased when used in combination with Cefozopran.</description>
    </drug-interaction>
    <drug-interaction>
      <drugbank-id>DB13682</drugbank-id>
      <name>Cefpirome</name>
      <description>The therapeutic efficacy of Lepirudin can be decreased when used in combination with Cefpirome.</description>
    </drug-interaction>
    <drug-interaction>
      <drugbank-id>DB13778</drugbank-id>
      <name>Cefazedone</name>
      <description>The therapeutic efficacy of Lepirudin can be decreased when used in combination with Cefazedone.</description>
    </drug-interaction>
    <drug-interaction>
      <drugbank-id>DB13821</drugbank-id>
      <name>Ceftezole</name>
      <description>The therapeutic efficacy of Lepirudin can be decreased when used in combination with Ceftezole.</description>
    </drug-interaction>
    <drug-interaction>
      <drugbank-id>DB14725</drugbank-id>
      <name>Cefamandole nafate</name>
      <description>The therapeutic efficacy of Lepirudin can be decreased when used in combination with Cefamandole nafate.</description>
    </drug-interaction>
    <drug-interaction>
      <drugbank-id>DB00254</drugbank-id>
      <name>Doxycycline</name>
      <description>The risk or severity of bleeding can be increased when Doxycycline is combined with Lepirudin.</description>
    </drug-interaction>
    <drug-interaction>
      <drugbank-id>DB00207</drugbank-id>
      <name>Azithromycin</name>
      <description>The risk or severity of adverse effects can be increased when Azithromycin is combined with Lepirudin.</description>
    </drug-interaction>
    <drug-interaction>
      <drugbank-id>DB09539</drugbank-id>
      <name>Omega-3-acid ethyl esters</name>
      <description>The risk or severity of bleeding can be increased when Omega-3-acid ethyl esters is combined with Lepirudin.</description>
    </drug-interaction>
    <drug-interaction>
      <drugbank-id>DB00945</drugbank-id>
      <name>Acetylsalicylic acid</name>
      <description>Acetylsalicylic acid may increase the anticoagulant activities of Lepirudin.</description>
    </drug-interaction>
    <drug-interaction>
      <drugbank-id>DB01606</drugbank-id>
      <name>Tazobactam</name>
      <description>The risk or severity of bleeding can be increased when Tazobactam is combined with Lepirudin.</description>
    </drug-interaction>
    <drug-interaction>
      <drugbank-id>DB00199</drugbank-id>
      <name>Erythromycin</name>
      <description>The risk or severity of bleeding can be increased when Erythromycin is combined with Lepirudin.</description>
    </drug-interaction>
    <drug-interaction>
      <drugbank-id>DB00656</drugbank-id>
      <name>Trazodone</name>
      <description>The risk or severity of bleeding can be increased when Trazodone is combined with Lepirudin.</description>
    </drug-interaction>
    <drug-interaction>
      <drugbank-id>DB00620</drugbank-id>
      <name>Triamcinolone</name>
      <description>The therapeutic efficacy of Lepirudin can be decreased when used in combination with Triamcinolone.</description>
    </drug-interaction>
    <drug-interaction>
      <drugbank-id>DB09079</drugbank-id>
      <name>Nintedanib</name>
      <description>The risk or severity of bleeding can be increased when Nintedanib is combined with Lepirudin.</description>
    </drug-interaction>
    <drug-interaction>
      <drugbank-id>DB01175</drugbank-id>
      <name>Escitalopram</name>
      <description>The risk or severity of bleeding can be increased when Escitalopram is combined with Lepirudin.</description>
    </drug-interaction>
    <drug-interaction>
      <drugbank-id>DB01104</drugbank-id>
      <name>Sertraline</name>
      <description>The risk or severity of bleeding can be increased when Sertraline is combined with Lepirudin.</description>
    </drug-interaction>
    <drug-interaction>
      <drugbank-id>DB00232</drugbank-id>
      <name>Methyclothiazide</name>
      <description>The therapeutic efficacy of Lepirudin can be decreased when used in combination with Methyclothiazide.</description>
    </drug-interaction>
    <drug-interaction>
      <drugbank-id>DB00436</drugbank-id>
      <name>Bendroflumethiazide</name>
      <description>The therapeutic efficacy of Lepirudin can be decreased when used in combination with Bendroflumethiazide.</description>
    </drug-interaction>
    <drug-interaction>
      <drugbank-id>DB00562</drugbank-id>
      <name>Benzthiazide</name>
      <description>The therapeutic efficacy of Lepirudin can be decreased when used in combination with Benzthiazide.</description>
    </drug-interaction>
    <drug-interaction>
      <drugbank-id>DB00606</drugbank-id>
      <name>Cyclothiazide</name>
      <description>The therapeutic efficacy of Lepirudin can be decreased when used in combination with Cyclothiazide.</description>
    </drug-interaction>
    <drug-interaction>
      <drugbank-id>DB00774</drugbank-id>
      <name>Hydroflumethiazide</name>
      <description>The therapeutic efficacy of Lepirudin can be decreased when used in combination with Hydroflumethiazide.</description>
    </drug-interaction>
    <drug-interaction>
      <drugbank-id>DB00880</drugbank-id>
      <name>Chlorothiazide</name>
      <description>The therapeutic efficacy of Lepirudin can be decreased when used in combination with Chlorothiazide.</description>
    </drug-interaction>
    <drug-interaction>
      <drugbank-id>DB00999</drugbank-id>
      <name>Hydrochlorothiazide</name>
      <description>The therapeutic efficacy of Lepirudin can be decreased when used in combination with Hydrochlorothiazide.</description>
    </drug-interaction>
    <drug-interaction>
      <drugbank-id>DB01021</drugbank-id>
      <name>Trichlormethiazide</name>
      <description>The therapeutic efficacy of Lepirudin can be decreased when used in combination with Trichlormethiazide.</description>
    </drug-interaction>
    <drug-interaction>
      <drugbank-id>DB01324</drugbank-id>
      <name>Polythiazide</name>
      <description>The therapeutic efficacy of Lepirudin can be decreased when used in combination with Polythiazide.</description>
    </drug-interaction>
    <drug-interaction>
      <drugbank-id>DB13430</drugbank-id>
      <name>Mebutizide</name>
      <description>The therapeutic efficacy of Lepirudin can be decreased when used in combination with Mebutizide.</description>
    </drug-interaction>
    <drug-interaction>
      <drugbank-id>DB13532</drugbank-id>
      <name>Cyclopenthiazide</name>
      <description>The therapeutic efficacy of Lepirudin can be decreased when used in combination with Cyclopenthiazide.</description>
    </drug-interaction>
    <drug-interaction>
      <drugbank-id>DB15861</drugbank-id>
      <name>Buthiazide</name>
      <description>The therapeutic efficacy of Lepirudin can be decreased when used in combination with Buthiazide.</description>
    </drug-interaction>
    <drug-interaction>
      <drugbank-id>DB00783</drugbank-id>
      <name>Estradiol</name>
      <description>The risk or severity of adverse effects can be increased when Estradiol is combined with Lepirudin.</description>
    </drug-interaction>
    <drug-interaction>
      <drugbank-id>DB00977</drugbank-id>
      <name>Ethinylestradiol</name>
      <description>The risk or severity of adverse effects can be increased when Ethinylestradiol is combined with Lepirudin.</description>
    </drug-interaction>
    <drug-interaction>
      <drugbank-id>DB00834</drugbank-id>
      <name>Mifepristone</name>
      <description>The risk or severity of adverse effects can be increased when Mifepristone is combined with Lepirudin.</description>
    </drug-interaction>
    <drug-interaction>
      <drugbank-id>DB13310</drugbank-id>
      <name>Ormeloxifene</name>
      <description>The risk or severity of adverse effects can be increased when Ormeloxifene is combined with Lepirudin.</description>
    </drug-interaction>
    <drug-interaction>
      <drugbank-id>DB00304</drugbank-id>
      <name>Desogestrel</name>
      <description>The risk or severity of adverse effects can be increased when Desogestrel is combined with Lepirudin.</description>
    </drug-interaction>
    <drug-interaction>
      <drugbank-id>DB00351</drugbank-id>
      <name>Megestrol acetate</name>
      <description>The risk or severity of adverse effects can be increased when Megestrol acetate is combined with Lepirudin.</description>
    </drug-interaction>
    <drug-interaction>
      <drugbank-id>DB00367</drugbank-id>
      <name>Levonorgestrel</name>
      <description>The risk or severity of adverse effects can be increased when Levonorgestrel is combined with Lepirudin.</description>
    </drug-interaction>
    <drug-interaction>
      <drugbank-id>DB00603</drugbank-id>
      <name>Medroxyprogesterone acetate</name>
      <description>The risk or severity of adverse effects can be increased when Medroxyprogesterone acetate is combined with Lepirudin.</description>
    </drug-interaction>
    <drug-interaction>
      <drugbank-id>DB00717</drugbank-id>
      <name>Norethisterone</name>
      <description>The risk or severity of adverse effects can be increased when Norethisterone is combined with Lepirudin.</description>
    </drug-interaction>
    <drug-interaction>
      <drugbank-id>DB00823</drugbank-id>
      <name>Ethynodiol diacetate</name>
      <description>The risk or severity of adverse effects can be increased when Ethynodiol diacetate is combined with Lepirudin.</description>
    </drug-interaction>
    <drug-interaction>
      <drugbank-id>DB00957</drugbank-id>
      <name>Norgestimate</name>
      <description>The risk or severity of adverse effects can be increased when Norgestimate is combined with Lepirudin.</description>
    </drug-interaction>
    <drug-interaction>
      <drugbank-id>DB01395</drugbank-id>
      <name>Drospirenone</name>
      <description>The risk or severity of adverse effects can be increased when Drospirenone is combined with Lepirudin.</description>
    </drug-interaction>
    <drug-interaction>
      <drugbank-id>DB04839</drugbank-id>
      <name>Cyproterone acetate</name>
      <description>The risk or severity of adverse effects can be increased when Cyproterone acetate is combined with Lepirudin.</description>
    </drug-interaction>
    <drug-interaction>
      <drugbank-id>DB06730</drugbank-id>
      <name>Gestodene</name>
      <description>The risk or severity of adverse effects can be increased when Gestodene is combined with Lepirudin.</description>
    </drug-interaction>
    <drug-interaction>
      <drugbank-id>DB09123</drugbank-id>
      <name>Dienogest</name>
      <description>The risk or severity of adverse effects can be increased when Dienogest is combined with Lepirudin.</description>
    </drug-interaction>
    <drug-interaction>
      <drugbank-id>DB09371</drugbank-id>
      <name>Norethynodrel</name>
      <description>The risk or severity of adverse effects can be increased when Norethynodrel is combined with Lepirudin.</description>
    </drug-interaction>
    <drug-interaction>
      <drugbank-id>DB09389</drugbank-id>
      <name>Norgestrel</name>
      <description>The risk or severity of adverse effects can be increased when Norgestrel is combined with Lepirudin.</description>
    </drug-interaction>
    <drug-interaction>
      <drugbank-id>DB11619</drugbank-id>
      <name>Gestrinone</name>
      <description>The risk or severity of adverse effects can be increased when Gestrinone is combined with Lepirudin.</description>
    </drug-interaction>
    <drug-interaction>
      <drugbank-id>DB12474</drugbank-id>
      <name>Lynestrenol</name>
      <description>The risk or severity of adverse effects can be increased when Lynestrenol is combined with Lepirudin.</description>
    </drug-interaction>
    <drug-interaction>
      <drugbank-id>DB13528</drugbank-id>
      <name>Chlormadinone</name>
      <description>The risk or severity of adverse effects can be increased when Chlormadinone is combined with Lepirudin.</description>
    </drug-interaction>
    <drug-interaction>
      <drugbank-id>DB13563</drugbank-id>
      <name>Norgestrienone</name>
      <description>The risk or severity of adverse effects can be increased when Norgestrienone is combined with Lepirudin.</description>
    </drug-interaction>
    <drug-interaction>
      <drugbank-id>DB13685</drugbank-id>
      <name>Quingestanol</name>
      <description>The risk or severity of adverse effects can be increased when Quingestanol is combined with Lepirudin.</description>
    </drug-interaction>
    <drug-interaction>
      <drugbank-id>DB13857</drugbank-id>
      <name>Demegestone</name>
      <description>The risk or severity of adverse effects can be increased when Demegestone is combined with Lepirudin.</description>
    </drug-interaction>
    <drug-interaction>
      <drugbank-id>DB13981</drugbank-id>
      <name>Nomegestrol acetate</name>
      <description>The risk or severity of adverse effects can be increased when Nomegestrol acetate is combined with Lepirudin.</description>
    </drug-interaction>
    <drug-interaction>
      <drugbank-id>DB14678</drugbank-id>
      <name>Norethindrone enanthate</name>
      <description>The risk or severity of adverse effects can be increased when Norethindrone enanthate is combined with Lepirudin.</description>
    </drug-interaction>
    <drug-interaction>
      <drugbank-id>DB15775</drugbank-id>
      <name>Algestone acetophenide</name>
      <description>The risk or severity of adverse effects can be increased when Algestone acetophenide is combined with Lepirudin.</description>
    </drug-interaction>
    <drug-interaction>
      <drugbank-id>DB15903</drugbank-id>
      <name>Chlormadinone acetate</name>
      <description>The risk or severity of adverse effects can be increased when Chlormadinone acetate is combined with Lepirudin.</description>
    </drug-interaction>
    <drug-interaction>
      <drugbank-id>DB12235</drugbank-id>
      <name>Estetrol</name>
      <description>The risk or severity of adverse effects can be increased when Estetrol is combined with Lepirudin.</description>
    </drug-interaction>
    <drug-interaction>
      <drugbank-id>DB11201</drugbank-id>
      <name>Menthyl salicylate</name>
      <description>The risk or severity of bleeding and hemorrhage can be increased when Menthyl salicylate is combined with Lepirudin.</description>
    </drug-interaction>
    <drug-interaction>
      <drugbank-id>DB11323</drugbank-id>
      <name>Glycol salicylate</name>
      <description>The risk or severity of bleeding and hemorrhage can be increased when Glycol salicylate is combined with Lepirudin.</description>
    </drug-interaction>
    <drug-interaction>
      <drugbank-id>DB15119</drugbank-id>
      <name>Ropeginterferon alfa-2b</name>
      <description>The risk or severity of bleeding can be increased when Lepirudin is combined with Ropeginterferon alfa-2b.</description>
    </drug-interaction>
  </drug-interactions>
  <sequences>
    <sequence format="FASTA">&gt;DB00001 sequence
LVYTDCTESGQNLCLCEGSNVCGQGNKCILGSDGEKNQCVTGEGTPKPQSHNDGDFEEIP
EEYLQ</sequence>
  </sequences>
  <experimental-properties>
    <property>
      <kind>Melting Point</kind>
      <value>65 °C</value>
      <source>Otto, A. &amp; Seckler, R. Eur. J. Biochem. 202:67-73 (1991)</source>
    </property>
    <property>
      <kind>Hydrophobicity</kind>
      <value>-0.777</value>
      <source/>
    </property>
    <property>
      <kind>Isoelectric Point</kind>
      <value>4.04</value>
      <source/>
    </property>
    <property>
      <kind>Molecular Weight</kind>
      <value>6963.425</value>
      <source/>
    </property>
    <property>
      <kind>Molecular Formula</kind>
      <value>C287H440N80O110S6</value>
      <source/>
    </property>
  </experimental-properties>
  <external-identifiers>
    <external-identifier>
      <resource>Drugs Product Database (DPD)</resource>
      <identifier>11916</identifier>
    </external-identifier>
    <external-identifier>
      <resource>PubChem Substance</resource>
      <identifier>46507011</identifier>
    </external-identifier>
    <external-identifier>
      <resource>KEGG Drug</resource>
      <identifier>D06880</identifier>
    </external-identifier>
    <external-identifier>
      <resource>PharmGKB</resource>
      <identifier>PA450195</identifier>
    </external-identifier>
    <external-identifier>
      <resource>UniProtKB</resource>
      <identifier>P01050</identifier>
    </external-identifier>
    <external-identifier>
      <resource>Therapeutic Targets Database</resource>
      <identifier>DAP000541</identifier>
    </external-identifier>
    <external-identifier>
      <resource>Wikipedia</resource>
      <identifier>Lepirudin</identifier>
    </external-identifier>
    <external-identifier>
      <resource>ChEMBL</resource>
      <identifier>CHEMBL1201666</identifier>
    </external-identifier>
    <external-identifier>
      <resource>RxCUI</resource>
      <identifier>237057</identifier>
    </external-identifier>
  </external-identifiers>
  <external-links>
    <external-link>
      <resource>RxList</resource>
      <url>http://www.rxlist.com/cgi/generic/lepirudin.htm</url>
    </external-link>
    <external-link>
      <resource>Drugs.com</resource>
      <url>http://www.drugs.com/cdi/lepirudin.html</url>
    </external-link>
  </external-links>
  <pathways>
    <pathway>
      <smpdb-id>SMP0000278</smpdb-id>
      <name>Lepirudin Action Pathway</name>
      <category>drug_action</category>
      <drugs>
        <drug>
          <drugbank-id>DB00001</drugbank-id>
          <name>Lepirudin</name>
        </drug>
        <drug>
          <drugbank-id>DB01022</drugbank-id>
          <name>Phylloquinone</name>
        </drug>
        <drug>
          <drugbank-id>DB01373</drugbank-id>
          <name>Calcium</name>
        </drug>
      </drugs>
      <enzymes>
        <uniprot-id>P00734</uniprot-id>
        <uniprot-id>P00748</uniprot-id>
        <uniprot-id>P02452</uniprot-id>
        <uniprot-id>P03952</uniprot-id>
        <uniprot-id>P03951</uniprot-id>
        <uniprot-id>P00740</uniprot-id>
        <uniprot-id>P00451</uniprot-id>
        <uniprot-id>P12259</uniprot-id>
        <uniprot-id>P00742</uniprot-id>
        <uniprot-id>P02671</uniprot-id>
        <uniprot-id>P02675</uniprot-id>
        <uniprot-id>P02679</uniprot-id>
        <uniprot-id>P00488</uniprot-id>
        <uniprot-id>P05160</uniprot-id>
        <uniprot-id>P00747</uniprot-id>
        <uniprot-id>P00750</uniprot-id>
        <uniprot-id>P08709</uniprot-id>
        <uniprot-id>P13726</uniprot-id>
        <uniprot-id>Q9BQB6</uniprot-id>
        <uniprot-id>P38435</uniprot-id>
      </enzymes>
    </pathway>
  </pathways>
  <reactions/>
  <snp-effects/>
  <snp-adverse-drug-reactions/>
  <targets>
    <target>
      <id>BE0000048</id>
      <name>Prothrombin</name>
      <organism>Humans</organism>
      <actions>
        <action>inhibitor</action>
      </actions>
      <references>
        <articles>
          <article>
            <ref-id>A1703</ref-id>
            <pubmed-id>10505536</pubmed-id>
            <citation>Turpie AG: Anticoagulants in acute coronary syndromes. Am J Cardiol. 1999 Sep 2;84(5A):2M-6M.</citation>
          </article>
          <article>
            <ref-id>A1705</ref-id>
            <pubmed-id>10912644</pubmed-id>
            <citation>Warkentin TE: Venous thromboembolism in heparin-induced thrombocytopenia. Curr Opin Pulm Med. 2000 Jul;6(4):343-51.</citation>
          </article>
          <article>
            <ref-id>A1707</ref-id>
            <pubmed-id>11055889</pubmed-id>
            <citation>Eriksson BI: New therapeutic options in deep vein thrombosis prophylaxis. Semin Hematol. 2000 Jul;37(3 Suppl 5):7-9.</citation>
          </article>
          <article>
            <ref-id>A1709</ref-id>
            <pubmed-id>11467439</pubmed-id>
            <citation>Fabrizio MC: Use of ecarin clotting time (ECT) with lepirudin therapy in heparin-induced thrombocytopenia and cardiopulmonary bypass. J Extra Corpor Technol. 2001 May;33(2):117-25.</citation>
          </article>
          <article>
            <ref-id>A1711</ref-id>
            <pubmed-id>11807012</pubmed-id>
            <citation>Szaba FM, Smiley ST: Roles for thrombin and fibrin(ogen) in cytokine/chemokine production and macrophage adhesion in vivo. Blood. 2002 Feb 1;99(3):1053-9.</citation>
          </article>
          <article>
            <ref-id>A9</ref-id>
            <pubmed-id>11752352</pubmed-id>
            <citation>Chen X, Ji ZL, Chen YZ: TTD: Therapeutic Target Database. Nucleic Acids Res. 2002 Jan 1;30(1):412-5.</citation>
          </article>
        </articles>
        <textbooks/>
        <links/>
        <attachments/>
      </references>
      <known-action>yes</known-action>
      <polypeptide id="P00734" source="Swiss-Prot">
        <name>Prothrombin</name>
        <general-function>Thrombospondin receptor activity</general-function>
        <specific-function>Thrombin, which cleaves bonds after Arg and Lys, converts fibrinogen to fibrin and activates factors V, VII, VIII, XIII, and, in complex with thrombomodulin, protein C. Functions in blood homeostasis, inflammation and wound healing.</specific-function>
        <gene-name>F2</gene-name>
        <locus>11p11-q12</locus>
        <cellular-location>Secreted</cellular-location>
        <transmembrane-regions/>
        <signal-regions>1-24</signal-regions>
        <theoretical-pi>5.7</theoretical-pi>
        <molecular-weight>70036.295</molecular-weight>
        <chromosome-location>11</chromosome-location>
        <organism ncbi-taxonomy-id="9606">Humans</organism>
        <external-identifiers>
          <external-identifier>
            <resource>HUGO Gene Nomenclature Committee (HGNC)</resource>
            <identifier>HGNC:3535</identifier>
          </external-identifier>
          <external-identifier>
            <resource>GenAtlas</resource>
            <identifier>F2</identifier>
          </external-identifier>
          <external-identifier>
            <resource>GenBank Gene Database</resource>
            <identifier>M17262</identifier>
          </external-identifier>
          <external-identifier>
            <resource>GenBank Protein Database</resource>
            <identifier>339641</identifier>
          </external-identifier>
          <external-identifier>
            <resource>Guide to Pharmacology</resource>
            <identifier>2362</identifier>
          </external-identifier>
          <external-identifier>
            <resource>UniProtKB</resource>
            <identifier>P00734</identifier>
          </external-identifier>
          <external-identifier>
            <resource>UniProt Accession</resource>
            <identifier>THRB_HUMAN</identifier>
          </external-identifier>
        </external-identifiers>
        <synonyms>
          <synonym>3.4.21.5</synonym>
          <synonym>Coagulation factor II</synonym>
        </synonyms>
        <amino-acid-sequence format="FASTA">&gt;lcl|BSEQ0016004|Prothrombin
MAHVRGLQLPGCLALAALCSLVHSQHVFLAPQQARSLLQRVRRANTFLEEVRKGNLEREC
VEETCSYEEAFEALESSTATDVFWAKYTACETARTPRDKLAACLEGNCAEGLGTNYRGHV
NITRSGIECQLWRSRYPHKPEINSTTHPGADLQENFCRNPDSSTTGPWCYTTDPTVRRQE
CSIPVCGQDQVTVAMTPRSEGSSVNLSPPLEQCVPDRGQQYQGRLAVTTHGLPCLAWASA
QAKALSKHQDFNSAVQLVENFCRNPDGDEEGVWCYVAGKPGDFGYCDLNYCEEAVEEETG
DGLDEDSDRAIEGRTATSEYQTFFNPRTFGSGEADCGLRPLFEKKSLEDKTERELLESYI
DGRIVEGSDAEIGMSPWQVMLFRKSPQELLCGASLISDRWVLTAAHCLLYPPWDKNFTEN
DLLVRIGKHSRTRYERNIEKISMLEKIYIHPRYNWRENLDRDIALMKLKKPVAFSDYIHP
VCLPDRETAASLLQAGYKGRVTGWGNLKETWTANVGKGQPSVLQVVNLPIVERPVCKDST
RIRITDNMFCAGYKPDEGKRGDACEGDSGGPFVMKSPFNNRWYQMGIVSWGEGCDRDGKY
GFYTHVFRLKKWIQKVIDQFGE</amino-acid-sequence>
        <gene-sequence format="FASTA">&gt;lcl|BSEQ0016005|Prothrombin (F2)
ATGGCGCACGTCCGAGGCTTGCAGCTGCCTGGCTGCCTGGCCCTGGCTGCCCTGTGTAGC
CTTGTGCACAGCCAGCATGTGTTCCTGGCTCCTCAGCAAGCACGGTCGCTGCTCCAGCGG
GTCCGGCGAGCCAACACCTTCTTGGAGGAGGTGCGCAAGGGCAACCTGGAGCGAGAGTGC
GTGGAGGAGACGTGCAGCTACGAGGAGGCCTTCGAGGCTCTGGAGTCCTCCACGGCTACG
GATGTGTTCTGGGCCAAGTACACAGCTTGTGAGACAGCGAGGACGCCTCGAGATAAGCTT
GCTGCATGTCTGGAAGGTAACTGTGCTGAGGGTCTGGGTACGAACTACCGAGGGCATGTG
AACATCACCCGGTCAGGCATTGAGTGCCAGCTATGGAGGAGTCGCTACCCACATAAGCCT
GAAATCAACTCCACTACCCATCCTGGGGCCGACCTACAGGAGAATTTCTGCCGCAACCCC
GACAGCAGCACCACGGGACCCTGGTGCTACACTACAGACCCCACCGTGAGGAGGCAGGAA
TGCAGCATCCCTGTCTGTGGCCAGGATCAAGTCACTGTAGCGATGACTCCACGCTCCGAA
GGCTCCAGTGTGAATCTGTCACCTCCATTGGAGCAGTGTGTCCCTGATCGGGGGCAGCAG
TACCAGGGGCGCCTGGCGGTGACCACACATGGGCTCCCCTGCCTGGCCTGGGCCAGCGCA
CAGGCCAAGGCCCTGAGCAAGCACCAGGACTTCAACTCAGCTGTGCAGCTGGTGGAGAAC
TTCTGCCGCAACCCAGACGGGGATGAGGAGGGCGTGTGGTGCTATGTGGCCGGGAAGCCT
GGCGACTTTGGGTACTGCGACCTCAACTATTGTGAGGAGGCCGTGGAGGAGGAGACAGGA
GATGGGCTGGATGAGGACTCAGACAGGGCCATCGAAGGGCGTACCGCCACCAGTGAGTAC
CAGACTTTCTTCAATCCGAGGACCTTTGGCTCGGGAGAGGCAGACTGTGGGCTGCGACCT
CTGTTCGAGAAGAAGTCGCTGGAGGACAAAACCGAAAGAGAGCTCCTGGAATCCTACATC
GACGGGCGCATTGTGGAGGGCTCGGATGCAGAGATCGGCATGTCACCTTGGCAGGTGATG
CTTTTCCGGAAGAGTCCCCAGGAGCTGCTGTGTGGGGCCAGCCTCATCAGTGACCGCTGG
GTCCTCACCGCCGCCCACTGCCTCCTGTACCCGCCCTGGGACAAGAACTTCACCGAGAAT
GACCTTCTGGTGCGCATTGGCAAGCACTCCCGCACCAGGTACGAGCGAAACATTGAAAAG
ATATCCATGTTGGAAAAGATCTACATCCACCCCAGGTACAACTGGCGGGAGAACCTGGAC
CGGGACATTGCCCTGATGAAGCTGAAGAAGCCTGTTGCCTTCAGTGACTACATTCACCCT
GTGTGTCTGCCCGACAGGGAGACGGCAGCCAGCTTGCTCCAGGCTGGATACAAGGGGCGG
GTGACAGGCTGGGGCAACCTGAAGGAGACGTGGACAGCCAACGTTGGTAAGGGGCAGCCC
AGTGTCCTGCAGGTGGTGAACCTGCCCATTGTGGAGCGGCCGGTCTGCAAGGACTCCACC
CGGATCCGCATCACTGACAACATGTTCTGTGCTGGTTACAAGCCTGATGAAGGGAAACGA
GGGGATGCCTGTGAAGGTGACAGTGGGGGACCCTTTGTCATGAAGAGCCCCTTTAACAAC
CGCTGGTATCAAATGGGCATCGTCTCATGGGGTGAAGGCTGTGACCGGGATGGGAAATAT
GGCTTCTACACACATGTGTTCCGCCTGAAGAAGTGGATACAGAAGGTCATTGATCAGTTT
GGAGAGTAG</gene-sequence>
        <pfams>
          <pfam>
            <identifier>PF00594</identifier>
            <name>Gla</name>
          </pfam>
          <pfam>
            <identifier>PF00051</identifier>
            <name>Kringle</name>
          </pfam>
          <pfam>
            <identifier>PF00089</identifier>
            <name>Trypsin</name>
          </pfam>
          <pfam>
            <identifier>PF09396</identifier>
            <name>Thrombin_light</name>
          </pfam>
        </pfams>
        <go-classifiers>
          <go-classifier>
            <category>component</category>
            <description>blood microparticle</description>
          </go-classifier>
          <go-classifier>
            <category>component</category>
            <description>cytosol</description>
          </go-classifier>
          <go-classifier>
            <category>component</category>
            <description>endoplasmic reticulum lumen</description>
          </go-classifier>
          <go-classifier>
            <category>component</category>
            <description>extracellular exosome</description>
          </go-classifier>
          <go-classifier>
            <category>component</category>
            <description>extracellular matrix</description>
          </go-classifier>
          <go-classifier>
            <category>component</category>
            <description>extracellular region</description>
          </go-classifier>
          <go-classifier>
            <category>component</category>
            <description>extracellular space</description>
          </go-classifier>
          <go-classifier>
            <category>component</category>
            <description>Golgi lumen</description>
          </go-classifier>
          <go-classifier>
            <category>component</category>
            <description>plasma membrane</description>
          </go-classifier>
          <go-classifier>
            <category>function</category>
            <description>calcium ion binding</description>
          </go-classifier>
          <go-classifier>
            <category>function</category>
            <description>growth factor activity</description>
          </go-classifier>
          <go-classifier>
            <category>function</category>
            <description>receptor binding</description>
          </go-classifier>
          <go-classifier>
            <category>function</category>
            <description>serine-type endopeptidase activity</description>
          </go-classifier>
          <go-classifier>
            <category>function</category>
            <description>thrombospondin receptor activity</description>
          </go-classifier>
          <go-classifier>
            <category>process</category>
            <description>acute-phase response</description>
          </go-classifier>
          <go-classifier>
            <category>process</category>
            <description>blood coagulation</description>
          </go-classifier>
          <go-classifier>
            <category>process</category>
            <description>blood coagulation, intrinsic pathway</description>
          </go-classifier>
          <go-classifier>
            <category>process</category>
            <description>cell surface receptor signaling pathway</description>
          </go-classifier>
          <go-classifier>
            <category>process</category>
            <description>cellular protein metabolic process</description>
          </go-classifier>
          <go-classifier>
            <category>process</category>
            <description>cellular response to mechanical stimulus</description>
          </go-classifier>
          <go-classifier>
            <category>process</category>
            <description>cytosolic calcium ion homeostasis</description>
          </go-classifier>
          <go-classifier>
            <category>process</category>
            <description>fibrinolysis</description>
          </go-classifier>
          <go-classifier>
            <category>process</category>
            <description>leukocyte migration</description>
          </go-classifier>
          <go-classifier>
            <category>process</category>
            <description>multicellular organismal development</description>
          </go-classifier>
          <go-classifier>
            <category>process</category>
            <description>negative regulation of astrocyte differentiation</description>
          </go-classifier>
          <go-classifier>
            <category>process</category>
            <description>negative regulation of fibrinolysis</description>
          </go-classifier>
          <go-classifier>
            <category>process</category>
            <description>negative regulation of platelet activation</description>
          </go-classifier>
          <go-classifier>
            <category>process</category>
            <description>negative regulation of proteolysis</description>
          </go-classifier>
          <go-classifier>
            <category>process</category>
            <description>peptidyl-glutamic acid carboxylation</description>
          </go-classifier>
          <go-classifier>
            <category>process</category>
            <description>platelet activation</description>
          </go-classifier>
          <go-classifier>
            <category>process</category>
            <description>positive regulation of blood coagulation</description>
          </go-classifier>
          <go-classifier>
            <category>process</category>
            <description>positive regulation of cell growth</description>
          </go-classifier>
          <go-classifier>
            <category>process</category>
            <description>positive regulation of cell proliferation</description>
          </go-classifier>
          <go-classifier>
            <category>process</category>
            <description>positive regulation of collagen biosynthetic process</description>
          </go-classifier>
          <go-classifier>
            <category>process</category>
            <description>positive regulation of phosphatidylinositol 3-kinase signaling</description>
          </go-classifier>
          <go-classifier>
            <category>process</category>
            <description>positive regulation of phospholipase C-activating G-protein coupled receptor signaling pathway</description>
          </go-classifier>
          <go-classifier>
            <category>process</category>
            <description>positive regulation of protein phosphorylation</description>
          </go-classifier>
          <go-classifier>
            <category>process</category>
            <description>positive regulation of reactive oxygen species metabolic process</description>
          </go-classifier>
          <go-classifier>
            <category>process</category>
            <description>positive regulation of release of sequestered calcium ion into cytosol</description>
          </go-classifier>
          <go-classifier>
            <category>process</category>
            <description>post-translational protein modification</description>
          </go-classifier>
          <go-classifier>
            <category>process</category>
            <description>proteolysis</description>
          </go-classifier>
          <go-classifier>
            <category>process</category>
            <description>regulation of blood coagulation</description>
          </go-classifier>
          <go-classifier>
            <category>process</category>
            <description>regulation of cell shape</description>
          </go-classifier>
          <go-classifier>
            <category>process</category>
            <description>regulation of gene expression</description>
          </go-classifier>
          <go-classifier>
            <category>process</category>
            <description>response to inactivity</description>
          </go-classifier>
          <go-classifier>
            <category>process</category>
            <description>response to wounding</description>
          </go-classifier>
        </go-classifiers>
      </polypeptide>
    </target>
  </targets>
  <enzymes/>
  <carriers/>
  <transporters/>
</drug>
<drug type="small molecule" created="2005-06-13" updated="2022-01-02">
  <drugbank-id primary="true">DB00014</drugbank-id>
  <drugbank-id>BTD00113</drugbank-id>
  <drugbank-id>BIOD00113</drugbank-id>
  <name>Goserelin</name>
  <description>Goserelin is a synthetic hormone. In men, it stops the production of the hormone testosterone, which may stimulate the growth of cancer cells. In women, goserelin decreases the production of the hormone estradiol (which may stimulate the growth of cancer cells) to levels similar to a postmenopausal state. When the medication is stopped, hormone levels return to normal.</description>
  <cas-number>65807-02-5</cas-number>
  <unii>0F65R8P09N</unii>
  <average-mass>1269.4105</average-mass>
  <monoisotopic-mass>1268.641439486</monoisotopic-mass>
  <state>solid</state>
  <groups>
    <group>approved</group>
  </groups>
  <general-references>
    <articles/>
    <textbooks/>
    <links/>
    <attachments/>
  </general-references>
  <synthesis-reference>Kripa S. Srivastava, Matthew R. Davis, "Solid Phase Peptide for the Production of Goserelin." U.S. Patent US20100311946, issued December 09, 2010.</synthesis-reference>
  <indication>Goserelin is indicated for:&#13;
&#13;
- Use in combination with flutamide for the management of locally confined carcinoma of the prostate&#13;
- Palliative treatment of advanced carcinoma of the prostate&#13;
- The management of endometriosis&#13;
- Use as an endometrial-thinning agent prior to endometrial ablation for dysfunctional uterine bleeding&#13;
- Use in the palliative treatment of advanced breast cancer in pre- and perimenopausal women</indication>
  <pharmacodynamics>The pharmacokinetics of goserelin have been determined in both male and female healthy volunteers and patients. In these studies, goserelin was administered as a single 250µg (aqueous solution) dose and as a single or multiple 3.6 mg depot dose by subcutaneous route.</pharmacodynamics>
  <mechanism-of-action>Goserelin is a synthetic decapeptide analogue of LHRH. Goserelin acts as a potent inhibitor of pituitary gonadotropin secretion when administered in the biodegradable formulation. The result is sustained suppression of LH and serum testosterone levels.</mechanism-of-action>
  <toxicity>No experience of overdosage from clinical trials.</toxicity>
  <metabolism>Hepatic</metabolism>
  <absorption>Inactive orally, rapidly absorbed following subcutaneous administration.</absorption>
  <half-life>4-5 hours</half-life>
  <protein-binding>27.3%</protein-binding>
  <route-of-elimination>Clearance of goserelin following subcutaneous administration of a radiolabeled solution of goserelin was very rapid and occurred via a combination of hepatic and urinary excretion. More than 90% of a subcutaneous radiolabeled solution formulation dose of goserelin was excreted in urine.</route-of-elimination>
  <volume-of-distribution>* 44.1 ± 13.6 L [subcutaneous administration of 250 mcg]</volume-of-distribution>
  <clearance>* 121 +/- 42.4 mL/min [prostate cancer with 10.8 mg depot]</clearance>
  <classification>
    <description>This compound belongs to the class of organic compounds known as oligopeptides. These are organic compounds containing a sequence of between three and ten alpha-amino acids joined by peptide bonds.</description>
    <direct-parent>Oligopeptides</direct-parent>
    <kingdom>Organic compounds</kingdom>
    <superclass>Organic acids and derivatives</superclass>
    <class>Carboxylic acids and derivatives</class>
    <subclass>Amino acids, peptides, and analogues</subclass>
    <alternative-parent>1-hydroxy-2-unsubstituted benzenoids</alternative-parent>
    <alternative-parent>3-alkylindoles</alternative-parent>
    <alternative-parent>Alpha amino acid amides</alternative-parent>
    <alternative-parent>Amphetamines and derivatives</alternative-parent>
    <alternative-parent>Azacyclic compounds</alternative-parent>
    <alternative-parent>Carbonyl compounds</alternative-parent>
    <alternative-parent>Carboximidamides</alternative-parent>
    <alternative-parent>Carboxylic acid hydrazides</alternative-parent>
    <alternative-parent>Dialkyl ethers</alternative-parent>
    <alternative-parent>Guanidines</alternative-parent>
    <alternative-parent>Heteroaromatic compounds</alternative-parent>
    <alternative-parent>Histidine and derivatives</alternative-parent>
    <alternative-parent>Hydrazinecarboxamides</alternative-parent>
    <alternative-parent>Hydrocarbon derivatives</alternative-parent>
    <alternative-parent>Imidazoles</alternative-parent>
    <alternative-parent>Lactams</alternative-parent>
    <alternative-parent>Leucine and derivatives</alternative-parent>
    <alternative-parent>N-acyl amines</alternative-parent>
    <alternative-parent>N-acyl-alpha amino acids and derivatives</alternative-parent>
    <alternative-parent>N-acylpyrrolidines</alternative-parent>
    <alternative-parent>Organic carbonic acids and derivatives</alternative-parent>
    <alternative-parent>Organic oxides</alternative-parent>
    <alternative-parent>Organopnictogen compounds</alternative-parent>
    <alternative-parent>Phenylalanine and derivatives</alternative-parent>
    <alternative-parent>Primary alcohols</alternative-parent>
    <alternative-parent>Proline and derivatives</alternative-parent>
    <alternative-parent>Propargyl-type 1,3-dipolar organic compounds</alternative-parent>
    <alternative-parent>Pyrrolidine-2-ones</alternative-parent>
    <alternative-parent>Pyrrolidinecarboxamides</alternative-parent>
    <alternative-parent>Secondary carboxylic acid amides</alternative-parent>
    <alternative-parent>Semicarbazides</alternative-parent>
    <alternative-parent>Serine and derivatives</alternative-parent>
    <alternative-parent>Substituted pyrroles</alternative-parent>
    <alternative-parent>Tertiary carboxylic acid amides</alternative-parent>
    <alternative-parent>Tryptamines and derivatives</alternative-parent>
    <alternative-parent>Tyrosine and derivatives</alternative-parent>
    <substituent>1-hydroxy-2-unsubstituted benzenoid</substituent>
    <substituent>2-pyrrolidone</substituent>
    <substituent>3-alkylindole</substituent>
    <substituent>Alcohol</substituent>
    <substituent>Alpha-amino acid amide</substituent>
    <substituent>Alpha-amino acid or derivatives</substituent>
    <substituent>Alpha-oligopeptide</substituent>
    <substituent>Amphetamine or derivatives</substituent>
    <substituent>Aromatic heteropolycyclic compound</substituent>
    <substituent>Azacycle</substituent>
    <substituent>Azole</substituent>
    <substituent>Benzenoid</substituent>
    <substituent>Carbonic acid derivative</substituent>
    <substituent>Carbonyl group</substituent>
    <substituent>Carboxamide group</substituent>
    <substituent>Carboximidamide</substituent>
    <substituent>Carboxylic acid hydrazide</substituent>
    <substituent>Dialkyl ether</substituent>
    <substituent>Ether</substituent>
    <substituent>Fatty acyl</substituent>
    <substituent>Fatty amide</substituent>
    <substituent>Guanidine</substituent>
    <substituent>Heteroaromatic compound</substituent>
    <substituent>Histidine or derivatives</substituent>
    <substituent>Hydrazinecarboxamide</substituent>
    <substituent>Hydrocarbon derivative</substituent>
    <substituent>Imidazole</substituent>
    <substituent>Indole</substituent>
    <substituent>Indole or derivatives</substituent>
    <substituent>Lactam</substituent>
    <substituent>Leucine or derivatives</substituent>
    <substituent>Monocyclic benzene moiety</substituent>
    <substituent>N-acyl-alpha amino acid or derivatives</substituent>
    <substituent>N-acyl-amine</substituent>
    <substituent>N-acylpyrrolidine</substituent>
    <substituent>N-substituted-alpha-amino acid</substituent>
    <substituent>Organic 1,3-dipolar compound</substituent>
    <substituent>Organic nitrogen compound</substituent>
    <substituent>Organic oxide</substituent>
    <substituent>Organic oxygen compound</substituent>
    <substituent>Organoheterocyclic compound</substituent>
    <substituent>Organonitrogen compound</substituent>
    <substituent>Organooxygen compound</substituent>
    <substituent>Organopnictogen compound</substituent>
    <substituent>Phenol</substituent>
    <substituent>Phenylalanine or derivatives</substituent>
    <substituent>Primary alcohol</substituent>
    <substituent>Proline or derivatives</substituent>
    <substituent>Propargyl-type 1,3-dipolar organic compound</substituent>
    <substituent>Pyrrole</substituent>
    <substituent>Pyrrolidine</substituent>
    <substituent>Pyrrolidine carboxylic acid or derivatives</substituent>
    <substituent>Pyrrolidine-2-carboxamide</substituent>
    <substituent>Pyrrolidone</substituent>
    <substituent>Secondary carboxylic acid amide</substituent>
    <substituent>Semicarbazide</substituent>
    <substituent>Serine or derivatives</substituent>
    <substituent>Substituted pyrrole</substituent>
    <substituent>Tertiary carboxylic acid amide</substituent>
    <substituent>Triptan</substituent>
    <substituent>Tyrosine or derivatives</substituent>
  </classification>
  <salts>
    <salt>
      <drugbank-id primary="true">DBSALT000093</drugbank-id>
      <name>Goserelin acetate</name>
      <unii>6YUU2PV0U8</unii>
      <cas-number>145781-92-6</cas-number>
      <inchikey>IKDXDQDKCZPQSZ-JHYYTBFNSA-N</inchikey>
      <average-mass>1329.4624</average-mass>
      <monoisotopic-mass>1328.662568858</monoisotopic-mass>
    </salt>
  </salts>
  <synonyms>
    <synonym language="english" coder="inn/usan">Goserelin</synonym>
    <synonym language="spanish" coder="">Goserelina</synonym>
  </synonyms>
  <products>
    <product>
      <name>Zoladex</name>
      <labeller>AstraZeneca Pharmaceuticals LP</labeller>
      <ndc-id/>
      <ndc-product-code>0310-0950</ndc-product-code>
      <dpd-id/>
      <ema-product-code/>
      <ema-ma-number/>
      <started-marketing-on>2003-05-05</started-marketing-on>
      <ended-marketing-on>2020-05-31</ended-marketing-on>
      <dosage-form>Implant</dosage-form>
      <strength>3.6 mg/1</strength>
      <route>Subcutaneous</route>
      <fda-application-number>NDA019726</fda-application-number>
      <generic>false</generic>
      <over-the-counter>false</over-the-counter>
      <approved>true</approved>
      <country>US</country>
      <source>FDA NDC</source>
    </product>
    <product>
      <name>Zoladex</name>
      <labeller>AstraZeneca Pharmaceuticals LP</labeller>
      <ndc-id/>
      <ndc-product-code>0310-0951</ndc-product-code>
      <dpd-id/>
      <ema-product-code/>
      <ema-ma-number/>
      <started-marketing-on>2003-05-05</started-marketing-on>
      <ended-marketing-on>2020-03-31</ended-marketing-on>
      <dosage-form>Implant</dosage-form>
      <strength>10.8 mg/1</strength>
      <route>Subcutaneous</route>
      <fda-application-number>NDA020578</fda-application-number>
      <generic>false</generic>
      <over-the-counter>false</over-the-counter>
      <approved>true</approved>
      <country>US</country>
      <source>FDA NDC</source>
    </product>
    <product>
      <name>Zoladex</name>
      <labeller>Tersera Therapeutics Llc</labeller>
      <ndc-id/>
      <ndc-product-code>70720-950</ndc-product-code>
      <dpd-id/>
      <ema-product-code/>
      <ema-ma-number/>
      <started-marketing-on>2018-03-31</started-marketing-on>
      <ended-marketing-on/>
      <dosage-form>Implant</dosage-form>
      <strength>3.6 mg/1</strength>
      <route>Subcutaneous</route>
      <fda-application-number>NDA019726</fda-application-number>
      <generic>false</generic>
      <over-the-counter>false</over-the-counter>
      <approved>true</approved>
      <country>US</country>
      <source>FDA NDC</source>
    </product>
    <product>
      <name>Zoladex</name>
      <labeller>Tersera Therapeutics Llc</labeller>
      <ndc-id/>
      <ndc-product-code>70720-951</ndc-product-code>
      <dpd-id/>
      <ema-product-code/>
      <ema-ma-number/>
      <started-marketing-on>2018-01-26</started-marketing-on>
      <ended-marketing-on/>
      <dosage-form>Implant</dosage-form>
      <strength>10.8 mg/1</strength>
      <route>Subcutaneous</route>
      <fda-application-number>NDA020578</fda-application-number>
      <generic>false</generic>
      <over-the-counter>false</over-the-counter>
      <approved>true</approved>
      <country>US</country>
      <source>FDA NDC</source>
    </product>
    <product>
      <name>Zoladex</name>
      <labeller>A-S Medication Solutions</labeller>
      <ndc-id/>
      <ndc-product-code>50090-3466</ndc-product-code>
      <dpd-id/>
      <ema-product-code/>
      <ema-ma-number/>
      <started-marketing-on>2018-03-31</started-marketing-on>
      <ended-marketing-on/>
      <dosage-form>Implant</dosage-form>
      <strength>3.6 mg/1</strength>
      <route>Subcutaneous</route>
      <fda-application-number>NDA019726</fda-application-number>
      <generic>false</generic>
      <over-the-counter>false</over-the-counter>
      <approved>true</approved>
      <country>US</country>
      <source>FDA NDC</source>
    </product>
    <product>
      <name>Zoladex</name>
      <labeller>A-S Medication Solutions</labeller>
      <ndc-id/>
      <ndc-product-code>50090-2027</ndc-product-code>
      <dpd-id/>
      <ema-product-code/>
      <ema-ma-number/>
      <started-marketing-on>2003-05-05</started-marketing-on>
      <ended-marketing-on>2019-10-31</ended-marketing-on>
      <dosage-form>Implant</dosage-form>
      <strength>3.6 mg/1</strength>
      <route>Subcutaneous</route>
      <fda-application-number>NDA019726</fda-application-number>
      <generic>false</generic>
      <over-the-counter>false</over-the-counter>
      <approved>true</approved>
      <country>US</country>
      <source>FDA NDC</source>
    </product>
    <product>
      <name>Zoladex</name>
      <labeller>Tersera Therapeutics Llc</labeller>
      <ndc-id/>
      <ndc-product-code/>
      <dpd-id>02049325</dpd-id>
      <ema-product-code/>
      <ema-ma-number/>
      <started-marketing-on>1994-12-31</started-marketing-on>
      <ended-marketing-on/>
      <dosage-form>Implant</dosage-form>
      <strength>3.6 mg</strength>
      <route>Subcutaneous</route>
      <fda-application-number/>
      <generic>false</generic>
      <over-the-counter>false</over-the-counter>
      <approved>true</approved>
      <country>Canada</country>
      <source>DPD</source>
    </product>
    <product>
      <name>Zoladex LA</name>
      <labeller>Tersera Therapeutics Llc</labeller>
      <ndc-id/>
      <ndc-product-code/>
      <dpd-id>02225905</dpd-id>
      <ema-product-code/>
      <ema-ma-number/>
      <started-marketing-on>1996-08-28</started-marketing-on>
      <ended-marketing-on/>
      <dosage-form>Implant</dosage-form>
      <strength>10.8 mg</strength>
      <route>Subcutaneous</route>
      <fda-application-number/>
      <generic>false</generic>
      <over-the-counter>false</over-the-counter>
      <approved>true</approved>
      <country>Canada</country>
      <source>DPD</source>
    </product>
  </products>
  <international-brands/>
  <mixtures>
    <mixture>
      <name>Zoladex</name>
      <ingredients>Goserelin</ingredients>
    </mixture>
    <mixture>
      <name>Zoladex</name>
      <ingredients>Goserelin</ingredients>
    </mixture>
    <mixture>
      <name>Zoladex</name>
      <ingredients>Goserelin</ingredients>
    </mixture>
    <mixture>
      <name>Zoladex</name>
      <ingredients>Goserelin</ingredients>
    </mixture>
    <mixture>
      <name>Zoladex</name>
      <ingredients>Goserelin</ingredients>
    </mixture>
    <mixture>
      <name>Zoladex</name>
      <ingredients>Goserelin</ingredients>
    </mixture>
    <mixture>
      <name>Zoladex</name>
      <ingredients>Goserelin</ingredients>
    </mixture>
    <mixture>
      <name>Zoladex LA</name>
      <ingredients>Goserelin</ingredients>
    </mixture>
  </mixtures>
  <packagers>
    <packager>
      <name>AstraZeneca Inc.</name>
      <url>http://www.astrazeneca.ca</url>
    </packager>
  </packagers>
  <manufacturers>
    <manufacturer generic="false" url="">Astrazeneca uk ltd</manufacturer>
  </manufacturers>
  <prices>
    <price>
      <description>Zoladex 3.6 mg implant syringe</description>
      <cost currency="USD">451.19</cost>
      <unit>syringe</unit>
    </price>
    <price>
      <description>Zoladex 10.8 mg implant syringe</description>
      <cost currency="USD">1380.65</cost>
      <unit>syringe</unit>
    </price>
  </prices>
  <categories>
    <category>
      <category>Adrenal Cortex Hormones</category>
      <mesh-id>D000305</mesh-id>
    </category>
    <category>
      <category>Amino Acids, Peptides, and Proteins</category>
      <mesh-id>D000602</mesh-id>
    </category>
    <category>
      <category>Antineoplastic Agents</category>
      <mesh-id>D000970</mesh-id>
    </category>
    <category>
      <category>Antineoplastic Agents, Hormonal</category>
      <mesh-id>D018931</mesh-id>
    </category>
    <category>
      <category>Antineoplastic and Immunomodulating Agents</category>
      <mesh-id/>
    </category>
    <category>
      <category>Drugs that are Mainly Renally Excreted</category>
      <mesh-id/>
    </category>
    <category>
      <category>Endocrine Therapy</category>
      <mesh-id/>
    </category>
    <category>
      <category>Gonadotropin Releasing Hormone Receptor Agonist</category>
      <mesh-id/>
    </category>
    <category>
      <category>Gonadotropin Releasing Hormone Receptor Agonists</category>
      <mesh-id/>
    </category>
    <category>
      <category>Gonadotropin-releasing hormone agonist</category>
      <mesh-id>D007987</mesh-id>
    </category>
    <category>
      <category>Gonadotropins and Antigonadotropins</category>
      <mesh-id/>
    </category>
    <category>
      <category>Hormones</category>
      <mesh-id>D006728</mesh-id>
    </category>
    <category>
      <category>Hormones and Related Agents</category>
      <mesh-id/>
    </category>
    <category>
      <category>Hormones, Hormone Substitutes, and Hormone Antagonists</category>
      <mesh-id>D006730</mesh-id>
    </category>
    <category>
      <category>Hyperglycemia-Associated Agents</category>
      <mesh-id/>
    </category>
    <category>
      <category>Hypothalamic Hormones</category>
      <mesh-id>D007028</mesh-id>
    </category>
    <category>
      <category>Miscellaneous Therapeutic Agents</category>
      <mesh-id/>
    </category>
    <category>
      <category>Moderate Risk QTc-Prolonging Agents</category>
      <mesh-id/>
    </category>
    <category>
      <category>Nerve Tissue Proteins</category>
      <mesh-id>D009419</mesh-id>
    </category>
    <category>
      <category>Neuropeptides</category>
      <mesh-id>D009479</mesh-id>
    </category>
    <category>
      <category>Oligopeptides</category>
      <mesh-id>D009842</mesh-id>
    </category>
    <category>
      <category>Peptide Hormones</category>
      <mesh-id>D036361</mesh-id>
    </category>
    <category>
      <category>Peptides</category>
      <mesh-id>D010455</mesh-id>
    </category>
    <category>
      <category>Pituitary Hormone-Releasing Hormones</category>
      <mesh-id>D010906</mesh-id>
    </category>
    <category>
      <category>QTc Prolonging Agents</category>
      <mesh-id/>
    </category>
  </categories>
  <affected-organisms>
    <affected-organism>Humans and other mammals</affected-organism>
  </affected-organisms>
  <dosages>
    <dosage>
      <form>Implant</form>
      <route>Parenteral; Subcutaneous</route>
      <strength>10.8 MG</strength>
    </dosage>
    <dosage>
      <form>Implant</form>
      <route>Parenteral; Subcutaneous</route>
      <strength>3.6 MG</strength>
    </dosage>
    <dosage>
      <form>Implant</form>
      <route>Subcutaneous</route>
      <strength>10.8 mg/1</strength>
    </dosage>
    <dosage>
      <form>Implant</form>
      <route>Subcutaneous</route>
      <strength>3.6 mg/1</strength>
    </dosage>
    <dosage>
      <form>Injection</form>
      <route>Subcutaneous</route>
      <strength/>
    </dosage>
    <dosage>
      <form>Implant</form>
      <route>Subcutaneous</route>
      <strength>3.6 mg</strength>
    </dosage>
    <dosage>
      <form>Implant</form>
      <route>Subcutaneous</route>
      <strength>10.8 mg</strength>
    </dosage>
    <dosage>
      <form>Implant</form>
      <route/>
      <strength/>
    </dosage>
    <dosage>
      <form>Implant</form>
      <route>Subcutaneous</route>
      <strength/>
    </dosage>
    <dosage>
      <form>Injection</form>
      <route>Subcutaneous</route>
      <strength>3.6 mg</strength>
    </dosage>
    <dosage>
      <form>Injection</form>
      <route>Subcutaneous</route>
      <strength>10.8 mg</strength>
    </dosage>
    <dosage>
      <form>Solution</form>
      <route/>
      <strength>3.6 mg</strength>
    </dosage>
    <dosage>
      <form>Solution</form>
      <route/>
      <strength>10.8 mg</strength>
    </dosage>
  </dosages>
  <atc-codes>
    <atc-code code="L02AE03">
      <level code="L02AE">Gonadotropin releasing hormone analogues</level>
      <level code="L02A">HORMONES AND RELATED AGENTS</level>
      <level code="L02">ENDOCRINE THERAPY</level>
      <level code="L">ANTINEOPLASTIC AND IMMUNOMODULATING AGENTS</level>
    </atc-code>
  </atc-codes>
  <ahfs-codes/>
  <pdb-entries/>
  <fda-label>//s3-us-west-2.amazonaws.com/drugbank/fda_labels/DB00014.pdf?1265922794</fda-label>
  <patents>
    <patent>
      <number>7118552</number>
      <country>United States</country>
      <approved>2006-10-10</approved>
      <expires>2022-04-13</expires>
      <pediatric-extension>false</pediatric-extension>
    </patent>
    <patent>
      <number>7220247</number>
      <country>United States</country>
      <approved>2007-05-22</approved>
      <expires>2022-04-09</expires>
      <pediatric-extension>false</pediatric-extension>
    </patent>
    <patent>
      <number>7500964</number>
      <country>United States</country>
      <approved>2009-03-10</approved>
      <expires>2021-02-26</expires>
      <pediatric-extension>false</pediatric-extension>
    </patent>
  </patents>
  <food-interactions/>
  <drug-interactions>
    <drug-interaction>
      <drugbank-id>DB09066</drugbank-id>
      <name>Corifollitropin alfa</name>
      <description>The therapeutic efficacy of Corifollitropin alfa can be increased when used in combination with Goserelin.</description>
    </drug-interaction>
    <drug-interaction>
      <drugbank-id>DB09083</drugbank-id>
      <name>Ivabradine</name>
      <description>Ivabradine may increase the QTc-prolonging activities of Goserelin.</description>
    </drug-interaction>
    <drug-interaction>
      <drugbank-id>DB09277</drugbank-id>
      <name>Choline C 11</name>
      <description>Goserelin may decrease effectiveness of Choline C 11 as a diagnostic agent.</description>
    </drug-interaction>
    <drug-interaction>
      <drugbank-id>DB00089</drugbank-id>
      <name>Capromab pendetide</name>
      <description>Goserelin may decrease effectiveness of Capromab pendetide as a diagnostic agent.</description>
    </drug-interaction>
    <drug-interaction>
      <drugbank-id>DB00030</drugbank-id>
      <name>Insulin human</name>
      <description>The therapeutic efficacy of Insulin human can be decreased when used in combination with Goserelin.</description>
    </drug-interaction>
    <drug-interaction>
      <drugbank-id>DB00046</drugbank-id>
      <name>Insulin lispro</name>
      <description>The therapeutic efficacy of Insulin lispro can be decreased when used in combination with Goserelin.</description>
    </drug-interaction>
    <drug-interaction>
      <drugbank-id>DB00047</drugbank-id>
      <name>Insulin glargine</name>
      <description>The therapeutic efficacy of Insulin glargine can be decreased when used in combination with Goserelin.</description>
    </drug-interaction>
    <drug-interaction>
      <drugbank-id>DB00071</drugbank-id>
      <name>Insulin pork</name>
      <description>The therapeutic efficacy of Insulin pork can be decreased when used in combination with Goserelin.</description>
    </drug-interaction>
    <drug-interaction>
      <drugbank-id>DB00197</drugbank-id>
      <name>Troglitazone</name>
      <description>The therapeutic efficacy of Troglitazone can be decreased when used in combination with Goserelin.</description>
    </drug-interaction>
    <drug-interaction>
      <drugbank-id>DB00222</drugbank-id>
      <name>Glimepiride</name>
      <description>The therapeutic efficacy of Glimepiride can be decreased when used in combination with Goserelin.</description>
    </drug-interaction>
    <drug-interaction>
      <drugbank-id>DB00284</drugbank-id>
      <name>Acarbose</name>
      <description>The therapeutic efficacy of Acarbose can be decreased when used in combination with Goserelin.</description>
    </drug-interaction>
    <drug-interaction>
      <drugbank-id>DB00359</drugbank-id>
      <name>Sulfadiazine</name>
      <description>The therapeutic efficacy of Sulfadiazine can be decreased when used in combination with Goserelin.</description>
    </drug-interaction>
    <drug-interaction>
      <drugbank-id>DB00412</drugbank-id>
      <name>Rosiglitazone</name>
      <description>The therapeutic efficacy of Rosiglitazone can be decreased when used in combination with Goserelin.</description>
    </drug-interaction>
    <drug-interaction>
      <drugbank-id>DB00414</drugbank-id>
      <name>Acetohexamide</name>
      <description>The therapeutic efficacy of Acetohexamide can be decreased when used in combination with Goserelin.</description>
    </drug-interaction>
    <drug-interaction>
      <drugbank-id>DB00491</drugbank-id>
      <name>Miglitol</name>
      <description>The therapeutic efficacy of Miglitol can be decreased when used in combination with Goserelin.</description>
    </drug-interaction>
    <drug-interaction>
      <drugbank-id>DB00672</drugbank-id>
      <name>Chlorpropamide</name>
      <description>The therapeutic efficacy of Chlorpropamide can be decreased when used in combination with Goserelin.</description>
    </drug-interaction>
    <drug-interaction>
      <drugbank-id>DB00731</drugbank-id>
      <name>Nateglinide</name>
      <description>The therapeutic efficacy of Nateglinide can be decreased when used in combination with Goserelin.</description>
    </drug-interaction>
    <drug-interaction>
      <drugbank-id>DB00839</drugbank-id>
      <name>Tolazamide</name>
      <description>The therapeutic efficacy of Tolazamide can be decreased when used in combination with Goserelin.</description>
    </drug-interaction>
    <drug-interaction>
      <drugbank-id>DB00912</drugbank-id>
      <name>Repaglinide</name>
      <description>The therapeutic efficacy of Repaglinide can be decreased when used in combination with Goserelin.</description>
    </drug-interaction>
    <drug-interaction>
      <drugbank-id>DB00914</drugbank-id>
      <name>Phenformin</name>
      <description>The therapeutic efficacy of Phenformin can be decreased when used in combination with Goserelin.</description>
    </drug-interaction>
    <drug-interaction>
      <drugbank-id>DB01016</drugbank-id>
      <name>Glyburide</name>
      <description>The therapeutic efficacy of Glyburide can be decreased when used in combination with Goserelin.</description>
    </drug-interaction>
    <drug-interaction>
      <drugbank-id>DB01067</drugbank-id>
      <name>Glipizide</name>
      <description>The therapeutic efficacy of Glipizide can be decreased when used in combination with Goserelin.</description>
    </drug-interaction>
    <drug-interaction>
      <drugbank-id>DB01120</drugbank-id>
      <name>Gliclazide</name>
      <description>The therapeutic efficacy of Gliclazide can be decreased when used in combination with Goserelin.</description>
    </drug-interaction>
    <drug-interaction>
      <drugbank-id>DB01124</drugbank-id>
      <name>Tolbutamide</name>
      <description>The therapeutic efficacy of Tolbutamide can be decreased when used in combination with Goserelin.</description>
    </drug-interaction>
    <drug-interaction>
      <drugbank-id>DB01132</drugbank-id>
      <name>Pioglitazone</name>
      <description>The therapeutic efficacy of Pioglitazone can be decreased when used in combination with Goserelin.</description>
    </drug-interaction>
    <drug-interaction>
      <drugbank-id>DB01200</drugbank-id>
      <name>Bromocriptine</name>
      <description>The therapeutic efficacy of Bromocriptine can be decreased when used in combination with Goserelin.</description>
    </drug-interaction>
    <drug-interaction>
      <drugbank-id>DB01251</drugbank-id>
      <name>Gliquidone</name>
      <description>The therapeutic efficacy of Gliquidone can be decreased when used in combination with Goserelin.</description>
    </drug-interaction>
    <drug-interaction>
      <drugbank-id>DB01252</drugbank-id>
      <name>Mitiglinide</name>
      <description>The therapeutic efficacy of Mitiglinide can be decreased when used in combination with Goserelin.</description>
    </drug-interaction>
    <drug-interaction>
      <drugbank-id>DB01261</drugbank-id>
      <name>Sitagliptin</name>
      <description>The therapeutic efficacy of Sitagliptin can be decreased when used in combination with Goserelin.</description>
    </drug-interaction>
    <drug-interaction>
      <drugbank-id>DB01276</drugbank-id>
      <name>Exenatide</name>
      <description>The therapeutic efficacy of Exenatide can be decreased when used in combination with Goserelin.</description>
    </drug-interaction>
    <drug-interaction>
      <drugbank-id>DB01277</drugbank-id>
      <name>Mecasermin</name>
      <description>The therapeutic efficacy of Mecasermin can be decreased when used in combination with Goserelin.</description>
    </drug-interaction>
    <drug-interaction>
      <drugbank-id>DB01278</drugbank-id>
      <name>Pramlintide</name>
      <description>The therapeutic efficacy of Pramlintide can be decreased when used in combination with Goserelin.</description>
    </drug-interaction>
    <drug-interaction>
      <drugbank-id>DB01289</drugbank-id>
      <name>Glisoxepide</name>
      <description>The therapeutic efficacy of Glisoxepide can be decreased when used in combination with Goserelin.</description>
    </drug-interaction>
    <drug-interaction>
      <drugbank-id>DB01306</drugbank-id>
      <name>Insulin aspart</name>
      <description>The therapeutic efficacy of Insulin aspart can be decreased when used in combination with Goserelin.</description>
    </drug-interaction>
    <drug-interaction>
      <drugbank-id>DB01307</drugbank-id>
      <name>Insulin detemir</name>
      <description>The therapeutic efficacy of Insulin detemir can be decreased when used in combination with Goserelin.</description>
    </drug-interaction>
    <drug-interaction>
      <drugbank-id>DB01309</drugbank-id>
      <name>Insulin glulisine</name>
      <description>The therapeutic efficacy of Insulin glulisine can be decreased when used in combination with Goserelin.</description>
    </drug-interaction>
    <drug-interaction>
      <drugbank-id>DB01382</drugbank-id>
      <name>Glymidine</name>
      <description>The therapeutic efficacy of Glymidine can be decreased when used in combination with Goserelin.</description>
    </drug-interaction>
    <drug-interaction>
      <drugbank-id>DB01700</drugbank-id>
      <name>AICA ribonucleotide</name>
      <description>The therapeutic efficacy of AICA ribonucleotide can be decreased when used in combination with Goserelin.</description>
    </drug-interaction>
    <drug-interaction>
      <drugbank-id>DB04830</drugbank-id>
      <name>Buformin</name>
      <description>The therapeutic efficacy of Buformin can be decreased when used in combination with Goserelin.</description>
    </drug-interaction>
    <drug-interaction>
      <drugbank-id>DB04876</drugbank-id>
      <name>Vildagliptin</name>
      <description>The therapeutic efficacy of Vildagliptin can be decreased when used in combination with Goserelin.</description>
    </drug-interaction>
    <drug-interaction>
      <drugbank-id>DB04878</drugbank-id>
      <name>Voglibose</name>
      <description>The therapeutic efficacy of Voglibose can be decreased when used in combination with Goserelin.</description>
    </drug-interaction>
    <drug-interaction>
      <drugbank-id>DB05115</drugbank-id>
      <name>NN344</name>
      <description>The therapeutic efficacy of NN344 can be decreased when used in combination with Goserelin.</description>
    </drug-interaction>
    <drug-interaction>
      <drugbank-id>DB06011</drugbank-id>
      <name>AMG-222</name>
      <description>The therapeutic efficacy of AMG-222 can be decreased when used in combination with Goserelin.</description>
    </drug-interaction>
    <drug-interaction>
      <drugbank-id>DB06127</drugbank-id>
      <name>Bisegliptin</name>
      <description>The therapeutic efficacy of Bisegliptin can be decreased when used in combination with Goserelin.</description>
    </drug-interaction>
    <drug-interaction>
      <drugbank-id>DB06203</drugbank-id>
      <name>Alogliptin</name>
      <description>The therapeutic efficacy of Alogliptin can be decreased when used in combination with Goserelin.</description>
    </drug-interaction>
    <drug-interaction>
      <drugbank-id>DB06292</drugbank-id>
      <name>Dapagliflozin</name>
      <description>The therapeutic efficacy of Dapagliflozin can be decreased when used in combination with Goserelin.</description>
    </drug-interaction>
    <drug-interaction>
      <drugbank-id>DB06335</drugbank-id>
      <name>Saxagliptin</name>
      <description>The therapeutic efficacy of Saxagliptin can be decreased when used in combination with Goserelin.</description>
    </drug-interaction>
    <drug-interaction>
      <drugbank-id>DB06655</drugbank-id>
      <name>Liraglutide</name>
      <description>The therapeutic efficacy of Liraglutide can be decreased when used in combination with Goserelin.</description>
    </drug-interaction>
    <drug-interaction>
      <drugbank-id>DB08382</drugbank-id>
      <name>Gosogliptin</name>
      <description>The therapeutic efficacy of Gosogliptin can be decreased when used in combination with Goserelin.</description>
    </drug-interaction>
    <drug-interaction>
      <drugbank-id>DB08882</drugbank-id>
      <name>Linagliptin</name>
      <description>The therapeutic efficacy of Linagliptin can be decreased when used in combination with Goserelin.</description>
    </drug-interaction>
    <drug-interaction>
      <drugbank-id>DB08907</drugbank-id>
      <name>Canagliflozin</name>
      <description>The therapeutic efficacy of Canagliflozin can be decreased when used in combination with Goserelin.</description>
    </drug-interaction>
    <drug-interaction>
      <drugbank-id>DB08962</drugbank-id>
      <name>Glibornuride</name>
      <description>The therapeutic efficacy of Glibornuride can be decreased when used in combination with Goserelin.</description>
    </drug-interaction>
    <drug-interaction>
      <drugbank-id>DB09022</drugbank-id>
      <name>Benfluorex</name>
      <description>The therapeutic efficacy of Benfluorex can be decreased when used in combination with Goserelin.</description>
    </drug-interaction>
    <drug-interaction>
      <drugbank-id>DB09038</drugbank-id>
      <name>Empagliflozin</name>
      <description>The therapeutic efficacy of Empagliflozin can be decreased when used in combination with Goserelin.</description>
    </drug-interaction>
    <drug-interaction>
      <drugbank-id>DB09043</drugbank-id>
      <name>Albiglutide</name>
      <description>The therapeutic efficacy of Albiglutide can be decreased when used in combination with Goserelin.</description>
    </drug-interaction>
    <drug-interaction>
      <drugbank-id>DB09045</drugbank-id>
      <name>Dulaglutide</name>
      <description>The therapeutic efficacy of Dulaglutide can be decreased when used in combination with Goserelin.</description>
    </drug-interaction>
    <drug-interaction>
      <drugbank-id>DB09198</drugbank-id>
      <name>Lobeglitazone</name>
      <description>The therapeutic efficacy of Lobeglitazone can be decreased when used in combination with Goserelin.</description>
    </drug-interaction>
    <drug-interaction>
      <drugbank-id>DB09199</drugbank-id>
      <name>Netoglitazone</name>
      <description>The therapeutic efficacy of Netoglitazone can be decreased when used in combination with Goserelin.</description>
    </drug-interaction>
    <drug-interaction>
      <drugbank-id>DB09200</drugbank-id>
      <name>Rivoglitazone</name>
      <description>The therapeutic efficacy of Rivoglitazone can be decreased when used in combination with Goserelin.</description>
    </drug-interaction>
    <drug-interaction>
      <drugbank-id>DB09201</drugbank-id>
      <name>Ciglitazone</name>
      <description>The therapeutic efficacy of Ciglitazone can be decreased when used in combination with Goserelin.</description>
    </drug-interaction>
    <drug-interaction>
      <drugbank-id>DB09265</drugbank-id>
      <name>Lixisenatide</name>
      <description>The therapeutic efficacy of Lixisenatide can be decreased when used in combination with Goserelin.</description>
    </drug-interaction>
    <drug-interaction>
      <drugbank-id>DB09456</drugbank-id>
      <name>Insulin beef</name>
      <description>The therapeutic efficacy of Insulin beef can be decreased when used in combination with Goserelin.</description>
    </drug-interaction>
    <drug-interaction>
      <drugbank-id>DB09564</drugbank-id>
      <name>Insulin degludec</name>
      <description>The therapeutic efficacy of Insulin degludec can be decreased when used in combination with Goserelin.</description>
    </drug-interaction>
    <drug-interaction>
      <drugbank-id>DB11567</drugbank-id>
      <name>Insulin peglispro</name>
      <description>The therapeutic efficacy of Insulin peglispro can be decreased when used in combination with Goserelin.</description>
    </drug-interaction>
    <drug-interaction>
      <drugbank-id>DB11568</drugbank-id>
      <name>Insulin tregopil</name>
      <description>The therapeutic efficacy of Insulin tregopil can be decreased when used in combination with Goserelin.</description>
    </drug-interaction>
    <drug-interaction>
      <drugbank-id>DB11698</drugbank-id>
      <name>Ipragliflozin</name>
      <description>The therapeutic efficacy of Ipragliflozin can be decreased when used in combination with Goserelin.</description>
    </drug-interaction>
    <drug-interaction>
      <drugbank-id>DB11723</drugbank-id>
      <name>Dutogliptin</name>
      <description>The therapeutic efficacy of Dutogliptin can be decreased when used in combination with Goserelin.</description>
    </drug-interaction>
    <drug-interaction>
      <drugbank-id>DB11780</drugbank-id>
      <name>Allicin</name>
      <description>The therapeutic efficacy of Allicin can be decreased when used in combination with Goserelin.</description>
    </drug-interaction>
    <drug-interaction>
      <drugbank-id>DB11824</drugbank-id>
      <name>Tofogliflozin</name>
      <description>The therapeutic efficacy of Tofogliflozin can be decreased when used in combination with Goserelin.</description>
    </drug-interaction>
    <drug-interaction>
      <drugbank-id>DB11827</drugbank-id>
      <name>Ertugliflozin</name>
      <description>The therapeutic efficacy of Ertugliflozin can be decreased when used in combination with Goserelin.</description>
    </drug-interaction>
    <drug-interaction>
      <drugbank-id>DB11898</drugbank-id>
      <name>2,4-thiazolidinedione</name>
      <description>The therapeutic efficacy of 2,4-thiazolidinedione can be decreased when used in combination with Goserelin.</description>
    </drug-interaction>
    <drug-interaction>
      <drugbank-id>DB11950</drugbank-id>
      <name>Teneligliptin</name>
      <description>The therapeutic efficacy of Teneligliptin can be decreased when used in combination with Goserelin.</description>
    </drug-interaction>
    <drug-interaction>
      <drugbank-id>DB11992</drugbank-id>
      <name>Omarigliptin</name>
      <description>The therapeutic efficacy of Omarigliptin can be decreased when used in combination with Goserelin.</description>
    </drug-interaction>
    <drug-interaction>
      <drugbank-id>DB12268</drugbank-id>
      <name>Carmegliptin</name>
      <description>The therapeutic efficacy of Carmegliptin can be decreased when used in combination with Goserelin.</description>
    </drug-interaction>
    <drug-interaction>
      <drugbank-id>DB12412</drugbank-id>
      <name>Gemigliptin</name>
      <description>The therapeutic efficacy of Gemigliptin can be decreased when used in combination with Goserelin.</description>
    </drug-interaction>
    <drug-interaction>
      <drugbank-id>DB12417</drugbank-id>
      <name>Anagliptin</name>
      <description>The therapeutic efficacy of Anagliptin can be decreased when used in combination with Goserelin.</description>
    </drug-interaction>
    <drug-interaction>
      <drugbank-id>DB12625</drugbank-id>
      <name>Evogliptin</name>
      <description>The therapeutic efficacy of Evogliptin can be decreased when used in combination with Goserelin.</description>
    </drug-interaction>
    <drug-interaction>
      <drugbank-id>DB12713</drugbank-id>
      <name>Sotagliflozin</name>
      <description>The therapeutic efficacy of Sotagliflozin can be decreased when used in combination with Goserelin.</description>
    </drug-interaction>
    <drug-interaction>
      <drugbank-id>DB12781</drugbank-id>
      <name>Balaglitazone</name>
      <description>The therapeutic efficacy of Balaglitazone can be decreased when used in combination with Goserelin.</description>
    </drug-interaction>
    <drug-interaction>
      <drugbank-id>DB12935</drugbank-id>
      <name>Remogliflozin etabonate</name>
      <description>The therapeutic efficacy of Remogliflozin etabonate can be decreased when used in combination with Goserelin.</description>
    </drug-interaction>
    <drug-interaction>
      <drugbank-id>DB13406</drugbank-id>
      <name>Carbutamide</name>
      <description>The therapeutic efficacy of Carbutamide can be decreased when used in combination with Goserelin.</description>
    </drug-interaction>
    <drug-interaction>
      <drugbank-id>DB13446</drugbank-id>
      <name>Guar gum</name>
      <description>The therapeutic efficacy of Guar gum can be decreased when used in combination with Goserelin.</description>
    </drug-interaction>
    <drug-interaction>
      <drugbank-id>DB13675</drugbank-id>
      <name>Metahexamide</name>
      <description>The therapeutic efficacy of Metahexamide can be decreased when used in combination with Goserelin.</description>
    </drug-interaction>
    <drug-interaction>
      <drugbank-id>DB13928</drugbank-id>
      <name>Semaglutide</name>
      <description>The therapeutic efficacy of Semaglutide can be decreased when used in combination with Goserelin.</description>
    </drug-interaction>
    <drug-interaction>
      <drugbank-id>DB14027</drugbank-id>
      <name>Taspoglutide</name>
      <description>The therapeutic efficacy of Taspoglutide can be decreased when used in combination with Goserelin.</description>
    </drug-interaction>
    <drug-interaction>
      <drugbank-id>DB14035</drugbank-id>
      <name>Englitazone</name>
      <description>The therapeutic efficacy of Englitazone can be decreased when used in combination with Goserelin.</description>
    </drug-interaction>
    <drug-interaction>
      <drugbank-id>DB15171</drugbank-id>
      <name>Tirzepatide</name>
      <description>The therapeutic efficacy of Tirzepatide can be decreased when used in combination with Goserelin.</description>
    </drug-interaction>
    <drug-interaction>
      <drugbank-id>DB15217</drugbank-id>
      <name>Gastric inhibitory polypeptide</name>
      <description>The therapeutic efficacy of Gastric inhibitory polypeptide can be decreased when used in combination with Goserelin.</description>
    </drug-interaction>
    <drug-interaction>
      <drugbank-id>DB00204</drugbank-id>
      <name>Dofetilide</name>
      <description>The risk or severity of QTc prolongation can be increased when Goserelin is combined with Dofetilide.</description>
    </drug-interaction>
    <drug-interaction>
      <drugbank-id>DB00215</drugbank-id>
      <name>Citalopram</name>
      <description>The risk or severity of QTc prolongation can be increased when Goserelin is combined with Citalopram.</description>
    </drug-interaction>
    <drug-interaction>
      <drugbank-id>DB00261</drugbank-id>
      <name>Anagrelide</name>
      <description>The risk or severity of QTc prolongation can be increased when Goserelin is combined with Anagrelide.</description>
    </drug-interaction>
    <drug-interaction>
      <drugbank-id>DB00280</drugbank-id>
      <name>Disopyramide</name>
      <description>The risk or severity of QTc prolongation can be increased when Goserelin is combined with Disopyramide.</description>
    </drug-interaction>
    <drug-interaction>
      <drugbank-id>DB00283</drugbank-id>
      <name>Clemastine</name>
      <description>The risk or severity of QTc prolongation can be increased when Goserelin is combined with Clemastine.</description>
    </drug-interaction>
    <drug-interaction>
      <drugbank-id>DB00308</drugbank-id>
      <name>Ibutilide</name>
      <description>The risk or severity of QTc prolongation can be increased when Goserelin is combined with Ibutilide.</description>
    </drug-interaction>
    <drug-interaction>
      <drugbank-id>DB00313</drugbank-id>
      <name>Valproic acid</name>
      <description>The risk or severity of QTc prolongation can be increased when Goserelin is combined with Valproic acid.</description>
    </drug-interaction>
    <drug-interaction>
      <drugbank-id>DB00342</drugbank-id>
      <name>Terfenadine</name>
      <description>The risk or severity of QTc prolongation can be increased when Goserelin is combined with Terfenadine.</description>
    </drug-interaction>
    <drug-interaction>
      <drugbank-id>DB00365</drugbank-id>
      <name>Grepafloxacin</name>
      <description>The risk or severity of QTc prolongation can be increased when Goserelin is combined with Grepafloxacin.</description>
    </drug-interaction>
    <drug-interaction>
      <drugbank-id>DB00468</drugbank-id>
      <name>Quinine</name>
      <description>The risk or severity of QTc prolongation can be increased when Goserelin is combined with Quinine.</description>
    </drug-interaction>
    <drug-interaction>
      <drugbank-id>DB00489</drugbank-id>
      <name>Sotalol</name>
      <description>The risk or severity of QTc prolongation can be increased when Goserelin is combined with Sotalol.</description>
    </drug-interaction>
    <drug-interaction>
      <drugbank-id>DB00530</drugbank-id>
      <name>Erlotinib</name>
      <description>The risk or severity of QTc prolongation can be increased when Goserelin is combined with Erlotinib.</description>
    </drug-interaction>
    <drug-interaction>
      <drugbank-id>DB00539</drugbank-id>
      <name>Toremifene</name>
      <description>The risk or severity of QTc prolongation can be increased when Goserelin is combined with Toremifene.</description>
    </drug-interaction>
    <drug-interaction>
      <drugbank-id>DB00604</drugbank-id>
      <name>Cisapride</name>
      <description>The risk or severity of QTc prolongation can be increased when Goserelin is combined with Cisapride.</description>
    </drug-interaction>
    <drug-interaction>
      <drugbank-id>DB00619</drugbank-id>
      <name>Imatinib</name>
      <description>The risk or severity of QTc prolongation can be increased when Goserelin is combined with Imatinib.</description>
    </drug-interaction>
    <drug-interaction>
      <drugbank-id>DB00637</drugbank-id>
      <name>Astemizole</name>
      <description>The risk or severity of QTc prolongation can be increased when Goserelin is combined with Astemizole.</description>
    </drug-interaction>
    <drug-interaction>
      <drugbank-id>DB00679</drugbank-id>
      <name>Thioridazine</name>
      <description>The risk or severity of QTc prolongation can be increased when Goserelin is combined with Thioridazine.</description>
    </drug-interaction>
    <drug-interaction>
      <drugbank-id>DB00685</drugbank-id>
      <name>Trovafloxacin</name>
      <description>The risk or severity of QTc prolongation can be increased when Goserelin is combined with Trovafloxacin.</description>
    </drug-interaction>
    <drug-interaction>
      <drugbank-id>DB00834</drugbank-id>
      <name>Mifepristone</name>
      <description>The risk or severity of QTc prolongation can be increased when Goserelin is combined with Mifepristone.</description>
    </drug-interaction>
    <drug-interaction>
      <drugbank-id>DB00907</drugbank-id>
      <name>Cocaine</name>
      <description>The risk or severity of QTc prolongation can be increased when Goserelin is combined with Cocaine.</description>
    </drug-interaction>
    <drug-interaction>
      <drugbank-id>DB00908</drugbank-id>
      <name>Quinidine</name>
      <description>The risk or severity of QTc prolongation can be increased when Goserelin is combined with Quinidine.</description>
    </drug-interaction>
    <drug-interaction>
      <drugbank-id>DB01035</drugbank-id>
      <name>Procainamide</name>
      <description>The risk or severity of QTc prolongation can be increased when Goserelin is combined with Procainamide.</description>
    </drug-interaction>
    <drug-interaction>
      <drugbank-id>DB01100</drugbank-id>
      <name>Pimozide</name>
      <description>The risk or severity of QTc prolongation can be increased when Goserelin is combined with Pimozide.</description>
    </drug-interaction>
    <drug-interaction>
      <drugbank-id>DB01118</drugbank-id>
      <name>Amiodarone</name>
      <description>The risk or severity of QTc prolongation can be increased when Goserelin is combined with Amiodarone.</description>
    </drug-interaction>
    <drug-interaction>
      <drugbank-id>DB01169</drugbank-id>
      <name>Arsenic trioxide</name>
      <description>The risk or severity of QTc prolongation can be increased when Goserelin is combined with Arsenic trioxide.</description>
    </drug-interaction>
    <drug-interaction>
      <drugbank-id>DB01175</drugbank-id>
      <name>Escitalopram</name>
      <description>The risk or severity of QTc prolongation can be increased when Goserelin is combined with Escitalopram.</description>
    </drug-interaction>
    <drug-interaction>
      <drugbank-id>DB01184</drugbank-id>
      <name>Domperidone</name>
      <description>The risk or severity of QTc prolongation can be increased when Goserelin is combined with Domperidone.</description>
    </drug-interaction>
    <drug-interaction>
      <drugbank-id>DB01208</drugbank-id>
      <name>Sparfloxacin</name>
      <description>The risk or severity of QTc prolongation can be increased when Goserelin is combined with Sparfloxacin.</description>
    </drug-interaction>
    <drug-interaction>
      <drugbank-id>DB01218</drugbank-id>
      <name>Halofantrine</name>
      <description>The risk or severity of QTc prolongation can be increased when Goserelin is combined with Halofantrine.</description>
    </drug-interaction>
    <drug-interaction>
      <drugbank-id>DB01244</drugbank-id>
      <name>Bepridil</name>
      <description>The risk or severity of QTc prolongation can be increased when Goserelin is combined with Bepridil.</description>
    </drug-interaction>
    <drug-interaction>
      <drugbank-id>DB01267</drugbank-id>
      <name>Paliperidone</name>
      <description>The risk or severity of QTc prolongation can be increased when Goserelin is combined with Paliperidone.</description>
    </drug-interaction>
    <drug-interaction>
      <drugbank-id>DB01356</drugbank-id>
      <name>Lithium cation</name>
      <description>The risk or severity of QTc prolongation can be increased when Goserelin is combined with Lithium cation.</description>
    </drug-interaction>
    <drug-interaction>
      <drugbank-id>DB01405</drugbank-id>
      <name>Temafloxacin</name>
      <description>The risk or severity of QTc prolongation can be increased when Goserelin is combined with Temafloxacin.</description>
    </drug-interaction>
    <drug-interaction>
      <drugbank-id>DB01624</drugbank-id>
      <name>Zuclopenthixol</name>
      <description>The risk or severity of QTc prolongation can be increased when Goserelin is combined with Zuclopenthixol.</description>
    </drug-interaction>
    <drug-interaction>
      <drugbank-id>DB04844</drugbank-id>
      <name>Tetrabenazine</name>
      <description>The risk or severity of QTc prolongation can be increased when Goserelin is combined with Tetrabenazine.</description>
    </drug-interaction>
    <drug-interaction>
      <drugbank-id>DB04855</drugbank-id>
      <name>Dronedarone</name>
      <description>The risk or severity of QTc prolongation can be increased when Goserelin is combined with Dronedarone.</description>
    </drug-interaction>
    <drug-interaction>
      <drugbank-id>DB04868</drugbank-id>
      <name>Nilotinib</name>
      <description>The risk or severity of QTc prolongation can be increased when Goserelin is combined with Nilotinib.</description>
    </drug-interaction>
    <drug-interaction>
      <drugbank-id>DB04946</drugbank-id>
      <name>Iloperidone</name>
      <description>The risk or severity of QTc prolongation can be increased when Goserelin is combined with Iloperidone.</description>
    </drug-interaction>
    <drug-interaction>
      <drugbank-id>DB05294</drugbank-id>
      <name>Vandetanib</name>
      <description>The risk or severity of QTc prolongation can be increased when Goserelin is combined with Vandetanib.</description>
    </drug-interaction>
    <drug-interaction>
      <drugbank-id>DB06176</drugbank-id>
      <name>Romidepsin</name>
      <description>The risk or severity of QTc prolongation can be increased when Goserelin is combined with Romidepsin.</description>
    </drug-interaction>
    <drug-interaction>
      <drugbank-id>DB06216</drugbank-id>
      <name>Asenapine</name>
      <description>The risk or severity of QTc prolongation can be increased when Goserelin is combined with Asenapine.</description>
    </drug-interaction>
    <drug-interaction>
      <drugbank-id>DB06697</drugbank-id>
      <name>Artemether</name>
      <description>The risk or severity of QTc prolongation can be increased when Goserelin is combined with Artemether.</description>
    </drug-interaction>
    <drug-interaction>
      <drugbank-id>DB06708</drugbank-id>
      <name>Lumefantrine</name>
      <description>The risk or severity of QTc prolongation can be increased when Goserelin is combined with Lumefantrine.</description>
    </drug-interaction>
    <drug-interaction>
      <drugbank-id>DB08881</drugbank-id>
      <name>Vemurafenib</name>
      <description>The risk or severity of QTc prolongation can be increased when Goserelin is combined with Vemurafenib.</description>
    </drug-interaction>
    <drug-interaction>
      <drugbank-id>DB09039</drugbank-id>
      <name>Eliglustat</name>
      <description>The risk or severity of QTc prolongation can be increased when Goserelin is combined with Eliglustat.</description>
    </drug-interaction>
    <drug-interaction>
      <drugbank-id>DB11730</drugbank-id>
      <name>Ribociclib</name>
      <description>The risk or severity of QTc prolongation can be increased when Goserelin is combined with Ribociclib.</description>
    </drug-interaction>
    <drug-interaction>
      <drugbank-id>DB11978</drugbank-id>
      <name>Glasdegib</name>
      <description>The risk or severity of QTc prolongation can be increased when Goserelin is combined with Glasdegib.</description>
    </drug-interaction>
    <drug-interaction>
      <drugbank-id>DB12161</drugbank-id>
      <name>Deutetrabenazine</name>
      <description>The risk or severity of QTc prolongation can be increased when Goserelin is combined with Deutetrabenazine.</description>
    </drug-interaction>
    <drug-interaction>
      <drugbank-id>DB13074</drugbank-id>
      <name>Macimorelin</name>
      <description>The risk or severity of QTc prolongation can be increased when Goserelin is combined with Macimorelin.</description>
    </drug-interaction>
    <drug-interaction>
      <drugbank-id>DB13725</drugbank-id>
      <name>Terodiline</name>
      <description>The risk or severity of QTc prolongation can be increased when Goserelin is combined with Terodiline.</description>
    </drug-interaction>
    <drug-interaction>
      <drugbank-id>DB00007</drugbank-id>
      <name>Leuprolide</name>
      <description>The risk or severity of QTc prolongation can be increased when Leuprolide is combined with Goserelin.</description>
    </drug-interaction>
    <drug-interaction>
      <drugbank-id>DB00199</drugbank-id>
      <name>Erythromycin</name>
      <description>The risk or severity of QTc prolongation can be increased when Goserelin is combined with Erythromycin.</description>
    </drug-interaction>
    <drug-interaction>
      <drugbank-id>DB00207</drugbank-id>
      <name>Azithromycin</name>
      <description>The risk or severity of QTc prolongation can be increased when Goserelin is combined with Azithromycin.</description>
    </drug-interaction>
    <drug-interaction>
      <drugbank-id>DB00218</drugbank-id>
      <name>Moxifloxacin</name>
      <description>The risk or severity of QTc prolongation can be increased when Goserelin is combined with Moxifloxacin.</description>
    </drug-interaction>
    <drug-interaction>
      <drugbank-id>DB00243</drugbank-id>
      <name>Ranolazine</name>
      <description>The risk or severity of QTc prolongation can be increased when Goserelin is combined with Ranolazine.</description>
    </drug-interaction>
    <drug-interaction>
      <drugbank-id>DB00263</drugbank-id>
      <name>Sulfisoxazole</name>
      <description>The therapeutic efficacy of Sulfisoxazole can be decreased when used in combination with Goserelin.</description>
    </drug-interaction>
    <drug-interaction>
      <drugbank-id>DB00333</drugbank-id>
      <name>Methadone</name>
      <description>The risk or severity of QTc prolongation can be increased when Goserelin is combined with Methadone.</description>
    </drug-interaction>
    <drug-interaction>
      <drugbank-id>DB00343</drugbank-id>
      <name>Diltiazem</name>
      <description>The risk or severity of QTc prolongation can be increased when Goserelin is combined with Diltiazem.</description>
    </drug-interaction>
    <drug-interaction>
      <drugbank-id>DB00363</drugbank-id>
      <name>Clozapine</name>
      <description>The risk or severity of QTc prolongation can be increased when Goserelin is combined with Clozapine.</description>
    </drug-interaction>
    <drug-interaction>
      <drugbank-id>DB00391</drugbank-id>
      <name>Sulpiride</name>
      <description>The risk or severity of QTc prolongation can be increased when Goserelin is combined with Sulpiride.</description>
    </drug-interaction>
    <drug-interaction>
      <drugbank-id>DB00393</drugbank-id>
      <name>Nimodipine</name>
      <description>The risk or severity of QTc prolongation can be increased when Goserelin is combined with Nimodipine.</description>
    </drug-interaction>
    <drug-interaction>
      <drugbank-id>DB00420</drugbank-id>
      <name>Promazine</name>
      <description>The risk or severity of QTc prolongation can be increased when Goserelin is combined with Promazine.</description>
    </drug-interaction>
    <drug-interaction>
      <drugbank-id>DB00433</drugbank-id>
      <name>Prochlorperazine</name>
      <description>The risk or severity of QTc prolongation can be increased when Goserelin is combined with Prochlorperazine.</description>
    </drug-interaction>
    <drug-interaction>
      <drugbank-id>DB00450</drugbank-id>
      <name>Droperidol</name>
      <description>The risk or severity of QTc prolongation can be increased when Goserelin is combined with Droperidol.</description>
    </drug-interaction>
    <drug-interaction>
      <drugbank-id>DB00477</drugbank-id>
      <name>Chlorpromazine</name>
      <description>The risk or severity of QTc prolongation can be increased when Goserelin is combined with Chlorpromazine.</description>
    </drug-interaction>
    <drug-interaction>
      <drugbank-id>DB00526</drugbank-id>
      <name>Oxaliplatin</name>
      <description>The risk or severity of QTc prolongation can be increased when Goserelin is combined with Oxaliplatin.</description>
    </drug-interaction>
    <drug-interaction>
      <drugbank-id>DB00537</drugbank-id>
      <name>Ciprofloxacin</name>
      <description>The risk or severity of QTc prolongation can be increased when Goserelin is combined with Ciprofloxacin.</description>
    </drug-interaction>
    <drug-interaction>
      <drugbank-id>DB00544</drugbank-id>
      <name>Fluorouracil</name>
      <description>The risk or severity of QTc prolongation can be increased when Goserelin is combined with Fluorouracil.</description>
    </drug-interaction>
    <drug-interaction>
      <drugbank-id>DB00556</drugbank-id>
      <name>Perflutren</name>
      <description>The risk or severity of QTc prolongation can be increased when Goserelin is combined with Perflutren.</description>
    </drug-interaction>
    <drug-interaction>
      <drugbank-id>DB00568</drugbank-id>
      <name>Cinnarizine</name>
      <description>The risk or severity of QTc prolongation can be increased when Goserelin is combined with Cinnarizine.</description>
    </drug-interaction>
    <drug-interaction>
      <drugbank-id>DB00572</drugbank-id>
      <name>Atropine</name>
      <description>The risk or severity of QTc prolongation can be increased when Goserelin is combined with Atropine.</description>
    </drug-interaction>
    <drug-interaction>
      <drugbank-id>DB00608</drugbank-id>
      <name>Chloroquine</name>
      <description>The risk or severity of QTc prolongation can be increased when Goserelin is combined with Chloroquine.</description>
    </drug-interaction>
    <drug-interaction>
      <drugbank-id>DB00625</drugbank-id>
      <name>Efavirenz</name>
      <description>The risk or severity of QTc prolongation can be increased when Goserelin is combined with Efavirenz.</description>
    </drug-interaction>
    <drug-interaction>
      <drugbank-id>DB00640</drugbank-id>
      <name>Adenosine</name>
      <description>The risk or severity of QTc prolongation can be increased when Goserelin is combined with Adenosine.</description>
    </drug-interaction>
    <drug-interaction>
      <drugbank-id>DB00738</drugbank-id>
      <name>Pentamidine</name>
      <description>The therapeutic efficacy of Pentamidine can be decreased when used in combination with Goserelin.</description>
    </drug-interaction>
    <drug-interaction>
      <drugbank-id>DB00743</drugbank-id>
      <name>Gadobenic acid</name>
      <description>The risk or severity of QTc prolongation can be increased when Goserelin is combined with Gadobenic acid.</description>
    </drug-interaction>
    <drug-interaction>
      <drugbank-id>DB00748</drugbank-id>
      <name>Carbinoxamine</name>
      <description>The risk or severity of QTc prolongation can be increased when Goserelin is combined with Carbinoxamine.</description>
    </drug-interaction>
    <drug-interaction>
      <drugbank-id>DB00757</drugbank-id>
      <name>Dolasetron</name>
      <description>The risk or severity of QTc prolongation can be increased when Goserelin is combined with Dolasetron.</description>
    </drug-interaction>
    <drug-interaction>
      <drugbank-id>DB00778</drugbank-id>
      <name>Roxithromycin</name>
      <description>The risk or severity of QTc prolongation can be increased when Goserelin is combined with Roxithromycin.</description>
    </drug-interaction>
    <drug-interaction>
      <drugbank-id>DB00779</drugbank-id>
      <name>Nalidixic acid</name>
      <description>The risk or severity of QTc prolongation can be increased when Goserelin is combined with Nalidixic acid.</description>
    </drug-interaction>
    <drug-interaction>
      <drugbank-id>DB00827</drugbank-id>
      <name>Cinoxacin</name>
      <description>The risk or severity of QTc prolongation can be increased when Goserelin is combined with Cinoxacin.</description>
    </drug-interaction>
    <drug-interaction>
      <drugbank-id>DB00836</drugbank-id>
      <name>Loperamide</name>
      <description>The risk or severity of QTc prolongation can be increased when Goserelin is combined with Loperamide.</description>
    </drug-interaction>
    <drug-interaction>
      <drugbank-id>DB00889</drugbank-id>
      <name>Granisetron</name>
      <description>The risk or severity of QTc prolongation can be increased when Goserelin is combined with Granisetron.</description>
    </drug-interaction>
    <drug-interaction>
      <drugbank-id>DB00904</drugbank-id>
      <name>Ondansetron</name>
      <description>The risk or severity of QTc prolongation can be increased when Goserelin is combined with Ondansetron.</description>
    </drug-interaction>
    <drug-interaction>
      <drugbank-id>DB00922</drugbank-id>
      <name>Levosimendan</name>
      <description>The risk or severity of QTc prolongation can be increased when Goserelin is combined with Levosimendan.</description>
    </drug-interaction>
    <drug-interaction>
      <drugbank-id>DB00933</drugbank-id>
      <name>Mesoridazine</name>
      <description>The risk or severity of QTc prolongation can be increased when Goserelin is combined with Mesoridazine.</description>
    </drug-interaction>
    <drug-interaction>
      <drugbank-id>DB00967</drugbank-id>
      <name>Desloratadine</name>
      <description>The risk or severity of QTc prolongation can be increased when Goserelin is combined with Desloratadine.</description>
    </drug-interaction>
    <drug-interaction>
      <drugbank-id>DB00976</drugbank-id>
      <name>Telithromycin</name>
      <description>The risk or severity of QTc prolongation can be increased when Goserelin is combined with Telithromycin.</description>
    </drug-interaction>
    <drug-interaction>
      <drugbank-id>DB00978</drugbank-id>
      <name>Lomefloxacin</name>
      <description>The risk or severity of QTc prolongation can be increased when Goserelin is combined with Lomefloxacin.</description>
    </drug-interaction>
    <drug-interaction>
      <drugbank-id>DB00985</drugbank-id>
      <name>Dimenhydrinate</name>
      <description>The risk or severity of QTc prolongation can be increased when Goserelin is combined with Dimenhydrinate.</description>
    </drug-interaction>
    <drug-interaction>
      <drugbank-id>DB01087</drugbank-id>
      <name>Primaquine</name>
      <description>The risk or severity of QTc prolongation can be increased when Goserelin is combined with Primaquine.</description>
    </drug-interaction>
    <drug-interaction>
      <drugbank-id>DB01113</drugbank-id>
      <name>Papaverine</name>
      <description>The risk or severity of QTc prolongation can be increased when Goserelin is combined with Papaverine.</description>
    </drug-interaction>
    <drug-interaction>
      <drugbank-id>DB01114</drugbank-id>
      <name>Chlorpheniramine</name>
      <description>The risk or severity of QTc prolongation can be increased when Goserelin is combined with Chlorpheniramine.</description>
    </drug-interaction>
    <drug-interaction>
      <drugbank-id>DB01115</drugbank-id>
      <name>Nifedipine</name>
      <description>The risk or severity of QTc prolongation can be increased when Goserelin is combined with Nifedipine.</description>
    </drug-interaction>
    <drug-interaction>
      <drugbank-id>DB01137</drugbank-id>
      <name>Levofloxacin</name>
      <description>The risk or severity of QTc prolongation can be increased when Goserelin is combined with Levofloxacin.</description>
    </drug-interaction>
    <drug-interaction>
      <drugbank-id>DB01155</drugbank-id>
      <name>Gemifloxacin</name>
      <description>The risk or severity of QTc prolongation can be increased when Goserelin is combined with Gemifloxacin.</description>
    </drug-interaction>
    <drug-interaction>
      <drugbank-id>DB01165</drugbank-id>
      <name>Ofloxacin</name>
      <description>The risk or severity of QTc prolongation can be increased when Goserelin is combined with Ofloxacin.</description>
    </drug-interaction>
    <drug-interaction>
      <drugbank-id>DB01182</drugbank-id>
      <name>Propafenone</name>
      <description>The risk or severity of QTc prolongation can be increased when Goserelin is combined with Propafenone.</description>
    </drug-interaction>
    <drug-interaction>
      <drugbank-id>DB01195</drugbank-id>
      <name>Flecainide</name>
      <description>The risk or severity of QTc prolongation can be increased when Goserelin is combined with Flecainide.</description>
    </drug-interaction>
    <drug-interaction>
      <drugbank-id>DB01211</drugbank-id>
      <name>Clarithromycin</name>
      <description>The risk or severity of QTc prolongation can be increased when Goserelin is combined with Clarithromycin.</description>
    </drug-interaction>
    <drug-interaction>
      <drugbank-id>DB01227</drugbank-id>
      <name>Levacetylmethadol</name>
      <description>The risk or severity of QTc prolongation can be increased when Goserelin is combined with Levacetylmethadol.</description>
    </drug-interaction>
    <drug-interaction>
      <drugbank-id>DB01232</drugbank-id>
      <name>Saquinavir</name>
      <description>The risk or severity of QTc prolongation can be increased when Goserelin is combined with Saquinavir.</description>
    </drug-interaction>
    <drug-interaction>
      <drugbank-id>DB01388</drugbank-id>
      <name>Mibefradil</name>
      <description>The risk or severity of QTc prolongation can be increased when Goserelin is combined with Mibefradil.</description>
    </drug-interaction>
    <drug-interaction>
      <drugbank-id>DB01599</drugbank-id>
      <name>Probucol</name>
      <description>The risk or severity of QTc prolongation can be increased when Goserelin is combined with Probucol.</description>
    </drug-interaction>
    <drug-interaction>
      <drugbank-id>DB01615</drugbank-id>
      <name>Aceprometazine</name>
      <description>The risk or severity of QTc prolongation can be increased when Goserelin is combined with Aceprometazine.</description>
    </drug-interaction>
    <drug-interaction>
      <drugbank-id>DB02638</drugbank-id>
      <name>Terlipressin</name>
      <description>The risk or severity of QTc prolongation can be increased when Goserelin is combined with Terlipressin.</description>
    </drug-interaction>
    <drug-interaction>
      <drugbank-id>DB04825</drugbank-id>
      <name>Prenylamine</name>
      <description>The risk or severity of QTc prolongation can be increased when Goserelin is combined with Prenylamine.</description>
    </drug-interaction>
    <drug-interaction>
      <drugbank-id>DB04842</drugbank-id>
      <name>Fluspirilene</name>
      <description>The risk or severity of QTc prolongation can be increased when Goserelin is combined with Fluspirilene.</description>
    </drug-interaction>
    <drug-interaction>
      <drugbank-id>DB04948</drugbank-id>
      <name>Lofexidine</name>
      <description>The risk or severity of QTc prolongation can be increased when Goserelin is combined with Lofexidine.</description>
    </drug-interaction>
    <drug-interaction>
      <drugbank-id>DB04957</drugbank-id>
      <name>Azimilide</name>
      <description>The risk or severity of QTc prolongation can be increased when Goserelin is combined with Azimilide.</description>
    </drug-interaction>
    <drug-interaction>
      <drugbank-id>DB05223</drugbank-id>
      <name>Pracinostat</name>
      <description>The risk or severity of QTc prolongation can be increased when Goserelin is combined with Pracinostat.</description>
    </drug-interaction>
    <drug-interaction>
      <drugbank-id>DB05488</drugbank-id>
      <name>Technetium Tc-99m ciprofloxacin</name>
      <description>The risk or severity of QTc prolongation can be increased when Goserelin is combined with Technetium Tc-99m ciprofloxacin.</description>
    </drug-interaction>
    <drug-interaction>
      <drugbank-id>DB06160</drugbank-id>
      <name>Garenoxacin</name>
      <description>The risk or severity of QTc prolongation can be increased when Goserelin is combined with Garenoxacin.</description>
    </drug-interaction>
    <drug-interaction>
      <drugbank-id>DB06200</drugbank-id>
      <name>Tedisamil</name>
      <description>The risk or severity of QTc prolongation can be increased when Goserelin is combined with Tedisamil.</description>
    </drug-interaction>
    <drug-interaction>
      <drugbank-id>DB06334</drugbank-id>
      <name>Tucidinostat</name>
      <description>The risk or severity of QTc prolongation can be increased when Goserelin is combined with Tucidinostat.</description>
    </drug-interaction>
    <drug-interaction>
      <drugbank-id>DB06402</drugbank-id>
      <name>Telavancin</name>
      <description>The risk or severity of QTc prolongation can be increased when Goserelin is combined with Telavancin.</description>
    </drug-interaction>
    <drug-interaction>
      <drugbank-id>DB06589</drugbank-id>
      <name>Pazopanib</name>
      <description>The risk or severity of QTc prolongation can be increased when Goserelin is combined with Pazopanib.</description>
    </drug-interaction>
    <drug-interaction>
      <drugbank-id>DB06600</drugbank-id>
      <name>Nemonoxacin</name>
      <description>The risk or severity of QTc prolongation can be increased when Goserelin is combined with Nemonoxacin.</description>
    </drug-interaction>
    <drug-interaction>
      <drugbank-id>DB06603</drugbank-id>
      <name>Panobinostat</name>
      <description>The risk or severity of QTc prolongation can be increased when Goserelin is combined with Panobinostat.</description>
    </drug-interaction>
    <drug-interaction>
      <drugbank-id>DB06712</drugbank-id>
      <name>Nilvadipine</name>
      <description>The risk or severity of QTc prolongation can be increased when Goserelin is combined with Nilvadipine.</description>
    </drug-interaction>
    <drug-interaction>
      <drugbank-id>DB08799</drugbank-id>
      <name>Antazoline</name>
      <description>The risk or severity of QTc prolongation can be increased when Goserelin is combined with Antazoline.</description>
    </drug-interaction>
    <drug-interaction>
      <drugbank-id>DB08865</drugbank-id>
      <name>Crizotinib</name>
      <description>The risk or severity of QTc prolongation can be increased when Goserelin is combined with Crizotinib.</description>
    </drug-interaction>
    <drug-interaction>
      <drugbank-id>DB08903</drugbank-id>
      <name>Bedaquiline</name>
      <description>The risk or severity of QTc prolongation can be increased when Goserelin is combined with Bedaquiline.</description>
    </drug-interaction>
    <drug-interaction>
      <drugbank-id>DB08980</drugbank-id>
      <name>Fendiline</name>
      <description>The risk or severity of QTc prolongation can be increased when Goserelin is combined with Fendiline.</description>
    </drug-interaction>
    <drug-interaction>
      <drugbank-id>DB08992</drugbank-id>
      <name>Eperisone</name>
      <description>The risk or severity of QTc prolongation can be increased when Goserelin is combined with Eperisone.</description>
    </drug-interaction>
    <drug-interaction>
      <drugbank-id>DB09016</drugbank-id>
      <name>Butriptyline</name>
      <description>The risk or severity of QTc prolongation can be increased when Goserelin is combined with Butriptyline.</description>
    </drug-interaction>
    <drug-interaction>
      <drugbank-id>DB09063</drugbank-id>
      <name>Ceritinib</name>
      <description>The risk or severity of QTc prolongation can be increased when Goserelin is combined with Ceritinib.</description>
    </drug-interaction>
    <drug-interaction>
      <drugbank-id>DB09078</drugbank-id>
      <name>Lenvatinib</name>
      <description>The risk or severity of QTc prolongation can be increased when Goserelin is combined with Lenvatinib.</description>
    </drug-interaction>
    <drug-interaction>
      <drugbank-id>DB09224</drugbank-id>
      <name>Melperone</name>
      <description>The risk or severity of QTc prolongation can be increased when Goserelin is combined with Melperone.</description>
    </drug-interaction>
    <drug-interaction>
      <drugbank-id>DB09231</drugbank-id>
      <name>Benidipine</name>
      <description>The risk or severity of QTc prolongation can be increased when Goserelin is combined with Benidipine.</description>
    </drug-interaction>
    <drug-interaction>
      <drugbank-id>DB09555</drugbank-id>
      <name>Dexchlorpheniramine maleate</name>
      <description>The risk or severity of QTc prolongation can be increased when Goserelin is combined with Dexchlorpheniramine maleate.</description>
    </drug-interaction>
    <drug-interaction>
      <drugbank-id>DB11640</drugbank-id>
      <name>Amifampridine</name>
      <description>The risk or severity of QTc prolongation can be increased when Goserelin is combined with Amifampridine.</description>
    </drug-interaction>
    <drug-interaction>
      <drugbank-id>DB11830</drugbank-id>
      <name>Mocetinostat</name>
      <description>The risk or severity of QTc prolongation can be increased when Goserelin is combined with Mocetinostat.</description>
    </drug-interaction>
    <drug-interaction>
      <drugbank-id>DB11841</drugbank-id>
      <name>Entinostat</name>
      <description>The risk or severity of QTc prolongation can be increased when Goserelin is combined with Entinostat.</description>
    </drug-interaction>
    <drug-interaction>
      <drugbank-id>DB12141</drugbank-id>
      <name>Gilteritinib</name>
      <description>The risk or severity of QTc prolongation can be increased when Goserelin is combined with Gilteritinib.</description>
    </drug-interaction>
    <drug-interaction>
      <drugbank-id>DB12174</drugbank-id>
      <name>CUDC-101</name>
      <description>The risk or severity of QTc prolongation can be increased when Goserelin is combined with CUDC-101.</description>
    </drug-interaction>
    <drug-interaction>
      <drugbank-id>DB12286</drugbank-id>
      <name>Simendan</name>
      <description>The risk or severity of QTc prolongation can be increased when Goserelin is combined with Simendan.</description>
    </drug-interaction>
    <drug-interaction>
      <drugbank-id>DB12376</drugbank-id>
      <name>Ricolinostat</name>
      <description>The risk or severity of QTc prolongation can be increased when Goserelin is combined with Ricolinostat.</description>
    </drug-interaction>
    <drug-interaction>
      <drugbank-id>DB12523</drugbank-id>
      <name>Mizolastine</name>
      <description>The risk or severity of QTc prolongation can be increased when Goserelin is combined with Mizolastine.</description>
    </drug-interaction>
    <drug-interaction>
      <drugbank-id>DB12565</drugbank-id>
      <name>Abexinostat</name>
      <description>The risk or severity of QTc prolongation can be increased when Goserelin is combined with Abexinostat.</description>
    </drug-interaction>
    <drug-interaction>
      <drugbank-id>DB12877</drugbank-id>
      <name>Oxatomide</name>
      <description>The risk or severity of QTc prolongation can be increased when Goserelin is combined with Oxatomide.</description>
    </drug-interaction>
    <drug-interaction>
      <drugbank-id>DB13261</drugbank-id>
      <name>Sitafloxacin</name>
      <description>The risk or severity of QTc prolongation can be increased when Goserelin is combined with Sitafloxacin.</description>
    </drug-interaction>
    <drug-interaction>
      <drugbank-id>DB13273</drugbank-id>
      <name>Sultopride</name>
      <description>The risk or severity of QTc prolongation can be increased when Goserelin is combined with Sultopride.</description>
    </drug-interaction>
    <drug-interaction>
      <drugbank-id>DB13500</drugbank-id>
      <name>Otilonium</name>
      <description>The risk or severity of QTc prolongation can be increased when Goserelin is combined with Otilonium.</description>
    </drug-interaction>
    <drug-interaction>
      <drugbank-id>DB13546</drugbank-id>
      <name>Nizofenone</name>
      <description>The risk or severity of QTc prolongation can be increased when Goserelin is combined with Nizofenone.</description>
    </drug-interaction>
    <drug-interaction>
      <drugbank-id>DB13652</drugbank-id>
      <name>Bunaftine</name>
      <description>The risk or severity of QTc prolongation can be increased when Goserelin is combined with Bunaftine.</description>
    </drug-interaction>
    <drug-interaction>
      <drugbank-id>DB13653</drugbank-id>
      <name>Lorcainide</name>
      <description>The risk or severity of QTc prolongation can be increased when Goserelin is combined with Lorcainide.</description>
    </drug-interaction>
    <drug-interaction>
      <drugbank-id>DB13679</drugbank-id>
      <name>Dexchlorpheniramine</name>
      <description>The risk or severity of QTc prolongation can be increased when Goserelin is combined with Dexchlorpheniramine.</description>
    </drug-interaction>
    <drug-interaction>
      <drugbank-id>DB13791</drugbank-id>
      <name>Penfluridol</name>
      <description>The risk or severity of QTc prolongation can be increased when Goserelin is combined with Penfluridol.</description>
    </drug-interaction>
    <drug-interaction>
      <drugbank-id>DB14063</drugbank-id>
      <name>Dexverapamil</name>
      <description>The risk or severity of QTc prolongation can be increased when Goserelin is combined with Dexverapamil.</description>
    </drug-interaction>
    <drug-interaction>
      <drugbank-id>DB14568</drugbank-id>
      <name>Ivosidenib</name>
      <description>The risk or severity of QTc prolongation can be increased when Goserelin is combined with Ivosidenib.</description>
    </drug-interaction>
    <drug-interaction>
      <drugbank-id>DB01224</drugbank-id>
      <name>Quetiapine</name>
      <description>The risk or severity of QTc prolongation can be increased when Goserelin is combined with Quetiapine.</description>
    </drug-interaction>
    <drug-interaction>
      <drugbank-id>DB00321</drugbank-id>
      <name>Amitriptyline</name>
      <description>The risk or severity of QTc prolongation can be increased when Goserelin is combined with Amitriptyline.</description>
    </drug-interaction>
    <drug-interaction>
      <drugbank-id>DB00458</drugbank-id>
      <name>Imipramine</name>
      <description>The risk or severity of QTc prolongation can be increased when Goserelin is combined with Imipramine.</description>
    </drug-interaction>
    <drug-interaction>
      <drugbank-id>DB01242</drugbank-id>
      <name>Clomipramine</name>
      <description>The risk or severity of QTc prolongation can be increased when Goserelin is combined with Clomipramine.</description>
    </drug-interaction>
    <drug-interaction>
      <drugbank-id>DB11718</drugbank-id>
      <name>Encorafenib</name>
      <description>The risk or severity of QTc prolongation can be increased when Goserelin is combined with Encorafenib.</description>
    </drug-interaction>
    <drug-interaction>
      <drugbank-id>DB01084</drugbank-id>
      <name>Emedastine</name>
      <description>The risk or severity of QTc prolongation can be increased when Goserelin is combined with Emedastine.</description>
    </drug-interaction>
    <drug-interaction>
      <drugbank-id>DB15982</drugbank-id>
      <name>Berotralstat</name>
      <description>The risk or severity of QTc prolongation can be increased when Goserelin is combined with Berotralstat.</description>
    </drug-interaction>
    <drug-interaction>
      <drugbank-id>DB00104</drugbank-id>
      <name>Octreotide</name>
      <description>The risk or severity of QTc prolongation can be increased when Octreotide is combined with Goserelin.</description>
    </drug-interaction>
    <drug-interaction>
      <drugbank-id>DB00107</drugbank-id>
      <name>Oxytocin</name>
      <description>The risk or severity of QTc prolongation can be increased when Oxytocin is combined with Goserelin.</description>
    </drug-interaction>
    <drug-interaction>
      <drugbank-id>DB00187</drugbank-id>
      <name>Esmolol</name>
      <description>The risk or severity of QTc prolongation can be increased when Esmolol is combined with Goserelin.</description>
    </drug-interaction>
    <drug-interaction>
      <drugbank-id>DB00188</drugbank-id>
      <name>Bortezomib</name>
      <description>The risk or severity of QTc prolongation can be increased when Bortezomib is combined with Goserelin.</description>
    </drug-interaction>
    <drug-interaction>
      <drugbank-id>DB00196</drugbank-id>
      <name>Fluconazole</name>
      <description>The risk or severity of QTc prolongation can be increased when Fluconazole is combined with Goserelin.</description>
    </drug-interaction>
    <drug-interaction>
      <drugbank-id>DB00220</drugbank-id>
      <name>Nelfinavir</name>
      <description>The risk or severity of QTc prolongation can be increased when Nelfinavir is combined with Goserelin.</description>
    </drug-interaction>
    <drug-interaction>
      <drugbank-id>DB00230</drugbank-id>
      <name>Pregabalin</name>
      <description>The risk or severity of QTc prolongation can be increased when Pregabalin is combined with Goserelin.</description>
    </drug-interaction>
    <drug-interaction>
      <drugbank-id>DB00245</drugbank-id>
      <name>Benzatropine</name>
      <description>The risk or severity of QTc prolongation can be increased when Benzatropine is combined with Goserelin.</description>
    </drug-interaction>
    <drug-interaction>
      <drugbank-id>DB00270</drugbank-id>
      <name>Isradipine</name>
      <description>The risk or severity of QTc prolongation can be increased when Isradipine is combined with Goserelin.</description>
    </drug-interaction>
    <drug-interaction>
      <drugbank-id>DB00285</drugbank-id>
      <name>Venlafaxine</name>
      <description>The risk or severity of QTc prolongation can be increased when Venlafaxine is combined with Goserelin.</description>
    </drug-interaction>
    <drug-interaction>
      <drugbank-id>DB00289</drugbank-id>
      <name>Atomoxetine</name>
      <description>The risk or severity of QTc prolongation can be increased when Atomoxetine is combined with Goserelin.</description>
    </drug-interaction>
    <drug-interaction>
      <drugbank-id>DB00334</drugbank-id>
      <name>Olanzapine</name>
      <description>The risk or severity of QTc prolongation can be increased when Olanzapine is combined with Goserelin.</description>
    </drug-interaction>
    <drug-interaction>
      <drugbank-id>DB00341</drugbank-id>
      <name>Cetirizine</name>
      <description>The risk or severity of QTc prolongation can be increased when Cetirizine is combined with Goserelin.</description>
    </drug-interaction>
    <drug-interaction>
      <drugbank-id>DB00344</drugbank-id>
      <name>Protriptyline</name>
      <description>The risk or severity of QTc prolongation can be increased when Protriptyline is combined with Goserelin.</description>
    </drug-interaction>
    <drug-interaction>
      <drugbank-id>DB00346</drugbank-id>
      <name>Alfuzosin</name>
      <description>The risk or severity of QTc prolongation can be increased when Alfuzosin is combined with Goserelin.</description>
    </drug-interaction>
    <drug-interaction>
      <drugbank-id>DB00347</drugbank-id>
      <name>Trimethadione</name>
      <description>The risk or severity of QTc prolongation can be increased when Trimethadione is combined with Goserelin.</description>
    </drug-interaction>
    <drug-interaction>
      <drugbank-id>DB00354</drugbank-id>
      <name>Buclizine</name>
      <description>The risk or severity of QTc prolongation can be increased when Buclizine is combined with Goserelin.</description>
    </drug-interaction>
    <drug-interaction>
      <drugbank-id>DB00358</drugbank-id>
      <name>Mefloquine</name>
      <description>The risk or severity of QTc prolongation can be increased when Mefloquine is combined with Goserelin.</description>
    </drug-interaction>
    <drug-interaction>
      <drugbank-id>DB00366</drugbank-id>
      <name>Doxylamine</name>
      <description>The risk or severity of QTc prolongation can be increased when Doxylamine is combined with Goserelin.</description>
    </drug-interaction>
    <drug-interaction>
      <drugbank-id>DB00370</drugbank-id>
      <name>Mirtazapine</name>
      <description>The risk or severity of QTc prolongation can be increased when Mirtazapine is combined with Goserelin.</description>
    </drug-interaction>
    <drug-interaction>
      <drugbank-id>DB00373</drugbank-id>
      <name>Timolol</name>
      <description>The risk or severity of QTc prolongation can be increased when Timolol is combined with Goserelin.</description>
    </drug-interaction>
    <drug-interaction>
      <drugbank-id>DB00374</drugbank-id>
      <name>Treprostinil</name>
      <description>The risk or severity of QTc prolongation can be increased when Treprostinil is combined with Goserelin.</description>
    </drug-interaction>
    <drug-interaction>
      <drugbank-id>DB00398</drugbank-id>
      <name>Sorafenib</name>
      <description>The risk or severity of QTc prolongation can be increased when Sorafenib is combined with Goserelin.</description>
    </drug-interaction>
    <drug-interaction>
      <drugbank-id>DB00405</drugbank-id>
      <name>Dexbrompheniramine</name>
      <description>The risk or severity of QTc prolongation can be increased when Dexbrompheniramine is combined with Goserelin.</description>
    </drug-interaction>
    <drug-interaction>
      <drugbank-id>DB00424</drugbank-id>
      <name>Hyoscyamine</name>
      <description>The risk or severity of QTc prolongation can be increased when Hyoscyamine is combined with Goserelin.</description>
    </drug-interaction>
    <drug-interaction>
      <drugbank-id>DB00427</drugbank-id>
      <name>Triprolidine</name>
      <description>The risk or severity of QTc prolongation can be increased when Triprolidine is combined with Goserelin.</description>
    </drug-interaction>
    <drug-interaction>
      <drugbank-id>DB00434</drugbank-id>
      <name>Cyproheptadine</name>
      <description>The risk or severity of QTc prolongation can be increased when Cyproheptadine is combined with Goserelin.</description>
    </drug-interaction>
    <drug-interaction>
      <drugbank-id>DB00467</drugbank-id>
      <name>Enoxacin</name>
      <description>The risk or severity of QTc prolongation can be increased when Enoxacin is combined with Goserelin.</description>
    </drug-interaction>
    <drug-interaction>
      <drugbank-id>DB00487</drugbank-id>
      <name>Pefloxacin</name>
      <description>The risk or severity of QTc prolongation can be increased when Pefloxacin is combined with Goserelin.</description>
    </drug-interaction>
    <drug-interaction>
      <drugbank-id>DB00503</drugbank-id>
      <name>Ritonavir</name>
      <description>The risk or severity of QTc prolongation can be increased when Ritonavir is combined with Goserelin.</description>
    </drug-interaction>
    <drug-interaction>
      <drugbank-id>DB00529</drugbank-id>
      <name>Foscarnet</name>
      <description>The risk or severity of QTc prolongation can be increased when Foscarnet is combined with Goserelin.</description>
    </drug-interaction>
    <drug-interaction>
      <drugbank-id>DB00540</drugbank-id>
      <name>Nortriptyline</name>
      <description>The risk or severity of QTc prolongation can be increased when Nortriptyline is combined with Goserelin.</description>
    </drug-interaction>
    <drug-interaction>
      <drugbank-id>DB00543</drugbank-id>
      <name>Amoxapine</name>
      <description>The risk or severity of QTc prolongation can be increased when Amoxapine is combined with Goserelin.</description>
    </drug-interaction>
    <drug-interaction>
      <drugbank-id>DB00555</drugbank-id>
      <name>Lamotrigine</name>
      <description>The risk or severity of QTc prolongation can be increased when Lamotrigine is combined with Goserelin.</description>
    </drug-interaction>
    <drug-interaction>
      <drugbank-id>DB00582</drugbank-id>
      <name>Voriconazole</name>
      <description>The risk or severity of QTc prolongation can be increased when Voriconazole is combined with Goserelin.</description>
    </drug-interaction>
    <drug-interaction>
      <drugbank-id>DB00593</drugbank-id>
      <name>Ethosuximide</name>
      <description>The risk or severity of QTc prolongation can be increased when Ethosuximide is combined with Goserelin.</description>
    </drug-interaction>
    <drug-interaction>
      <drugbank-id>DB00613</drugbank-id>
      <name>Amodiaquine</name>
      <description>The risk or severity of QTc prolongation can be increased when Amodiaquine is combined with Goserelin.</description>
    </drug-interaction>
    <drug-interaction>
      <drugbank-id>DB00622</drugbank-id>
      <name>Nicardipine</name>
      <description>The risk or severity of QTc prolongation can be increased when Nicardipine is combined with Goserelin.</description>
    </drug-interaction>
    <drug-interaction>
      <drugbank-id>DB00674</drugbank-id>
      <name>Galantamine</name>
      <description>The risk or severity of QTc prolongation can be increased when Galantamine is combined with Goserelin.</description>
    </drug-interaction>
    <drug-interaction>
      <drugbank-id>DB00675</drugbank-id>
      <name>Tamoxifen</name>
      <description>The risk or severity of QTc prolongation can be increased when Tamoxifen is combined with Goserelin.</description>
    </drug-interaction>
    <drug-interaction>
      <drugbank-id>DB00678</drugbank-id>
      <name>Losartan</name>
      <description>The risk or severity of QTc prolongation can be increased when Losartan is combined with Goserelin.</description>
    </drug-interaction>
    <drug-interaction>
      <drugbank-id>DB00680</drugbank-id>
      <name>Moricizine</name>
      <description>The risk or severity of QTc prolongation can be increased when Moricizine is combined with Goserelin.</description>
    </drug-interaction>
    <drug-interaction>
      <drugbank-id>DB00691</drugbank-id>
      <name>Moexipril</name>
      <description>The risk or severity of QTc prolongation can be increased when Moexipril is combined with Goserelin.</description>
    </drug-interaction>
    <drug-interaction>
      <drugbank-id>DB00697</drugbank-id>
      <name>Tizanidine</name>
      <description>The risk or severity of QTc prolongation can be increased when Tizanidine is combined with Goserelin.</description>
    </drug-interaction>
    <drug-interaction>
      <drugbank-id>DB00710</drugbank-id>
      <name>Ibandronate</name>
      <description>The risk or severity of QTc prolongation can be increased when Ibandronate is combined with Goserelin.</description>
    </drug-interaction>
    <drug-interaction>
      <drugbank-id>DB00714</drugbank-id>
      <name>Apomorphine</name>
      <description>The risk or severity of QTc prolongation can be increased when Apomorphine is combined with Goserelin.</description>
    </drug-interaction>
    <drug-interaction>
      <drugbank-id>DB00719</drugbank-id>
      <name>Azatadine</name>
      <description>The risk or severity of QTc prolongation can be increased when Azatadine is combined with Goserelin.</description>
    </drug-interaction>
    <drug-interaction>
      <drugbank-id>DB00726</drugbank-id>
      <name>Trimipramine</name>
      <description>The risk or severity of QTc prolongation can be increased when Trimipramine is combined with Goserelin.</description>
    </drug-interaction>
    <drug-interaction>
      <drugbank-id>DB00734</drugbank-id>
      <name>Risperidone</name>
      <description>The risk or severity of QTc prolongation can be increased when Risperidone is combined with Goserelin.</description>
    </drug-interaction>
    <drug-interaction>
      <drugbank-id>DB00753</drugbank-id>
      <name>Isoflurane</name>
      <description>The risk or severity of QTc prolongation can be increased when Isoflurane is combined with Goserelin.</description>
    </drug-interaction>
    <drug-interaction>
      <drugbank-id>DB00808</drugbank-id>
      <name>Indapamide</name>
      <description>The risk or severity of QTc prolongation can be increased when Indapamide is combined with Goserelin.</description>
    </drug-interaction>
    <drug-interaction>
      <drugbank-id>DB00817</drugbank-id>
      <name>Rosoxacin</name>
      <description>The risk or severity of QTc prolongation can be increased when Rosoxacin is combined with Goserelin.</description>
    </drug-interaction>
    <drug-interaction>
      <drugbank-id>DB00818</drugbank-id>
      <name>Propofol</name>
      <description>The risk or severity of QTc prolongation can be increased when Propofol is combined with Goserelin.</description>
    </drug-interaction>
    <drug-interaction>
      <drugbank-id>DB00822</drugbank-id>
      <name>Disulfiram</name>
      <description>The risk or severity of QTc prolongation can be increased when Disulfiram is combined with Goserelin.</description>
    </drug-interaction>
    <drug-interaction>
      <drugbank-id>DB00825</drugbank-id>
      <name>Levomenthol</name>
      <description>The risk or severity of QTc prolongation can be increased when Levomenthol is combined with Goserelin.</description>
    </drug-interaction>
    <drug-interaction>
      <drugbank-id>DB00835</drugbank-id>
      <name>Brompheniramine</name>
      <description>The risk or severity of QTc prolongation can be increased when Brompheniramine is combined with Goserelin.</description>
    </drug-interaction>
    <drug-interaction>
      <drugbank-id>DB00862</drugbank-id>
      <name>Vardenafil</name>
      <description>The risk or severity of QTc prolongation can be increased when Vardenafil is combined with Goserelin.</description>
    </drug-interaction>
    <drug-interaction>
      <drugbank-id>DB00871</drugbank-id>
      <name>Terbutaline</name>
      <description>The risk or severity of QTc prolongation can be increased when Terbutaline is combined with Goserelin.</description>
    </drug-interaction>
    <drug-interaction>
      <drugbank-id>DB00909</drugbank-id>
      <name>Zonisamide</name>
      <description>The risk or severity of QTc prolongation can be increased when Zonisamide is combined with Goserelin.</description>
    </drug-interaction>
    <drug-interaction>
      <drugbank-id>DB00915</drugbank-id>
      <name>Amantadine</name>
      <description>The risk or severity of QTc prolongation can be increased when Amantadine is combined with Goserelin.</description>
    </drug-interaction>
    <drug-interaction>
      <drugbank-id>DB00916</drugbank-id>
      <name>Metronidazole</name>
      <description>The risk or severity of QTc prolongation can be increased when Metronidazole is combined with Goserelin.</description>
    </drug-interaction>
    <drug-interaction>
      <drugbank-id>DB00927</drugbank-id>
      <name>Famotidine</name>
      <description>The risk or severity of QTc prolongation can be increased when Famotidine is combined with Goserelin.</description>
    </drug-interaction>
    <drug-interaction>
      <drugbank-id>DB00934</drugbank-id>
      <name>Maprotiline</name>
      <description>The risk or severity of QTc prolongation can be increased when Maprotiline is combined with Goserelin.</description>
    </drug-interaction>
    <drug-interaction>
      <drugbank-id>DB00938</drugbank-id>
      <name>Salmeterol</name>
      <description>The risk or severity of QTc prolongation can be increased when Salmeterol is combined with Goserelin.</description>
    </drug-interaction>
    <drug-interaction>
      <drugbank-id>DB00949</drugbank-id>
      <name>Felbamate</name>
      <description>The risk or severity of QTc prolongation can be increased when Felbamate is combined with Goserelin.</description>
    </drug-interaction>
    <drug-interaction>
      <drugbank-id>DB00983</drugbank-id>
      <name>Formoterol</name>
      <description>The risk or severity of QTc prolongation can be increased when Formoterol is combined with Goserelin.</description>
    </drug-interaction>
    <drug-interaction>
      <drugbank-id>DB00999</drugbank-id>
      <name>Hydrochlorothiazide</name>
      <description>The risk or severity of QTc prolongation can be increased when Hydrochlorothiazide is combined with Goserelin.</description>
    </drug-interaction>
    <drug-interaction>
      <drugbank-id>DB01001</drugbank-id>
      <name>Salbutamol</name>
      <description>The risk or severity of QTc prolongation can be increased when Salbutamol is combined with Goserelin.</description>
    </drug-interaction>
    <drug-interaction>
      <drugbank-id>DB01015</drugbank-id>
      <name>Sulfamethoxazole</name>
      <description>The therapeutic efficacy of Sulfamethoxazole can be decreased when used in combination with Goserelin.</description>
    </drug-interaction>
    <drug-interaction>
      <drugbank-id>DB01023</drugbank-id>
      <name>Felodipine</name>
      <description>The risk or severity of QTc prolongation can be increased when Felodipine is combined with Goserelin.</description>
    </drug-interaction>
    <drug-interaction>
      <drugbank-id>DB01026</drugbank-id>
      <name>Ketoconazole</name>
      <description>The risk or severity of QTc prolongation can be increased when Ketoconazole is combined with Goserelin.</description>
    </drug-interaction>
    <drug-interaction>
      <drugbank-id>DB01036</drugbank-id>
      <name>Tolterodine</name>
      <description>The risk or severity of QTc prolongation can be increased when Tolterodine is combined with Goserelin.</description>
    </drug-interaction>
    <drug-interaction>
      <drugbank-id>DB01044</drugbank-id>
      <name>Gatifloxacin</name>
      <description>The risk or severity of QTc prolongation can be increased when Gatifloxacin is combined with Goserelin.</description>
    </drug-interaction>
    <drug-interaction>
      <drugbank-id>DB01054</drugbank-id>
      <name>Nitrendipine</name>
      <description>The risk or severity of QTc prolongation can be increased when Nitrendipine is combined with Goserelin.</description>
    </drug-interaction>
    <drug-interaction>
      <drugbank-id>DB01059</drugbank-id>
      <name>Norfloxacin</name>
      <description>The risk or severity of QTc prolongation can be increased when Norfloxacin is combined with Goserelin.</description>
    </drug-interaction>
    <drug-interaction>
      <drugbank-id>DB01069</drugbank-id>
      <name>Promethazine</name>
      <description>The risk or severity of QTc prolongation can be increased when Promethazine is combined with Goserelin.</description>
    </drug-interaction>
    <drug-interaction>
      <drugbank-id>DB01071</drugbank-id>
      <name>Mequitazine</name>
      <description>The risk or severity of QTc prolongation can be increased when Mequitazine is combined with Goserelin.</description>
    </drug-interaction>
    <drug-interaction>
      <drugbank-id>DB01072</drugbank-id>
      <name>Atazanavir</name>
      <description>The risk or severity of QTc prolongation can be increased when Atazanavir is combined with Goserelin.</description>
    </drug-interaction>
    <drug-interaction>
      <drugbank-id>DB01074</drugbank-id>
      <name>Perhexiline</name>
      <description>The risk or severity of QTc prolongation can be increased when Perhexiline is combined with Goserelin.</description>
    </drug-interaction>
    <drug-interaction>
      <drugbank-id>DB01075</drugbank-id>
      <name>Diphenhydramine</name>
      <description>The risk or severity of QTc prolongation can be increased when Diphenhydramine is combined with Goserelin.</description>
    </drug-interaction>
    <drug-interaction>
      <drugbank-id>DB01106</drugbank-id>
      <name>Levocabastine</name>
      <description>The risk or severity of QTc prolongation can be increased when Levocabastine is combined with Goserelin.</description>
    </drug-interaction>
    <drug-interaction>
      <drugbank-id>DB01158</drugbank-id>
      <name>Bretylium</name>
      <description>The risk or severity of QTc prolongation can be increased when Bretylium is combined with Goserelin.</description>
    </drug-interaction>
    <drug-interaction>
      <drugbank-id>DB01166</drugbank-id>
      <name>Cilostazol</name>
      <description>The risk or severity of QTc prolongation can be increased when Cilostazol is combined with Goserelin.</description>
    </drug-interaction>
    <drug-interaction>
      <drugbank-id>DB01167</drugbank-id>
      <name>Itraconazole</name>
      <description>The risk or severity of QTc prolongation can be increased when Itraconazole is combined with Goserelin.</description>
    </drug-interaction>
    <drug-interaction>
      <drugbank-id>DB01173</drugbank-id>
      <name>Orphenadrine</name>
      <description>The risk or severity of QTc prolongation can be increased when Orphenadrine is combined with Goserelin.</description>
    </drug-interaction>
    <drug-interaction>
      <drugbank-id>DB01176</drugbank-id>
      <name>Cyclizine</name>
      <description>The risk or severity of QTc prolongation can be increased when Cyclizine is combined with Goserelin.</description>
    </drug-interaction>
    <drug-interaction>
      <drugbank-id>DB01189</drugbank-id>
      <name>Desflurane</name>
      <description>The risk or severity of QTc prolongation can be increased when Desflurane is combined with Goserelin.</description>
    </drug-interaction>
    <drug-interaction>
      <drugbank-id>DB01228</drugbank-id>
      <name>Encainide</name>
      <description>The risk or severity of QTc prolongation can be increased when Encainide is combined with Goserelin.</description>
    </drug-interaction>
    <drug-interaction>
      <drugbank-id>DB01233</drugbank-id>
      <name>Metoclopramide</name>
      <description>The risk or severity of QTc prolongation can be increased when Metoclopramide is combined with Goserelin.</description>
    </drug-interaction>
    <drug-interaction>
      <drugbank-id>DB01236</drugbank-id>
      <name>Sevoflurane</name>
      <description>The risk or severity of QTc prolongation can be increased when Sevoflurane is combined with Goserelin.</description>
    </drug-interaction>
    <drug-interaction>
      <drugbank-id>DB01238</drugbank-id>
      <name>Aripiprazole</name>
      <description>The risk or severity of QTc prolongation can be increased when Aripiprazole is combined with Goserelin.</description>
    </drug-interaction>
    <drug-interaction>
      <drugbank-id>DB01239</drugbank-id>
      <name>Chlorprothixene</name>
      <description>The risk or severity of QTc prolongation can be increased when Chlorprothixene is combined with Goserelin.</description>
    </drug-interaction>
    <drug-interaction>
      <drugbank-id>DB01246</drugbank-id>
      <name>Alimemazine</name>
      <description>The risk or severity of QTc prolongation can be increased when Alimemazine is combined with Goserelin.</description>
    </drug-interaction>
    <drug-interaction>
      <drugbank-id>DB01254</drugbank-id>
      <name>Dasatinib</name>
      <description>The risk or severity of QTc prolongation can be increased when Dasatinib is combined with Goserelin.</description>
    </drug-interaction>
    <drug-interaction>
      <drugbank-id>DB01259</drugbank-id>
      <name>Lapatinib</name>
      <description>The risk or severity of QTc prolongation can be increased when Lapatinib is combined with Goserelin.</description>
    </drug-interaction>
    <drug-interaction>
      <drugbank-id>DB01263</drugbank-id>
      <name>Posaconazole</name>
      <description>The risk or severity of QTc prolongation can be increased when Posaconazole is combined with Goserelin.</description>
    </drug-interaction>
    <drug-interaction>
      <drugbank-id>DB01268</drugbank-id>
      <name>Sunitinib</name>
      <description>The therapeutic efficacy of Sunitinib can be decreased when used in combination with Goserelin.</description>
    </drug-interaction>
    <drug-interaction>
      <drugbank-id>DB01274</drugbank-id>
      <name>Arformoterol</name>
      <description>The risk or severity of QTc prolongation can be increased when Arformoterol is combined with Goserelin.</description>
    </drug-interaction>
    <drug-interaction>
      <drugbank-id>DB01396</drugbank-id>
      <name>Digitoxin</name>
      <description>The risk or severity of QTc prolongation can be increased when Digitoxin is combined with Goserelin.</description>
    </drug-interaction>
    <drug-interaction>
      <drugbank-id>DB01403</drugbank-id>
      <name>Methotrimeprazine</name>
      <description>The risk or severity of QTc prolongation can be increased when Methotrimeprazine is combined with Goserelin.</description>
    </drug-interaction>
    <drug-interaction>
      <drugbank-id>DB01426</drugbank-id>
      <name>Ajmaline</name>
      <description>The risk or severity of QTc prolongation can be increased when Ajmaline is combined with Goserelin.</description>
    </drug-interaction>
    <drug-interaction>
      <drugbank-id>DB01591</drugbank-id>
      <name>Solifenacin</name>
      <description>The risk or severity of QTc prolongation can be increased when Solifenacin is combined with Goserelin.</description>
    </drug-interaction>
    <drug-interaction>
      <drugbank-id>DB01611</drugbank-id>
      <name>Hydroxychloroquine</name>
      <description>The risk or severity of QTc prolongation can be increased when Hydroxychloroquine is combined with Goserelin.</description>
    </drug-interaction>
    <drug-interaction>
      <drugbank-id>DB01620</drugbank-id>
      <name>Pheniramine</name>
      <description>The risk or severity of QTc prolongation can be increased when Pheniramine is combined with Goserelin.</description>
    </drug-interaction>
    <drug-interaction>
      <drugbank-id>DB01623</drugbank-id>
      <name>Thiothixene</name>
      <description>The risk or severity of QTc prolongation can be increased when Thiothixene is combined with Goserelin.</description>
    </drug-interaction>
    <drug-interaction>
      <drugbank-id>DB02546</drugbank-id>
      <name>Vorinostat</name>
      <description>The risk or severity of QTc prolongation can be increased when Vorinostat is combined with Goserelin.</description>
    </drug-interaction>
    <drug-interaction>
      <drugbank-id>DB04576</drugbank-id>
      <name>Fleroxacin</name>
      <description>The risk or severity of QTc prolongation can be increased when Fleroxacin is combined with Goserelin.</description>
    </drug-interaction>
    <drug-interaction>
      <drugbank-id>DB04695</drugbank-id>
      <name>Farnesyl thiopyrophosphate</name>
      <description>The risk or severity of QTc prolongation can be increased when Farnesyl thiopyrophosphate is combined with Goserelin.</description>
    </drug-interaction>
    <drug-interaction>
      <drugbank-id>DB04846</drugbank-id>
      <name>Celiprolol</name>
      <description>The risk or severity of QTc prolongation can be increased when Celiprolol is combined with Goserelin.</description>
    </drug-interaction>
    <drug-interaction>
      <drugbank-id>DB04953</drugbank-id>
      <name>Ezogabine</name>
      <description>The risk or severity of QTc prolongation can be increased when Ezogabine is combined with Goserelin.</description>
    </drug-interaction>
    <drug-interaction>
      <drugbank-id>DB05039</drugbank-id>
      <name>Indacaterol</name>
      <description>The risk or severity of QTc prolongation can be increased when Indacaterol is combined with Goserelin.</description>
    </drug-interaction>
    <drug-interaction>
      <drugbank-id>DB05246</drugbank-id>
      <name>Methsuximide</name>
      <description>The risk or severity of QTc prolongation can be increased when Methsuximide is combined with Goserelin.</description>
    </drug-interaction>
    <drug-interaction>
      <drugbank-id>DB05465</drugbank-id>
      <name>Tandutinib</name>
      <description>The risk or severity of QTc prolongation can be increased when Tandutinib is combined with Goserelin.</description>
    </drug-interaction>
    <drug-interaction>
      <drugbank-id>DB06217</drugbank-id>
      <name>Vernakalant</name>
      <description>The risk or severity of QTc prolongation can be increased when Vernakalant is combined with Goserelin.</description>
    </drug-interaction>
    <drug-interaction>
      <drugbank-id>DB06282</drugbank-id>
      <name>Levocetirizine</name>
      <description>The risk or severity of QTc prolongation can be increased when Levocetirizine is combined with Goserelin.</description>
    </drug-interaction>
    <drug-interaction>
      <drugbank-id>DB06468</drugbank-id>
      <name>Cariporide</name>
      <description>The risk or severity of QTc prolongation can be increased when Cariporide is combined with Goserelin.</description>
    </drug-interaction>
    <drug-interaction>
      <drugbank-id>DB06663</drugbank-id>
      <name>Pasireotide</name>
      <description>The risk or severity of QTc prolongation can be increased when Pasireotide is combined with Goserelin.</description>
    </drug-interaction>
    <drug-interaction>
      <drugbank-id>DB06691</drugbank-id>
      <name>Mepyramine</name>
      <description>The risk or severity of QTc prolongation can be increased when Mepyramine is combined with Goserelin.</description>
    </drug-interaction>
    <drug-interaction>
      <drugbank-id>DB06699</drugbank-id>
      <name>Degarelix</name>
      <description>The risk or severity of QTc prolongation can be increased when Degarelix is combined with Goserelin.</description>
    </drug-interaction>
    <drug-interaction>
      <drugbank-id>DB06719</drugbank-id>
      <name>Buserelin</name>
      <description>The risk or severity of QTc prolongation can be increased when Buserelin is combined with Goserelin.</description>
    </drug-interaction>
    <drug-interaction>
      <drugbank-id>DB06788</drugbank-id>
      <name>Histrelin</name>
      <description>The risk or severity of QTc prolongation can be increased when Histrelin is combined with Goserelin.</description>
    </drug-interaction>
    <drug-interaction>
      <drugbank-id>DB06825</drugbank-id>
      <name>Triptorelin</name>
      <description>The risk or severity of QTc prolongation can be increased when Triptorelin is combined with Goserelin.</description>
    </drug-interaction>
    <drug-interaction>
      <drugbank-id>DB07780</drugbank-id>
      <name>Farnesyl diphosphate</name>
      <description>The risk or severity of QTc prolongation can be increased when Farnesyl diphosphate is combined with Goserelin.</description>
    </drug-interaction>
    <drug-interaction>
      <drugbank-id>DB07841</drugbank-id>
      <name>Geranylgeranyl diphosphate</name>
      <description>The risk or severity of QTc prolongation can be increased when Geranylgeranyl diphosphate is combined with Goserelin.</description>
    </drug-interaction>
    <drug-interaction>
      <drugbank-id>DB08808</drugbank-id>
      <name>Bupranolol</name>
      <description>The risk or severity of QTc prolongation can be increased when Bupranolol is combined with Goserelin.</description>
    </drug-interaction>
    <drug-interaction>
      <drugbank-id>DB08815</drugbank-id>
      <name>Lurasidone</name>
      <description>The risk or severity of QTc prolongation can be increased when Lurasidone is combined with Goserelin.</description>
    </drug-interaction>
    <drug-interaction>
      <drugbank-id>DB08864</drugbank-id>
      <name>Rilpivirine</name>
      <description>The risk or severity of QTc prolongation can be increased when Rilpivirine is combined with Goserelin.</description>
    </drug-interaction>
    <drug-interaction>
      <drugbank-id>DB08871</drugbank-id>
      <name>Eribulin</name>
      <description>The risk or severity of QTc prolongation can be increased when Eribulin is combined with Goserelin.</description>
    </drug-interaction>
    <drug-interaction>
      <drugbank-id>DB08893</drugbank-id>
      <name>Mirabegron</name>
      <description>The risk or severity of QTc prolongation can be increased when Mirabegron is combined with Goserelin.</description>
    </drug-interaction>
    <drug-interaction>
      <drugbank-id>DB08912</drugbank-id>
      <name>Dabrafenib</name>
      <description>The risk or severity of QTc prolongation can be increased when Dabrafenib is combined with Goserelin.</description>
    </drug-interaction>
    <drug-interaction>
      <drugbank-id>DB08936</drugbank-id>
      <name>Chlorcyclizine</name>
      <description>The risk or severity of QTc prolongation can be increased when Chlorcyclizine is combined with Goserelin.</description>
    </drug-interaction>
    <drug-interaction>
      <drugbank-id>DB08952</drugbank-id>
      <name>Indenolol</name>
      <description>The risk or severity of QTc prolongation can be increased when Indenolol is combined with Goserelin.</description>
    </drug-interaction>
    <drug-interaction>
      <drugbank-id>DB08972</drugbank-id>
      <name>Flumequine</name>
      <description>The risk or severity of QTc prolongation can be increased when Flumequine is combined with Goserelin.</description>
    </drug-interaction>
    <drug-interaction>
      <drugbank-id>DB09080</drugbank-id>
      <name>Olodaterol</name>
      <description>The risk or severity of QTc prolongation can be increased when Olodaterol is combined with Goserelin.</description>
    </drug-interaction>
    <drug-interaction>
      <drugbank-id>DB09082</drugbank-id>
      <name>Vilanterol</name>
      <description>The risk or severity of QTc prolongation can be increased when Vilanterol is combined with Goserelin.</description>
    </drug-interaction>
    <drug-interaction>
      <drugbank-id>DB09089</drugbank-id>
      <name>Trimebutine</name>
      <description>The risk or severity of QTc prolongation can be increased when Trimebutine is combined with Goserelin.</description>
    </drug-interaction>
    <drug-interaction>
      <drugbank-id>DB09090</drugbank-id>
      <name>Pinaverium</name>
      <description>The risk or severity of QTc prolongation can be increased when Pinaverium is combined with Goserelin.</description>
    </drug-interaction>
    <drug-interaction>
      <drugbank-id>DB09167</drugbank-id>
      <name>Dosulepin</name>
      <description>The risk or severity of QTc prolongation can be increased when Dosulepin is combined with Goserelin.</description>
    </drug-interaction>
    <drug-interaction>
      <drugbank-id>DB09229</drugbank-id>
      <name>Aranidipine</name>
      <description>The risk or severity of QTc prolongation can be increased when Aranidipine is combined with Goserelin.</description>
    </drug-interaction>
    <drug-interaction>
      <drugbank-id>DB09235</drugbank-id>
      <name>Efonidipine</name>
      <description>The risk or severity of QTc prolongation can be increased when Efonidipine is combined with Goserelin.</description>
    </drug-interaction>
    <drug-interaction>
      <drugbank-id>DB09236</drugbank-id>
      <name>Lacidipine</name>
      <description>The risk or severity of QTc prolongation can be increased when Lacidipine is combined with Goserelin.</description>
    </drug-interaction>
    <drug-interaction>
      <drugbank-id>DB09239</drugbank-id>
      <name>Niguldipine</name>
      <description>The risk or severity of QTc prolongation can be increased when Niguldipine is combined with Goserelin.</description>
    </drug-interaction>
    <drug-interaction>
      <drugbank-id>DB09488</drugbank-id>
      <name>Acrivastine</name>
      <description>The risk or severity of QTc prolongation can be increased when Acrivastine is combined with Goserelin.</description>
    </drug-interaction>
    <drug-interaction>
      <drugbank-id>DB11390</drugbank-id>
      <name>Coumaphos</name>
      <description>The risk or severity of QTc prolongation can be increased when Coumaphos is combined with Goserelin.</description>
    </drug-interaction>
    <drug-interaction>
      <drugbank-id>DB11397</drugbank-id>
      <name>Dichlorvos</name>
      <description>The risk or severity of QTc prolongation can be increased when Dichlorvos is combined with Goserelin.</description>
    </drug-interaction>
    <drug-interaction>
      <drugbank-id>DB11408</drugbank-id>
      <name>Famphur</name>
      <description>The risk or severity of QTc prolongation can be increased when Famphur is combined with Goserelin.</description>
    </drug-interaction>
    <drug-interaction>
      <drugbank-id>DB11412</drugbank-id>
      <name>Fenthion</name>
      <description>The risk or severity of QTc prolongation can be increased when Fenthion is combined with Goserelin.</description>
    </drug-interaction>
    <drug-interaction>
      <drugbank-id>DB11443</drugbank-id>
      <name>Orbifloxacin</name>
      <description>The risk or severity of QTc prolongation can be increased when Orbifloxacin is combined with Goserelin.</description>
    </drug-interaction>
    <drug-interaction>
      <drugbank-id>DB11448</drugbank-id>
      <name>Phosmet</name>
      <description>The risk or severity of QTc prolongation can be increased when Phosmet is combined with Goserelin.</description>
    </drug-interaction>
    <drug-interaction>
      <drugbank-id>DB11491</drugbank-id>
      <name>Sarafloxacin</name>
      <description>The risk or severity of QTc prolongation can be increased when Sarafloxacin is combined with Goserelin.</description>
    </drug-interaction>
    <drug-interaction>
      <drugbank-id>DB11511</drugbank-id>
      <name>Difloxacin</name>
      <description>The risk or severity of QTc prolongation can be increased when Difloxacin is combined with Goserelin.</description>
    </drug-interaction>
    <drug-interaction>
      <drugbank-id>DB11591</drugbank-id>
      <name>Bilastine</name>
      <description>The risk or severity of QTc prolongation can be increased when Bilastine is combined with Goserelin.</description>
    </drug-interaction>
    <drug-interaction>
      <drugbank-id>DB11614</drugbank-id>
      <name>Rupatadine</name>
      <description>The risk or severity of QTc prolongation can be increased when Rupatadine is combined with Goserelin.</description>
    </drug-interaction>
    <drug-interaction>
      <drugbank-id>DB11742</drugbank-id>
      <name>Ebastine</name>
      <description>The risk or severity of QTc prolongation can be increased when Ebastine is combined with Goserelin.</description>
    </drug-interaction>
    <drug-interaction>
      <drugbank-id>DB11770</drugbank-id>
      <name>Talinolol</name>
      <description>The risk or severity of QTc prolongation can be increased when Talinolol is combined with Goserelin.</description>
    </drug-interaction>
    <drug-interaction>
      <drugbank-id>DB11774</drugbank-id>
      <name>Pazufloxacin</name>
      <description>The risk or severity of QTc prolongation can be increased when Pazufloxacin is combined with Goserelin.</description>
    </drug-interaction>
    <drug-interaction>
      <drugbank-id>DB11785</drugbank-id>
      <name>Anisodamine</name>
      <description>The risk or severity of QTc prolongation can be increased when Anisodamine is combined with Goserelin.</description>
    </drug-interaction>
    <drug-interaction>
      <drugbank-id>DB11891</drugbank-id>
      <name>CUDC-907</name>
      <description>The risk or severity of QTc prolongation can be increased when CUDC-907 is combined with Goserelin.</description>
    </drug-interaction>
    <drug-interaction>
      <drugbank-id>DB11892</drugbank-id>
      <name>Prulifloxacin</name>
      <description>The risk or severity of QTc prolongation can be increased when Prulifloxacin is combined with Goserelin.</description>
    </drug-interaction>
    <drug-interaction>
      <drugbank-id>DB11943</drugbank-id>
      <name>Delafloxacin</name>
      <description>The risk or severity of QTc prolongation can be increased when Delafloxacin is combined with Goserelin.</description>
    </drug-interaction>
    <drug-interaction>
      <drugbank-id>DB12093</drugbank-id>
      <name>Tetrahydropalmatine</name>
      <description>The risk or severity of QTc prolongation can be increased when Tetrahydropalmatine is combined with Goserelin.</description>
    </drug-interaction>
    <drug-interaction>
      <drugbank-id>DB12231</drugbank-id>
      <name>Temefos</name>
      <description>The risk or severity of QTc prolongation can be increased when Temefos is combined with Goserelin.</description>
    </drug-interaction>
    <drug-interaction>
      <drugbank-id>DB12245</drugbank-id>
      <name>Triclabendazole</name>
      <description>The risk or severity of QTc prolongation can be increased when Triclabendazole is combined with Goserelin.</description>
    </drug-interaction>
    <drug-interaction>
      <drugbank-id>DB12645</drugbank-id>
      <name>Givinostat</name>
      <description>The risk or severity of QTc prolongation can be increased when Givinostat is combined with Goserelin.</description>
    </drug-interaction>
    <drug-interaction>
      <drugbank-id>DB12712</drugbank-id>
      <name>Pilsicainide</name>
      <description>The risk or severity of QTc prolongation can be increased when Pilsicainide is combined with Goserelin.</description>
    </drug-interaction>
    <drug-interaction>
      <drugbank-id>DB12766</drugbank-id>
      <name>Cicletanine</name>
      <description>The risk or severity of QTc prolongation can be increased when Cicletanine is combined with Goserelin.</description>
    </drug-interaction>
    <drug-interaction>
      <drugbank-id>DB12923</drugbank-id>
      <name>Gallopamil</name>
      <description>The risk or severity of QTc prolongation can be increased when Gallopamil is combined with Goserelin.</description>
    </drug-interaction>
    <drug-interaction>
      <drugbank-id>DB13358</drugbank-id>
      <name>Cibenzoline</name>
      <description>The risk or severity of QTc prolongation can be increased when Cibenzoline is combined with Goserelin.</description>
    </drug-interaction>
    <drug-interaction>
      <drugbank-id>DB13488</drugbank-id>
      <name>Bencyclane</name>
      <description>The risk or severity of QTc prolongation can be increased when Bencyclane is combined with Goserelin.</description>
    </drug-interaction>
    <drug-interaction>
      <drugbank-id>DB13555</drugbank-id>
      <name>Prajmaline</name>
      <description>The risk or severity of QTc prolongation can be increased when Prajmaline is combined with Goserelin.</description>
    </drug-interaction>
    <drug-interaction>
      <drugbank-id>DB13627</drugbank-id>
      <name>Oxolinic acid</name>
      <description>The risk or severity of QTc prolongation can be increased when Oxolinic acid is combined with Goserelin.</description>
    </drug-interaction>
    <drug-interaction>
      <drugbank-id>DB13651</drugbank-id>
      <name>Lorajmine</name>
      <description>The risk or severity of QTc prolongation can be increased when Lorajmine is combined with Goserelin.</description>
    </drug-interaction>
    <drug-interaction>
      <drugbank-id>DB13691</drugbank-id>
      <name>Acetyldigoxin</name>
      <description>The risk or severity of QTc prolongation can be increased when Acetyldigoxin is combined with Goserelin.</description>
    </drug-interaction>
    <drug-interaction>
      <drugbank-id>DB13744</drugbank-id>
      <name>Piromidic acid</name>
      <description>The risk or severity of QTc prolongation can be increased when Piromidic acid is combined with Goserelin.</description>
    </drug-interaction>
    <drug-interaction>
      <drugbank-id>DB13766</drugbank-id>
      <name>Lidoflazine</name>
      <description>The risk or severity of QTc prolongation can be increased when Lidoflazine is combined with Goserelin.</description>
    </drug-interaction>
    <drug-interaction>
      <drugbank-id>DB13772</drugbank-id>
      <name>Rufloxacin</name>
      <description>The risk or severity of QTc prolongation can be increased when Rufloxacin is combined with Goserelin.</description>
    </drug-interaction>
    <drug-interaction>
      <drugbank-id>DB13823</drugbank-id>
      <name>Pipemidic acid</name>
      <description>The risk or severity of QTc prolongation can be increased when Pipemidic acid is combined with Goserelin.</description>
    </drug-interaction>
    <drug-interaction>
      <drugbank-id>DB14185</drugbank-id>
      <name>Aripiprazole lauroxil</name>
      <description>The risk or severity of QTc prolongation can be increased when Aripiprazole lauroxil is combined with Goserelin.</description>
    </drug-interaction>
    <drug-interaction>
      <drugbank-id>DB14713</drugbank-id>
      <name>Inotersen</name>
      <description>The risk or severity of QTc prolongation can be increased when Inotersen is combined with Goserelin.</description>
    </drug-interaction>
    <drug-interaction>
      <drugbank-id>DB00864</drugbank-id>
      <name>Tacrolimus</name>
      <description>The risk or severity of QTc prolongation can be increased when Tacrolimus is combined with Goserelin.</description>
    </drug-interaction>
    <drug-interaction>
      <drugbank-id>DB01601</drugbank-id>
      <name>Lopinavir</name>
      <description>The risk or severity of QTc prolongation can be increased when Lopinavir is combined with Goserelin.</description>
    </drug-interaction>
    <drug-interaction>
      <drugbank-id>DB01142</drugbank-id>
      <name>Doxepin</name>
      <description>The risk or severity of QTc prolongation can be increased when Doxepin is combined with Goserelin.</description>
    </drug-interaction>
    <drug-interaction>
      <drugbank-id>DB01151</drugbank-id>
      <name>Desipramine</name>
      <description>The risk or severity of QTc prolongation can be increased when Desipramine is combined with Goserelin.</description>
    </drug-interaction>
    <drug-interaction>
      <drugbank-id>DB00845</drugbank-id>
      <name>Clofazimine</name>
      <description>The risk or severity of QTc prolongation can be increased when Clofazimine is combined with Goserelin.</description>
    </drug-interaction>
    <drug-interaction>
      <drugbank-id>DB11796</drugbank-id>
      <name>Fostemsavir</name>
      <description>The risk or severity of QTc prolongation can be increased when Fostemsavir is combined with Goserelin.</description>
    </drug-interaction>
    <drug-interaction>
      <drugbank-id>DB00751</drugbank-id>
      <name>Epinastine</name>
      <description>The risk or severity of QTc prolongation can be increased when Epinastine is combined with Goserelin.</description>
    </drug-interaction>
    <drug-interaction>
      <drugbank-id>DB11853</drugbank-id>
      <name>Relugolix</name>
      <description>The risk or severity of QTc prolongation can be increased when Relugolix is combined with Goserelin.</description>
    </drug-interaction>
    <drug-interaction>
      <drugbank-id>DB11637</drugbank-id>
      <name>Delamanid</name>
      <description>Goserelin may increase the QTc-prolonging activities of Delamanid.</description>
    </drug-interaction>
    <drug-interaction>
      <drugbank-id>DB00091</drugbank-id>
      <name>Cyclosporine</name>
      <description>Cyclosporine may decrease the excretion rate of Goserelin which could result in a higher serum level.</description>
    </drug-interaction>
    <drug-interaction>
      <drugbank-id>DB00159</drugbank-id>
      <name>Icosapent</name>
      <description>Icosapent may decrease the excretion rate of Goserelin which could result in a higher serum level.</description>
    </drug-interaction>
    <drug-interaction>
      <drugbank-id>DB00229</drugbank-id>
      <name>Cefotiam</name>
      <description>Cefotiam may decrease the excretion rate of Goserelin which could result in a higher serum level.</description>
    </drug-interaction>
    <drug-interaction>
      <drugbank-id>DB00244</drugbank-id>
      <name>Mesalazine</name>
      <description>Mesalazine may decrease the excretion rate of Goserelin which could result in a higher serum level.</description>
    </drug-interaction>
    <drug-interaction>
      <drugbank-id>DB00267</drugbank-id>
      <name>Cefmenoxime</name>
      <description>Cefmenoxime may decrease the excretion rate of Goserelin which could result in a higher serum level.</description>
    </drug-interaction>
    <drug-interaction>
      <drugbank-id>DB00274</drugbank-id>
      <name>Cefmetazole</name>
      <description>Cefmetazole may decrease the excretion rate of Goserelin which could result in a higher serum level.</description>
    </drug-interaction>
    <drug-interaction>
      <drugbank-id>DB00282</drugbank-id>
      <name>Pamidronic acid</name>
      <description>Pamidronic acid may decrease the excretion rate of Goserelin which could result in a higher serum level.</description>
    </drug-interaction>
    <drug-interaction>
      <drugbank-id>DB00300</drugbank-id>
      <name>Tenofovir disoproxil</name>
      <description>Tenofovir disoproxil may decrease the excretion rate of Goserelin which could result in a higher serum level.</description>
    </drug-interaction>
    <drug-interaction>
      <drugbank-id>DB00328</drugbank-id>
      <name>Indomethacin</name>
      <description>Indomethacin may decrease the excretion rate of Goserelin which could result in a higher serum level.</description>
    </drug-interaction>
    <drug-interaction>
      <drugbank-id>DB00369</drugbank-id>
      <name>Cidofovir</name>
      <description>Cidofovir may decrease the excretion rate of Goserelin which could result in a higher serum level.</description>
    </drug-interaction>
    <drug-interaction>
      <drugbank-id>DB00430</drugbank-id>
      <name>Cefpiramide</name>
      <description>Cefpiramide may decrease the excretion rate of Goserelin which could result in a higher serum level.</description>
    </drug-interaction>
    <drug-interaction>
      <drugbank-id>DB00438</drugbank-id>
      <name>Ceftazidime</name>
      <description>Ceftazidime may decrease the excretion rate of Goserelin which could result in a higher serum level.</description>
    </drug-interaction>
    <drug-interaction>
      <drugbank-id>DB00447</drugbank-id>
      <name>Loracarbef</name>
      <description>Loracarbef may decrease the excretion rate of Goserelin which could result in a higher serum level.</description>
    </drug-interaction>
    <drug-interaction>
      <drugbank-id>DB00456</drugbank-id>
      <name>Cefalotin</name>
      <description>Cefalotin may decrease the excretion rate of Goserelin which could result in a higher serum level.</description>
    </drug-interaction>
    <drug-interaction>
      <drugbank-id>DB00461</drugbank-id>
      <name>Nabumetone</name>
      <description>Nabumetone may decrease the excretion rate of Goserelin which could result in a higher serum level.</description>
    </drug-interaction>
    <drug-interaction>
      <drugbank-id>DB00465</drugbank-id>
      <name>Ketorolac</name>
      <description>Ketorolac may decrease the excretion rate of Goserelin which could result in a higher serum level.</description>
    </drug-interaction>
    <drug-interaction>
      <drugbank-id>DB00469</drugbank-id>
      <name>Tenoxicam</name>
      <description>Tenoxicam may decrease the excretion rate of Goserelin which could result in a higher serum level.</description>
    </drug-interaction>
    <drug-interaction>
      <drugbank-id>DB00482</drugbank-id>
      <name>Celecoxib</name>
      <description>Celecoxib may decrease the excretion rate of Goserelin which could result in a higher serum level.</description>
    </drug-interaction>
    <drug-interaction>
      <drugbank-id>DB00493</drugbank-id>
      <name>Cefotaxime</name>
      <description>Cefotaxime may decrease the excretion rate of Goserelin which could result in a higher serum level.</description>
    </drug-interaction>
    <drug-interaction>
      <drugbank-id>DB00500</drugbank-id>
      <name>Tolmetin</name>
      <description>Tolmetin may decrease the excretion rate of Goserelin which could result in a higher serum level.</description>
    </drug-interaction>
    <drug-interaction>
      <drugbank-id>DB00533</drugbank-id>
      <name>Rofecoxib</name>
      <description>Rofecoxib may decrease the excretion rate of Goserelin which could result in a higher serum level.</description>
    </drug-interaction>
    <drug-interaction>
      <drugbank-id>DB00554</drugbank-id>
      <name>Piroxicam</name>
      <description>Piroxicam may decrease the excretion rate of Goserelin which could result in a higher serum level.</description>
    </drug-interaction>
    <drug-interaction>
      <drugbank-id>DB00563</drugbank-id>
      <name>Methotrexate</name>
      <description>Methotrexate may decrease the excretion rate of Goserelin which could result in a higher serum level.</description>
    </drug-interaction>
    <drug-interaction>
      <drugbank-id>DB00567</drugbank-id>
      <name>Cephalexin</name>
      <description>Cephalexin may decrease the excretion rate of Goserelin which could result in a higher serum level.</description>
    </drug-interaction>
    <drug-interaction>
      <drugbank-id>DB00573</drugbank-id>
      <name>Fenoprofen</name>
      <description>Fenoprofen may decrease the excretion rate of Goserelin which could result in a higher serum level.</description>
    </drug-interaction>
    <drug-interaction>
      <drugbank-id>DB00577</drugbank-id>
      <name>Valaciclovir</name>
      <description>Valaciclovir may decrease the excretion rate of Goserelin which could result in a higher serum level.</description>
    </drug-interaction>
    <drug-interaction>
      <drugbank-id>DB00580</drugbank-id>
      <name>Valdecoxib</name>
      <description>Valdecoxib may decrease the excretion rate of Goserelin which could result in a higher serum level.</description>
    </drug-interaction>
    <drug-interaction>
      <drugbank-id>DB00586</drugbank-id>
      <name>Diclofenac</name>
      <description>Diclofenac may decrease the excretion rate of Goserelin which could result in a higher serum level.</description>
    </drug-interaction>
    <drug-interaction>
      <drugbank-id>DB00605</drugbank-id>
      <name>Sulindac</name>
      <description>Sulindac may decrease the excretion rate of Goserelin which could result in a higher serum level.</description>
    </drug-interaction>
    <drug-interaction>
      <drugbank-id>DB00626</drugbank-id>
      <name>Bacitracin</name>
      <description>Bacitracin may decrease the excretion rate of Goserelin which could result in a higher serum level.</description>
    </drug-interaction>
    <drug-interaction>
      <drugbank-id>DB00681</drugbank-id>
      <name>Amphotericin B</name>
      <description>Amphotericin B may decrease the excretion rate of Goserelin which could result in a higher serum level.</description>
    </drug-interaction>
    <drug-interaction>
      <drugbank-id>DB00689</drugbank-id>
      <name>Cephaloglycin</name>
      <description>Cephaloglycin may decrease the excretion rate of Goserelin which could result in a higher serum level.</description>
    </drug-interaction>
    <drug-interaction>
      <drugbank-id>DB00712</drugbank-id>
      <name>Flurbiprofen</name>
      <description>Flurbiprofen may decrease the excretion rate of Goserelin which could result in a higher serum level.</description>
    </drug-interaction>
    <drug-interaction>
      <drugbank-id>DB00718</drugbank-id>
      <name>Adefovir dipivoxil</name>
      <description>Adefovir dipivoxil may decrease the excretion rate of Goserelin which could result in a higher serum level.</description>
    </drug-interaction>
    <drug-interaction>
      <drugbank-id>DB00749</drugbank-id>
      <name>Etodolac</name>
      <description>Etodolac may decrease the excretion rate of Goserelin which could result in a higher serum level.</description>
    </drug-interaction>
    <drug-interaction>
      <drugbank-id>DB00784</drugbank-id>
      <name>Mefenamic acid</name>
      <description>Mefenamic acid may decrease the excretion rate of Goserelin which could result in a higher serum level.</description>
    </drug-interaction>
    <drug-interaction>
      <drugbank-id>DB00787</drugbank-id>
      <name>Acyclovir</name>
      <description>Acyclovir may decrease the excretion rate of Goserelin which could result in a higher serum level.</description>
    </drug-interaction>
    <drug-interaction>
      <drugbank-id>DB00788</drugbank-id>
      <name>Naproxen</name>
      <description>Naproxen may decrease the excretion rate of Goserelin which could result in a higher serum level.</description>
    </drug-interaction>
    <drug-interaction>
      <drugbank-id>DB00795</drugbank-id>
      <name>Sulfasalazine</name>
      <description>Sulfasalazine may decrease the excretion rate of Goserelin which could result in a higher serum level.</description>
    </drug-interaction>
    <drug-interaction>
      <drugbank-id>DB00812</drugbank-id>
      <name>Phenylbutazone</name>
      <description>Phenylbutazone may decrease the excretion rate of Goserelin which could result in a higher serum level.</description>
    </drug-interaction>
    <drug-interaction>
      <drugbank-id>DB00814</drugbank-id>
      <name>Meloxicam</name>
      <description>Meloxicam may decrease the excretion rate of Goserelin which could result in a higher serum level.</description>
    </drug-interaction>
    <drug-interaction>
      <drugbank-id>DB00821</drugbank-id>
      <name>Carprofen</name>
      <description>Carprofen may decrease the excretion rate of Goserelin which could result in a higher serum level.</description>
    </drug-interaction>
    <drug-interaction>
      <drugbank-id>DB00833</drugbank-id>
      <name>Cefaclor</name>
      <description>Cefaclor may decrease the excretion rate of Goserelin which could result in a higher serum level.</description>
    </drug-interaction>
    <drug-interaction>
      <drugbank-id>DB00861</drugbank-id>
      <name>Diflunisal</name>
      <description>Diflunisal may decrease the excretion rate of Goserelin which could result in a higher serum level.</description>
    </drug-interaction>
    <drug-interaction>
      <drugbank-id>DB00923</drugbank-id>
      <name>Ceforanide</name>
      <description>Ceforanide may decrease the excretion rate of Goserelin which could result in a higher serum level.</description>
    </drug-interaction>
    <drug-interaction>
      <drugbank-id>DB00936</drugbank-id>
      <name>Salicylic acid</name>
      <description>Salicylic acid may decrease the excretion rate of Goserelin which could result in a higher serum level.</description>
    </drug-interaction>
    <drug-interaction>
      <drugbank-id>DB00939</drugbank-id>
      <name>Meclofenamic acid</name>
      <description>Meclofenamic acid may decrease the excretion rate of Goserelin which could result in a higher serum level.</description>
    </drug-interaction>
    <drug-interaction>
      <drugbank-id>DB00945</drugbank-id>
      <name>Acetylsalicylic acid</name>
      <description>Acetylsalicylic acid may decrease the excretion rate of Goserelin which could result in a higher serum level.</description>
    </drug-interaction>
    <drug-interaction>
      <drugbank-id>DB00958</drugbank-id>
      <name>Carboplatin</name>
      <description>Carboplatin may decrease the excretion rate of Goserelin which could result in a higher serum level.</description>
    </drug-interaction>
    <drug-interaction>
      <drugbank-id>DB00991</drugbank-id>
      <name>Oxaprozin</name>
      <description>Oxaprozin may decrease the excretion rate of Goserelin which could result in a higher serum level.</description>
    </drug-interaction>
    <drug-interaction>
      <drugbank-id>DB01009</drugbank-id>
      <name>Ketoprofen</name>
      <description>Ketoprofen may decrease the excretion rate of Goserelin which could result in a higher serum level.</description>
    </drug-interaction>
    <drug-interaction>
      <drugbank-id>DB01014</drugbank-id>
      <name>Balsalazide</name>
      <description>Balsalazide may decrease the excretion rate of Goserelin which could result in a higher serum level.</description>
    </drug-interaction>
    <drug-interaction>
      <drugbank-id>DB01050</drugbank-id>
      <name>Ibuprofen</name>
      <description>Ibuprofen may decrease the excretion rate of Goserelin which could result in a higher serum level.</description>
    </drug-interaction>
    <drug-interaction>
      <drugbank-id>DB01066</drugbank-id>
      <name>Cefditoren</name>
      <description>Cefditoren may decrease the excretion rate of Goserelin which could result in a higher serum level.</description>
    </drug-interaction>
    <drug-interaction>
      <drugbank-id>DB01111</drugbank-id>
      <name>Colistimethate</name>
      <description>Colistimethate may decrease the excretion rate of Goserelin which could result in a higher serum level.</description>
    </drug-interaction>
    <drug-interaction>
      <drugbank-id>DB01112</drugbank-id>
      <name>Cefuroxime</name>
      <description>Cefuroxime may decrease the excretion rate of Goserelin which could result in a higher serum level.</description>
    </drug-interaction>
    <drug-interaction>
      <drugbank-id>DB01139</drugbank-id>
      <name>Cefapirin</name>
      <description>Cefapirin may decrease the excretion rate of Goserelin which could result in a higher serum level.</description>
    </drug-interaction>
    <drug-interaction>
      <drugbank-id>DB01140</drugbank-id>
      <name>Cefadroxil</name>
      <description>Cefadroxil may decrease the excretion rate of Goserelin which could result in a higher serum level.</description>
    </drug-interaction>
    <drug-interaction>
      <drugbank-id>DB01150</drugbank-id>
      <name>Cefprozil</name>
      <description>Cefprozil may decrease the excretion rate of Goserelin which could result in a higher serum level.</description>
    </drug-interaction>
    <drug-interaction>
      <drugbank-id>DB01212</drugbank-id>
      <name>Ceftriaxone</name>
      <description>Ceftriaxone may decrease the excretion rate of Goserelin which could result in a higher serum level.</description>
    </drug-interaction>
    <drug-interaction>
      <drugbank-id>DB01250</drugbank-id>
      <name>Olsalazine</name>
      <description>Olsalazine may decrease the excretion rate of Goserelin which could result in a higher serum level.</description>
    </drug-interaction>
    <drug-interaction>
      <drugbank-id>DB01283</drugbank-id>
      <name>Lumiracoxib</name>
      <description>Lumiracoxib may decrease the excretion rate of Goserelin which could result in a higher serum level.</description>
    </drug-interaction>
    <drug-interaction>
      <drugbank-id>DB01326</drugbank-id>
      <name>Cefamandole</name>
      <description>Cefamandole may decrease the excretion rate of Goserelin which could result in a higher serum level.</description>
    </drug-interaction>
    <drug-interaction>
      <drugbank-id>DB01327</drugbank-id>
      <name>Cefazolin</name>
      <description>Cefazolin may decrease the excretion rate of Goserelin which could result in a higher serum level.</description>
    </drug-interaction>
    <drug-interaction>
      <drugbank-id>DB01328</drugbank-id>
      <name>Cefonicid</name>
      <description>Cefonicid may decrease the excretion rate of Goserelin which could result in a higher serum level.</description>
    </drug-interaction>
    <drug-interaction>
      <drugbank-id>DB01329</drugbank-id>
      <name>Cefoperazone</name>
      <description>Cefoperazone may decrease the excretion rate of Goserelin which could result in a higher serum level.</description>
    </drug-interaction>
    <drug-interaction>
      <drugbank-id>DB01330</drugbank-id>
      <name>Cefotetan</name>
      <description>Cefotetan may decrease the excretion rate of Goserelin which could result in a higher serum level.</description>
    </drug-interaction>
    <drug-interaction>
      <drugbank-id>DB01331</drugbank-id>
      <name>Cefoxitin</name>
      <description>Cefoxitin may decrease the excretion rate of Goserelin which could result in a higher serum level.</description>
    </drug-interaction>
    <drug-interaction>
      <drugbank-id>DB01332</drugbank-id>
      <name>Ceftizoxime</name>
      <description>Ceftizoxime may decrease the excretion rate of Goserelin which could result in a higher serum level.</description>
    </drug-interaction>
    <drug-interaction>
      <drugbank-id>DB01333</drugbank-id>
      <name>Cefradine</name>
      <description>Cefradine may decrease the excretion rate of Goserelin which could result in a higher serum level.</description>
    </drug-interaction>
    <drug-interaction>
      <drugbank-id>DB01397</drugbank-id>
      <name>Magnesium salicylate</name>
      <description>Magnesium salicylate may decrease the excretion rate of Goserelin which could result in a higher serum level.</description>
    </drug-interaction>
    <drug-interaction>
      <drugbank-id>DB01399</drugbank-id>
      <name>Salsalate</name>
      <description>Salsalate may decrease the excretion rate of Goserelin which could result in a higher serum level.</description>
    </drug-interaction>
    <drug-interaction>
      <drugbank-id>DB01401</drugbank-id>
      <name>Choline magnesium trisalicylate</name>
      <description>Choline magnesium trisalicylate may decrease the excretion rate of Goserelin which could result in a higher serum level.</description>
    </drug-interaction>
    <drug-interaction>
      <drugbank-id>DB01413</drugbank-id>
      <name>Cefepime</name>
      <description>Cefepime may decrease the excretion rate of Goserelin which could result in a higher serum level.</description>
    </drug-interaction>
    <drug-interaction>
      <drugbank-id>DB01414</drugbank-id>
      <name>Cefacetrile</name>
      <description>Cefacetrile may decrease the excretion rate of Goserelin which could result in a higher serum level.</description>
    </drug-interaction>
    <drug-interaction>
      <drugbank-id>DB01415</drugbank-id>
      <name>Ceftibuten</name>
      <description>Ceftibuten may decrease the excretion rate of Goserelin which could result in a higher serum level.</description>
    </drug-interaction>
    <drug-interaction>
      <drugbank-id>DB01416</drugbank-id>
      <name>Cefpodoxime</name>
      <description>Cefpodoxime may decrease the excretion rate of Goserelin which could result in a higher serum level.</description>
    </drug-interaction>
    <drug-interaction>
      <drugbank-id>DB01419</drugbank-id>
      <name>Antrafenine</name>
      <description>Antrafenine may decrease the excretion rate of Goserelin which could result in a higher serum level.</description>
    </drug-interaction>
    <drug-interaction>
      <drugbank-id>DB01424</drugbank-id>
      <name>Aminophenazone</name>
      <description>Aminophenazone may decrease the excretion rate of Goserelin which could result in a higher serum level.</description>
    </drug-interaction>
    <drug-interaction>
      <drugbank-id>DB01435</drugbank-id>
      <name>Antipyrine</name>
      <description>Antipyrine may decrease the excretion rate of Goserelin which could result in a higher serum level.</description>
    </drug-interaction>
    <drug-interaction>
      <drugbank-id>DB01600</drugbank-id>
      <name>Tiaprofenic acid</name>
      <description>Tiaprofenic acid may decrease the excretion rate of Goserelin which could result in a higher serum level.</description>
    </drug-interaction>
    <drug-interaction>
      <drugbank-id>DB01628</drugbank-id>
      <name>Etoricoxib</name>
      <description>Etoricoxib may decrease the excretion rate of Goserelin which could result in a higher serum level.</description>
    </drug-interaction>
    <drug-interaction>
      <drugbank-id>DB02247</drugbank-id>
      <name>Hydrolyzed Cephalothin</name>
      <description>Hydrolyzed Cephalothin may decrease the excretion rate of Goserelin which could result in a higher serum level.</description>
    </drug-interaction>
    <drug-interaction>
      <drugbank-id>DB03450</drugbank-id>
      <name>Cephalothin Group</name>
      <description>Cephalothin Group may decrease the excretion rate of Goserelin which could result in a higher serum level.</description>
    </drug-interaction>
    <drug-interaction>
      <drugbank-id>DB03585</drugbank-id>
      <name>Oxyphenbutazone</name>
      <description>Oxyphenbutazone may decrease the excretion rate of Goserelin which could result in a higher serum level.</description>
    </drug-interaction>
    <drug-interaction>
      <drugbank-id>DB04570</drugbank-id>
      <name>Latamoxef</name>
      <description>Latamoxef may decrease the excretion rate of Goserelin which could result in a higher serum level.</description>
    </drug-interaction>
    <drug-interaction>
      <drugbank-id>DB04743</drugbank-id>
      <name>Nimesulide</name>
      <description>Nimesulide may decrease the excretion rate of Goserelin which could result in a higher serum level.</description>
    </drug-interaction>
    <drug-interaction>
      <drugbank-id>DB04812</drugbank-id>
      <name>Benoxaprofen</name>
      <description>Benoxaprofen may decrease the excretion rate of Goserelin which could result in a higher serum level.</description>
    </drug-interaction>
    <drug-interaction>
      <drugbank-id>DB04817</drugbank-id>
      <name>Metamizole</name>
      <description>Metamizole may decrease the excretion rate of Goserelin which could result in a higher serum level.</description>
    </drug-interaction>
    <drug-interaction>
      <drugbank-id>DB04828</drugbank-id>
      <name>Zomepirac</name>
      <description>Zomepirac may decrease the excretion rate of Goserelin which could result in a higher serum level.</description>
    </drug-interaction>
    <drug-interaction>
      <drugbank-id>DB04918</drugbank-id>
      <name>Ceftobiprole</name>
      <description>Ceftobiprole may decrease the excretion rate of Goserelin which could result in a higher serum level.</description>
    </drug-interaction>
    <drug-interaction>
      <drugbank-id>DB05095</drugbank-id>
      <name>Cimicoxib</name>
      <description>Cimicoxib may decrease the excretion rate of Goserelin which could result in a higher serum level.</description>
    </drug-interaction>
    <drug-interaction>
      <drugbank-id>DB06590</drugbank-id>
      <name>Ceftaroline fosamil</name>
      <description>Ceftaroline fosamil may decrease the excretion rate of Goserelin which could result in a higher serum level.</description>
    </drug-interaction>
    <drug-interaction>
      <drugbank-id>DB06725</drugbank-id>
      <name>Lornoxicam</name>
      <description>Lornoxicam may decrease the excretion rate of Goserelin which could result in a higher serum level.</description>
    </drug-interaction>
    <drug-interaction>
      <drugbank-id>DB06736</drugbank-id>
      <name>Aceclofenac</name>
      <description>Aceclofenac may decrease the excretion rate of Goserelin which could result in a higher serum level.</description>
    </drug-interaction>
    <drug-interaction>
      <drugbank-id>DB06737</drugbank-id>
      <name>Zaltoprofen</name>
      <description>Zaltoprofen may decrease the excretion rate of Goserelin which could result in a higher serum level.</description>
    </drug-interaction>
    <drug-interaction>
      <drugbank-id>DB07402</drugbank-id>
      <name>Azapropazone</name>
      <description>Azapropazone may decrease the excretion rate of Goserelin which could result in a higher serum level.</description>
    </drug-interaction>
    <drug-interaction>
      <drugbank-id>DB08439</drugbank-id>
      <name>Parecoxib</name>
      <description>Parecoxib may decrease the excretion rate of Goserelin which could result in a higher serum level.</description>
    </drug-interaction>
    <drug-interaction>
      <drugbank-id>DB08797</drugbank-id>
      <name>Salicylamide</name>
      <description>Salicylamide may decrease the excretion rate of Goserelin which could result in a higher serum level.</description>
    </drug-interaction>
    <drug-interaction>
      <drugbank-id>DB08940</drugbank-id>
      <name>Kebuzone</name>
      <description>Kebuzone may decrease the excretion rate of Goserelin which could result in a higher serum level.</description>
    </drug-interaction>
    <drug-interaction>
      <drugbank-id>DB08942</drugbank-id>
      <name>Isoxicam</name>
      <description>Isoxicam may decrease the excretion rate of Goserelin which could result in a higher serum level.</description>
    </drug-interaction>
    <drug-interaction>
      <drugbank-id>DB08951</drugbank-id>
      <name>Indoprofen</name>
      <description>Indoprofen may decrease the excretion rate of Goserelin which could result in a higher serum level.</description>
    </drug-interaction>
    <drug-interaction>
      <drugbank-id>DB08955</drugbank-id>
      <name>Ibuproxam</name>
      <description>Ibuproxam may decrease the excretion rate of Goserelin which could result in a higher serum level.</description>
    </drug-interaction>
    <drug-interaction>
      <drugbank-id>DB08976</drugbank-id>
      <name>Floctafenine</name>
      <description>Floctafenine may decrease the excretion rate of Goserelin which could result in a higher serum level.</description>
    </drug-interaction>
    <drug-interaction>
      <drugbank-id>DB08981</drugbank-id>
      <name>Fenbufen</name>
      <description>Fenbufen may decrease the excretion rate of Goserelin which could result in a higher serum level.</description>
    </drug-interaction>
    <drug-interaction>
      <drugbank-id>DB08984</drugbank-id>
      <name>Etofenamate</name>
      <description>Etofenamate may decrease the excretion rate of Goserelin which could result in a higher serum level.</description>
    </drug-interaction>
    <drug-interaction>
      <drugbank-id>DB08991</drugbank-id>
      <name>Epirizole</name>
      <description>Epirizole may decrease the excretion rate of Goserelin which could result in a higher serum level.</description>
    </drug-interaction>
    <drug-interaction>
      <drugbank-id>DB09008</drugbank-id>
      <name>Cefaloridine</name>
      <description>Cefaloridine may decrease the excretion rate of Goserelin which could result in a higher serum level.</description>
    </drug-interaction>
    <drug-interaction>
      <drugbank-id>DB09062</drugbank-id>
      <name>Cefminox</name>
      <description>Cefminox may decrease the excretion rate of Goserelin which could result in a higher serum level.</description>
    </drug-interaction>
    <drug-interaction>
      <drugbank-id>DB09084</drugbank-id>
      <name>Benzydamine</name>
      <description>Benzydamine may decrease the excretion rate of Goserelin which could result in a higher serum level.</description>
    </drug-interaction>
    <drug-interaction>
      <drugbank-id>DB09213</drugbank-id>
      <name>Dexibuprofen</name>
      <description>Dexibuprofen may decrease the excretion rate of Goserelin which could result in a higher serum level.</description>
    </drug-interaction>
    <drug-interaction>
      <drugbank-id>DB09214</drugbank-id>
      <name>Dexketoprofen</name>
      <description>Dexketoprofen may decrease the excretion rate of Goserelin which could result in a higher serum level.</description>
    </drug-interaction>
    <drug-interaction>
      <drugbank-id>DB09215</drugbank-id>
      <name>Droxicam</name>
      <description>Droxicam may decrease the excretion rate of Goserelin which could result in a higher serum level.</description>
    </drug-interaction>
    <drug-interaction>
      <drugbank-id>DB09216</drugbank-id>
      <name>Tolfenamic acid</name>
      <description>Tolfenamic acid may decrease the excretion rate of Goserelin which could result in a higher serum level.</description>
    </drug-interaction>
    <drug-interaction>
      <drugbank-id>DB09217</drugbank-id>
      <name>Firocoxib</name>
      <description>Firocoxib may decrease the excretion rate of Goserelin which could result in a higher serum level.</description>
    </drug-interaction>
    <drug-interaction>
      <drugbank-id>DB09218</drugbank-id>
      <name>Clonixin</name>
      <description>Clonixin may decrease the excretion rate of Goserelin which could result in a higher serum level.</description>
    </drug-interaction>
    <drug-interaction>
      <drugbank-id>DB09285</drugbank-id>
      <name>Morniflumate</name>
      <description>Morniflumate may decrease the excretion rate of Goserelin which could result in a higher serum level.</description>
    </drug-interaction>
    <drug-interaction>
      <drugbank-id>DB09288</drugbank-id>
      <name>Propacetamol</name>
      <description>Propacetamol may decrease the excretion rate of Goserelin which could result in a higher serum level.</description>
    </drug-interaction>
    <drug-interaction>
      <drugbank-id>DB09295</drugbank-id>
      <name>Talniflumate</name>
      <description>Talniflumate may decrease the excretion rate of Goserelin which could result in a higher serum level.</description>
    </drug-interaction>
    <drug-interaction>
      <drugbank-id>DB09299</drugbank-id>
      <name>Tenofovir alafenamide</name>
      <description>Tenofovir alafenamide may decrease the excretion rate of Goserelin which could result in a higher serum level.</description>
    </drug-interaction>
    <drug-interaction>
      <drugbank-id>DB11367</drugbank-id>
      <name>Cefroxadine</name>
      <description>Cefroxadine may decrease the excretion rate of Goserelin which could result in a higher serum level.</description>
    </drug-interaction>
    <drug-interaction>
      <drugbank-id>DB11455</drugbank-id>
      <name>Robenacoxib</name>
      <description>Robenacoxib may decrease the excretion rate of Goserelin which could result in a higher serum level.</description>
    </drug-interaction>
    <drug-interaction>
      <drugbank-id>DB11466</drugbank-id>
      <name>Tepoxalin</name>
      <description>Tepoxalin may decrease the excretion rate of Goserelin which could result in a higher serum level.</description>
    </drug-interaction>
    <drug-interaction>
      <drugbank-id>DB11518</drugbank-id>
      <name>Flunixin</name>
      <description>Flunixin may decrease the excretion rate of Goserelin which could result in a higher serum level.</description>
    </drug-interaction>
    <drug-interaction>
      <drugbank-id>DB11935</drugbank-id>
      <name>Flomoxef</name>
      <description>Flomoxef may decrease the excretion rate of Goserelin which could result in a higher serum level.</description>
    </drug-interaction>
    <drug-interaction>
      <drugbank-id>DB12445</drugbank-id>
      <name>Nitroaspirin</name>
      <description>Nitroaspirin may decrease the excretion rate of Goserelin which could result in a higher serum level.</description>
    </drug-interaction>
    <drug-interaction>
      <drugbank-id>DB12545</drugbank-id>
      <name>Indobufen</name>
      <description>Indobufen may decrease the excretion rate of Goserelin which could result in a higher serum level.</description>
    </drug-interaction>
    <drug-interaction>
      <drugbank-id>DB13001</drugbank-id>
      <name>Tinoridine</name>
      <description>Tinoridine may decrease the excretion rate of Goserelin which could result in a higher serum level.</description>
    </drug-interaction>
    <drug-interaction>
      <drugbank-id>DB13167</drugbank-id>
      <name>Alclofenac</name>
      <description>Alclofenac may decrease the excretion rate of Goserelin which could result in a higher serum level.</description>
    </drug-interaction>
    <drug-interaction>
      <drugbank-id>DB13217</drugbank-id>
      <name>Fentiazac</name>
      <description>Fentiazac may decrease the excretion rate of Goserelin which could result in a higher serum level.</description>
    </drug-interaction>
    <drug-interaction>
      <drugbank-id>DB13232</drugbank-id>
      <name>Suxibuzone</name>
      <description>Suxibuzone may decrease the excretion rate of Goserelin which could result in a higher serum level.</description>
    </drug-interaction>
    <drug-interaction>
      <drugbank-id>DB13266</drugbank-id>
      <name>Cefatrizine</name>
      <description>Cefatrizine may decrease the excretion rate of Goserelin which could result in a higher serum level.</description>
    </drug-interaction>
    <drug-interaction>
      <drugbank-id>DB13286</drugbank-id>
      <name>Bumadizone</name>
      <description>Bumadizone may decrease the excretion rate of Goserelin which could result in a higher serum level.</description>
    </drug-interaction>
    <drug-interaction>
      <drugbank-id>DB13314</drugbank-id>
      <name>Alminoprofen</name>
      <description>Alminoprofen may decrease the excretion rate of Goserelin which could result in a higher serum level.</description>
    </drug-interaction>
    <drug-interaction>
      <drugbank-id>DB13371</drugbank-id>
      <name>Difenpiramide</name>
      <description>Difenpiramide may decrease the excretion rate of Goserelin which could result in a higher serum level.</description>
    </drug-interaction>
    <drug-interaction>
      <drugbank-id>DB13407</drugbank-id>
      <name>Nifenazone</name>
      <description>Nifenazone may decrease the excretion rate of Goserelin which could result in a higher serum level.</description>
    </drug-interaction>
    <drug-interaction>
      <drugbank-id>DB13432</drugbank-id>
      <name>Lonazolac</name>
      <description>Lonazolac may decrease the excretion rate of Goserelin which could result in a higher serum level.</description>
    </drug-interaction>
    <drug-interaction>
      <drugbank-id>DB13461</drugbank-id>
      <name>Cefcapene</name>
      <description>Cefcapene may decrease the excretion rate of Goserelin which could result in a higher serum level.</description>
    </drug-interaction>
    <drug-interaction>
      <drugbank-id>DB13470</drugbank-id>
      <name>Cefodizime</name>
      <description>Cefodizime may decrease the excretion rate of Goserelin which could result in a higher serum level.</description>
    </drug-interaction>
    <drug-interaction>
      <drugbank-id>DB13481</drugbank-id>
      <name>Tenidap</name>
      <description>Tenidap may decrease the excretion rate of Goserelin which could result in a higher serum level.</description>
    </drug-interaction>
    <drug-interaction>
      <drugbank-id>DB13499</drugbank-id>
      <name>Cefsulodin</name>
      <description>Cefsulodin may decrease the excretion rate of Goserelin which could result in a higher serum level.</description>
    </drug-interaction>
    <drug-interaction>
      <drugbank-id>DB13504</drugbank-id>
      <name>Cefetamet</name>
      <description>Cefetamet may decrease the excretion rate of Goserelin which could result in a higher serum level.</description>
    </drug-interaction>
    <drug-interaction>
      <drugbank-id>DB13524</drugbank-id>
      <name>Propyphenazone</name>
      <description>Propyphenazone may decrease the excretion rate of Goserelin which could result in a higher serum level.</description>
    </drug-interaction>
    <drug-interaction>
      <drugbank-id>DB13527</drugbank-id>
      <name>Proglumetacin</name>
      <description>Proglumetacin may decrease the excretion rate of Goserelin which could result in a higher serum level.</description>
    </drug-interaction>
    <drug-interaction>
      <drugbank-id>DB13538</drugbank-id>
      <name>Guacetisal</name>
      <description>Guacetisal may decrease the excretion rate of Goserelin which could result in a higher serum level.</description>
    </drug-interaction>
    <drug-interaction>
      <drugbank-id>DB13544</drugbank-id>
      <name>Ethenzamide</name>
      <description>Ethenzamide may decrease the excretion rate of Goserelin which could result in a higher serum level.</description>
    </drug-interaction>
    <drug-interaction>
      <drugbank-id>DB13612</drugbank-id>
      <name>Carbaspirin calcium</name>
      <description>Carbaspirin calcium may decrease the excretion rate of Goserelin which could result in a higher serum level.</description>
    </drug-interaction>
    <drug-interaction>
      <drugbank-id>DB13629</drugbank-id>
      <name>Mofebutazone</name>
      <description>Mofebutazone may decrease the excretion rate of Goserelin which could result in a higher serum level.</description>
    </drug-interaction>
    <drug-interaction>
      <drugbank-id>DB13638</drugbank-id>
      <name>Cefbuperazone</name>
      <description>Cefbuperazone may decrease the excretion rate of Goserelin which could result in a higher serum level.</description>
    </drug-interaction>
    <drug-interaction>
      <drugbank-id>DB13649</drugbank-id>
      <name>Proquazone</name>
      <description>Proquazone may decrease the excretion rate of Goserelin which could result in a higher serum level.</description>
    </drug-interaction>
    <drug-interaction>
      <drugbank-id>DB13657</drugbank-id>
      <name>Benorilate</name>
      <description>Benorilate may decrease the excretion rate of Goserelin which could result in a higher serum level.</description>
    </drug-interaction>
    <drug-interaction>
      <drugbank-id>DB13667</drugbank-id>
      <name>Cefozopran</name>
      <description>Cefozopran may decrease the excretion rate of Goserelin which could result in a higher serum level.</description>
    </drug-interaction>
    <drug-interaction>
      <drugbank-id>DB13682</drugbank-id>
      <name>Cefpirome</name>
      <description>Cefpirome may decrease the excretion rate of Goserelin which could result in a higher serum level.</description>
    </drug-interaction>
    <drug-interaction>
      <drugbank-id>DB13722</drugbank-id>
      <name>Pirprofen</name>
      <description>Pirprofen may decrease the excretion rate of Goserelin which could result in a higher serum level.</description>
    </drug-interaction>
    <drug-interaction>
      <drugbank-id>DB13778</drugbank-id>
      <name>Cefazedone</name>
      <description>Cefazedone may decrease the excretion rate of Goserelin which could result in a higher serum level.</description>
    </drug-interaction>
    <drug-interaction>
      <drugbank-id>DB13783</drugbank-id>
      <name>Acemetacin</name>
      <description>Acemetacin may decrease the excretion rate of Goserelin which could result in a higher serum level.</description>
    </drug-interaction>
    <drug-interaction>
      <drugbank-id>DB13821</drugbank-id>
      <name>Ceftezole</name>
      <description>Ceftezole may decrease the excretion rate of Goserelin which could result in a higher serum level.</description>
    </drug-interaction>
    <drug-interaction>
      <drugbank-id>DB13860</drugbank-id>
      <name>Imidazole salicylate</name>
      <description>Imidazole salicylate may decrease the excretion rate of Goserelin which could result in a higher serum level.</description>
    </drug-interaction>
    <drug-interaction>
      <drugbank-id>DB13868</drugbank-id>
      <name>Adefovir</name>
      <description>Adefovir may decrease the excretion rate of Goserelin which could result in a higher serum level.</description>
    </drug-interaction>
    <drug-interaction>
      <drugbank-id>DB14059</drugbank-id>
      <name>SC-236</name>
      <description>SC-236 may decrease the excretion rate of Goserelin which could result in a higher serum level.</description>
    </drug-interaction>
    <drug-interaction>
      <drugbank-id>DB14060</drugbank-id>
      <name>NS-398</name>
      <description>NS-398 may decrease the excretion rate of Goserelin which could result in a higher serum level.</description>
    </drug-interaction>
    <drug-interaction>
      <drugbank-id>DB14126</drugbank-id>
      <name>Tenofovir</name>
      <description>Tenofovir may decrease the excretion rate of Goserelin which could result in a higher serum level.</description>
    </drug-interaction>
    <drug-interaction>
      <drugbank-id>DB01438</drugbank-id>
      <name>Phenazopyridine</name>
      <description>Phenazopyridine may decrease the excretion rate of Goserelin which could result in a higher serum level.</description>
    </drug-interaction>
    <drug-interaction>
      <drugbank-id>DB15066</drugbank-id>
      <name>Givosiran</name>
      <description>Givosiran may decrease the excretion rate of Goserelin which could result in a higher serum level.</description>
    </drug-interaction>
    <drug-interaction>
      <drugbank-id>DB14507</drugbank-id>
      <name>Lithium citrate</name>
      <description>Lithium citrate may decrease the excretion rate of Goserelin which could result in a higher serum level.</description>
    </drug-interaction>
    <drug-interaction>
      <drugbank-id>DB09212</drugbank-id>
      <name>Loxoprofen</name>
      <description>Loxoprofen may decrease the excretion rate of Goserelin which could result in a higher serum level.</description>
    </drug-interaction>
    <drug-interaction>
      <drugbank-id>DB00452</drugbank-id>
      <name>Framycetin</name>
      <description>Framycetin may decrease the excretion rate of Goserelin which could result in a higher serum level.</description>
    </drug-interaction>
    <drug-interaction>
      <drugbank-id>DB01421</drugbank-id>
      <name>Paromomycin</name>
      <description>Paromomycin may decrease the excretion rate of Goserelin which could result in a higher serum level.</description>
    </drug-interaction>
    <drug-interaction>
      <drugbank-id>DB04263</drugbank-id>
      <name>Geneticin</name>
      <description>Geneticin may decrease the excretion rate of Goserelin which could result in a higher serum level.</description>
    </drug-interaction>
    <drug-interaction>
      <drugbank-id>DB04626</drugbank-id>
      <name>Apramycin</name>
      <description>Apramycin may decrease the excretion rate of Goserelin which could result in a higher serum level.</description>
    </drug-interaction>
    <drug-interaction>
      <drugbank-id>DB04808</drugbank-id>
      <name>Neamine</name>
      <description>Neamine may decrease the excretion rate of Goserelin which could result in a higher serum level.</description>
    </drug-interaction>
    <drug-interaction>
      <drugbank-id>DB08437</drugbank-id>
      <name>Puromycin</name>
      <description>Puromycin may decrease the excretion rate of Goserelin which could result in a higher serum level.</description>
    </drug-interaction>
    <drug-interaction>
      <drugbank-id>DB11512</drugbank-id>
      <name>Dihydrostreptomycin</name>
      <description>Dihydrostreptomycin may decrease the excretion rate of Goserelin which could result in a higher serum level.</description>
    </drug-interaction>
    <drug-interaction>
      <drugbank-id>DB11520</drugbank-id>
      <name>Hygromycin B</name>
      <description>Hygromycin B may decrease the excretion rate of Goserelin which could result in a higher serum level.</description>
    </drug-interaction>
    <drug-interaction>
      <drugbank-id>DB04552</drugbank-id>
      <name>Niflumic acid</name>
      <description>Niflumic acid may decrease the excretion rate of Goserelin which could result in a higher serum level.</description>
    </drug-interaction>
    <drug-interaction>
      <drugbank-id>DB00017</drugbank-id>
      <name>Salmon calcitonin</name>
      <description>Goserelin may decrease the excretion rate of Salmon calcitonin which could result in a higher serum level.</description>
    </drug-interaction>
    <drug-interaction>
      <drugbank-id>DB00035</drugbank-id>
      <name>Desmopressin</name>
      <description>Goserelin may decrease the excretion rate of Desmopressin which could result in a higher serum level.</description>
    </drug-interaction>
    <drug-interaction>
      <drugbank-id>DB00041</drugbank-id>
      <name>Aldesleukin</name>
      <description>Goserelin may decrease the excretion rate of Aldesleukin which could result in a higher serum level.</description>
    </drug-interaction>
    <drug-interaction>
      <drugbank-id>DB00080</drugbank-id>
      <name>Daptomycin</name>
      <description>Goserelin may decrease the excretion rate of Daptomycin which could result in a higher serum level.</description>
    </drug-interaction>
    <drug-interaction>
      <drugbank-id>DB00081</drugbank-id>
      <name>Tositumomab</name>
      <description>Goserelin may decrease the excretion rate of Tositumomab which could result in a higher serum level.</description>
    </drug-interaction>
    <drug-interaction>
      <drugbank-id>DB00115</drugbank-id>
      <name>Cyanocobalamin</name>
      <description>Goserelin may decrease the excretion rate of Cyanocobalamin which could result in a higher serum level.</description>
    </drug-interaction>
    <drug-interaction>
      <drugbank-id>DB00158</drugbank-id>
      <name>Folic acid</name>
      <description>Goserelin may decrease the excretion rate of Folic acid which could result in a higher serum level.</description>
    </drug-interaction>
    <drug-interaction>
      <drugbank-id>DB00165</drugbank-id>
      <name>Pyridoxine</name>
      <description>Goserelin may decrease the excretion rate of Pyridoxine which could result in a higher serum level.</description>
    </drug-interaction>
    <drug-interaction>
      <drugbank-id>DB00176</drugbank-id>
      <name>Fluvoxamine</name>
      <description>Goserelin may decrease the excretion rate of Fluvoxamine which could result in a higher serum level.</description>
    </drug-interaction>
    <drug-interaction>
      <drugbank-id>DB00181</drugbank-id>
      <name>Baclofen</name>
      <description>Goserelin may decrease the excretion rate of Baclofen which could result in a higher serum level.</description>
    </drug-interaction>
    <drug-interaction>
      <drugbank-id>DB00182</drugbank-id>
      <name>Amphetamine</name>
      <description>Goserelin may decrease the excretion rate of Amphetamine which could result in a higher serum level.</description>
    </drug-interaction>
    <drug-interaction>
      <drugbank-id>DB00185</drugbank-id>
      <name>Cevimeline</name>
      <description>Goserelin may decrease the excretion rate of Cevimeline which could result in a higher serum level.</description>
    </drug-interaction>
    <drug-interaction>
      <drugbank-id>DB00186</drugbank-id>
      <name>Lorazepam</name>
      <description>Goserelin may decrease the excretion rate of Lorazepam which could result in a higher serum level.</description>
    </drug-interaction>
    <drug-interaction>
      <drugbank-id>DB00190</drugbank-id>
      <name>Carbidopa</name>
      <description>Goserelin may decrease the excretion rate of Carbidopa which could result in a higher serum level.</description>
    </drug-interaction>
    <drug-interaction>
      <drugbank-id>DB00193</drugbank-id>
      <name>Tramadol</name>
      <description>Goserelin may decrease the excretion rate of Tramadol which could result in a higher serum level.</description>
    </drug-interaction>
    <drug-interaction>
      <drugbank-id>DB00198</drugbank-id>
      <name>Oseltamivir</name>
      <description>Goserelin may decrease the excretion rate of Oseltamivir which could result in a higher serum level.</description>
    </drug-interaction>
    <drug-interaction>
      <drugbank-id>DB00200</drugbank-id>
      <name>Hydroxocobalamin</name>
      <description>Goserelin may decrease the excretion rate of Hydroxocobalamin which could result in a higher serum level.</description>
    </drug-interaction>
    <drug-interaction>
      <drugbank-id>DB00206</drugbank-id>
      <name>Reserpine</name>
      <description>Goserelin may decrease the excretion rate of Reserpine which could result in a higher serum level.</description>
    </drug-interaction>
    <drug-interaction>
      <drugbank-id>DB00208</drugbank-id>
      <name>Ticlopidine</name>
      <description>Goserelin may decrease the excretion rate of Ticlopidine which could result in a higher serum level.</description>
    </drug-interaction>
    <drug-interaction>
      <drugbank-id>DB00213</drugbank-id>
      <name>Pantoprazole</name>
      <description>Goserelin may decrease the excretion rate of Pantoprazole which could result in a higher serum level.</description>
    </drug-interaction>
    <drug-interaction>
      <drugbank-id>DB00225</drugbank-id>
      <name>Gadodiamide</name>
      <description>Goserelin may decrease the excretion rate of Gadodiamide which could result in a higher serum level.</description>
    </drug-interaction>
    <drug-interaction>
      <drugbank-id>DB00231</drugbank-id>
      <name>Temazepam</name>
      <description>Goserelin may decrease the excretion rate of Temazepam which could result in a higher serum level.</description>
    </drug-interaction>
    <drug-interaction>
      <drugbank-id>DB00235</drugbank-id>
      <name>Milrinone</name>
      <description>Goserelin may decrease the excretion rate of Milrinone which could result in a higher serum level.</description>
    </drug-interaction>
    <drug-interaction>
      <drugbank-id>DB00237</drugbank-id>
      <name>Butabarbital</name>
      <description>Goserelin may decrease the excretion rate of Butabarbital which could result in a higher serum level.</description>
    </drug-interaction>
    <drug-interaction>
      <drugbank-id>DB00254</drugbank-id>
      <name>Doxycycline</name>
      <description>Goserelin may decrease the excretion rate of Doxycycline which could result in a higher serum level.</description>
    </drug-interaction>
    <drug-interaction>
      <drugbank-id>DB00262</drugbank-id>
      <name>Carmustine</name>
      <description>Goserelin may decrease the excretion rate of Carmustine which could result in a higher serum level.</description>
    </drug-interaction>
    <drug-interaction>
      <drugbank-id>DB00264</drugbank-id>
      <name>Metoprolol</name>
      <description>Goserelin may decrease the excretion rate of Metoprolol which could result in a higher serum level.</description>
    </drug-interaction>
    <drug-interaction>
      <drugbank-id>DB00271</drugbank-id>
      <name>Diatrizoate</name>
      <description>Goserelin may decrease the excretion rate of Diatrizoate which could result in a higher serum level.</description>
    </drug-interaction>
    <drug-interaction>
      <drugbank-id>DB00273</drugbank-id>
      <name>Topiramate</name>
      <description>Goserelin may decrease the excretion rate of Topiramate which could result in a higher serum level.</description>
    </drug-interaction>
    <drug-interaction>
      <drugbank-id>DB00279</drugbank-id>
      <name>Liothyronine</name>
      <description>Goserelin may decrease the excretion rate of Liothyronine which could result in a higher serum level.</description>
    </drug-interaction>
    <drug-interaction>
      <drugbank-id>DB00286</drugbank-id>
      <name>Conjugated estrogens</name>
      <description>Goserelin may decrease the excretion rate of Conjugated estrogens which could result in a higher serum level.</description>
    </drug-interaction>
    <drug-interaction>
      <drugbank-id>DB00290</drugbank-id>
      <name>Bleomycin</name>
      <description>Goserelin may decrease the excretion rate of Bleomycin which could result in a higher serum level.</description>
    </drug-interaction>
    <drug-interaction>
      <drugbank-id>DB00292</drugbank-id>
      <name>Etomidate</name>
      <description>Goserelin may decrease the excretion rate of Etomidate which could result in a higher serum level.</description>
    </drug-interaction>
    <drug-interaction>
      <drugbank-id>DB00294</drugbank-id>
      <name>Etonogestrel</name>
      <description>Goserelin may decrease the excretion rate of Etonogestrel which could result in a higher serum level.</description>
    </drug-interaction>
    <drug-interaction>
      <drugbank-id>DB00296</drugbank-id>
      <name>Ropivacaine</name>
      <description>Goserelin may decrease the excretion rate of Ropivacaine which could result in a higher serum level.</description>
    </drug-interaction>
    <drug-interaction>
      <drugbank-id>DB00303</drugbank-id>
      <name>Ertapenem</name>
      <description>Goserelin may decrease the excretion rate of Ertapenem which could result in a higher serum level.</description>
    </drug-interaction>
    <drug-interaction>
      <drugbank-id>DB00312</drugbank-id>
      <name>Pentobarbital</name>
      <description>Goserelin may decrease the excretion rate of Pentobarbital which could result in a higher serum level.</description>
    </drug-interaction>
    <drug-interaction>
      <drugbank-id>DB00316</drugbank-id>
      <name>Acetaminophen</name>
      <description>Goserelin may decrease the excretion rate of Acetaminophen which could result in a higher serum level.</description>
    </drug-interaction>
    <drug-interaction>
      <drugbank-id>DB00319</drugbank-id>
      <name>Piperacillin</name>
      <description>Goserelin may decrease the excretion rate of Piperacillin which could result in a higher serum level.</description>
    </drug-interaction>
    <drug-interaction>
      <drugbank-id>DB00322</drugbank-id>
      <name>Floxuridine</name>
      <description>Goserelin may decrease the excretion rate of Floxuridine which could result in a higher serum level.</description>
    </drug-interaction>
    <drug-interaction>
      <drugbank-id>DB00323</drugbank-id>
      <name>Tolcapone</name>
      <description>Goserelin may decrease the excretion rate of Tolcapone which could result in a higher serum level.</description>
    </drug-interaction>
    <drug-interaction>
      <drugbank-id>DB00325</drugbank-id>
      <name>Nitroprusside</name>
      <description>Goserelin may decrease the excretion rate of Nitroprusside which could result in a higher serum level.</description>
    </drug-interaction>
    <drug-interaction>
      <drugbank-id>DB00327</drugbank-id>
      <name>Hydromorphone</name>
      <description>Goserelin may decrease the excretion rate of Hydromorphone which could result in a higher serum level.</description>
    </drug-interaction>
    <drug-interaction>
      <drugbank-id>DB00330</drugbank-id>
      <name>Ethambutol</name>
      <description>Goserelin may decrease the excretion rate of Ethambutol which could result in a higher serum level.</description>
    </drug-interaction>
    <drug-interaction>
      <drugbank-id>DB00339</drugbank-id>
      <name>Pyrazinamide</name>
      <description>Goserelin may decrease the excretion rate of Pyrazinamide which could result in a higher serum level.</description>
    </drug-interaction>
    <drug-interaction>
      <drugbank-id>DB00349</drugbank-id>
      <name>Clobazam</name>
      <description>Goserelin may decrease the excretion rate of Clobazam which could result in a higher serum level.</description>
    </drug-interaction>
    <drug-interaction>
      <drugbank-id>DB00351</drugbank-id>
      <name>Megestrol acetate</name>
      <description>Goserelin may decrease the excretion rate of Megestrol acetate which could result in a higher serum level.</description>
    </drug-interaction>
    <drug-interaction>
      <drugbank-id>DB00355</drugbank-id>
      <name>Aztreonam</name>
      <description>Goserelin may decrease the excretion rate of Aztreonam which could result in a higher serum level.</description>
    </drug-interaction>
    <drug-interaction>
      <drugbank-id>DB00356</drugbank-id>
      <name>Chlorzoxazone</name>
      <description>Goserelin may decrease the excretion rate of Chlorzoxazone which could result in a higher serum level.</description>
    </drug-interaction>
    <drug-interaction>
      <drugbank-id>DB00364</drugbank-id>
      <name>Sucralfate</name>
      <description>Goserelin may decrease the excretion rate of Sucralfate which could result in a higher serum level.</description>
    </drug-interaction>
    <drug-interaction>
      <drugbank-id>DB00372</drugbank-id>
      <name>Thiethylperazine</name>
      <description>Goserelin may decrease the excretion rate of Thiethylperazine which could result in a higher serum level.</description>
    </drug-interaction>
    <drug-interaction>
      <drugbank-id>DB00377</drugbank-id>
      <name>Palonosetron</name>
      <description>Goserelin may decrease the excretion rate of Palonosetron which could result in a higher serum level.</description>
    </drug-interaction>
    <drug-interaction>
      <drugbank-id>DB00380</drugbank-id>
      <name>Dexrazoxane</name>
      <description>Goserelin may decrease the excretion rate of Dexrazoxane which could result in a higher serum level.</description>
    </drug-interaction>
    <drug-interaction>
      <drugbank-id>DB00401</drugbank-id>
      <name>Nisoldipine</name>
      <description>Goserelin may decrease the excretion rate of Nisoldipine which could result in a higher serum level.</description>
    </drug-interaction>
    <drug-interaction>
      <drugbank-id>DB00402</drugbank-id>
      <name>Eszopiclone</name>
      <description>Goserelin may decrease the excretion rate of Eszopiclone which could result in a higher serum level.</description>
    </drug-interaction>
    <drug-interaction>
      <drugbank-id>DB00404</drugbank-id>
      <name>Alprazolam</name>
      <description>Goserelin may decrease the excretion rate of Alprazolam which could result in a higher serum level.</description>
    </drug-interaction>
    <drug-interaction>
      <drugbank-id>DB00413</drugbank-id>
      <name>Pramipexole</name>
      <description>Goserelin may decrease the excretion rate of Pramipexole which could result in a higher serum level.</description>
    </drug-interaction>
    <drug-interaction>
      <drugbank-id>DB00415</drugbank-id>
      <name>Ampicillin</name>
      <description>Goserelin may decrease the excretion rate of Ampicillin which could result in a higher serum level.</description>
    </drug-interaction>
    <drug-interaction>
      <drugbank-id>DB00418</drugbank-id>
      <name>Secobarbital</name>
      <description>Goserelin may decrease the excretion rate of Secobarbital which could result in a higher serum level.</description>
    </drug-interaction>
    <drug-interaction>
      <drugbank-id>DB00432</drugbank-id>
      <name>Trifluridine</name>
      <description>Goserelin may decrease the excretion rate of Trifluridine which could result in a higher serum level.</description>
    </drug-interaction>
    <drug-interaction>
      <drugbank-id>DB00435</drugbank-id>
      <name>Nitric Oxide</name>
      <description>Goserelin may decrease the excretion rate of Nitric Oxide which could result in a higher serum level.</description>
    </drug-interaction>
    <drug-interaction>
      <drugbank-id>DB00437</drugbank-id>
      <name>Allopurinol</name>
      <description>Goserelin may decrease the excretion rate of Allopurinol which could result in a higher serum level.</description>
    </drug-interaction>
    <drug-interaction>
      <drugbank-id>DB00441</drugbank-id>
      <name>Gemcitabine</name>
      <description>Goserelin may decrease the excretion rate of Gemcitabine which could result in a higher serum level.</description>
    </drug-interaction>
    <drug-interaction>
      <drugbank-id>DB00476</drugbank-id>
      <name>Duloxetine</name>
      <description>Goserelin may decrease the excretion rate of Duloxetine which could result in a higher serum level.</description>
    </drug-interaction>
    <drug-interaction>
      <drugbank-id>DB00480</drugbank-id>
      <name>Lenalidomide</name>
      <description>Goserelin may decrease the excretion rate of Lenalidomide which could result in a higher serum level.</description>
    </drug-interaction>
    <drug-interaction>
      <drugbank-id>DB00490</drugbank-id>
      <name>Buspirone</name>
      <description>Goserelin may decrease the excretion rate of Buspirone which could result in a higher serum level.</description>
    </drug-interaction>
    <drug-interaction>
      <drugbank-id>DB00492</drugbank-id>
      <name>Fosinopril</name>
      <description>Goserelin may decrease the excretion rate of Fosinopril which could result in a higher serum level.</description>
    </drug-interaction>
    <drug-interaction>
      <drugbank-id>DB00499</drugbank-id>
      <name>Flutamide</name>
      <description>Goserelin may decrease the excretion rate of Flutamide which could result in a higher serum level.</description>
    </drug-interaction>
    <drug-interaction>
      <drugbank-id>DB00501</drugbank-id>
      <name>Cimetidine</name>
      <description>Goserelin may decrease the excretion rate of Cimetidine which could result in a higher serum level.</description>
    </drug-interaction>
    <drug-interaction>
      <drugbank-id>DB00535</drugbank-id>
      <name>Cefdinir</name>
      <description>Goserelin may decrease the excretion rate of Cefdinir which could result in a higher serum level.</description>
    </drug-interaction>
    <drug-interaction>
      <drugbank-id>DB00548</drugbank-id>
      <name>Azelaic acid</name>
      <description>Goserelin may decrease the excretion rate of Azelaic acid which could result in a higher serum level.</description>
    </drug-interaction>
    <drug-interaction>
      <drugbank-id>DB00553</drugbank-id>
      <name>Methoxsalen</name>
      <description>Goserelin may decrease the excretion rate of Methoxsalen which could result in a higher serum level.</description>
    </drug-interaction>
    <drug-interaction>
      <drugbank-id>DB00558</drugbank-id>
      <name>Zanamivir</name>
      <description>Goserelin may decrease the excretion rate of Zanamivir which could result in a higher serum level.</description>
    </drug-interaction>
    <drug-interaction>
      <drugbank-id>DB00569</drugbank-id>
      <name>Fondaparinux</name>
      <description>Goserelin may decrease the excretion rate of Fondaparinux which could result in a higher serum level.</description>
    </drug-interaction>
    <drug-interaction>
      <drugbank-id>DB00583</drugbank-id>
      <name>Levocarnitine</name>
      <description>Goserelin may decrease the excretion rate of Levocarnitine which could result in a higher serum level.</description>
    </drug-interaction>
    <drug-interaction>
      <drugbank-id>DB00591</drugbank-id>
      <name>Fluocinolone acetonide</name>
      <description>Goserelin may decrease the excretion rate of Fluocinolone acetonide which could result in a higher serum level.</description>
    </drug-interaction>
    <drug-interaction>
      <drugbank-id>DB00597</drugbank-id>
      <name>Gadoteridol</name>
      <description>Goserelin may decrease the excretion rate of Gadoteridol which could result in a higher serum level.</description>
    </drug-interaction>
    <drug-interaction>
      <drugbank-id>DB00598</drugbank-id>
      <name>Labetalol</name>
      <description>Goserelin may decrease the excretion rate of Labetalol which could result in a higher serum level.</description>
    </drug-interaction>
    <drug-interaction>
      <drugbank-id>DB00603</drugbank-id>
      <name>Medroxyprogesterone acetate</name>
      <description>Goserelin may decrease the excretion rate of Medroxyprogesterone acetate which could result in a higher serum level.</description>
    </drug-interaction>
    <drug-interaction>
      <drugbank-id>DB00612</drugbank-id>
      <name>Bisoprolol</name>
      <description>Goserelin may decrease the excretion rate of Bisoprolol which could result in a higher serum level.</description>
    </drug-interaction>
    <drug-interaction>
      <drugbank-id>DB00624</drugbank-id>
      <name>Testosterone</name>
      <description>Goserelin may decrease the excretion rate of Testosterone which could result in a higher serum level.</description>
    </drug-interaction>
    <drug-interaction>
      <drugbank-id>DB00628</drugbank-id>
      <name>Clorazepic acid</name>
      <description>Goserelin may decrease the excretion rate of Clorazepic acid which could result in a higher serum level.</description>
    </drug-interaction>
    <drug-interaction>
      <drugbank-id>DB00631</drugbank-id>
      <name>Clofarabine</name>
      <description>Goserelin may decrease the excretion rate of Clofarabine which could result in a higher serum level.</description>
    </drug-interaction>
    <drug-interaction>
      <drugbank-id>DB00633</drugbank-id>
      <name>Dexmedetomidine</name>
      <description>Goserelin may decrease the excretion rate of Dexmedetomidine which could result in a higher serum level.</description>
    </drug-interaction>
    <drug-interaction>
      <drugbank-id>DB00635</drugbank-id>
      <name>Prednisone</name>
      <description>Goserelin may decrease the excretion rate of Prednisone which could result in a higher serum level.</description>
    </drug-interaction>
    <drug-interaction>
      <drugbank-id>DB00651</drugbank-id>
      <name>Dyphylline</name>
      <description>Goserelin may decrease the excretion rate of Dyphylline which could result in a higher serum level.</description>
    </drug-interaction>
    <drug-interaction>
      <drugbank-id>DB00657</drugbank-id>
      <name>Mecamylamine</name>
      <description>Goserelin may decrease the excretion rate of Mecamylamine which could result in a higher serum level.</description>
    </drug-interaction>
    <drug-interaction>
      <drugbank-id>DB00660</drugbank-id>
      <name>Metaxalone</name>
      <description>Goserelin may decrease the excretion rate of Metaxalone which could result in a higher serum level.</description>
    </drug-interaction>
    <drug-interaction>
      <drugbank-id>DB00665</drugbank-id>
      <name>Nilutamide</name>
      <description>Goserelin may decrease the excretion rate of Nilutamide which could result in a higher serum level.</description>
    </drug-interaction>
    <drug-interaction>
      <drugbank-id>DB00669</drugbank-id>
      <name>Sumatriptan</name>
      <description>Goserelin may decrease the excretion rate of Sumatriptan which could result in a higher serum level.</description>
    </drug-interaction>
    <drug-interaction>
      <drugbank-id>DB00683</drugbank-id>
      <name>Midazolam</name>
      <description>Goserelin may decrease the excretion rate of Midazolam which could result in a higher serum level.</description>
    </drug-interaction>
    <drug-interaction>
      <drugbank-id>DB00688</drugbank-id>
      <name>Mycophenolate mofetil</name>
      <description>Goserelin may decrease the excretion rate of Mycophenolate mofetil which could result in a higher serum level.</description>
    </drug-interaction>
    <drug-interaction>
      <drugbank-id>DB00690</drugbank-id>
      <name>Flurazepam</name>
      <description>Goserelin may decrease the excretion rate of Flurazepam which could result in a higher serum level.</description>
    </drug-interaction>
    <drug-interaction>
      <drugbank-id>DB00692</drugbank-id>
      <name>Phentolamine</name>
      <description>Goserelin may decrease the excretion rate of Phentolamine which could result in a higher serum level.</description>
    </drug-interaction>
    <drug-interaction>
      <drugbank-id>DB00698</drugbank-id>
      <name>Nitrofurantoin</name>
      <description>Goserelin may decrease the excretion rate of Nitrofurantoin which could result in a higher serum level.</description>
    </drug-interaction>
    <drug-interaction>
      <drugbank-id>DB00706</drugbank-id>
      <name>Tamsulosin</name>
      <description>Goserelin may decrease the excretion rate of Tamsulosin which could result in a higher serum level.</description>
    </drug-interaction>
    <drug-interaction>
      <drugbank-id>DB00709</drugbank-id>
      <name>Lamivudine</name>
      <description>Goserelin may decrease the excretion rate of Lamivudine which could result in a higher serum level.</description>
    </drug-interaction>
    <drug-interaction>
      <drugbank-id>DB00713</drugbank-id>
      <name>Oxacillin</name>
      <description>Goserelin may decrease the excretion rate of Oxacillin which could result in a higher serum level.</description>
    </drug-interaction>
    <drug-interaction>
      <drugbank-id>DB00716</drugbank-id>
      <name>Nedocromil</name>
      <description>Goserelin may decrease the excretion rate of Nedocromil which could result in a higher serum level.</description>
    </drug-interaction>
    <drug-interaction>
      <drugbank-id>DB00722</drugbank-id>
      <name>Lisinopril</name>
      <description>Goserelin may decrease the excretion rate of Lisinopril which could result in a higher serum level.</description>
    </drug-interaction>
    <drug-interaction>
      <drugbank-id>DB00730</drugbank-id>
      <name>Thiabendazole</name>
      <description>Goserelin may decrease the excretion rate of Thiabendazole which could result in a higher serum level.</description>
    </drug-interaction>
    <drug-interaction>
      <drugbank-id>DB00733</drugbank-id>
      <name>Pralidoxime</name>
      <description>Goserelin may decrease the excretion rate of Pralidoxime which could result in a higher serum level.</description>
    </drug-interaction>
    <drug-interaction>
      <drugbank-id>DB00759</drugbank-id>
      <name>Tetracycline</name>
      <description>Goserelin may decrease the excretion rate of Tetracycline which could result in a higher serum level.</description>
    </drug-interaction>
    <drug-interaction>
      <drugbank-id>DB00760</drugbank-id>
      <name>Meropenem</name>
      <description>Goserelin may decrease the excretion rate of Meropenem which could result in a higher serum level.</description>
    </drug-interaction>
    <drug-interaction>
      <drugbank-id>DB00761</drugbank-id>
      <name>Potassium chloride</name>
      <description>Goserelin may decrease the excretion rate of Potassium chloride which could result in a higher serum level.</description>
    </drug-interaction>
    <drug-interaction>
      <drugbank-id>DB00763</drugbank-id>
      <name>Methimazole</name>
      <description>Goserelin may decrease the excretion rate of Methimazole which could result in a higher serum level.</description>
    </drug-interaction>
    <drug-interaction>
      <drugbank-id>DB00775</drugbank-id>
      <name>Tirofiban</name>
      <description>Goserelin may decrease the excretion rate of Tirofiban which could result in a higher serum level.</description>
    </drug-interaction>
    <drug-interaction>
      <drugbank-id>DB00780</drugbank-id>
      <name>Phenelzine</name>
      <description>Goserelin may decrease the excretion rate of Phenelzine which could result in a higher serum level.</description>
    </drug-interaction>
    <drug-interaction>
      <drugbank-id>DB00782</drugbank-id>
      <name>Propantheline</name>
      <description>Goserelin may decrease the excretion rate of Propantheline which could result in a higher serum level.</description>
    </drug-interaction>
    <drug-interaction>
      <drugbank-id>DB00783</drugbank-id>
      <name>Estradiol</name>
      <description>Goserelin may decrease the excretion rate of Estradiol which could result in a higher serum level.</description>
    </drug-interaction>
    <drug-interaction>
      <drugbank-id>DB00789</drugbank-id>
      <name>Gadopentetic acid</name>
      <description>Goserelin may decrease the excretion rate of Gadopentetic acid which could result in a higher serum level.</description>
    </drug-interaction>
    <drug-interaction>
      <drugbank-id>DB00790</drugbank-id>
      <name>Perindopril</name>
      <description>Goserelin may decrease the excretion rate of Perindopril which could result in a higher serum level.</description>
    </drug-interaction>
    <drug-interaction>
      <drugbank-id>DB00800</drugbank-id>
      <name>Fenoldopam</name>
      <description>Goserelin may decrease the excretion rate of Fenoldopam which could result in a higher serum level.</description>
    </drug-interaction>
    <drug-interaction>
      <drugbank-id>DB00804</drugbank-id>
      <name>Dicyclomine</name>
      <description>Goserelin may decrease the excretion rate of Dicyclomine which could result in a higher serum level.</description>
    </drug-interaction>
    <drug-interaction>
      <drugbank-id>DB00806</drugbank-id>
      <name>Pentoxifylline</name>
      <description>Goserelin may decrease the excretion rate of Pentoxifylline which could result in a higher serum level.</description>
    </drug-interaction>
    <drug-interaction>
      <drugbank-id>DB00811</drugbank-id>
      <name>Ribavirin</name>
      <description>Goserelin may decrease the excretion rate of Ribavirin which could result in a higher serum level.</description>
    </drug-interaction>
    <drug-interaction>
      <drugbank-id>DB00820</drugbank-id>
      <name>Tadalafil</name>
      <description>Goserelin may decrease the excretion rate of Tadalafil which could result in a higher serum level.</description>
    </drug-interaction>
    <drug-interaction>
      <drugbank-id>DB00828</drugbank-id>
      <name>Fosfomycin</name>
      <description>Goserelin may decrease the excretion rate of Fosfomycin which could result in a higher serum level.</description>
    </drug-interaction>
    <drug-interaction>
      <drugbank-id>DB00829</drugbank-id>
      <name>Diazepam</name>
      <description>Goserelin may decrease the excretion rate of Diazepam which could result in a higher serum level.</description>
    </drug-interaction>
    <drug-interaction>
      <drugbank-id>DB00841</drugbank-id>
      <name>Dobutamine</name>
      <description>Goserelin may decrease the excretion rate of Dobutamine which could result in a higher serum level.</description>
    </drug-interaction>
    <drug-interaction>
      <drugbank-id>DB00842</drugbank-id>
      <name>Oxazepam</name>
      <description>Goserelin may decrease the excretion rate of Oxazepam which could result in a higher serum level.</description>
    </drug-interaction>
    <drug-interaction>
      <drugbank-id>DB00851</drugbank-id>
      <name>Dacarbazine</name>
      <description>Goserelin may decrease the excretion rate of Dacarbazine which could result in a higher serum level.</description>
    </drug-interaction>
    <drug-interaction>
      <drugbank-id>DB00853</drugbank-id>
      <name>Temozolomide</name>
      <description>Goserelin may decrease the excretion rate of Temozolomide which could result in a higher serum level.</description>
    </drug-interaction>
    <drug-interaction>
      <drugbank-id>DB00863</drugbank-id>
      <name>Ranitidine</name>
      <description>Goserelin may decrease the excretion rate of Ranitidine which could result in a higher serum level.</description>
    </drug-interaction>
    <drug-interaction>
      <drugbank-id>DB00894</drugbank-id>
      <name>Testolactone</name>
      <description>Goserelin may decrease the excretion rate of Testolactone which could result in a higher serum level.</description>
    </drug-interaction>
    <drug-interaction>
      <drugbank-id>DB00897</drugbank-id>
      <name>Triazolam</name>
      <description>Goserelin may decrease the excretion rate of Triazolam which could result in a higher serum level.</description>
    </drug-interaction>
    <drug-interaction>
      <drugbank-id>DB00900</drugbank-id>
      <name>Didanosine</name>
      <description>Goserelin may decrease the excretion rate of Didanosine which could result in a higher serum level.</description>
    </drug-interaction>
    <drug-interaction>
      <drugbank-id>DB00911</drugbank-id>
      <name>Tinidazole</name>
      <description>Goserelin may decrease the excretion rate of Tinidazole which could result in a higher serum level.</description>
    </drug-interaction>
    <drug-interaction>
      <drugbank-id>DB00918</drugbank-id>
      <name>Almotriptan</name>
      <description>Goserelin may decrease the excretion rate of Almotriptan which could result in a higher serum level.</description>
    </drug-interaction>
    <drug-interaction>
      <drugbank-id>DB00928</drugbank-id>
      <name>Azacitidine</name>
      <description>Goserelin may decrease the excretion rate of Azacitidine which could result in a higher serum level.</description>
    </drug-interaction>
    <drug-interaction>
      <drugbank-id>DB00951</drugbank-id>
      <name>Isoniazid</name>
      <description>Goserelin may decrease the excretion rate of Isoniazid which could result in a higher serum level.</description>
    </drug-interaction>
    <drug-interaction>
      <drugbank-id>DB00953</drugbank-id>
      <name>Rizatriptan</name>
      <description>Goserelin may decrease the excretion rate of Rizatriptan which could result in a higher serum level.</description>
    </drug-interaction>
    <drug-interaction>
      <drugbank-id>DB00960</drugbank-id>
      <name>Pindolol</name>
      <description>Goserelin may decrease the excretion rate of Pindolol which could result in a higher serum level.</description>
    </drug-interaction>
    <drug-interaction>
      <drugbank-id>DB00961</drugbank-id>
      <name>Mepivacaine</name>
      <description>Goserelin may decrease the excretion rate of Mepivacaine which could result in a higher serum level.</description>
    </drug-interaction>
    <drug-interaction>
      <drugbank-id>DB00962</drugbank-id>
      <name>Zaleplon</name>
      <description>Goserelin may decrease the excretion rate of Zaleplon which could result in a higher serum level.</description>
    </drug-interaction>
    <drug-interaction>
      <drugbank-id>DB00968</drugbank-id>
      <name>Methyldopa</name>
      <description>Goserelin may decrease the excretion rate of Methyldopa which could result in a higher serum level.</description>
    </drug-interaction>
    <drug-interaction>
      <drugbank-id>DB00980</drugbank-id>
      <name>Ramelteon</name>
      <description>Goserelin may decrease the excretion rate of Ramelteon which could result in a higher serum level.</description>
    </drug-interaction>
    <drug-interaction>
      <drugbank-id>DB00988</drugbank-id>
      <name>Dopamine</name>
      <description>Goserelin may decrease the excretion rate of Dopamine which could result in a higher serum level.</description>
    </drug-interaction>
    <drug-interaction>
      <drugbank-id>DB00993</drugbank-id>
      <name>Azathioprine</name>
      <description>Goserelin may decrease the excretion rate of Azathioprine which could result in a higher serum level.</description>
    </drug-interaction>
    <drug-interaction>
      <drugbank-id>DB00995</drugbank-id>
      <name>Auranofin</name>
      <description>Goserelin may decrease the excretion rate of Auranofin which could result in a higher serum level.</description>
    </drug-interaction>
    <drug-interaction>
      <drugbank-id>DB01002</drugbank-id>
      <name>Levobupivacaine</name>
      <description>Goserelin may decrease the excretion rate of Levobupivacaine which could result in a higher serum level.</description>
    </drug-interaction>
    <drug-interaction>
      <drugbank-id>DB01004</drugbank-id>
      <name>Ganciclovir</name>
      <description>Goserelin may decrease the excretion rate of Ganciclovir which could result in a higher serum level.</description>
    </drug-interaction>
    <drug-interaction>
      <drugbank-id>DB01010</drugbank-id>
      <name>Edrophonium</name>
      <description>Goserelin may decrease the excretion rate of Edrophonium which could result in a higher serum level.</description>
    </drug-interaction>
    <drug-interaction>
      <drugbank-id>DB01011</drugbank-id>
      <name>Metyrapone</name>
      <description>Goserelin may decrease the excretion rate of Metyrapone which could result in a higher serum level.</description>
    </drug-interaction>
    <drug-interaction>
      <drugbank-id>DB01018</drugbank-id>
      <name>Guanfacine</name>
      <description>Goserelin may decrease the excretion rate of Guanfacine which could result in a higher serum level.</description>
    </drug-interaction>
    <drug-interaction>
      <drugbank-id>DB01020</drugbank-id>
      <name>Isosorbide mononitrate</name>
      <description>Goserelin may decrease the excretion rate of Isosorbide mononitrate which could result in a higher serum level.</description>
    </drug-interaction>
    <drug-interaction>
      <drugbank-id>DB01022</drugbank-id>
      <name>Phylloquinone</name>
      <description>Goserelin may decrease the excretion rate of Phylloquinone which could result in a higher serum level.</description>
    </drug-interaction>
    <drug-interaction>
      <drugbank-id>DB01024</drugbank-id>
      <name>Mycophenolic acid</name>
      <description>Goserelin may decrease the excretion rate of Mycophenolic acid which could result in a higher serum level.</description>
    </drug-interaction>
    <drug-interaction>
      <drugbank-id>DB01030</drugbank-id>
      <name>Topotecan</name>
      <description>Goserelin may decrease the excretion rate of Topotecan which could result in a higher serum level.</description>
    </drug-interaction>
    <drug-interaction>
      <drugbank-id>DB01032</drugbank-id>
      <name>Probenecid</name>
      <description>Goserelin may decrease the excretion rate of Probenecid which could result in a higher serum level.</description>
    </drug-interaction>
    <drug-interaction>
      <drugbank-id>DB01039</drugbank-id>
      <name>Fenofibrate</name>
      <description>Goserelin may decrease the excretion rate of Fenofibrate which could result in a higher serum level.</description>
    </drug-interaction>
    <drug-interaction>
      <drugbank-id>DB01043</drugbank-id>
      <name>Memantine</name>
      <description>Goserelin may decrease the excretion rate of Memantine which could result in a higher serum level.</description>
    </drug-interaction>
    <drug-interaction>
      <drugbank-id>DB01046</drugbank-id>
      <name>Lubiprostone</name>
      <description>Goserelin may decrease the excretion rate of Lubiprostone which could result in a higher serum level.</description>
    </drug-interaction>
    <drug-interaction>
      <drugbank-id>DB01048</drugbank-id>
      <name>Abacavir</name>
      <description>Goserelin may decrease the excretion rate of Abacavir which could result in a higher serum level.</description>
    </drug-interaction>
    <drug-interaction>
      <drugbank-id>DB01060</drugbank-id>
      <name>Amoxicillin</name>
      <description>Goserelin may decrease the excretion rate of Amoxicillin which could result in a higher serum level.</description>
    </drug-interaction>
    <drug-interaction>
      <drugbank-id>DB01068</drugbank-id>
      <name>Clonazepam</name>
      <description>Goserelin may decrease the excretion rate of Clonazepam which could result in a higher serum level.</description>
    </drug-interaction>
    <drug-interaction>
      <drugbank-id>DB01093</drugbank-id>
      <name>Dimethyl sulfoxide</name>
      <description>Goserelin may decrease the excretion rate of Dimethyl sulfoxide which could result in a higher serum level.</description>
    </drug-interaction>
    <drug-interaction>
      <drugbank-id>DB01099</drugbank-id>
      <name>Flucytosine</name>
      <description>Goserelin may decrease the excretion rate of Flucytosine which could result in a higher serum level.</description>
    </drug-interaction>
    <drug-interaction>
      <drugbank-id>DB01101</drugbank-id>
      <name>Capecitabine</name>
      <description>Goserelin may decrease the excretion rate of Capecitabine which could result in a higher serum level.</description>
    </drug-interaction>
    <drug-interaction>
      <drugbank-id>DB01105</drugbank-id>
      <name>Sibutramine</name>
      <description>Goserelin may decrease the excretion rate of Sibutramine which could result in a higher serum level.</description>
    </drug-interaction>
    <drug-interaction>
      <drugbank-id>DB01129</drugbank-id>
      <name>Rabeprazole</name>
      <description>Goserelin may decrease the excretion rate of Rabeprazole which could result in a higher serum level.</description>
    </drug-interaction>
    <drug-interaction>
      <drugbank-id>DB01133</drugbank-id>
      <name>Tiludronic acid</name>
      <description>Goserelin may decrease the excretion rate of Tiludronic acid which could result in a higher serum level.</description>
    </drug-interaction>
    <drug-interaction>
      <drugbank-id>DB01135</drugbank-id>
      <name>Doxacurium</name>
      <description>Goserelin may decrease the excretion rate of Doxacurium which could result in a higher serum level.</description>
    </drug-interaction>
    <drug-interaction>
      <drugbank-id>DB01148</drugbank-id>
      <name>Flavoxate</name>
      <description>Goserelin may decrease the excretion rate of Flavoxate which could result in a higher serum level.</description>
    </drug-interaction>
    <drug-interaction>
      <drugbank-id>DB01149</drugbank-id>
      <name>Nefazodone</name>
      <description>Goserelin may decrease the excretion rate of Nefazodone which could result in a higher serum level.</description>
    </drug-interaction>
    <drug-interaction>
      <drugbank-id>DB01156</drugbank-id>
      <name>Bupropion</name>
      <description>Goserelin may decrease the excretion rate of Bupropion which could result in a higher serum level.</description>
    </drug-interaction>
    <drug-interaction>
      <drugbank-id>DB01157</drugbank-id>
      <name>Trimetrexate</name>
      <description>Goserelin may decrease the excretion rate of Trimetrexate which could result in a higher serum level.</description>
    </drug-interaction>
    <drug-interaction>
      <drugbank-id>DB01170</drugbank-id>
      <name>Guanethidine</name>
      <description>Goserelin may decrease the excretion rate of Guanethidine which could result in a higher serum level.</description>
    </drug-interaction>
    <drug-interaction>
      <drugbank-id>DB01181</drugbank-id>
      <name>Ifosfamide</name>
      <description>Goserelin may decrease the excretion rate of Ifosfamide which could result in a higher serum level.</description>
    </drug-interaction>
    <drug-interaction>
      <drugbank-id>DB01183</drugbank-id>
      <name>Naloxone</name>
      <description>Goserelin may decrease the excretion rate of Naloxone which could result in a higher serum level.</description>
    </drug-interaction>
    <drug-interaction>
      <drugbank-id>DB01203</drugbank-id>
      <name>Nadolol</name>
      <description>Goserelin may decrease the excretion rate of Nadolol which could result in a higher serum level.</description>
    </drug-interaction>
    <drug-interaction>
      <drugbank-id>DB01205</drugbank-id>
      <name>Flumazenil</name>
      <description>Goserelin may decrease the excretion rate of Flumazenil which could result in a higher serum level.</description>
    </drug-interaction>
    <drug-interaction>
      <drugbank-id>DB01213</drugbank-id>
      <name>Fomepizole</name>
      <description>Goserelin may decrease the excretion rate of Fomepizole which could result in a higher serum level.</description>
    </drug-interaction>
    <drug-interaction>
      <drugbank-id>DB01215</drugbank-id>
      <name>Estazolam</name>
      <description>Goserelin may decrease the excretion rate of Estazolam which could result in a higher serum level.</description>
    </drug-interaction>
    <drug-interaction>
      <drugbank-id>DB01221</drugbank-id>
      <name>Ketamine</name>
      <description>Goserelin may decrease the excretion rate of Ketamine which could result in a higher serum level.</description>
    </drug-interaction>
    <drug-interaction>
      <drugbank-id>DB01222</drugbank-id>
      <name>Budesonide</name>
      <description>Goserelin may decrease the excretion rate of Budesonide which could result in a higher serum level.</description>
    </drug-interaction>
    <drug-interaction>
      <drugbank-id>DB01240</drugbank-id>
      <name>Epoprostenol</name>
      <description>Goserelin may decrease the excretion rate of Epoprostenol which could result in a higher serum level.</description>
    </drug-interaction>
    <drug-interaction>
      <drugbank-id>DB01241</drugbank-id>
      <name>Gemfibrozil</name>
      <description>Goserelin may decrease the excretion rate of Gemfibrozil which could result in a higher serum level.</description>
    </drug-interaction>
    <drug-interaction>
      <drugbank-id>DB01249</drugbank-id>
      <name>Iodixanol</name>
      <description>Goserelin may decrease the excretion rate of Iodixanol which could result in a higher serum level.</description>
    </drug-interaction>
    <drug-interaction>
      <drugbank-id>DB01273</drugbank-id>
      <name>Varenicline</name>
      <description>Goserelin may decrease the excretion rate of Varenicline which could result in a higher serum level.</description>
    </drug-interaction>
    <drug-interaction>
      <drugbank-id>DB01275</drugbank-id>
      <name>Hydralazine</name>
      <description>Goserelin may decrease the excretion rate of Hydralazine which could result in a higher serum level.</description>
    </drug-interaction>
    <drug-interaction>
      <drugbank-id>DB01359</drugbank-id>
      <name>Penbutolol</name>
      <description>Goserelin may decrease the excretion rate of Penbutolol which could result in a higher serum level.</description>
    </drug-interaction>
    <drug-interaction>
      <drugbank-id>DB01367</drugbank-id>
      <name>Rasagiline</name>
      <description>Goserelin may decrease the excretion rate of Rasagiline which could result in a higher serum level.</description>
    </drug-interaction>
    <drug-interaction>
      <drugbank-id>DB01394</drugbank-id>
      <name>Colchicine</name>
      <description>Goserelin may decrease the excretion rate of Colchicine which could result in a higher serum level.</description>
    </drug-interaction>
    <drug-interaction>
      <drugbank-id>DB01409</drugbank-id>
      <name>Tiotropium</name>
      <description>Goserelin may decrease the excretion rate of Tiotropium which could result in a higher serum level.</description>
    </drug-interaction>
    <drug-interaction>
      <drugbank-id>DB01420</drugbank-id>
      <name>Testosterone propionate</name>
      <description>Goserelin may decrease the excretion rate of Testosterone propionate which could result in a higher serum level.</description>
    </drug-interaction>
    <drug-interaction>
      <drugbank-id>DB01427</drugbank-id>
      <name>Amrinone</name>
      <description>Goserelin may decrease the excretion rate of Amrinone which could result in a higher serum level.</description>
    </drug-interaction>
    <drug-interaction>
      <drugbank-id>DB01428</drugbank-id>
      <name>Oxybenzone</name>
      <description>Goserelin may decrease the excretion rate of Oxybenzone which could result in a higher serum level.</description>
    </drug-interaction>
    <drug-interaction>
      <drugbank-id>DB01431</drugbank-id>
      <name>Allylestrenol</name>
      <description>Goserelin may decrease the excretion rate of Allylestrenol which could result in a higher serum level.</description>
    </drug-interaction>
    <drug-interaction>
      <drugbank-id>DB01550</drugbank-id>
      <name>Fenproporex</name>
      <description>Goserelin may decrease the excretion rate of Fenproporex which could result in a higher serum level.</description>
    </drug-interaction>
    <drug-interaction>
      <drugbank-id>DB01558</drugbank-id>
      <name>Bromazepam</name>
      <description>Goserelin may decrease the excretion rate of Bromazepam which could result in a higher serum level.</description>
    </drug-interaction>
    <drug-interaction>
      <drugbank-id>DB01563</drugbank-id>
      <name>Chloral hydrate</name>
      <description>Goserelin may decrease the excretion rate of Chloral hydrate which could result in a higher serum level.</description>
    </drug-interaction>
    <drug-interaction>
      <drugbank-id>DB01577</drugbank-id>
      <name>Metamfetamine</name>
      <description>Goserelin may decrease the excretion rate of Metamfetamine which could result in a higher serum level.</description>
    </drug-interaction>
    <drug-interaction>
      <drugbank-id>DB01587</drugbank-id>
      <name>Ketazolam</name>
      <description>Goserelin may decrease the excretion rate of Ketazolam which could result in a higher serum level.</description>
    </drug-interaction>
    <drug-interaction>
      <drugbank-id>DB01610</drugbank-id>
      <name>Valganciclovir</name>
      <description>Goserelin may decrease the excretion rate of Valganciclovir which could result in a higher serum level.</description>
    </drug-interaction>
    <drug-interaction>
      <drugbank-id>DB01638</drugbank-id>
      <name>Sorbitol</name>
      <description>Goserelin may decrease the excretion rate of Sorbitol which could result in a higher serum level.</description>
    </drug-interaction>
    <drug-interaction>
      <drugbank-id>DB01656</drugbank-id>
      <name>Roflumilast</name>
      <description>Goserelin may decrease the excretion rate of Roflumilast which could result in a higher serum level.</description>
    </drug-interaction>
    <drug-interaction>
      <drugbank-id>DB01685</drugbank-id>
      <name>Topiroxostat</name>
      <description>Goserelin may decrease the excretion rate of Topiroxostat which could result in a higher serum level.</description>
    </drug-interaction>
    <drug-interaction>
      <drugbank-id>DB04574</drugbank-id>
      <name>Estrone sulfate</name>
      <description>Goserelin may decrease the excretion rate of Estrone sulfate which could result in a higher serum level.</description>
    </drug-interaction>
    <drug-interaction>
      <drugbank-id>DB04871</drugbank-id>
      <name>Lorcaserin</name>
      <description>Goserelin may decrease the excretion rate of Lorcaserin which could result in a higher serum level.</description>
    </drug-interaction>
    <drug-interaction>
      <drugbank-id>DB04895</drugbank-id>
      <name>Pegaptanib</name>
      <description>Goserelin may decrease the excretion rate of Pegaptanib which could result in a higher serum level.</description>
    </drug-interaction>
    <drug-interaction>
      <drugbank-id>DB04896</drugbank-id>
      <name>Milnacipran</name>
      <description>Goserelin may decrease the excretion rate of Milnacipran which could result in a higher serum level.</description>
    </drug-interaction>
    <drug-interaction>
      <drugbank-id>DB04920</drugbank-id>
      <name>Clevidipine</name>
      <description>Goserelin may decrease the excretion rate of Clevidipine which could result in a higher serum level.</description>
    </drug-interaction>
    <drug-interaction>
      <drugbank-id>DB05018</drugbank-id>
      <name>Migalastat</name>
      <description>Goserelin may decrease the excretion rate of Migalastat which could result in a higher serum level.</description>
    </drug-interaction>
    <drug-interaction>
      <drugbank-id>DB05541</drugbank-id>
      <name>Brivaracetam</name>
      <description>Goserelin may decrease the excretion rate of Brivaracetam which could result in a higher serum level.</description>
    </drug-interaction>
    <drug-interaction>
      <drugbank-id>DB05676</drugbank-id>
      <name>Apremilast</name>
      <description>Goserelin may decrease the excretion rate of Apremilast which could result in a higher serum level.</description>
    </drug-interaction>
    <drug-interaction>
      <drugbank-id>DB06154</drugbank-id>
      <name>Pentaerythritol tetranitrate</name>
      <description>Goserelin may decrease the excretion rate of Pentaerythritol tetranitrate which could result in a higher serum level.</description>
    </drug-interaction>
    <drug-interaction>
      <drugbank-id>DB06186</drugbank-id>
      <name>Ipilimumab</name>
      <description>Goserelin may decrease the excretion rate of Ipilimumab which could result in a higher serum level.</description>
    </drug-interaction>
    <drug-interaction>
      <drugbank-id>DB06196</drugbank-id>
      <name>Icatibant</name>
      <description>Goserelin may decrease the excretion rate of Icatibant which could result in a higher serum level.</description>
    </drug-interaction>
    <drug-interaction>
      <drugbank-id>DB06209</drugbank-id>
      <name>Prasugrel</name>
      <description>Goserelin may decrease the excretion rate of Prasugrel which could result in a higher serum level.</description>
    </drug-interaction>
    <drug-interaction>
      <drugbank-id>DB06211</drugbank-id>
      <name>Doripenem</name>
      <description>Goserelin may decrease the excretion rate of Doripenem which could result in a higher serum level.</description>
    </drug-interaction>
    <drug-interaction>
      <drugbank-id>DB06228</drugbank-id>
      <name>Rivaroxaban</name>
      <description>Goserelin may decrease the excretion rate of Rivaroxaban which could result in a higher serum level.</description>
    </drug-interaction>
    <drug-interaction>
      <drugbank-id>DB06230</drugbank-id>
      <name>Nalmefene</name>
      <description>Goserelin may decrease the excretion rate of Nalmefene which could result in a higher serum level.</description>
    </drug-interaction>
    <drug-interaction>
      <drugbank-id>DB06262</drugbank-id>
      <name>Droxidopa</name>
      <description>Goserelin may decrease the excretion rate of Droxidopa which could result in a higher serum level.</description>
    </drug-interaction>
    <drug-interaction>
      <drugbank-id>DB06480</drugbank-id>
      <name>Prucalopride</name>
      <description>Goserelin may decrease the excretion rate of Prucalopride which could result in a higher serum level.</description>
    </drug-interaction>
    <drug-interaction>
      <drugbank-id>DB06623</drugbank-id>
      <name>Flupirtine</name>
      <description>Goserelin may decrease the excretion rate of Flupirtine which could result in a higher serum level.</description>
    </drug-interaction>
    <drug-interaction>
      <drugbank-id>DB06637</drugbank-id>
      <name>Dalfampridine</name>
      <description>Goserelin may decrease the excretion rate of Dalfampridine which could result in a higher serum level.</description>
    </drug-interaction>
    <drug-interaction>
      <drugbank-id>DB06695</drugbank-id>
      <name>Dabigatran etexilate</name>
      <description>Goserelin may decrease the excretion rate of Dabigatran etexilate which could result in a higher serum level.</description>
    </drug-interaction>
    <drug-interaction>
      <drugbank-id>DB06700</drugbank-id>
      <name>Desvenlafaxine</name>
      <description>Goserelin may decrease the excretion rate of Desvenlafaxine which could result in a higher serum level.</description>
    </drug-interaction>
    <drug-interaction>
      <drugbank-id>DB06702</drugbank-id>
      <name>Fesoterodine</name>
      <description>Goserelin may decrease the excretion rate of Fesoterodine which could result in a higher serum level.</description>
    </drug-interaction>
    <drug-interaction>
      <drugbank-id>DB06705</drugbank-id>
      <name>Gadofosveset trisodium</name>
      <description>Goserelin may decrease the excretion rate of Gadofosveset trisodium which could result in a higher serum level.</description>
    </drug-interaction>
    <drug-interaction>
      <drugbank-id>DB06710</drugbank-id>
      <name>Methyltestosterone</name>
      <description>Goserelin may decrease the excretion rate of Methyltestosterone which could result in a higher serum level.</description>
    </drug-interaction>
    <drug-interaction>
      <drugbank-id>DB06767</drugbank-id>
      <name>Ammonium chloride</name>
      <description>Goserelin may decrease the excretion rate of Ammonium chloride which could result in a higher serum level.</description>
    </drug-interaction>
    <drug-interaction>
      <drugbank-id>DB06782</drugbank-id>
      <name>Dimercaprol</name>
      <description>Goserelin may decrease the excretion rate of Dimercaprol which could result in a higher serum level.</description>
    </drug-interaction>
    <drug-interaction>
      <drugbank-id>DB06796</drugbank-id>
      <name>Mangafodipir</name>
      <description>Goserelin may decrease the excretion rate of Mangafodipir which could result in a higher serum level.</description>
    </drug-interaction>
    <drug-interaction>
      <drugbank-id>DB06800</drugbank-id>
      <name>Methylnaltrexone</name>
      <description>Goserelin may decrease the excretion rate of Methylnaltrexone which could result in a higher serum level.</description>
    </drug-interaction>
    <drug-interaction>
      <drugbank-id>DB06809</drugbank-id>
      <name>Plerixafor</name>
      <description>Goserelin may decrease the excretion rate of Plerixafor which could result in a higher serum level.</description>
    </drug-interaction>
    <drug-interaction>
      <drugbank-id>DB06813</drugbank-id>
      <name>Pralatrexate</name>
      <description>Goserelin may decrease the excretion rate of Pralatrexate which could result in a higher serum level.</description>
    </drug-interaction>
    <drug-interaction>
      <drugbank-id>DB06823</drugbank-id>
      <name>Tiopronin</name>
      <description>Goserelin may decrease the excretion rate of Tiopronin which could result in a higher serum level.</description>
    </drug-interaction>
    <drug-interaction>
      <drugbank-id>DB06824</drugbank-id>
      <name>Triethylenetetramine</name>
      <description>Goserelin may decrease the excretion rate of Triethylenetetramine which could result in a higher serum level.</description>
    </drug-interaction>
    <drug-interaction>
      <drugbank-id>DB08824</drugbank-id>
      <name>Ioflupane I-123</name>
      <description>Goserelin may decrease the excretion rate of Ioflupane I-123 which could result in a higher serum level.</description>
    </drug-interaction>
    <drug-interaction>
      <drugbank-id>DB08826</drugbank-id>
      <name>Deferiprone</name>
      <description>Goserelin may decrease the excretion rate of Deferiprone which could result in a higher serum level.</description>
    </drug-interaction>
    <drug-interaction>
      <drugbank-id>DB08840</drugbank-id>
      <name>N-methylnicotinamide</name>
      <description>Goserelin may decrease the excretion rate of N-methylnicotinamide which could result in a higher serum level.</description>
    </drug-interaction>
    <drug-interaction>
      <drugbank-id>DB08872</drugbank-id>
      <name>Gabapentin enacarbil</name>
      <description>Goserelin may decrease the excretion rate of Gabapentin enacarbil which could result in a higher serum level.</description>
    </drug-interaction>
    <drug-interaction>
      <drugbank-id>DB08877</drugbank-id>
      <name>Ruxolitinib</name>
      <description>Goserelin may decrease the excretion rate of Ruxolitinib which could result in a higher serum level.</description>
    </drug-interaction>
    <drug-interaction>
      <drugbank-id>DB08897</drugbank-id>
      <name>Aclidinium</name>
      <description>Goserelin may decrease the excretion rate of Aclidinium which could result in a higher serum level.</description>
    </drug-interaction>
    <drug-interaction>
      <drugbank-id>DB08899</drugbank-id>
      <name>Enzalutamide</name>
      <description>Goserelin may decrease the excretion rate of Enzalutamide which could result in a higher serum level.</description>
    </drug-interaction>
    <drug-interaction>
      <drugbank-id>DB08900</drugbank-id>
      <name>Teduglutide</name>
      <description>Goserelin may decrease the excretion rate of Teduglutide which could result in a higher serum level.</description>
    </drug-interaction>
    <drug-interaction>
      <drugbank-id>DB08904</drugbank-id>
      <name>Certolizumab pegol</name>
      <description>Goserelin may decrease the excretion rate of Certolizumab pegol which could result in a higher serum level.</description>
    </drug-interaction>
    <drug-interaction>
      <drugbank-id>DB08905</drugbank-id>
      <name>Formestane</name>
      <description>Goserelin may decrease the excretion rate of Formestane which could result in a higher serum level.</description>
    </drug-interaction>
    <drug-interaction>
      <drugbank-id>DB08909</drugbank-id>
      <name>Glycerol phenylbutyrate</name>
      <description>Goserelin may decrease the excretion rate of Glycerol phenylbutyrate which could result in a higher serum level.</description>
    </drug-interaction>
    <drug-interaction>
      <drugbank-id>DB08910</drugbank-id>
      <name>Pomalidomide</name>
      <description>Goserelin may decrease the excretion rate of Pomalidomide which could result in a higher serum level.</description>
    </drug-interaction>
    <drug-interaction>
      <drugbank-id>DB08911</drugbank-id>
      <name>Trametinib</name>
      <description>Goserelin may decrease the excretion rate of Trametinib which could result in a higher serum level.</description>
    </drug-interaction>
    <drug-interaction>
      <drugbank-id>DB08918</drugbank-id>
      <name>Levomilnacipran</name>
      <description>Goserelin may decrease the excretion rate of Levomilnacipran which could result in a higher serum level.</description>
    </drug-interaction>
    <drug-interaction>
      <drugbank-id>DB08932</drugbank-id>
      <name>Macitentan</name>
      <description>Goserelin may decrease the excretion rate of Macitentan which could result in a higher serum level.</description>
    </drug-interaction>
    <drug-interaction>
      <drugbank-id>DB08934</drugbank-id>
      <name>Sofosbuvir</name>
      <description>Goserelin may decrease the excretion rate of Sofosbuvir which could result in a higher serum level.</description>
    </drug-interaction>
    <drug-interaction>
      <drugbank-id>DB09027</drugbank-id>
      <name>Ledipasvir</name>
      <description>Goserelin may decrease the excretion rate of Ledipasvir which could result in a higher serum level.</description>
    </drug-interaction>
    <drug-interaction>
      <drugbank-id>DB09050</drugbank-id>
      <name>Ceftolozane</name>
      <description>Goserelin may decrease the excretion rate of Ceftolozane which could result in a higher serum level.</description>
    </drug-interaction>
    <drug-interaction>
      <drugbank-id>DB09068</drugbank-id>
      <name>Vortioxetine</name>
      <description>Goserelin may decrease the excretion rate of Vortioxetine which could result in a higher serum level.</description>
    </drug-interaction>
    <drug-interaction>
      <drugbank-id>DB09071</drugbank-id>
      <name>Tasimelteon</name>
      <description>Goserelin may decrease the excretion rate of Tasimelteon which could result in a higher serum level.</description>
    </drug-interaction>
    <drug-interaction>
      <drugbank-id>DB09075</drugbank-id>
      <name>Edoxaban</name>
      <description>Goserelin may decrease the excretion rate of Edoxaban which could result in a higher serum level.</description>
    </drug-interaction>
    <drug-interaction>
      <drugbank-id>DB09081</drugbank-id>
      <name>Idebenone</name>
      <description>Goserelin may decrease the excretion rate of Idebenone which could result in a higher serum level.</description>
    </drug-interaction>
    <drug-interaction>
      <drugbank-id>DB09091</drugbank-id>
      <name>Tixocortol</name>
      <description>Goserelin may decrease the excretion rate of Tixocortol which could result in a higher serum level.</description>
    </drug-interaction>
    <drug-interaction>
      <drugbank-id>DB09103</drugbank-id>
      <name>Ancestim</name>
      <description>Goserelin may decrease the excretion rate of Ancestim which could result in a higher serum level.</description>
    </drug-interaction>
    <drug-interaction>
      <drugbank-id>DB09104</drugbank-id>
      <name>Magnesium hydroxide</name>
      <description>Goserelin may decrease the excretion rate of Magnesium hydroxide which could result in a higher serum level.</description>
    </drug-interaction>
    <drug-interaction>
      <drugbank-id>DB09106</drugbank-id>
      <name>Hydroxyethyl Starch</name>
      <description>Goserelin may decrease the excretion rate of Hydroxyethyl Starch which could result in a higher serum level.</description>
    </drug-interaction>
    <drug-interaction>
      <drugbank-id>DB09111</drugbank-id>
      <name>Pentastarch</name>
      <description>Goserelin may decrease the excretion rate of Pentastarch which could result in a higher serum level.</description>
    </drug-interaction>
    <drug-interaction>
      <drugbank-id>DB09118</drugbank-id>
      <name>Stiripentol</name>
      <description>Goserelin may decrease the excretion rate of Stiripentol which could result in a higher serum level.</description>
    </drug-interaction>
    <drug-interaction>
      <drugbank-id>DB09121</drugbank-id>
      <name>Aurothioglucose</name>
      <description>Goserelin may decrease the excretion rate of Aurothioglucose which could result in a higher serum level.</description>
    </drug-interaction>
    <drug-interaction>
      <drugbank-id>DB09123</drugbank-id>
      <name>Dienogest</name>
      <description>Goserelin may decrease the excretion rate of Dienogest which could result in a higher serum level.</description>
    </drug-interaction>
    <drug-interaction>
      <drugbank-id>DB09129</drugbank-id>
      <name>Chromic chloride</name>
      <description>Goserelin may decrease the excretion rate of Chromic chloride which could result in a higher serum level.</description>
    </drug-interaction>
    <drug-interaction>
      <drugbank-id>DB09132</drugbank-id>
      <name>Gadoteric acid</name>
      <description>Goserelin may decrease the excretion rate of Gadoteric acid which could result in a higher serum level.</description>
    </drug-interaction>
    <drug-interaction>
      <drugbank-id>DB09133</drugbank-id>
      <name>Iothalamic acid</name>
      <description>Goserelin may decrease the excretion rate of Iothalamic acid which could result in a higher serum level.</description>
    </drug-interaction>
    <drug-interaction>
      <drugbank-id>DB09134</drugbank-id>
      <name>Ioversol</name>
      <description>Goserelin may decrease the excretion rate of Ioversol which could result in a higher serum level.</description>
    </drug-interaction>
    <drug-interaction>
      <drugbank-id>DB09135</drugbank-id>
      <name>Ioxilan</name>
      <description>Goserelin may decrease the excretion rate of Ioxilan which could result in a higher serum level.</description>
    </drug-interaction>
    <drug-interaction>
      <drugbank-id>DB09136</drugbank-id>
      <name>Isosulfan blue</name>
      <description>Goserelin may decrease the excretion rate of Isosulfan blue which could result in a higher serum level.</description>
    </drug-interaction>
    <drug-interaction>
      <drugbank-id>DB09137</drugbank-id>
      <name>Technetium Tc-99m mebrofenin</name>
      <description>Goserelin may decrease the excretion rate of Technetium Tc-99m mebrofenin which could result in a higher serum level.</description>
    </drug-interaction>
    <drug-interaction>
      <drugbank-id>DB09139</drugbank-id>
      <name>Technetium Tc-99m oxidronate</name>
      <description>Goserelin may decrease the excretion rate of Technetium Tc-99m oxidronate which could result in a higher serum level.</description>
    </drug-interaction>
    <drug-interaction>
      <drugbank-id>DB09148</drugbank-id>
      <name>Florbetaben (18F)</name>
      <description>Goserelin may decrease the excretion rate of Florbetaben (18F) which could result in a higher serum level.</description>
    </drug-interaction>
    <drug-interaction>
      <drugbank-id>DB09149</drugbank-id>
      <name>Florbetapir (18F)</name>
      <description>Goserelin may decrease the excretion rate of Florbetapir (18F) which could result in a higher serum level.</description>
    </drug-interaction>
    <drug-interaction>
      <drugbank-id>DB09156</drugbank-id>
      <name>Iopromide</name>
      <description>Goserelin may decrease the excretion rate of Iopromide which could result in a higher serum level.</description>
    </drug-interaction>
    <drug-interaction>
      <drugbank-id>DB09163</drugbank-id>
      <name>Technetium Tc-99m exametazime</name>
      <description>Goserelin may decrease the excretion rate of Technetium Tc-99m exametazime which could result in a higher serum level.</description>
    </drug-interaction>
    <drug-interaction>
      <drugbank-id>DB09165</drugbank-id>
      <name>Technetium Tc-99m pyrophosphate</name>
      <description>Goserelin may decrease the excretion rate of Technetium Tc-99m pyrophosphate which could result in a higher serum level.</description>
    </drug-interaction>
    <drug-interaction>
      <drugbank-id>DB09185</drugbank-id>
      <name>Viloxazine</name>
      <description>Goserelin may decrease the excretion rate of Viloxazine which could result in a higher serum level.</description>
    </drug-interaction>
    <drug-interaction>
      <drugbank-id>DB09194</drugbank-id>
      <name>Etoperidone</name>
      <description>Goserelin may decrease the excretion rate of Etoperidone which could result in a higher serum level.</description>
    </drug-interaction>
    <drug-interaction>
      <drugbank-id>DB09195</drugbank-id>
      <name>Lorpiprazole</name>
      <description>Goserelin may decrease the excretion rate of Lorpiprazole which could result in a higher serum level.</description>
    </drug-interaction>
    <drug-interaction>
      <drugbank-id>DB09204</drugbank-id>
      <name>Arotinolol</name>
      <description>Goserelin may decrease the excretion rate of Arotinolol which could result in a higher serum level.</description>
    </drug-interaction>
    <drug-interaction>
      <drugbank-id>DB09205</drugbank-id>
      <name>Moxisylyte</name>
      <description>Goserelin may decrease the excretion rate of Moxisylyte which could result in a higher serum level.</description>
    </drug-interaction>
    <drug-interaction>
      <drugbank-id>DB09209</drugbank-id>
      <name>Pholcodine</name>
      <description>Goserelin may decrease the excretion rate of Pholcodine which could result in a higher serum level.</description>
    </drug-interaction>
    <drug-interaction>
      <drugbank-id>DB09210</drugbank-id>
      <name>Piracetam</name>
      <description>Goserelin may decrease the excretion rate of Piracetam which could result in a higher serum level.</description>
    </drug-interaction>
    <drug-interaction>
      <drugbank-id>DB09219</drugbank-id>
      <name>Bisoxatin</name>
      <description>Goserelin may decrease the excretion rate of Bisoxatin which could result in a higher serum level.</description>
    </drug-interaction>
    <drug-interaction>
      <drugbank-id>DB09220</drugbank-id>
      <name>Nicorandil</name>
      <description>Goserelin may decrease the excretion rate of Nicorandil which could result in a higher serum level.</description>
    </drug-interaction>
    <drug-interaction>
      <drugbank-id>DB09223</drugbank-id>
      <name>Blonanserin</name>
      <description>Goserelin may decrease the excretion rate of Blonanserin which could result in a higher serum level.</description>
    </drug-interaction>
    <drug-interaction>
      <drugbank-id>DB09241</drugbank-id>
      <name>Methylene blue</name>
      <description>Goserelin may decrease the excretion rate of Methylene blue which could result in a higher serum level.</description>
    </drug-interaction>
    <drug-interaction>
      <drugbank-id>DB09244</drugbank-id>
      <name>Pirlindole</name>
      <description>Goserelin may decrease the excretion rate of Pirlindole which could result in a higher serum level.</description>
    </drug-interaction>
    <drug-interaction>
      <drugbank-id>DB09245</drugbank-id>
      <name>Toloxatone</name>
      <description>Goserelin may decrease the excretion rate of Toloxatone which could result in a higher serum level.</description>
    </drug-interaction>
    <drug-interaction>
      <drugbank-id>DB09255</drugbank-id>
      <name>Dextran</name>
      <description>Goserelin may decrease the excretion rate of Dextran which could result in a higher serum level.</description>
    </drug-interaction>
    <drug-interaction>
      <drugbank-id>DB09256</drugbank-id>
      <name>Tegafur</name>
      <description>Goserelin may decrease the excretion rate of Tegafur which could result in a higher serum level.</description>
    </drug-interaction>
    <drug-interaction>
      <drugbank-id>DB09257</drugbank-id>
      <name>Gimeracil</name>
      <description>Goserelin may decrease the excretion rate of Gimeracil which could result in a higher serum level.</description>
    </drug-interaction>
    <drug-interaction>
      <drugbank-id>DB09262</drugbank-id>
      <name>Imidafenacin</name>
      <description>Goserelin may decrease the excretion rate of Imidafenacin which could result in a higher serum level.</description>
    </drug-interaction>
    <drug-interaction>
      <drugbank-id>DB09264</drugbank-id>
      <name>Idarucizumab</name>
      <description>Goserelin may decrease the excretion rate of Idarucizumab which could result in a higher serum level.</description>
    </drug-interaction>
    <drug-interaction>
      <drugbank-id>DB09268</drugbank-id>
      <name>Picosulfuric acid</name>
      <description>Goserelin may decrease the excretion rate of Picosulfuric acid which could result in a higher serum level.</description>
    </drug-interaction>
    <drug-interaction>
      <drugbank-id>DB09276</drugbank-id>
      <name>Sodium aurothiomalate</name>
      <description>Goserelin may decrease the excretion rate of Sodium aurothiomalate which could result in a higher serum level.</description>
    </drug-interaction>
    <drug-interaction>
      <drugbank-id>DB09281</drugbank-id>
      <name>Magnesium trisilicate</name>
      <description>Goserelin may decrease the excretion rate of Magnesium trisilicate which could result in a higher serum level.</description>
    </drug-interaction>
    <drug-interaction>
      <drugbank-id>DB09292</drugbank-id>
      <name>Sacubitril</name>
      <description>Goserelin may decrease the excretion rate of Sacubitril which could result in a higher serum level.</description>
    </drug-interaction>
    <drug-interaction>
      <drugbank-id>DB09301</drugbank-id>
      <name>Chondroitin sulfate</name>
      <description>Goserelin may decrease the excretion rate of Chondroitin sulfate which could result in a higher serum level.</description>
    </drug-interaction>
    <drug-interaction>
      <drugbank-id>DB09317</drugbank-id>
      <name>Synthetic Conjugated Estrogens, A</name>
      <description>Goserelin may decrease the excretion rate of Synthetic Conjugated Estrogens, A which could result in a higher serum level.</description>
    </drug-interaction>
    <drug-interaction>
      <drugbank-id>DB09318</drugbank-id>
      <name>Synthetic Conjugated Estrogens, B</name>
      <description>Goserelin may decrease the excretion rate of Synthetic Conjugated Estrogens, B which could result in a higher serum level.</description>
    </drug-interaction>
    <drug-interaction>
      <drugbank-id>DB09320</drugbank-id>
      <name>Procaine benzylpenicillin</name>
      <description>Goserelin may decrease the excretion rate of Procaine benzylpenicillin which could result in a higher serum level.</description>
    </drug-interaction>
    <drug-interaction>
      <drugbank-id>DB09324</drugbank-id>
      <name>Sulbactam</name>
      <description>Goserelin may decrease the excretion rate of Sulbactam which could result in a higher serum level.</description>
    </drug-interaction>
    <drug-interaction>
      <drugbank-id>DB09325</drugbank-id>
      <name>Sodium fluoride</name>
      <description>Goserelin may decrease the excretion rate of Sodium fluoride which could result in a higher serum level.</description>
    </drug-interaction>
    <drug-interaction>
      <drugbank-id>DB09329</drugbank-id>
      <name>Antihemophilic factor (recombinant), PEGylated</name>
      <description>Goserelin may decrease the excretion rate of Antihemophilic factor (recombinant), PEGylated which could result in a higher serum level.</description>
    </drug-interaction>
    <drug-interaction>
      <drugbank-id>DB09344</drugbank-id>
      <name>Invert sugar</name>
      <description>Goserelin may decrease the excretion rate of Invert sugar which could result in a higher serum level.</description>
    </drug-interaction>
    <drug-interaction>
      <drugbank-id>DB09357</drugbank-id>
      <name>Dexpanthenol</name>
      <description>Goserelin may decrease the excretion rate of Dexpanthenol which could result in a higher serum level.</description>
    </drug-interaction>
    <drug-interaction>
      <drugbank-id>DB09394</drugbank-id>
      <name>Phosphoric acid</name>
      <description>Goserelin may decrease the excretion rate of Phosphoric acid which could result in a higher serum level.</description>
    </drug-interaction>
    <drug-interaction>
      <drugbank-id>DB09395</drugbank-id>
      <name>Sodium acetate</name>
      <description>Goserelin may decrease the excretion rate of Sodium acetate which could result in a higher serum level.</description>
    </drug-interaction>
    <drug-interaction>
      <drugbank-id>DB09407</drugbank-id>
      <name>Magnesium chloride</name>
      <description>Goserelin may decrease the excretion rate of Magnesium chloride which could result in a higher serum level.</description>
    </drug-interaction>
    <drug-interaction>
      <drugbank-id>DB09418</drugbank-id>
      <name>Potassium perchlorate</name>
      <description>Goserelin may decrease the excretion rate of Potassium perchlorate which could result in a higher serum level.</description>
    </drug-interaction>
    <drug-interaction>
      <drugbank-id>DB09472</drugbank-id>
      <name>Sodium sulfate</name>
      <description>Goserelin may decrease the excretion rate of Sodium sulfate which could result in a higher serum level.</description>
    </drug-interaction>
    <drug-interaction>
      <drugbank-id>DB09477</drugbank-id>
      <name>Enalaprilat</name>
      <description>Goserelin may decrease the excretion rate of Enalaprilat which could result in a higher serum level.</description>
    </drug-interaction>
    <drug-interaction>
      <drugbank-id>DB09481</drugbank-id>
      <name>Magnesium carbonate</name>
      <description>Goserelin may decrease the excretion rate of Magnesium carbonate which could result in a higher serum level.</description>
    </drug-interaction>
    <drug-interaction>
      <drugbank-id>DB09496</drugbank-id>
      <name>Octinoxate</name>
      <description>Goserelin may decrease the excretion rate of Octinoxate which could result in a higher serum level.</description>
    </drug-interaction>
    <drug-interaction>
      <drugbank-id>DB09502</drugbank-id>
      <name>Fludeoxyglucose (18F)</name>
      <description>Goserelin may decrease the excretion rate of Fludeoxyglucose (18F) which could result in a higher serum level.</description>
    </drug-interaction>
    <drug-interaction>
      <drugbank-id>DB09546</drugbank-id>
      <name>Iobenguane sulfate I-123</name>
      <description>Goserelin may decrease the excretion rate of Iobenguane sulfate I-123 which could result in a higher serum level.</description>
    </drug-interaction>
    <drug-interaction>
      <drugbank-id>DB09570</drugbank-id>
      <name>Ixazomib</name>
      <description>Goserelin may decrease the excretion rate of Ixazomib which could result in a higher serum level.</description>
    </drug-interaction>
    <drug-interaction>
      <drugbank-id>DB11090</drugbank-id>
      <name>Potassium nitrate</name>
      <description>Goserelin may decrease the excretion rate of Potassium nitrate which could result in a higher serum level.</description>
    </drug-interaction>
    <drug-interaction>
      <drugbank-id>DB11098</drugbank-id>
      <name>Potassium bicarbonate</name>
      <description>Goserelin may decrease the excretion rate of Potassium bicarbonate which could result in a higher serum level.</description>
    </drug-interaction>
    <drug-interaction>
      <drugbank-id>DB11102</drugbank-id>
      <name>N-acetyltyrosine</name>
      <description>Goserelin may decrease the excretion rate of N-acetyltyrosine which could result in a higher serum level.</description>
    </drug-interaction>
    <drug-interaction>
      <drugbank-id>DB11114</drugbank-id>
      <name>Eucalyptus oil</name>
      <description>Goserelin may decrease the excretion rate of Eucalyptus oil which could result in a higher serum level.</description>
    </drug-interaction>
    <drug-interaction>
      <drugbank-id>DB11127</drugbank-id>
      <name>Selenious acid</name>
      <description>Goserelin may decrease the excretion rate of Selenious acid which could result in a higher serum level.</description>
    </drug-interaction>
    <drug-interaction>
      <drugbank-id>DB11130</drugbank-id>
      <name>Opium</name>
      <description>Goserelin may decrease the excretion rate of Opium which could result in a higher serum level.</description>
    </drug-interaction>
    <drug-interaction>
      <drugbank-id>DB11135</drugbank-id>
      <name>Selenium</name>
      <description>Goserelin may decrease the excretion rate of Selenium which could result in a higher serum level.</description>
    </drug-interaction>
    <drug-interaction>
      <drugbank-id>DB11136</drugbank-id>
      <name>Chromium</name>
      <description>Goserelin may decrease the excretion rate of Chromium which could result in a higher serum level.</description>
    </drug-interaction>
    <drug-interaction>
      <drugbank-id>DB11145</drugbank-id>
      <name>Oxyquinoline</name>
      <description>Goserelin may decrease the excretion rate of Oxyquinoline which could result in a higher serum level.</description>
    </drug-interaction>
    <drug-interaction>
      <drugbank-id>DB11156</drugbank-id>
      <name>Pyrantel</name>
      <description>Goserelin may decrease the excretion rate of Pyrantel which could result in a higher serum level.</description>
    </drug-interaction>
    <drug-interaction>
      <drugbank-id>DB11164</drugbank-id>
      <name>Bicisate</name>
      <description>Goserelin may decrease the excretion rate of Bicisate which could result in a higher serum level.</description>
    </drug-interaction>
    <drug-interaction>
      <drugbank-id>DB11251</drugbank-id>
      <name>Tocopherol</name>
      <description>Goserelin may decrease the excretion rate of Tocopherol which could result in a higher serum level.</description>
    </drug-interaction>
    <drug-interaction>
      <drugbank-id>DB11278</drugbank-id>
      <name>DL-Methylephedrine</name>
      <description>Goserelin may decrease the excretion rate of DL-Methylephedrine which could result in a higher serum level.</description>
    </drug-interaction>
    <drug-interaction>
      <drugbank-id>DB11328</drugbank-id>
      <name>Tetradecyl hydrogen sulfate (ester)</name>
      <description>Goserelin may decrease the excretion rate of Tetradecyl hydrogen sulfate (ester) which could result in a higher serum level.</description>
    </drug-interaction>
    <drug-interaction>
      <drugbank-id>DB11338</drugbank-id>
      <name>Clove oil</name>
      <description>Goserelin may decrease the excretion rate of Clove oil which could result in a higher serum level.</description>
    </drug-interaction>
    <drug-interaction>
      <drugbank-id>DB11358</drugbank-id>
      <name>Evening primrose oil</name>
      <description>Goserelin may decrease the excretion rate of Evening primrose oil which could result in a higher serum level.</description>
    </drug-interaction>
    <drug-interaction>
      <drugbank-id>DB11364</drugbank-id>
      <name>Pidotimod</name>
      <description>Goserelin may decrease the excretion rate of Pidotimod which could result in a higher serum level.</description>
    </drug-interaction>
    <drug-interaction>
      <drugbank-id>DB11560</drugbank-id>
      <name>Lesinurad</name>
      <description>Goserelin may decrease the excretion rate of Lesinurad which could result in a higher serum level.</description>
    </drug-interaction>
    <drug-interaction>
      <drugbank-id>DB11577</drugbank-id>
      <name>Indigotindisulfonic acid</name>
      <description>Goserelin may decrease the excretion rate of Indigotindisulfonic acid which could result in a higher serum level.</description>
    </drug-interaction>
    <drug-interaction>
      <drugbank-id>DB11587</drugbank-id>
      <name>Etafedrine</name>
      <description>Goserelin may decrease the excretion rate of Etafedrine which could result in a higher serum level.</description>
    </drug-interaction>
    <drug-interaction>
      <drugbank-id>DB11598</drugbank-id>
      <name>Antithrombin III human</name>
      <description>Goserelin may decrease the excretion rate of Antithrombin III human which could result in a higher serum level.</description>
    </drug-interaction>
    <drug-interaction>
      <drugbank-id>DB11691</drugbank-id>
      <name>Naldemedine</name>
      <description>Goserelin may decrease the excretion rate of Naldemedine which could result in a higher serum level.</description>
    </drug-interaction>
    <drug-interaction>
      <drugbank-id>DB11699</drugbank-id>
      <name>Tropisetron</name>
      <description>Goserelin may decrease the excretion rate of Tropisetron which could result in a higher serum level.</description>
    </drug-interaction>
    <drug-interaction>
      <drugbank-id>DB11817</drugbank-id>
      <name>Baricitinib</name>
      <description>Goserelin may decrease the excretion rate of Baricitinib which could result in a higher serum level.</description>
    </drug-interaction>
    <drug-interaction>
      <drugbank-id>DB11901</drugbank-id>
      <name>Apalutamide</name>
      <description>Goserelin may decrease the excretion rate of Apalutamide which could result in a higher serum level.</description>
    </drug-interaction>
    <drug-interaction>
      <drugbank-id>DB11915</drugbank-id>
      <name>Valbenazine</name>
      <description>Goserelin may decrease the excretion rate of Valbenazine which could result in a higher serum level.</description>
    </drug-interaction>
    <drug-interaction>
      <drugbank-id>DB11989</drugbank-id>
      <name>Benznidazole</name>
      <description>Goserelin may decrease the excretion rate of Benznidazole which could result in a higher serum level.</description>
    </drug-interaction>
    <drug-interaction>
      <drugbank-id>DB12007</drugbank-id>
      <name>Isoflavone</name>
      <description>Goserelin may decrease the excretion rate of Isoflavone which could result in a higher serum level.</description>
    </drug-interaction>
    <drug-interaction>
      <drugbank-id>DB12107</drugbank-id>
      <name>Vaborbactam</name>
      <description>Goserelin may decrease the excretion rate of Vaborbactam which could result in a higher serum level.</description>
    </drug-interaction>
    <drug-interaction>
      <drugbank-id>DB12278</drugbank-id>
      <name>Propiverine</name>
      <description>Goserelin may decrease the excretion rate of Propiverine which could result in a higher serum level.</description>
    </drug-interaction>
    <drug-interaction>
      <drugbank-id>DB12783</drugbank-id>
      <name>Benserazide</name>
      <description>Goserelin may decrease the excretion rate of Benserazide which could result in a higher serum level.</description>
    </drug-interaction>
    <drug-interaction>
      <drugbank-id>DB13025</drugbank-id>
      <name>Tiapride</name>
      <description>Goserelin may decrease the excretion rate of Tiapride which could result in a higher serum level.</description>
    </drug-interaction>
    <drug-interaction>
      <drugbank-id>DB13139</drugbank-id>
      <name>Levosalbutamol</name>
      <description>Goserelin may decrease the excretion rate of Levosalbutamol which could result in a higher serum level.</description>
    </drug-interaction>
    <drug-interaction>
      <drugbank-id>DB13156</drugbank-id>
      <name>Inosine pranobex</name>
      <description>Goserelin may decrease the excretion rate of Inosine pranobex which could result in a higher serum level.</description>
    </drug-interaction>
    <drug-interaction>
      <drugbank-id>DB13178</drugbank-id>
      <name>Inositol</name>
      <description>Goserelin may decrease the excretion rate of Inositol which could result in a higher serum level.</description>
    </drug-interaction>
    <drug-interaction>
      <drugbank-id>DB13185</drugbank-id>
      <name>Oxabolone cipionate</name>
      <description>Goserelin may decrease the excretion rate of Oxabolone cipionate which could result in a higher serum level.</description>
    </drug-interaction>
    <drug-interaction>
      <drugbank-id>DB13191</drugbank-id>
      <name>Phosphocreatine</name>
      <description>Goserelin may decrease the excretion rate of Phosphocreatine which could result in a higher serum level.</description>
    </drug-interaction>
    <drug-interaction>
      <drugbank-id>DB13269</drugbank-id>
      <name>Dichlorobenzyl alcohol</name>
      <description>Goserelin may decrease the excretion rate of Dichlorobenzyl alcohol which could result in a higher serum level.</description>
    </drug-interaction>
    <drug-interaction>
      <drugbank-id>DB13293</drugbank-id>
      <name>Ipecac</name>
      <description>Goserelin may decrease the excretion rate of Ipecac which could result in a higher serum level.</description>
    </drug-interaction>
    <drug-interaction>
      <drugbank-id>DB13595</drugbank-id>
      <name>Almasilate</name>
      <description>Goserelin may decrease the excretion rate of Almasilate which could result in a higher serum level.</description>
    </drug-interaction>
    <drug-interaction>
      <drugbank-id>DB13873</drugbank-id>
      <name>Fenofibric acid</name>
      <description>Goserelin may decrease the excretion rate of Fenofibric acid which could result in a higher serum level.</description>
    </drug-interaction>
    <drug-interaction>
      <drugbank-id>DB13884</drugbank-id>
      <name>Albutrepenonacog alfa</name>
      <description>Goserelin may decrease the excretion rate of Albutrepenonacog alfa which could result in a higher serum level.</description>
    </drug-interaction>
    <drug-interaction>
      <drugbank-id>DB13909</drugbank-id>
      <name>Bismuth subgallate</name>
      <description>Goserelin may decrease the excretion rate of Bismuth subgallate which could result in a higher serum level.</description>
    </drug-interaction>
    <drug-interaction>
      <drugbank-id>DB13943</drugbank-id>
      <name>Testosterone cypionate</name>
      <description>Goserelin may decrease the excretion rate of Testosterone cypionate which could result in a higher serum level.</description>
    </drug-interaction>
    <drug-interaction>
      <drugbank-id>DB13944</drugbank-id>
      <name>Testosterone enanthate</name>
      <description>Goserelin may decrease the excretion rate of Testosterone enanthate which could result in a higher serum level.</description>
    </drug-interaction>
    <drug-interaction>
      <drugbank-id>DB13946</drugbank-id>
      <name>Testosterone undecanoate</name>
      <description>Goserelin may decrease the excretion rate of Testosterone undecanoate which could result in a higher serum level.</description>
    </drug-interaction>
    <drug-interaction>
      <drugbank-id>DB13952</drugbank-id>
      <name>Estradiol acetate</name>
      <description>Goserelin may decrease the excretion rate of Estradiol acetate which could result in a higher serum level.</description>
    </drug-interaction>
    <drug-interaction>
      <drugbank-id>DB13954</drugbank-id>
      <name>Estradiol cypionate</name>
      <description>Goserelin may decrease the excretion rate of Estradiol cypionate which could result in a higher serum level.</description>
    </drug-interaction>
    <drug-interaction>
      <drugbank-id>DB13955</drugbank-id>
      <name>Estradiol dienanthate</name>
      <description>Goserelin may decrease the excretion rate of Estradiol dienanthate which could result in a higher serum level.</description>
    </drug-interaction>
    <drug-interaction>
      <drugbank-id>DB13956</drugbank-id>
      <name>Estradiol valerate</name>
      <description>Goserelin may decrease the excretion rate of Estradiol valerate which could result in a higher serum level.</description>
    </drug-interaction>
    <drug-interaction>
      <drugbank-id>DB13967</drugbank-id>
      <name>Patent Blue</name>
      <description>Goserelin may decrease the excretion rate of Patent Blue which could result in a higher serum level.</description>
    </drug-interaction>
    <drug-interaction>
      <drugbank-id>DB14006</drugbank-id>
      <name>Choline salicylate</name>
      <description>Goserelin may decrease the excretion rate of Choline salicylate which could result in a higher serum level.</description>
    </drug-interaction>
    <drug-interaction>
      <drugbank-id>DB14007</drugbank-id>
      <name>Pentetic acid</name>
      <description>Goserelin may decrease the excretion rate of Pentetic acid which could result in a higher serum level.</description>
    </drug-interaction>
    <drug-interaction>
      <drugbank-id>DB14498</drugbank-id>
      <name>Potassium acetate</name>
      <description>Goserelin may decrease the excretion rate of Potassium acetate which could result in a higher serum level.</description>
    </drug-interaction>
    <drug-interaction>
      <drugbank-id>DB14499</drugbank-id>
      <name>Potassium sulfate</name>
      <description>Goserelin may decrease the excretion rate of Potassium sulfate which could result in a higher serum level.</description>
    </drug-interaction>
    <drug-interaction>
      <drugbank-id>DB14526</drugbank-id>
      <name>Chromic citrate</name>
      <description>Goserelin may decrease the excretion rate of Chromic citrate which could result in a higher serum level.</description>
    </drug-interaction>
    <drug-interaction>
      <drugbank-id>DB14527</drugbank-id>
      <name>Chromic nitrate</name>
      <description>Goserelin may decrease the excretion rate of Chromic nitrate which could result in a higher serum level.</description>
    </drug-interaction>
    <drug-interaction>
      <drugbank-id>DB14528</drugbank-id>
      <name>Chromium gluconate</name>
      <description>Goserelin may decrease the excretion rate of Chromium gluconate which could result in a higher serum level.</description>
    </drug-interaction>
    <drug-interaction>
      <drugbank-id>DB14529</drugbank-id>
      <name>Chromium nicotinate</name>
      <description>Goserelin may decrease the excretion rate of Chromium nicotinate which could result in a higher serum level.</description>
    </drug-interaction>
    <drug-interaction>
      <drugbank-id>DB14530</drugbank-id>
      <name>Chromous sulfate</name>
      <description>Goserelin may decrease the excretion rate of Chromous sulfate which could result in a higher serum level.</description>
    </drug-interaction>
    <drug-interaction>
      <drugbank-id>DB14754</drugbank-id>
      <name>Solriamfetol</name>
      <description>Goserelin may decrease the excretion rate of Solriamfetol which could result in a higher serum level.</description>
    </drug-interaction>
    <drug-interaction>
      <drugbank-id>DB06815</drugbank-id>
      <name>Pyrithione</name>
      <description>Goserelin may decrease the excretion rate of Pyrithione which could result in a higher serum level.</description>
    </drug-interaction>
    <drug-interaction>
      <drugbank-id>DB11121</drugbank-id>
      <name>Chloroxylenol</name>
      <description>Goserelin may decrease the excretion rate of Chloroxylenol which could result in a higher serum level.</description>
    </drug-interaction>
    <drug-interaction>
      <drugbank-id>DB11085</drugbank-id>
      <name>Resorcinol</name>
      <description>Goserelin may decrease the excretion rate of Resorcinol which could result in a higher serum level.</description>
    </drug-interaction>
    <drug-interaction>
      <drugbank-id>DB00661</drugbank-id>
      <name>Verapamil</name>
      <description>Goserelin may decrease the excretion rate of Verapamil which could result in a higher serum level.</description>
    </drug-interaction>
    <drug-interaction>
      <drugbank-id>DB15593</drugbank-id>
      <name>Golodirsen</name>
      <description>Goserelin may decrease the excretion rate of Golodirsen which could result in a higher serum level.</description>
    </drug-interaction>
    <drug-interaction>
      <drugbank-id>DB00440</drugbank-id>
      <name>Trimethoprim</name>
      <description>Goserelin may decrease the excretion rate of Trimethoprim which could result in a higher serum level.</description>
    </drug-interaction>
    <drug-interaction>
      <drugbank-id>DB00454</drugbank-id>
      <name>Meperidine</name>
      <description>Goserelin may decrease the excretion rate of Meperidine which could result in a higher serum level.</description>
    </drug-interaction>
    <drug-interaction>
      <drugbank-id>DB00813</drugbank-id>
      <name>Fentanyl</name>
      <description>Goserelin may decrease the excretion rate of Fentanyl which could result in a higher serum level.</description>
    </drug-interaction>
    <drug-interaction>
      <drugbank-id>DB08996</drugbank-id>
      <name>Dimetacrine</name>
      <description>Goserelin may decrease the excretion rate of Dimetacrine which could result in a higher serum level.</description>
    </drug-interaction>
    <drug-interaction>
      <drugbank-id>DB13987</drugbank-id>
      <name>Strontium chloride</name>
      <description>Goserelin may decrease the excretion rate of Strontium chloride which could result in a higher serum level.</description>
    </drug-interaction>
    <drug-interaction>
      <drugbank-id>DB04890</drugbank-id>
      <name>Bepotastine</name>
      <description>Goserelin may decrease the excretion rate of Bepotastine which could result in a higher serum level.</description>
    </drug-interaction>
    <drug-interaction>
      <drugbank-id>DB00982</drugbank-id>
      <name>Isotretinoin</name>
      <description>Goserelin may decrease the excretion rate of Isotretinoin which could result in a higher serum level.</description>
    </drug-interaction>
    <drug-interaction>
      <drugbank-id>DB04930</drugbank-id>
      <name>Permethrin</name>
      <description>Goserelin may decrease the excretion rate of Permethrin which could result in a higher serum level.</description>
    </drug-interaction>
    <drug-interaction>
      <drugbank-id>DB09095</drugbank-id>
      <name>Difluocortolone</name>
      <description>Goserelin may decrease the excretion rate of Difluocortolone which could result in a higher serum level.</description>
    </drug-interaction>
    <drug-interaction>
      <drugbank-id>DB00571</drugbank-id>
      <name>Propranolol</name>
      <description>Goserelin may decrease the excretion rate of Propranolol which could result in a higher serum level.</description>
    </drug-interaction>
    <drug-interaction>
      <drugbank-id>DB00479</drugbank-id>
      <name>Amikacin</name>
      <description>Goserelin may decrease the excretion rate of Amikacin which could result in a higher serum level.</description>
    </drug-interaction>
    <drug-interaction>
      <drugbank-id>DB00684</drugbank-id>
      <name>Tobramycin</name>
      <description>Goserelin may decrease the excretion rate of Tobramycin which could result in a higher serum level.</description>
    </drug-interaction>
    <drug-interaction>
      <drugbank-id>DB00798</drugbank-id>
      <name>Gentamicin</name>
      <description>Goserelin may decrease the excretion rate of Gentamicin which could result in a higher serum level.</description>
    </drug-interaction>
    <drug-interaction>
      <drugbank-id>DB00955</drugbank-id>
      <name>Netilmicin</name>
      <description>Goserelin may decrease the excretion rate of Netilmicin which could result in a higher serum level.</description>
    </drug-interaction>
    <drug-interaction>
      <drugbank-id>DB00994</drugbank-id>
      <name>Neomycin</name>
      <description>Goserelin may decrease the excretion rate of Neomycin which could result in a higher serum level.</description>
    </drug-interaction>
    <drug-interaction>
      <drugbank-id>DB01082</drugbank-id>
      <name>Streptomycin</name>
      <description>Goserelin may decrease the excretion rate of Streptomycin which could result in a higher serum level.</description>
    </drug-interaction>
    <drug-interaction>
      <drugbank-id>DB01172</drugbank-id>
      <name>Kanamycin</name>
      <description>Goserelin may decrease the excretion rate of Kanamycin which could result in a higher serum level.</description>
    </drug-interaction>
    <drug-interaction>
      <drugbank-id>DB03615</drugbank-id>
      <name>Ribostamycin</name>
      <description>Goserelin may decrease the excretion rate of Ribostamycin which could result in a higher serum level.</description>
    </drug-interaction>
    <drug-interaction>
      <drugbank-id>DB04729</drugbank-id>
      <name>Gentamicin C1a</name>
      <description>Goserelin may decrease the excretion rate of Gentamicin C1a which could result in a higher serum level.</description>
    </drug-interaction>
    <drug-interaction>
      <drugbank-id>DB06696</drugbank-id>
      <name>Arbekacin</name>
      <description>Goserelin may decrease the excretion rate of Arbekacin which could result in a higher serum level.</description>
    </drug-interaction>
    <drug-interaction>
      <drugbank-id>DB12604</drugbank-id>
      <name>Sisomicin</name>
      <description>Goserelin may decrease the excretion rate of Sisomicin which could result in a higher serum level.</description>
    </drug-interaction>
    <drug-interaction>
      <drugbank-id>DB13540</drugbank-id>
      <name>Isepamicin</name>
      <description>Goserelin may decrease the excretion rate of Isepamicin which could result in a higher serum level.</description>
    </drug-interaction>
    <drug-interaction>
      <drugbank-id>DB00552</drugbank-id>
      <name>Pentostatin</name>
      <description>Goserelin may decrease the excretion rate of Pentostatin which could result in a higher serum level.</description>
    </drug-interaction>
    <drug-interaction>
      <drugbank-id>DB13145</drugbank-id>
      <name>Nedaplatin</name>
      <description>Goserelin may decrease the excretion rate of Nedaplatin which could result in a higher serum level.</description>
    </drug-interaction>
    <drug-interaction>
      <drugbank-id>DB00314</drugbank-id>
      <name>Capreomycin</name>
      <description>Goserelin may decrease the excretion rate of Capreomycin which could result in a higher serum level.</description>
    </drug-interaction>
    <drug-interaction>
      <drugbank-id>DB00390</drugbank-id>
      <name>Digoxin</name>
      <description>Goserelin may decrease the excretion rate of Digoxin which could result in a higher serum level.</description>
    </drug-interaction>
    <drug-interaction>
      <drugbank-id>DB00512</drugbank-id>
      <name>Vancomycin</name>
      <description>Goserelin may decrease the excretion rate of Vancomycin which could result in a higher serum level.</description>
    </drug-interaction>
    <drug-interaction>
      <drugbank-id>DB00515</drugbank-id>
      <name>Cisplatin</name>
      <description>Goserelin may decrease the excretion rate of Cisplatin which could result in a higher serum level.</description>
    </drug-interaction>
    <drug-interaction>
      <drugbank-id>DB00564</drugbank-id>
      <name>Carbamazepine</name>
      <description>Goserelin may decrease the excretion rate of Carbamazepine which could result in a higher serum level.</description>
    </drug-interaction>
    <drug-interaction>
      <drugbank-id>DB00642</drugbank-id>
      <name>Pemetrexed</name>
      <description>Goserelin may decrease the excretion rate of Pemetrexed which could result in a higher serum level.</description>
    </drug-interaction>
    <drug-interaction>
      <drugbank-id>DB00682</drugbank-id>
      <name>Warfarin</name>
      <description>Goserelin may decrease the excretion rate of Warfarin which could result in a higher serum level.</description>
    </drug-interaction>
    <drug-interaction>
      <drugbank-id>DB12615</drugbank-id>
      <name>Plazomicin</name>
      <description>Goserelin may decrease the excretion rate of Plazomicin which could result in a higher serum level.</description>
    </drug-interaction>
    <drug-interaction>
      <drugbank-id>DB14509</drugbank-id>
      <name>Lithium carbonate</name>
      <description>Goserelin may decrease the excretion rate of Lithium carbonate which could result in a higher serum level.</description>
    </drug-interaction>
    <drug-interaction>
      <drugbank-id>DB00803</drugbank-id>
      <name>Colistin</name>
      <description>Goserelin may decrease the excretion rate of Colistin which could result in a higher serum level.</description>
    </drug-interaction>
    <drug-interaction>
      <drugbank-id>DB00384</drugbank-id>
      <name>Triamterene</name>
      <description>Triamterene may increase the excretion rate of Goserelin which could result in a lower serum level and potentially a reduction in efficacy.</description>
    </drug-interaction>
    <drug-interaction>
      <drugbank-id>DB00742</drugbank-id>
      <name>Mannitol</name>
      <description>Mannitol may increase the excretion rate of Goserelin which could result in a lower serum level and potentially a reduction in efficacy.</description>
    </drug-interaction>
    <drug-interaction>
      <drugbank-id>DB00903</drugbank-id>
      <name>Etacrynic acid</name>
      <description>Etacrynic acid may increase the excretion rate of Goserelin which could result in a lower serum level and potentially a reduction in efficacy.</description>
    </drug-interaction>
    <drug-interaction>
      <drugbank-id>DB00524</drugbank-id>
      <name>Metolazone</name>
      <description>Metolazone may increase the excretion rate of Goserelin which could result in a lower serum level and potentially a reduction in efficacy.</description>
    </drug-interaction>
    <drug-interaction>
      <drugbank-id>DB00695</drugbank-id>
      <name>Furosemide</name>
      <description>Furosemide may increase the excretion rate of Goserelin which could result in a lower serum level and potentially a reduction in efficacy.</description>
    </drug-interaction>
    <drug-interaction>
      <drugbank-id>DB00887</drugbank-id>
      <name>Bumetanide</name>
      <description>Bumetanide may increase the excretion rate of Goserelin which could result in a lower serum level and potentially a reduction in efficacy.</description>
    </drug-interaction>
    <drug-interaction>
      <drugbank-id>DB09338</drugbank-id>
      <name>Mersalyl</name>
      <description>Mersalyl may increase the excretion rate of Goserelin which could result in a lower serum level and potentially a reduction in efficacy.</description>
    </drug-interaction>
    <drug-interaction>
      <drugbank-id>DB00214</drugbank-id>
      <name>Torasemide</name>
      <description>Torasemide may increase the excretion rate of Goserelin which could result in a lower serum level and potentially a reduction in efficacy.</description>
    </drug-interaction>
    <drug-interaction>
      <drugbank-id>DB00232</drugbank-id>
      <name>Methyclothiazide</name>
      <description>Methyclothiazide may increase the excretion rate of Goserelin which could result in a lower serum level and potentially a reduction in efficacy.</description>
    </drug-interaction>
    <drug-interaction>
      <drugbank-id>DB00310</drugbank-id>
      <name>Chlorthalidone</name>
      <description>Chlorthalidone may increase the excretion rate of Goserelin which could result in a lower serum level and potentially a reduction in efficacy.</description>
    </drug-interaction>
    <drug-interaction>
      <drugbank-id>DB00311</drugbank-id>
      <name>Ethoxzolamide</name>
      <description>Ethoxzolamide may increase the excretion rate of Goserelin which could result in a lower serum level and potentially a reduction in efficacy.</description>
    </drug-interaction>
    <drug-interaction>
      <drugbank-id>DB00421</drugbank-id>
      <name>Spironolactone</name>
      <description>Spironolactone may increase the excretion rate of Goserelin which could result in a lower serum level and potentially a reduction in efficacy.</description>
    </drug-interaction>
    <drug-interaction>
      <drugbank-id>DB00436</drugbank-id>
      <name>Bendroflumethiazide</name>
      <description>Bendroflumethiazide may increase the excretion rate of Goserelin which could result in a lower serum level and potentially a reduction in efficacy.</description>
    </drug-interaction>
    <drug-interaction>
      <drugbank-id>DB00562</drugbank-id>
      <name>Benzthiazide</name>
      <description>Benzthiazide may increase the excretion rate of Goserelin which could result in a lower serum level and potentially a reduction in efficacy.</description>
    </drug-interaction>
    <drug-interaction>
      <drugbank-id>DB00594</drugbank-id>
      <name>Amiloride</name>
      <description>Amiloride may increase the excretion rate of Goserelin which could result in a lower serum level and potentially a reduction in efficacy.</description>
    </drug-interaction>
    <drug-interaction>
      <drugbank-id>DB00606</drugbank-id>
      <name>Cyclothiazide</name>
      <description>Cyclothiazide may increase the excretion rate of Goserelin which could result in a lower serum level and potentially a reduction in efficacy.</description>
    </drug-interaction>
    <drug-interaction>
      <drugbank-id>DB00700</drugbank-id>
      <name>Eplerenone</name>
      <description>Eplerenone may increase the excretion rate of Goserelin which could result in a lower serum level and potentially a reduction in efficacy.</description>
    </drug-interaction>
    <drug-interaction>
      <drugbank-id>DB00703</drugbank-id>
      <name>Methazolamide</name>
      <description>Methazolamide may increase the excretion rate of Goserelin which could result in a lower serum level and potentially a reduction in efficacy.</description>
    </drug-interaction>
    <drug-interaction>
      <drugbank-id>DB00774</drugbank-id>
      <name>Hydroflumethiazide</name>
      <description>Hydroflumethiazide may increase the excretion rate of Goserelin which could result in a lower serum level and potentially a reduction in efficacy.</description>
    </drug-interaction>
    <drug-interaction>
      <drugbank-id>DB00819</drugbank-id>
      <name>Acetazolamide</name>
      <description>Acetazolamide may increase the excretion rate of Goserelin which could result in a lower serum level and potentially a reduction in efficacy.</description>
    </drug-interaction>
    <drug-interaction>
      <drugbank-id>DB00872</drugbank-id>
      <name>Conivaptan</name>
      <description>Conivaptan may increase the excretion rate of Goserelin which could result in a lower serum level and potentially a reduction in efficacy.</description>
    </drug-interaction>
    <drug-interaction>
      <drugbank-id>DB00880</drugbank-id>
      <name>Chlorothiazide</name>
      <description>Chlorothiazide may increase the excretion rate of Goserelin which could result in a lower serum level and potentially a reduction in efficacy.</description>
    </drug-interaction>
    <drug-interaction>
      <drugbank-id>DB01021</drugbank-id>
      <name>Trichlormethiazide</name>
      <description>Trichlormethiazide may increase the excretion rate of Goserelin which could result in a lower serum level and potentially a reduction in efficacy.</description>
    </drug-interaction>
    <drug-interaction>
      <drugbank-id>DB01144</drugbank-id>
      <name>Diclofenamide</name>
      <description>Diclofenamide may increase the excretion rate of Goserelin which could result in a lower serum level and potentially a reduction in efficacy.</description>
    </drug-interaction>
    <drug-interaction>
      <drugbank-id>DB01324</drugbank-id>
      <name>Polythiazide</name>
      <description>Polythiazide may increase the excretion rate of Goserelin which could result in a lower serum level and potentially a reduction in efficacy.</description>
    </drug-interaction>
    <drug-interaction>
      <drugbank-id>DB01325</drugbank-id>
      <name>Quinethazone</name>
      <description>Quinethazone may increase the excretion rate of Goserelin which could result in a lower serum level and potentially a reduction in efficacy.</description>
    </drug-interaction>
    <drug-interaction>
      <drugbank-id>DB01395</drugbank-id>
      <name>Drospirenone</name>
      <description>Drospirenone may increase the excretion rate of Goserelin which could result in a lower serum level and potentially a reduction in efficacy.</description>
    </drug-interaction>
    <drug-interaction>
      <drugbank-id>DB01412</drugbank-id>
      <name>Theobromine</name>
      <description>Theobromine may increase the excretion rate of Goserelin which could result in a lower serum level and potentially a reduction in efficacy.</description>
    </drug-interaction>
    <drug-interaction>
      <drugbank-id>DB02925</drugbank-id>
      <name>Piretanide</name>
      <description>Piretanide may increase the excretion rate of Goserelin which could result in a lower serum level and potentially a reduction in efficacy.</description>
    </drug-interaction>
    <drug-interaction>
      <drugbank-id>DB04831</drugbank-id>
      <name>Tienilic acid</name>
      <description>Tienilic acid may increase the excretion rate of Goserelin which could result in a lower serum level and potentially a reduction in efficacy.</description>
    </drug-interaction>
    <drug-interaction>
      <drugbank-id>DB05034</drugbank-id>
      <name>Ularitide</name>
      <description>Ularitide may increase the excretion rate of Goserelin which could result in a lower serum level and potentially a reduction in efficacy.</description>
    </drug-interaction>
    <drug-interaction>
      <drugbank-id>DB06212</drugbank-id>
      <name>Tolvaptan</name>
      <description>Tolvaptan may increase the excretion rate of Goserelin which could result in a lower serum level and potentially a reduction in efficacy.</description>
    </drug-interaction>
    <drug-interaction>
      <drugbank-id>DB06370</drugbank-id>
      <name>Indisulam</name>
      <description>Indisulam may increase the excretion rate of Goserelin which could result in a lower serum level and potentially a reduction in efficacy.</description>
    </drug-interaction>
    <drug-interaction>
      <drugbank-id>DB08961</drugbank-id>
      <name>Azosemide</name>
      <description>Azosemide may increase the excretion rate of Goserelin which could result in a lower serum level and potentially a reduction in efficacy.</description>
    </drug-interaction>
    <drug-interaction>
      <drugbank-id>DB09015</drugbank-id>
      <name>Canrenoic acid</name>
      <description>Canrenoic acid may increase the excretion rate of Goserelin which could result in a lower serum level and potentially a reduction in efficacy.</description>
    </drug-interaction>
    <drug-interaction>
      <drugbank-id>DB09125</drugbank-id>
      <name>Potassium citrate</name>
      <description>Potassium citrate may increase the excretion rate of Goserelin which could result in a lower serum level and potentially a reduction in efficacy.</description>
    </drug-interaction>
    <drug-interaction>
      <drugbank-id>DB09401</drugbank-id>
      <name>Isosorbide</name>
      <description>Isosorbide may increase the excretion rate of Goserelin which could result in a lower serum level and potentially a reduction in efficacy.</description>
    </drug-interaction>
    <drug-interaction>
      <drugbank-id>DB12221</drugbank-id>
      <name>Canrenone</name>
      <description>Canrenone may increase the excretion rate of Goserelin which could result in a lower serum level and potentially a reduction in efficacy.</description>
    </drug-interaction>
    <drug-interaction>
      <drugbank-id>DB12670</drugbank-id>
      <name>Rolofylline</name>
      <description>Rolofylline may increase the excretion rate of Goserelin which could result in a lower serum level and potentially a reduction in efficacy.</description>
    </drug-interaction>
    <drug-interaction>
      <drugbank-id>DB12704</drugbank-id>
      <name>Spiradoline</name>
      <description>Spiradoline may increase the excretion rate of Goserelin which could result in a lower serum level and potentially a reduction in efficacy.</description>
    </drug-interaction>
    <drug-interaction>
      <drugbank-id>DB13284</drugbank-id>
      <name>Meticrane</name>
      <description>Meticrane may increase the excretion rate of Goserelin which could result in a lower serum level and potentially a reduction in efficacy.</description>
    </drug-interaction>
    <drug-interaction>
      <drugbank-id>DB13405</drugbank-id>
      <name>Mefruside</name>
      <description>Mefruside may increase the excretion rate of Goserelin which could result in a lower serum level and potentially a reduction in efficacy.</description>
    </drug-interaction>
    <drug-interaction>
      <drugbank-id>DB13430</drugbank-id>
      <name>Mebutizide</name>
      <description>Mebutizide may increase the excretion rate of Goserelin which could result in a lower serum level and potentially a reduction in efficacy.</description>
    </drug-interaction>
    <drug-interaction>
      <drugbank-id>DB13532</drugbank-id>
      <name>Cyclopenthiazide</name>
      <description>Cyclopenthiazide may increase the excretion rate of Goserelin which could result in a lower serum level and potentially a reduction in efficacy.</description>
    </drug-interaction>
    <drug-interaction>
      <drugbank-id>DB13617</drugbank-id>
      <name>Clorexolone</name>
      <description>Clorexolone may increase the excretion rate of Goserelin which could result in a lower serum level and potentially a reduction in efficacy.</description>
    </drug-interaction>
    <drug-interaction>
      <drugbank-id>DB13663</drugbank-id>
      <name>Clofenamide</name>
      <description>Clofenamide may increase the excretion rate of Goserelin which could result in a lower serum level and potentially a reduction in efficacy.</description>
    </drug-interaction>
    <drug-interaction>
      <drugbank-id>DB13708</drugbank-id>
      <name>Fenquizone</name>
      <description>Fenquizone may increase the excretion rate of Goserelin which could result in a lower serum level and potentially a reduction in efficacy.</description>
    </drug-interaction>
    <drug-interaction>
      <drugbank-id>DB13792</drugbank-id>
      <name>Clopamide</name>
      <description>Clopamide may increase the excretion rate of Goserelin which could result in a lower serum level and potentially a reduction in efficacy.</description>
    </drug-interaction>
    <drug-interaction>
      <drugbank-id>DB13801</drugbank-id>
      <name>Muzolimine</name>
      <description>Muzolimine may increase the excretion rate of Goserelin which could result in a lower serum level and potentially a reduction in efficacy.</description>
    </drug-interaction>
    <drug-interaction>
      <drugbank-id>DB13803</drugbank-id>
      <name>Xipamide</name>
      <description>Xipamide may increase the excretion rate of Goserelin which could result in a lower serum level and potentially a reduction in efficacy.</description>
    </drug-interaction>
    <drug-interaction>
      <drugbank-id>DB13989</drugbank-id>
      <name>Epitizide</name>
      <description>Epitizide may increase the excretion rate of Goserelin which could result in a lower serum level and potentially a reduction in efficacy.</description>
    </drug-interaction>
    <drug-interaction>
      <drugbank-id>DB14018</drugbank-id>
      <name>Bromotheophylline</name>
      <description>Bromotheophylline may increase the excretion rate of Goserelin which could result in a lower serum level and potentially a reduction in efficacy.</description>
    </drug-interaction>
    <drug-interaction>
      <drugbank-id>DB14500</drugbank-id>
      <name>Potassium</name>
      <description>Potassium may increase the excretion rate of Goserelin which could result in a lower serum level and potentially a reduction in efficacy.</description>
    </drug-interaction>
    <drug-interaction>
      <drugbank-id>DB01345</drugbank-id>
      <name>Potassium cation</name>
      <description>Potassium cation may increase the excretion rate of Goserelin which could result in a lower serum level and potentially a reduction in efficacy.</description>
    </drug-interaction>
    <drug-interaction>
      <drugbank-id>DB15861</drugbank-id>
      <name>Buthiazide</name>
      <description>Buthiazide may increase the excretion rate of Goserelin which could result in a lower serum level and potentially a reduction in efficacy.</description>
    </drug-interaction>
    <drug-interaction>
      <drugbank-id>DB15959</drugbank-id>
      <name>Tripamide</name>
      <description>Tripamide may increase the excretion rate of Goserelin which could result in a lower serum level and potentially a reduction in efficacy.</description>
    </drug-interaction>
    <drug-interaction>
      <drugbank-id>DB00331</drugbank-id>
      <name>Metformin</name>
      <description>The therapeutic efficacy of Metformin can be decreased when used in combination with Goserelin.</description>
    </drug-interaction>
    <drug-interaction>
      <drugbank-id>DB00656</drugbank-id>
      <name>Trazodone</name>
      <description>The risk or severity of QTc prolongation can be increased when Trazodone is combined with Goserelin.</description>
    </drug-interaction>
    <drug-interaction>
      <drugbank-id>DB11986</drugbank-id>
      <name>Entrectinib</name>
      <description>The risk or severity of QTc prolongation can be increased when Goserelin is combined with Entrectinib.</description>
    </drug-interaction>
    <drug-interaction>
      <drugbank-id>DB11642</drugbank-id>
      <name>Pitolisant</name>
      <description>Goserelin may increase the QTc-prolonging activities of Pitolisant.</description>
    </drug-interaction>
    <drug-interaction>
      <drugbank-id>DB12825</drugbank-id>
      <name>Lefamulin</name>
      <description>Lefamulin may increase the QTc-prolonging activities of Goserelin.</description>
    </drug-interaction>
    <drug-interaction>
      <drugbank-id>DB00557</drugbank-id>
      <name>Hydroxyzine</name>
      <description>The risk or severity of QTc prolongation can be increased when Goserelin is combined with Hydroxyzine.</description>
    </drug-interaction>
    <drug-interaction>
      <drugbank-id>DB00246</drugbank-id>
      <name>Ziprasidone</name>
      <description>The risk or severity of QTc prolongation can be increased when Goserelin is combined with Ziprasidone.</description>
    </drug-interaction>
    <drug-interaction>
      <drugbank-id>DB00502</drugbank-id>
      <name>Haloperidol</name>
      <description>The risk or severity of QTc prolongation can be increased when Goserelin is combined with Haloperidol.</description>
    </drug-interaction>
    <drug-interaction>
      <drugbank-id>DB00472</drugbank-id>
      <name>Fluoxetine</name>
      <description>The risk or severity of QTc prolongation can be increased when Fluoxetine is combined with Goserelin.</description>
    </drug-interaction>
    <drug-interaction>
      <drugbank-id>DB00875</drugbank-id>
      <name>Flupentixol</name>
      <description>The risk or severity of QTc prolongation can be increased when Goserelin is combined with Flupentixol.</description>
    </drug-interaction>
    <drug-interaction>
      <drugbank-id>DB12016</drugbank-id>
      <name>Ponesimod</name>
      <description>The risk or severity of bradycardia can be increased when Ponesimod is combined with Goserelin.</description>
    </drug-interaction>
    <drug-interaction>
      <drugbank-id>DB06288</drugbank-id>
      <name>Amisulpride</name>
      <description>The risk or severity of QTc prolongation can be increased when Goserelin is combined with Amisulpride.</description>
    </drug-interaction>
    <drug-interaction>
      <drugbank-id>DB08894</drugbank-id>
      <name>Peginesatide</name>
      <description>The risk or severity of Thrombosis can be increased when Peginesatide is combined with Goserelin.</description>
    </drug-interaction>
    <drug-interaction>
      <drugbank-id>DB00012</drugbank-id>
      <name>Darbepoetin alfa</name>
      <description>The risk or severity of Thrombosis can be increased when Darbepoetin alfa is combined with Goserelin.</description>
    </drug-interaction>
    <drug-interaction>
      <drugbank-id>DB00016</drugbank-id>
      <name>Erythropoietin</name>
      <description>The risk or severity of Thrombosis can be increased when Erythropoietin is combined with Goserelin.</description>
    </drug-interaction>
    <drug-interaction>
      <drugbank-id>DB09107</drugbank-id>
      <name>Methoxy polyethylene glycol-epoetin beta</name>
      <description>The risk or severity of Thrombosis can be increased when Methoxy polyethylene glycol-epoetin beta is combined with Goserelin.</description>
    </drug-interaction>
    <drug-interaction>
      <drugbank-id>DB12265</drugbank-id>
      <name>Fexinidazole</name>
      <description>The risk or severity of adverse effects can be increased when Goserelin is combined with Fexinidazole.</description>
    </drug-interaction>
    <drug-interaction>
      <drugbank-id>DB16390</drugbank-id>
      <name>Mobocertinib</name>
      <description>The risk or severity of QTc prolongation can be increased when Goserelin is combined with Mobocertinib.</description>
    </drug-interaction>
  </drug-interactions>
  <calculated-properties>
    <property>
      <kind>logP</kind>
      <value>0.3</value>
      <source>ALOGPS</source>
    </property>
    <property>
      <kind>logS</kind>
      <value>-4.6</value>
      <source>ALOGPS</source>
    </property>
    <property>
      <kind>Water Solubility</kind>
      <value>2.83e-02 g/l</value>
      <source>ALOGPS</source>
    </property>
    <property>
      <kind>logP</kind>
      <value>-5.2</value>
      <source>ChemAxon</source>
    </property>
    <property>
      <kind>IUPAC Name</kind>
      <value>(2S)-1-[(2S)-2-[(2S)-2-[(2R)-3-(tert-butoxy)-2-[(2S)-2-[(2S)-3-hydroxy-2-[(2S)-2-[(2S)-3-(1H-imidazol-5-yl)-2-{[(2S)-5-oxopyrrolidin-2-yl]formamido}propanamido]-3-(1H-indol-3-yl)propanamido]propanamido]-3-(4-hydroxyphenyl)propanamido]propanamido]-4-methylpentanamido]-5-[(diaminomethylidene)amino]pentanoyl]-N-(carbamoylamino)pyrrolidine-2-carboxamide</value>
      <source>ChemAxon</source>
    </property>
    <property>
      <kind>Traditional IUPAC Name</kind>
      <value>(2S)-1-[(2S)-2-[(2S)-2-[(2R)-3-(tert-butoxy)-2-[(2S)-2-[(2S)-3-hydroxy-2-[(2S)-2-[(2S)-3-(3H-imidazol-4-yl)-2-{[(2S)-5-oxopyrrolidin-2-yl]formamido}propanamido]-3-(1H-indol-3-yl)propanamido]propanamido]-3-(4-hydroxyphenyl)propanamido]propanamido]-4-methylpentanamido]-5-[(diaminomethylidene)amino]pentanoyl]-N-(carbamoylamino)pyrrolidine-2-carboxamide</value>
      <source>ChemAxon</source>
    </property>
    <property>
      <kind>Molecular Weight</kind>
      <value>1269.4105</value>
      <source>ChemAxon</source>
    </property>
    <property>
      <kind>Monoisotopic Weight</kind>
      <value>1268.641439486</value>
      <source>ChemAxon</source>
    </property>
    <property>
      <kind>SMILES</kind>
      <value>CC(C)C[C@H](NC(=O)[C@@H](COC(C)(C)C)NC(=O)[C@H](CC1=CC=C(O)C=C1)NC(=O)[C@H](CO)NC(=O)[C@H](CC1=CNC2=CC=CC=C12)NC(=O)[C@H](CC1=CN=CN1)NC(=O)[C@@H]1CCC(=O)N1)C(=O)N[C@@H](CCCN=C(N)N)C(=O)N1CCC[C@H]1C(=O)NNC(N)=O</value>
      <source>ChemAxon</source>
    </property>
    <property>
      <kind>Molecular Formula</kind>
      <value>C59H84N18O14</value>
      <source>ChemAxon</source>
    </property>
    <property>
      <kind>InChI</kind>
      <value>InChI=1S/C59H84N18O14/c1-31(2)22-40(49(82)68-39(12-8-20-64-57(60)61)56(89)77-21-9-13-46(77)55(88)75-76-58(62)90)69-54(87)45(29-91-59(3,4)5)74-50(83)41(23-32-14-16-35(79)17-15-32)70-53(86)44(28-78)73-51(84)42(24-33-26-65-37-11-7-6-10-36(33)37)71-52(85)43(25-34-27-63-30-66-34)72-48(81)38-18-19-47(80)67-38/h6-7,10-11,14-17,26-27,30-31,38-46,65,78-79H,8-9,12-13,18-25,28-29H2,1-5H3,(H,63,66)(H,67,80)(H,68,82)(H,69,87)(H,70,86)(H,71,85)(H,72,81)(H,73,84)(H,74,83)(H,75,88)(H4,60,61,64)(H3,62,76,90)/t38-,39-,40-,41-,42-,43-,44-,45+,46-/m0/s1</value>
      <source>ChemAxon</source>
    </property>
    <property>
      <kind>InChIKey</kind>
      <value>BLCLNMBMMGCOAS-URPVMXJPSA-N</value>
      <source>ChemAxon</source>
    </property>
    <property>
      <kind>Polar Surface Area (PSA)</kind>
      <value>495.89</value>
      <source>ChemAxon</source>
    </property>
    <property>
      <kind>Refractivity</kind>
      <value>325.84</value>
      <source>ChemAxon</source>
    </property>
    <property>
      <kind>Polarizability</kind>
      <value>131.22</value>
      <source>ChemAxon</source>
    </property>
    <property>
      <kind>Rotatable Bond Count</kind>
      <value>33</value>
      <source>ChemAxon</source>
    </property>
    <property>
      <kind>H Bond Acceptor Count</kind>
      <value>18</value>
      <source>ChemAxon</source>
    </property>
    <property>
      <kind>H Bond Donor Count</kind>
      <value>17</value>
      <source>ChemAxon</source>
    </property>
    <property>
      <kind>pKa (strongest acidic)</kind>
      <value>9.27</value>
      <source>ChemAxon</source>
    </property>
    <property>
      <kind>pKa (strongest basic)</kind>
      <value>10.82</value>
      <source>ChemAxon</source>
    </property>
    <property>
      <kind>Physiological Charge</kind>
      <value>2</value>
      <source>ChemAxon</source>
    </property>
    <property>
      <kind>Number of Rings</kind>
      <value>6</value>
      <source>ChemAxon</source>
    </property>
    <property>
      <kind>Bioavailability</kind>
      <value>0</value>
      <source>ChemAxon</source>
    </property>
    <property>
      <kind>Rule of Five</kind>
      <value>0</value>
      <source>ChemAxon</source>
    </property>
    <property>
      <kind>Ghose Filter</kind>
      <value>0</value>
      <source>ChemAxon</source>
    </property>
    <property>
      <kind>MDDR-Like Rule</kind>
      <value>1</value>
      <source>ChemAxon</source>
    </property>
  </calculated-properties>
  <experimental-properties>
    <property>
      <kind>Water Solubility</kind>
      <value>Soluble</value>
      <source/>
    </property>
    <property>
      <kind>logP</kind>
      <value>-2</value>
      <source/>
    </property>
  </experimental-properties>
  <external-identifiers>
    <external-identifier>
      <resource>Drugs Product Database (DPD)</resource>
      <identifier>11167</identifier>
    </external-identifier>
    <external-identifier>
      <resource>ChEBI</resource>
      <identifier>5523</identifier>
    </external-identifier>
    <external-identifier>
      <resource>PubChem Compound</resource>
      <identifier>5311128</identifier>
    </external-identifier>
    <external-identifier>
      <resource>PubChem Substance</resource>
      <identifier>46507336</identifier>
    </external-identifier>
    <external-identifier>
      <resource>KEGG Drug</resource>
      <identifier>D00573</identifier>
    </external-identifier>
    <external-identifier>
      <resource>ChemSpider</resource>
      <identifier>4470656</identifier>
    </external-identifier>
    <external-identifier>
      <resource>PharmGKB</resource>
      <identifier>PA164747674</identifier>
    </external-identifier>
    <external-identifier>
      <resource>Therapeutic Targets Database</resource>
      <identifier>DAP000023</identifier>
    </external-identifier>
    <external-identifier>
      <resource>Wikipedia</resource>
      <identifier>Goserelin</identifier>
    </external-identifier>
    <external-identifier>
      <resource>ChEMBL</resource>
      <identifier>CHEMBL1201247</identifier>
    </external-identifier>
    <external-identifier>
      <resource>RxCUI</resource>
      <identifier>50610</identifier>
    </external-identifier>
  </external-identifiers>
  <external-links>
    <external-link>
      <resource>RxList</resource>
      <url>http://www.rxlist.com/cgi/generic/goserel.htm</url>
    </external-link>
    <external-link>
      <resource>Drugs.com</resource>
      <url>http://www.drugs.com/cdi/goserelin.html</url>
    </external-link>
  </external-links>
  <pathways/>
  <reactions/>
  <snp-effects/>
  <snp-adverse-drug-reactions/>
  <targets>
    <target position="1">
      <id>BE0000134</id>
      <name>Lutropin-choriogonadotropic hormone receptor</name>
      <organism>Humans</organism>
      <actions>
        <action>agonist</action>
      </actions>
      <references>
        <articles>
          <article>
            <ref-id>A1713</ref-id>
            <pubmed-id>17139284</pubmed-id>
            <citation>Overington JP, Al-Lazikani B, Hopkins AL: How many drug targets are there? Nat Rev Drug Discov. 2006 Dec;5(12):993-6.</citation>
          </article>
          <article>
            <ref-id>A1715</ref-id>
            <pubmed-id>17016423</pubmed-id>
            <citation>Imming P, Sinning C, Meyer A: Drugs, their targets and the nature and number of drug targets. Nat Rev Drug Discov. 2006 Oct;5(10):821-34.</citation>
          </article>
          <article>
            <ref-id>A1784</ref-id>
            <pubmed-id>20053189</pubmed-id>
            <citation>Kirby RS, Fitzpatrick JM, Clarke N: Abarelix and other gonadotrophin-releasing hormone antagonists in prostate cancer. BJU Int. 2009 Dec;104(11):1580-4. doi: 10.1111/j.1464-410X.2009.08924.x.</citation>
          </article>
        </articles>
        <textbooks/>
        <links/>
        <attachments/>
      </references>
      <known-action>yes</known-action>
      <polypeptide id="P22888" source="Swiss-Prot">
        <name>Lutropin-choriogonadotropic hormone receptor</name>
        <general-function>Luteinizing hormone receptor activity</general-function>
        <specific-function>Receptor for lutropin-choriogonadotropic hormone. The activity of this receptor is mediated by G proteins which activate adenylate cyclase.</specific-function>
        <gene-name>LHCGR</gene-name>
        <locus>2p21</locus>
        <cellular-location>Cell membrane</cellular-location>
        <transmembrane-regions>364-385
396-416
440-462
483-505
526-549
571-594
606-627</transmembrane-regions>
        <signal-regions>1-26</signal-regions>
        <theoretical-pi>8.58</theoretical-pi>
        <molecular-weight>78642.01</molecular-weight>
        <chromosome-location>2</chromosome-location>
        <organism ncbi-taxonomy-id="9606">Humans</organism>
        <external-identifiers>
          <external-identifier>
            <resource>HUGO Gene Nomenclature Committee (HGNC)</resource>
            <identifier>HGNC:6585</identifier>
          </external-identifier>
          <external-identifier>
            <resource>GenAtlas</resource>
            <identifier>LHCGR</identifier>
          </external-identifier>
          <external-identifier>
            <resource>GenBank Gene Database</resource>
            <identifier>M73746</identifier>
          </external-identifier>
          <external-identifier>
            <resource>GenBank Protein Database</resource>
            <identifier>903746</identifier>
          </external-identifier>
          <external-identifier>
            <resource>IUPHAR</resource>
            <identifier>254</identifier>
          </external-identifier>
          <external-identifier>
            <resource>Guide to Pharmacology</resource>
            <identifier>254</identifier>
          </external-identifier>
          <external-identifier>
            <resource>UniProtKB</resource>
            <identifier>P22888</identifier>
          </external-identifier>
          <external-identifier>
            <resource>UniProt Accession</resource>
            <identifier>LSHR_HUMAN</identifier>
          </external-identifier>
        </external-identifiers>
        <synonyms>
          <synonym>LCGR</synonym>
          <synonym>LGR2</synonym>
          <synonym>LH/CG-R</synonym>
          <synonym>LHR</synonym>
          <synonym>LHRHR</synonym>
          <synonym>LSH-R</synonym>
          <synonym>Luteinizing hormone receptor</synonym>
        </synonyms>
        <amino-acid-sequence format="FASTA">&gt;lcl|BSEQ0036957|Lutropin-choriogonadotropic hormone receptor
MKQRFSALQLLKLLLLLQPPLPRALREALCPEPCNCVPDGALRCPGPTAGLTRLSLAYLP
VKVIPSQAFRGLNEVIKIEISQIDSLERIEANAFDNLLNLSEILIQNTKNLRYIEPGAFI
NLPRLKYLSICNTGIRKFPDVTKVFSSESNFILEICDNLHITTIPGNAFQGMNNESVTLK
LYGNGFEEVQSHAFNGTTLTSLELKENVHLEKMHNGAFRGATGPKTLDISSTKLQALPSY
GLESIQRLIATSSYSLKKLPSRETFVNLLEATLTYPSHCCAFRNLPTKEQNFSHSISENF
SKQCESTVRKVNNKTLYSSMLAESELSGWDYEYGFCLPKTPRCAPEPDAFNPCEDIMGYD
FLRVLIWLINILAIMGNMTVLFVLLTSRYKLTVPRFLMCNLSFADFCMGLYLLLIASVDS
QTKGQYYNHAIDWQTGSGCSTAGFFTVFASELSVYTLTVITLERWHTITYAIHLDQKLRL
RHAILIMLGGWLFSSLIAMLPLVGVSNYMKVSICFPMDVETTLSQVYILTILILNVVAFF
IICACYIKIYFAVRNPELMATNKDTKIAKKMAILIFTDFTCMAPISFFAISAAFKVPLIT
VTNSKVLLVLFYPINSCANPFLYAIFTKTFQRDFFLLLSKFGCCKRRAELYRRKDFSAYT
SNCKNGFTGSNKPSQSTLKLSTLHCQGTALLDKTRYTEC</amino-acid-sequence>
        <gene-sequence format="FASTA">&gt;lcl|BSEQ0010174|Lutropin-choriogonadotropic hormone receptor (LHCGR)
ATGAAGCAGCGGTTCTCGGCGCTGCAGCTGCTGAAGCTGCTGCTGCTGCTGCAGCCGCCG
CTGCCACGAGCGCTGCGCGAGGCGCTCTGCCCTGAGCCCTGCAACTGCGTGCCCGACGGC
GCCCTGCGCTGCCCCGGCCCCACGGCCGGTCTCACTCGACTATCACTTGCCTACCTCCCT
GTCAAAGTGATCCCATCTCAAGCTTTCAGAGGACTTAATGAGGTCATAAAAATTGAAATC
TCTCAGATTGATTCCCTGGAAAGGATAGAAGCTAATGCCTTTGACAACCTCCTCAATTTG
TCTGAAATACTGATCCAGAACACCAAAAATCTGAGATACATTGAGCCCGGAGCATTTATA
AATCTTCCCCGATTAAAATACTTGAGCATCTGTAACACAGGCATCAGAAAGTTTCCAGAT
GTTACGAAGGTCTTCTCCTCTGAATCAAATTTCATTCTGGAAATTTGTGATAACTTACAC
ATAACCACCATACCAGGAAATGCTTTTCAAGGGATGAATAATGAATCTGTAACACTCAAA
CTATATGGAAATGGATTTGAAGAAGTACAAAGTCATGCATTCAATGGGACGACACTGACT
TCACTGGAGCTAAAGGAAAACGTACATCTGGAGAAGATGCACAATGGAGCCTTCCGTGGG
GCCACAGGGCCGAAAACCTTGGATATTTCTTCCACCAAATTGCAGGCCCTGCCGAGCTAT
GGCCTAGAGTCCATTCAGAGGCTAATTGCCACGTCATCCTATTCTCTAAAAAAATTGCCA
TCAAGAGAAACATTTGTCAATCTCCTGGAGGCCACGTTGACTTACCCCAGCCACTGCTGT
GCTTTTAGAAACTTGCCAACAAAAGAACAGAATTTTTCACATTCCATTTCTGAAAACTTT
TCCAAACAATGTGAAAGCACAGTAAGGAAAGTGAATAACAAAACACTTTATTCTTCCATG
CTTGCTGAGAGTGAACTGAGTGGCTGGGACTATGAATATGGTTTCTGCTTACCCAAGACA
CCCCGATGTGCTCCTGAACCAGATGCTTTTAATCCCTGTGAAGATATTATGGGCTATGAC
TTCCTTAGGGTCCTGATTTGGCTGATTAATATTCTAGCCATCATGGGAAACATGACTGTT
CTTTTTGTTCTCCTGACAAGTCGTTACAAACTTACAGTGCCTCGTTTTCTCATGTGCAAT
CTCTCCTTTGCAGACTTTTGCATGGGGCTCTATCTGCTGCTCATAGCCTCAGTTGATTCC
CAAACCAAGGGCCAGTACTATAACCATGCCATAGACTGGCAGACAGGGAGTGGGTGCAGC
ACTGCTGGCTTTTTCACTGTATTCGCAAGTGAACTTTCTGTCTACACCCTCACCGTCATC
ACTCTAGAAAGATGGCACACCATCACCTATGCTATTCACCTGGACCAAAAGCTGCGATTA
AGACATGCCATTCTGATTATGCTTGGAGGATGGCTCTTTTCTTCTCTAATTGCTATGTTG
CCCCTTGTCGGTGTCAGCAATTACATGAAGGTCAGTATTTGCTTCCCCATGGATGTGGAA
ACCACTCTCTCACAAGTCTATATATTAACCATCCTGATTCTCAATGTGGTGGCCTTCTTC
ATAATTTGTGCTTGCTACATTAAAATTTATTTTGCAGTTCGAAACCCAGAATTAATGGCT
ACCAATAAAGATACAAAGATTGCTAAGAAAATGGCAATCCTCATCTTCACCGATTTCACC
TGCATGGCACCTATCTCTTTTTTTGCCATCTCAGCTGCCTTCAAAGTACCTCTTATCACA
GTAACCAACTCTAAAGTTTTACTGGTTCTTTTTTATCCCATCAATTCTTGTGCCAATCCA
TTTCTGTATGCAATATTCACTAAGACATTCCAAAGAGATTTCTTTCTTTTGCTGAGCAAA
TTTGGCTGCTGTAAACGTCGGGCTGAACTTTATAGAAGGAAAGATTTTTCAGCTTACACC
TCCAACTGCAAAAATGGCTTCACTGGATCAAATAAGCCTTCTCAATCCACCTTGAAGTTG
TCCACATTGCACTGTCAAGGTACAGCTCTCCTAGACAAGACTCGCTACACAGAGTGTTAA
</gene-sequence>
        <pfams>
          <pfam>
            <identifier>PF00001</identifier>
            <name>7tm_1</name>
          </pfam>
          <pfam>
            <identifier>PF13306</identifier>
            <name>LRR_5</name>
          </pfam>
        </pfams>
        <go-classifiers>
          <go-classifier>
            <category>component</category>
            <description>endosome</description>
          </go-classifier>
          <go-classifier>
            <category>component</category>
            <description>integral component of plasma membrane</description>
          </go-classifier>
          <go-classifier>
            <category>component</category>
            <description>plasma membrane</description>
          </go-classifier>
          <go-classifier>
            <category>function</category>
            <description>choriogonadotropin hormone binding</description>
          </go-classifier>
          <go-classifier>
            <category>function</category>
            <description>choriogonadotropin hormone receptor activity</description>
          </go-classifier>
          <go-classifier>
            <category>function</category>
            <description>G-protein coupled peptide receptor activity</description>
          </go-classifier>
          <go-classifier>
            <category>function</category>
            <description>luteinizing hormone receptor activity</description>
          </go-classifier>
          <go-classifier>
            <category>process</category>
            <description>activation of adenylate cyclase activity</description>
          </go-classifier>
          <go-classifier>
            <category>process</category>
            <description>adenylate cyclase-activating G-protein coupled receptor signaling pathway</description>
          </go-classifier>
          <go-classifier>
            <category>process</category>
            <description>cellular response to gonadotropin stimulus</description>
          </go-classifier>
          <go-classifier>
            <category>process</category>
            <description>cognition</description>
          </go-classifier>
          <go-classifier>
            <category>process</category>
            <description>female gonad development</description>
          </go-classifier>
          <go-classifier>
            <category>process</category>
            <description>G-protein coupled receptor signaling pathway</description>
          </go-classifier>
          <go-classifier>
            <category>process</category>
            <description>G-protein coupled receptor signaling pathway, coupled to cyclic nucleotide second messenger</description>
          </go-classifier>
          <go-classifier>
            <category>process</category>
            <description>hormone-mediated signaling pathway</description>
          </go-classifier>
          <go-classifier>
            <category>process</category>
            <description>luteinizing hormone signaling pathway</description>
          </go-classifier>
          <go-classifier>
            <category>process</category>
            <description>male genitalia development</description>
          </go-classifier>
          <go-classifier>
            <category>process</category>
            <description>male gonad development</description>
          </go-classifier>
          <go-classifier>
            <category>process</category>
            <description>ovulation cycle process</description>
          </go-classifier>
          <go-classifier>
            <category>process</category>
            <description>phospholipase C-activating G-protein coupled receptor signaling pathway</description>
          </go-classifier>
          <go-classifier>
            <category>process</category>
            <description>positive regulation of cAMP-mediated signaling</description>
          </go-classifier>
          <go-classifier>
            <category>process</category>
            <description>positive regulation of inositol trisphosphate biosynthetic process</description>
          </go-classifier>
          <go-classifier>
            <category>process</category>
            <description>spermatogenesis</description>
          </go-classifier>
          <go-classifier>
            <category>process</category>
            <description>uterus development</description>
          </go-classifier>
        </go-classifiers>
      </polypeptide>
    </target>
    <target position="2">
      <id>BE0000203</id>
      <name>Gonadotropin-releasing hormone receptor</name>
      <organism>Humans</organism>
      <actions>
        <action>agonist</action>
      </actions>
      <references>
        <articles>
          <article>
            <ref-id>A1784</ref-id>
            <pubmed-id>20053189</pubmed-id>
            <citation>Kirby RS, Fitzpatrick JM, Clarke N: Abarelix and other gonadotrophin-releasing hormone antagonists in prostate cancer. BJU Int. 2009 Dec;104(11):1580-4. doi: 10.1111/j.1464-410X.2009.08924.x.</citation>
          </article>
        </articles>
        <textbooks/>
        <links/>
        <attachments/>
      </references>
      <known-action>yes</known-action>
      <polypeptide id="P30968" source="Swiss-Prot">
        <name>Gonadotropin-releasing hormone receptor</name>
        <general-function>Peptide binding</general-function>
        <specific-function>Receptor for gonadotropin releasing hormone (GnRH) that mediates the action of GnRH to stimulate the secretion of the gonadotropic hormones luteinizing hormone (LH) and follicle-stimulating hormone (FSH). This receptor mediates its action by association with G-proteins that activate a phosphatidylinositol-calcium second messenger system. Isoform 2 may act as an inhibitor of GnRH-R signaling.</specific-function>
        <gene-name>GNRHR</gene-name>
        <locus>4q21.2</locus>
        <cellular-location>Cell membrane</cellular-location>
        <transmembrane-regions>39-58
78-97
116-137
165-184
213-232
282-300
307-326</transmembrane-regions>
        <signal-regions/>
        <theoretical-pi>9.93</theoretical-pi>
        <molecular-weight>37730.355</molecular-weight>
        <chromosome-location>4</chromosome-location>
        <organism ncbi-taxonomy-id="9606">Humans</organism>
        <external-identifiers>
          <external-identifier>
            <resource>HUGO Gene Nomenclature Committee (HGNC)</resource>
            <identifier>HGNC:4421</identifier>
          </external-identifier>
          <external-identifier>
            <resource>GenAtlas</resource>
            <identifier>GNRHR</identifier>
          </external-identifier>
          <external-identifier>
            <resource>GenBank Gene Database</resource>
            <identifier>L03380</identifier>
          </external-identifier>
          <external-identifier>
            <resource>GenBank Protein Database</resource>
            <identifier>183422</identifier>
          </external-identifier>
          <external-identifier>
            <resource>IUPHAR</resource>
            <identifier>256</identifier>
          </external-identifier>
          <external-identifier>
            <resource>Guide to Pharmacology</resource>
            <identifier>256</identifier>
          </external-identifier>
          <external-identifier>
            <resource>UniProtKB</resource>
            <identifier>P30968</identifier>
          </external-identifier>
          <external-identifier>
            <resource>UniProt Accession</resource>
            <identifier>GNRHR_HUMAN</identifier>
          </external-identifier>
        </external-identifiers>
        <synonyms>
          <synonym>GnRH receptor</synonym>
          <synonym>GRHR</synonym>
        </synonyms>
        <amino-acid-sequence format="FASTA">&gt;lcl|BSEQ0000405|Gonadotropin-releasing hormone receptor
MANSASPEQNQNHCSAINNSIPLMQGNLPTLTLSGKIRVTVTFFLFLLSATFNASFLLKL
QKWTQKKEKGKKLSRMKLLLKHLTLANLLETLIVMPLDGMWNITVQWYAGELLCKVLSYL
KLFSMYAPAFMMVVISLDRSLAITRPLALKSNSKVGQSMVGLAWILSSVFAGPQLYIFRM
IHLADSSGQTKVFSQCVTHCSFSQWWHQAFYNFFTFSCLFIIPLFIMLICNAKIIFTLTR
VLHQDPHELQLNQSKNNIPRARLKTLKMTVAFATSFTVCWTPYYVLGIWYWFDPEMLNRL
SDPVNHFFFLFAFLNPCFDPLIYGYFSL</amino-acid-sequence>
        <gene-sequence format="FASTA">&gt;lcl|BSEQ0018926|Gonadotropin-releasing hormone receptor (GNRHR)
ATGGCAAACAGTGCCTCTCCTGAACAGAATCAAAATCACTGTTCAGCCATCAACAACAGC
ATCCCACTGATGCAGGGCAACCTCCCCACTCTGACCTTGTCTGGAAAGATCCGAGTGACG
GTTACTTTCTTCCTTTTTCTGCTCTCTGCGACCTTTAATGCTTCTTTCTTGTTGAAACTT
CAGAAGTGGACACAGAAGAAAGAGAAAGGGAAAAAGCTCTCAAGAATGAAGCTGCTCTTA
AAACATCTGACCTTAGCCAACCTGTTGGAGACTCTGATTGTCATGCCACTGGATGGGATG
TGGAACATTACAGTCCAATGGTATGCTGGAGAGTTACTCTGCAAAGTTCTCAGTTATCTA
AAGCTTTTCTCCATGTATGCCCCAGCCTTCATGATGGTGGTGATCAGCCTGGACCGCTCC
CTGGCTATCACGAGGCCCCTAGCTTTGAAAAGCAACAGCAAAGTCGGACAGTCCATGGTT
GGCCTGGCCTGGATCCTCAGTAGTGTCTTTGCAGGACCACAGTTATACATCTTCAGGATG
ATTCATCTAGCAGACAGCTCTGGACAGACAAAAGTTTTCTCTCAATGTGTAACACACTGC
AGTTTTTCACAATGGTGGCATCAAGCATTTTATAACTTTTTCACCTTCAGCTGCCTCTTC
ATCATCCCTCTTTTCATCATGCTGATCTGCAATGCAAAAATCATCTTCACCCTGACACGG
GTCCTTCATCAGGACCCCCACGAACTACAACTGAATCAGTCCAAGAACAATATACCAAGA
GCACGGCTGAAGACTCTAAAAATGACGGTTGCATTTGCCACTTCATTTACTGTCTGCTGG
ACTCCCTACTATGTCCTAGGAATTTGGTATTGGTTTGATCCTGAAATGTTAAACAGGTTG
TCAGACCCAGTAAATCACTTCTTCTTTCTCTTTGCCTTTTTAAACCCATGCTTTGATCCA
CTTATCTATGGATATTTTTCTCTGTGA</gene-sequence>
        <pfams>
          <pfam>
            <identifier>PF00001</identifier>
            <name>7tm_1</name>
          </pfam>
        </pfams>
        <go-classifiers>
          <go-classifier>
            <category>component</category>
            <description>integral component of plasma membrane</description>
          </go-classifier>
          <go-classifier>
            <category>component</category>
            <description>membrane</description>
          </go-classifier>
          <go-classifier>
            <category>component</category>
            <description>plasma membrane</description>
          </go-classifier>
          <go-classifier>
            <category>function</category>
            <description>gonadotropin-releasing hormone receptor activity</description>
          </go-classifier>
          <go-classifier>
            <category>function</category>
            <description>peptide binding</description>
          </go-classifier>
          <go-classifier>
            <category>process</category>
            <description>cellular response to gonadotropin-releasing hormone</description>
          </go-classifier>
          <go-classifier>
            <category>process</category>
            <description>G-protein coupled receptor signaling pathway</description>
          </go-classifier>
          <go-classifier>
            <category>process</category>
            <description>multicellular organismal development</description>
          </go-classifier>
        </go-classifiers>
      </polypeptide>
    </target>
  </targets>
  <enzymes/>
  <carriers/>
  <transporters/>
</drug>
</drugbank>